09:33:03 INFO  : Registering command handlers for SDK TCF services
09:33:03 INFO  : Launching XSCT server: xsct.bat -interactive C:\Users\SEP16\SoC_2022_MJU\Lab3\Lab3.sdk\temp_xsdb_launch_script.tcl
09:33:05 INFO  : XSCT server has started successfully.
09:33:05 INFO  : Successfully done setting XSCT server connection channel  
09:33:07 INFO  : Successfully done setting SDK workspace  
09:33:07 INFO  : Processing command line option -hwspec C:/Users/SEP16/SoC_2022_MJU/Lab3/Lab3.sdk/design_1_wrapper.hdf.
09:37:59 INFO  : Connected to target on host '127.0.0.1' and port '3121'.
09:38:17 INFO  : ----------------XSDB Script----------------
connect -url tcp:127.0.0.1:3121
----------------End of Script----------------

09:38:45 INFO  : Connected to target on host '127.0.0.1' and port '3121'.
09:38:45 INFO  : Jtag cable 'Digilent JTAG-SMT2 210251988394' is selected.
09:38:45 INFO  : 'jtag frequency' command is executed.
09:38:45 INFO  : Sourcing of 'C:/Users/SEP16/SoC_2022_MJU/Lab3/Lab3.sdk/design_1_wrapper_hw_platform_0/ps7_init.tcl' is done.
09:38:45 INFO  : Context for 'APU' is selected.
09:38:45 INFO  : Hardware design information is loaded from 'C:/Users/SEP16/SoC_2022_MJU/Lab3/Lab3.sdk/design_1_wrapper_hw_platform_0/system.hdf'.
09:38:45 INFO  : 'configparams force-mem-access 1' command is executed.
09:38:45 INFO  : Context for 'APU' is selected.
09:38:45 INFO  : 'stop' command is executed.
09:38:45 INFO  : 'ps7_init' command is executed.
09:38:45 INFO  : 'ps7_post_config' command is executed.
09:38:45 INFO  : Context for processor 'ps7_cortexa9_0' is selected.
09:38:45 INFO  : Processor reset is completed for 'ps7_cortexa9_0'.
09:38:45 INFO  : Context for processor 'ps7_cortexa9_0' is selected.
09:38:45 INFO  : The application 'C:/Users/SEP16/SoC_2022_MJU/Lab3/Lab3.sdk/Hello_world/Debug/Hello_world.elf' is downloaded to processor 'ps7_cortexa9_0'.
09:38:45 INFO  : 'configparams force-mem-access 0' command is executed.
09:38:45 INFO  : ----------------XSDB Script----------------
connect -url tcp:127.0.0.1:3121
source C:/Users/SEP16/SoC_2022_MJU/Lab3/Lab3.sdk/design_1_wrapper_hw_platform_0/ps7_init.tcl
targets -set -nocase -filter {name =~"APU*" && jtag_cable_name =~ "Digilent JTAG-SMT2 210251988394"} -index 0
loadhw -hw C:/Users/SEP16/SoC_2022_MJU/Lab3/Lab3.sdk/design_1_wrapper_hw_platform_0/system.hdf -mem-ranges [list {0x40000000 0xbfffffff}]
configparams force-mem-access 1
targets -set -nocase -filter {name =~"APU*" && jtag_cable_name =~ "Digilent JTAG-SMT2 210251988394"} -index 0
stop
ps7_init
ps7_post_config
targets -set -nocase -filter {name =~ "ARM*#0" && jtag_cable_name =~ "Digilent JTAG-SMT2 210251988394"} -index 0
rst -processor
targets -set -nocase -filter {name =~ "ARM*#0" && jtag_cable_name =~ "Digilent JTAG-SMT2 210251988394"} -index 0
dow C:/Users/SEP16/SoC_2022_MJU/Lab3/Lab3.sdk/Hello_world/Debug/Hello_world.elf
configparams force-mem-access 0
----------------End of Script----------------

09:38:45 INFO  : Context for processor 'ps7_cortexa9_0' is selected.
09:38:45 INFO  : 'con' command is executed.
09:38:45 INFO  : ----------------XSDB Script (After Launch)----------------
targets -set -nocase -filter {name =~ "ARM*#0" && jtag_cable_name =~ "Digilent JTAG-SMT2 210251988394"} -index 0
con
----------------End of Script----------------

09:38:45 INFO  : Disconnected from the channel tcfchan#1.
09:41:46 INFO  : Connected to target on host '127.0.0.1' and port '3121'.
09:41:46 INFO  : Jtag cable 'Digilent JTAG-SMT2 210251988394' is selected.
09:41:46 INFO  : 'jtag frequency' command is executed.
09:41:46 INFO  : Sourcing of 'C:/Users/SEP16/SoC_2022_MJU/Lab3/Lab3.sdk/design_1_wrapper_hw_platform_0/ps7_init.tcl' is done.
09:41:46 INFO  : Context for 'APU' is selected.
09:41:46 INFO  : Hardware design information is loaded from 'C:/Users/SEP16/SoC_2022_MJU/Lab3/Lab3.sdk/design_1_wrapper_hw_platform_0/system.hdf'.
09:41:46 INFO  : 'configparams force-mem-access 1' command is executed.
09:41:46 INFO  : Context for 'APU' is selected.
09:41:46 INFO  : 'stop' command is executed.
09:41:46 INFO  : 'ps7_init' command is executed.
09:41:46 INFO  : 'ps7_post_config' command is executed.
09:41:46 INFO  : Context for processor 'ps7_cortexa9_0' is selected.
09:41:46 INFO  : Processor reset is completed for 'ps7_cortexa9_0'.
09:41:46 INFO  : Context for processor 'ps7_cortexa9_0' is selected.
09:41:47 INFO  : The application 'C:/Users/SEP16/SoC_2022_MJU/Lab3/Lab3.sdk/Hello_world/Debug/Hello_world.elf' is downloaded to processor 'ps7_cortexa9_0'.
09:41:47 INFO  : 'configparams force-mem-access 0' command is executed.
09:41:47 INFO  : ----------------XSDB Script----------------
connect -url tcp:127.0.0.1:3121
source C:/Users/SEP16/SoC_2022_MJU/Lab3/Lab3.sdk/design_1_wrapper_hw_platform_0/ps7_init.tcl
targets -set -nocase -filter {name =~"APU*" && jtag_cable_name =~ "Digilent JTAG-SMT2 210251988394"} -index 0
loadhw -hw C:/Users/SEP16/SoC_2022_MJU/Lab3/Lab3.sdk/design_1_wrapper_hw_platform_0/system.hdf -mem-ranges [list {0x40000000 0xbfffffff}]
configparams force-mem-access 1
targets -set -nocase -filter {name =~"APU*" && jtag_cable_name =~ "Digilent JTAG-SMT2 210251988394"} -index 0
stop
ps7_init
ps7_post_config
targets -set -nocase -filter {name =~ "ARM*#0" && jtag_cable_name =~ "Digilent JTAG-SMT2 210251988394"} -index 0
rst -processor
targets -set -nocase -filter {name =~ "ARM*#0" && jtag_cable_name =~ "Digilent JTAG-SMT2 210251988394"} -index 0
dow C:/Users/SEP16/SoC_2022_MJU/Lab3/Lab3.sdk/Hello_world/Debug/Hello_world.elf
configparams force-mem-access 0
----------------End of Script----------------

09:41:47 INFO  : Context for processor 'ps7_cortexa9_0' is selected.
09:41:47 INFO  : 'con' command is executed.
09:41:47 INFO  : ----------------XSDB Script (After Launch)----------------
targets -set -nocase -filter {name =~ "ARM*#0" && jtag_cable_name =~ "Digilent JTAG-SMT2 210251988394"} -index 0
con
----------------End of Script----------------

09:41:47 INFO  : Disconnected from the channel tcfchan#2.
