Copyright 1986-2018 Xilinx, Inc. All Rights Reserved.
------------------------------------------------------------------------------------
| Tool Version : Vivado v.2018.2 (win64) Build 2258646 Thu Jun 14 20:03:12 MDT 2018
| Date         : Sat Jun  4 04:00:11 2022
| Host         : DESKTOP-437TBDQ running 64-bit major release  (build 9200)
| Command      : upgrade_ip
| Device       : xc7z020clg484-1
------------------------------------------------------------------------------------

Upgrade Log for IP 'design_1_matrixmul_1D_rev2_0_4'

1. Summary
----------

CAUTION (success, with warnings) in the upgrade of design_1_matrixmul_1D_rev2_0_4 (xilinx.com:hls:matrixmul_1D_rev2:1.0) from (Rev. 2106040324) to (Rev. 2106040357)

After upgrade, an IP may have parameter and port differences compared to the original customization. Please review the parameters within the IP customization GUI to ensure proper functionality. Also, please review the updated IP instantiation template to ensure proper connectivity, and update your design if required.

2. Interface Information
------------------------

Detected external interface differences while upgrading 'design_1_matrixmul_1D_rev2_0_4'.


-Upgrade has removed interface 'AB'

-Upgrade has removed interface 'Input_r'

-Upgrade has removed interface 'ap_rst_n'

-Upgrade has removed interface 's_axi_AXILiteS'

-Upgrade has added interface 'AB_address0' (xilinx.com:signal:data:1.0)

-Upgrade has added interface 'AB_d0' (xilinx.com:signal:data:1.0)

-Upgrade has added interface 'Input_r_address0' (xilinx.com:signal:data:1.0)

-Upgrade has added interface 'Input_r_q0' (xilinx.com:signal:data:1.0)

-Upgrade has added interface 'ap_rst' (xilinx.com:signal:reset:1.0)


3. Connection Warnings
----------------------

Detected external port differences while upgrading 'design_1_matrixmul_1D_rev2_0_4'. These changes may impact your design.


-Upgrade has removed port 'AB_TDATA'

-Upgrade has removed port 'AB_TREADY'

-Upgrade has removed port 'AB_TVALID'

-Upgrade has removed port 'Input_r_TDATA'

-Upgrade has removed port 'Input_r_TREADY'

-Upgrade has removed port 'Input_r_TVALID'

-Upgrade has removed port 'ap_rst_n'

-Upgrade has removed port 's_axi_AXILiteS_ARADDR'

-Upgrade has removed port 's_axi_AXILiteS_ARREADY'

-Upgrade has removed port 's_axi_AXILiteS_ARVALID'

-Upgrade has removed port 's_axi_AXILiteS_AWADDR'

-Upgrade has removed port 's_axi_AXILiteS_AWREADY'

-Upgrade has removed port 's_axi_AXILiteS_AWVALID'

-Upgrade has removed port 's_axi_AXILiteS_BREADY'

-Upgrade has removed port 's_axi_AXILiteS_BRESP'

-Upgrade has removed port 's_axi_AXILiteS_BVALID'

-Upgrade has removed port 's_axi_AXILiteS_RDATA'

-Upgrade has removed port 's_axi_AXILiteS_RREADY'

-Upgrade has removed port 's_axi_AXILiteS_RRESP'

-Upgrade has removed port 's_axi_AXILiteS_RVALID'

-Upgrade has removed port 's_axi_AXILiteS_WDATA'

-Upgrade has removed port 's_axi_AXILiteS_WREADY'

-Upgrade has removed port 's_axi_AXILiteS_WSTRB'

-Upgrade has removed port 's_axi_AXILiteS_WVALID'

-Upgrade has added port 'AB_address0'

-Upgrade has added port 'AB_ce0'

-Upgrade has added port 'AB_d0'

-Upgrade has added port 'AB_we0'

-Upgrade has added port 'Input_r_address0'

-Upgrade has added port 'Input_r_ce0'

-Upgrade has added port 'Input_r_q0'

-Upgrade has added port 'ap_rst'


