
*** Running vivado
    with args -log adder5.vdi -applog -m64 -product Vivado -messageDb vivado.pb -mode batch -source adder5.tcl -notrace


****** Vivado v2018.2 (64-bit)
  **** SW Build 2258646 on Thu Jun 14 20:03:12 MDT 2018
  **** IP Build 2256618 on Thu Jun 14 22:10:49 MDT 2018
    ** Copyright 1986-2018 Xilinx, Inc. All Rights Reserved.

source adder5.tcl -notrace
Command: open_checkpoint C:/Users/SEP16/SoC_2022_MJU/LAB8/Lab8-DMAFlow/solution1/impl/verilog/project.runs/impl_1/adder5.dcp

Starting open_checkpoint Task

Time (s): cpu = 00:00:01 ; elapsed = 00:00:00.025 . Memory (MB): peak = 231.750 ; gain = 0.000
INFO: [Netlist 29-17] Analyzing 8 Unisim elements for replacement
INFO: [Netlist 29-28] Unisim Transformation completed in 0 CPU seconds
INFO: [Project 1-479] Netlist was created with Vivado 2018.2
INFO: [Device 21-403] Loading part xc7z020clg484-1
INFO: [Project 1-570] Preparing netlist for logic optimization
INFO: [Timing 38-478] Restoring timing data from binary archive.
INFO: [Timing 38-479] Binary timing data restore complete.
INFO: [Project 1-856] Restoring constraints from binary archive.
INFO: [Project 1-853] Binary constraint restore complete.
INFO: [Project 1-111] Unisim Transformation Summary:
No Unisim elements were transformed.

INFO: [Project 1-604] Checkpoint was created with Vivado v2018.2 (64-bit) build 2258646
open_checkpoint: Time (s): cpu = 00:00:21 ; elapsed = 00:00:25 . Memory (MB): peak = 1167.648 ; gain = 945.234
Command: opt_design
Attempting to get a license for feature 'Implementation' and/or device 'xc7z020'
INFO: [Common 17-349] Got license for feature 'Implementation' and/or device 'xc7z020'
Running DRC as a precondition to command opt_design

Starting DRC Task
INFO: [DRC 23-27] Running DRC with 2 threads
INFO: [Project 1-461] DRC finished with 0 Errors
INFO: [Project 1-462] Please refer to the DRC report (report_drc) for more information.

Time (s): cpu = 00:00:01 ; elapsed = 00:00:00.885 . Memory (MB): peak = 1171.535 ; gain = 3.887

Starting Cache Timing Information Task
Ending Cache Timing Information Task | Checksum: 15755b25c

Time (s): cpu = 00:00:00 ; elapsed = 00:00:00.025 . Memory (MB): peak = 1171.535 ; gain = 0.000

Starting Logic Optimization Task

Phase 1 Retarget
INFO: [Opt 31-138] Pushed 0 inverter(s) to 0 load pin(s).
INFO: [Opt 31-49] Retargeted 0 cell(s).
Phase 1 Retarget | Checksum: 15755b25c

Time (s): cpu = 00:00:00 ; elapsed = 00:00:00.174 . Memory (MB): peak = 1171.535 ; gain = 0.000
INFO: [Opt 31-389] Phase Retarget created 0 cells and removed 0 cells

Phase 2 Constant propagation
INFO: [Opt 31-138] Pushed 0 inverter(s) to 0 load pin(s).
Phase 2 Constant propagation | Checksum: 15755b25c

Time (s): cpu = 00:00:00 ; elapsed = 00:00:00.185 . Memory (MB): peak = 1171.535 ; gain = 0.000
INFO: [Opt 31-389] Phase Constant propagation created 0 cells and removed 0 cells

Phase 3 Sweep
Phase 3 Sweep | Checksum: 107490bc5

Time (s): cpu = 00:00:00 ; elapsed = 00:00:00.210 . Memory (MB): peak = 1171.535 ; gain = 0.000
INFO: [Opt 31-389] Phase Sweep created 0 cells and removed 0 cells

Phase 4 BUFG optimization
Phase 4 BUFG optimization | Checksum: 107490bc5

Time (s): cpu = 00:00:00 ; elapsed = 00:00:00.216 . Memory (MB): peak = 1171.535 ; gain = 0.000
INFO: [Opt 31-662] Phase BUFG optimization created 0 cells of which 0 are BUFGs and removed 0 cells.

Phase 5 Shift Register Optimization
Phase 5 Shift Register Optimization | Checksum: 1cc1381bd

Time (s): cpu = 00:00:00 ; elapsed = 00:00:00.246 . Memory (MB): peak = 1171.535 ; gain = 0.000
INFO: [Opt 31-389] Phase Shift Register Optimization created 0 cells and removed 0 cells

Phase 6 Post Processing Netlist
Phase 6 Post Processing Netlist | Checksum: 1cc1381bd

Time (s): cpu = 00:00:00 ; elapsed = 00:00:00.251 . Memory (MB): peak = 1171.535 ; gain = 0.000
INFO: [Opt 31-389] Phase Post Processing Netlist created 0 cells and removed 0 cells

Starting Connectivity Check Task

Time (s): cpu = 00:00:00 ; elapsed = 00:00:00.002 . Memory (MB): peak = 1171.535 ; gain = 0.000
Ending Logic Optimization Task | Checksum: 1cc1381bd

Time (s): cpu = 00:00:00 ; elapsed = 00:00:00.256 . Memory (MB): peak = 1171.535 ; gain = 0.000

Starting Power Optimization Task
INFO: [Pwropt 34-132] Skipping clock gating for clocks with a period < 2.00 ns.
Ending Power Optimization Task | Checksum: 1cc1381bd

Time (s): cpu = 00:00:00 ; elapsed = 00:00:00.017 . Memory (MB): peak = 1171.535 ; gain = 0.000

Starting Final Cleanup Task
Ending Final Cleanup Task | Checksum: 1cc1381bd

Time (s): cpu = 00:00:00 ; elapsed = 00:00:00 . Memory (MB): peak = 1171.535 ; gain = 0.000
INFO: [Common 17-83] Releasing license: Implementation
26 Infos, 0 Warnings, 0 Critical Warnings and 0 Errors encountered.
opt_design completed successfully
INFO: [Timing 38-35] Done setting XDC timing constraints.
INFO: [Timing 38-480] Writing timing data to binary archive.
INFO: [Common 17-1381] The checkpoint 'C:/Users/SEP16/SoC_2022_MJU/LAB8/Lab8-DMAFlow/solution1/impl/verilog/project.runs/impl_1/adder5_opt.dcp' has been generated.
INFO: [runtcl-4] Executing : report_drc -file adder5_drc_opted.rpt -pb adder5_drc_opted.pb -rpx adder5_drc_opted.rpx
Command: report_drc -file adder5_drc_opted.rpt -pb adder5_drc_opted.pb -rpx adder5_drc_opted.rpx
INFO: [IP_Flow 19-234] Refreshing IP repositories
INFO: [IP_Flow 19-1704] No user IP repositories specified
INFO: [IP_Flow 19-2313] Loaded Vivado IP repository 'C:/Xilinx/Vivado/2018.2/data/ip'.
INFO: [DRC 23-27] Running DRC with 2 threads
INFO: [Coretcl 2-168] The results of DRC are in file C:/Users/SEP16/SoC_2022_MJU/LAB8/Lab8-DMAFlow/solution1/impl/verilog/project.runs/impl_1/adder5_drc_opted.rpt.
report_drc completed successfully
Command: place_design
Attempting to get a license for feature 'Implementation' and/or device 'xc7z020'
INFO: [Common 17-349] Got license for feature 'Implementation' and/or device 'xc7z020'
INFO: [DRC 23-27] Running DRC with 2 threads
INFO: [Vivado_Tcl 4-198] DRC finished with 0 Errors
INFO: [Vivado_Tcl 4-199] Please refer to the DRC report (report_drc) for more information.
Running DRC as a precondition to command place_design
INFO: [DRC 23-27] Running DRC with 2 threads
INFO: [Vivado_Tcl 4-198] DRC finished with 0 Errors
INFO: [Vivado_Tcl 4-199] Please refer to the DRC report (report_drc) for more information.

Starting Placer Task
INFO: [Place 30-611] Multithreading enabled for place_design using a maximum of 2 CPUs

Phase 1 Placer Initialization

Phase 1.1 Placer Initialization Netlist Sorting
Netlist sorting complete. Time (s): cpu = 00:00:00 ; elapsed = 00:00:00 . Memory (MB): peak = 1171.535 ; gain = 0.000
Phase 1.1 Placer Initialization Netlist Sorting | Checksum: f6f67bd2

Time (s): cpu = 00:00:00 ; elapsed = 00:00:00.014 . Memory (MB): peak = 1171.535 ; gain = 0.000
Netlist sorting complete. Time (s): cpu = 00:00:00 ; elapsed = 00:00:00 . Memory (MB): peak = 1171.535 ; gain = 0.000

Phase 1.2 IO Placement/ Clock Placement/ Build Placer Device
Phase 1.2 IO Placement/ Clock Placement/ Build Placer Device | Checksum: 4acc6341

Time (s): cpu = 00:00:01 ; elapsed = 00:00:00.708 . Memory (MB): peak = 1171.535 ; gain = 0.000

Phase 1.3 Build Placer Netlist Model
Phase 1.3 Build Placer Netlist Model | Checksum: d896a751

Time (s): cpu = 00:00:01 ; elapsed = 00:00:00.925 . Memory (MB): peak = 1171.535 ; gain = 0.000

Phase 1.4 Constrain Clocks/Macros
Phase 1.4 Constrain Clocks/Macros | Checksum: d896a751

Time (s): cpu = 00:00:01 ; elapsed = 00:00:00.928 . Memory (MB): peak = 1171.535 ; gain = 0.000
Phase 1 Placer Initialization | Checksum: d896a751

Time (s): cpu = 00:00:01 ; elapsed = 00:00:00.931 . Memory (MB): peak = 1171.535 ; gain = 0.000

Phase 2 Global Placement

Phase 2.1 Floorplanning
Phase 2.1 Floorplanning | Checksum: 67933d42

Time (s): cpu = 00:00:02 ; elapsed = 00:00:01 . Memory (MB): peak = 1171.535 ; gain = 0.000

Phase 2.2 Physical Synthesis In Placer
INFO: [Physopt 32-65] No nets found for high-fanout optimization.
INFO: [Physopt 32-232] Optimized 0 net. Created 0 new instance.
INFO: [Physopt 32-775] End 1 Pass. Optimized 0 net or cell. Created 0 new cell, deleted 0 existing cell and moved 0 existing cell
Netlist sorting complete. Time (s): cpu = 00:00:00 ; elapsed = 00:00:00 . Memory (MB): peak = 1171.535 ; gain = 0.000

Summary of Physical Synthesis Optimizations
============================================


-----------------------------------------------------------------------------------------------------------------------------
|  Optimization       |  Added Cells  |  Removed Cells  |  Optimized Cells/Nets  |  Dont Touch  |  Iterations  |  Elapsed   |
-----------------------------------------------------------------------------------------------------------------------------
|  Very High Fanout   |            0  |              0  |                     0  |           0  |           1  |  00:00:00  |
|  Total              |            0  |              0  |                     0  |           0  |           1  |  00:00:00  |
-----------------------------------------------------------------------------------------------------------------------------


Phase 2.2 Physical Synthesis In Placer | Checksum: 84942b32

Time (s): cpu = 00:00:05 ; elapsed = 00:00:03 . Memory (MB): peak = 1171.535 ; gain = 0.000
Phase 2 Global Placement | Checksum: 7cc3fdc1

Time (s): cpu = 00:00:05 ; elapsed = 00:00:03 . Memory (MB): peak = 1171.535 ; gain = 0.000

Phase 3 Detail Placement

Phase 3.1 Commit Multi Column Macros
Phase 3.1 Commit Multi Column Macros | Checksum: 7cc3fdc1

Time (s): cpu = 00:00:05 ; elapsed = 00:00:03 . Memory (MB): peak = 1171.535 ; gain = 0.000

Phase 3.2 Commit Most Macros & LUTRAMs
Phase 3.2 Commit Most Macros & LUTRAMs | Checksum: 1c0e07c6b

Time (s): cpu = 00:00:05 ; elapsed = 00:00:03 . Memory (MB): peak = 1171.535 ; gain = 0.000

Phase 3.3 Area Swap Optimization
Phase 3.3 Area Swap Optimization | Checksum: 1c7a684c2

Time (s): cpu = 00:00:05 ; elapsed = 00:00:03 . Memory (MB): peak = 1171.535 ; gain = 0.000

Phase 3.4 Pipeline Register Optimization
Phase 3.4 Pipeline Register Optimization | Checksum: 1c7a684c2

Time (s): cpu = 00:00:05 ; elapsed = 00:00:03 . Memory (MB): peak = 1171.535 ; gain = 0.000

Phase 3.5 Small Shape Detail Placement
Phase 3.5 Small Shape Detail Placement | Checksum: f1ddf93f

Time (s): cpu = 00:00:06 ; elapsed = 00:00:03 . Memory (MB): peak = 1171.535 ; gain = 0.000

Phase 3.6 Re-assign LUT pins
Phase 3.6 Re-assign LUT pins | Checksum: a8b475da

Time (s): cpu = 00:00:06 ; elapsed = 00:00:03 . Memory (MB): peak = 1171.535 ; gain = 0.000

Phase 3.7 Pipeline Register Optimization
Phase 3.7 Pipeline Register Optimization | Checksum: a8b475da

Time (s): cpu = 00:00:06 ; elapsed = 00:00:03 . Memory (MB): peak = 1171.535 ; gain = 0.000
Phase 3 Detail Placement | Checksum: a8b475da

Time (s): cpu = 00:00:06 ; elapsed = 00:00:03 . Memory (MB): peak = 1171.535 ; gain = 0.000

Phase 4 Post Placement Optimization and Clean-Up

Phase 4.1 Post Commit Optimization
INFO: [Timing 38-35] Done setting XDC timing constraints.

Phase 4.1.1 Post Placement Optimization
Post Placement Optimization Initialization | Checksum: b970aec8

Phase 4.1.1.1 BUFG Insertion
INFO: [Place 46-31] BUFG insertion identified 0 candidate nets, 0 success, 0 skipped for placement/routing, 0 skipped for timing, 0 skipped for netlist change reason.
Phase 4.1.1.1 BUFG Insertion | Checksum: b970aec8

Time (s): cpu = 00:00:06 ; elapsed = 00:00:03 . Memory (MB): peak = 1184.121 ; gain = 12.586
INFO: [Place 30-746] Post Placement Timing Summary WNS=5.593. For the most accurate timing information please run report_timing.
Phase 4.1.1 Post Placement Optimization | Checksum: 13f8e2480

Time (s): cpu = 00:00:06 ; elapsed = 00:00:03 . Memory (MB): peak = 1184.121 ; gain = 12.586
Phase 4.1 Post Commit Optimization | Checksum: 13f8e2480

Time (s): cpu = 00:00:06 ; elapsed = 00:00:03 . Memory (MB): peak = 1184.121 ; gain = 12.586

Phase 4.2 Post Placement Cleanup
Phase 4.2 Post Placement Cleanup | Checksum: 13f8e2480

Time (s): cpu = 00:00:06 ; elapsed = 00:00:03 . Memory (MB): peak = 1184.121 ; gain = 12.586

Phase 4.3 Placer Reporting
Phase 4.3 Placer Reporting | Checksum: 13f8e2480

Time (s): cpu = 00:00:06 ; elapsed = 00:00:03 . Memory (MB): peak = 1184.121 ; gain = 12.586

Phase 4.4 Final Placement Cleanup
Phase 4.4 Final Placement Cleanup | Checksum: 1b41a3cda

Time (s): cpu = 00:00:06 ; elapsed = 00:00:03 . Memory (MB): peak = 1184.121 ; gain = 12.586
Phase 4 Post Placement Optimization and Clean-Up | Checksum: 1b41a3cda

Time (s): cpu = 00:00:06 ; elapsed = 00:00:03 . Memory (MB): peak = 1184.121 ; gain = 12.586
Ending Placer Task | Checksum: dfc5f1dc

Time (s): cpu = 00:00:06 ; elapsed = 00:00:03 . Memory (MB): peak = 1184.121 ; gain = 12.586
INFO: [Common 17-83] Releasing license: Implementation
50 Infos, 0 Warnings, 0 Critical Warnings and 0 Errors encountered.
place_design completed successfully
INFO: [Timing 38-480] Writing timing data to binary archive.
Writing placer database...
Writing XDEF routing.
Writing XDEF routing logical nets.
Writing XDEF routing special nets.
Write XDEF Complete: Time (s): cpu = 00:00:00 ; elapsed = 00:00:00.141 . Memory (MB): peak = 1192.090 ; gain = 7.930
INFO: [Common 17-1381] The checkpoint 'C:/Users/SEP16/SoC_2022_MJU/LAB8/Lab8-DMAFlow/solution1/impl/verilog/project.runs/impl_1/adder5_placed.dcp' has been generated.
INFO: [runtcl-4] Executing : report_io -file adder5_io_placed.rpt
report_io: Time (s): cpu = 00:00:00 ; elapsed = 00:00:00.100 . Memory (MB): peak = 1192.090 ; gain = 0.000
INFO: [runtcl-4] Executing : report_utilization -file adder5_utilization_placed.rpt -pb adder5_utilization_placed.pb
report_utilization: Time (s): cpu = 00:00:00 ; elapsed = 00:00:00.080 . Memory (MB): peak = 1192.090 ; gain = 0.000
INFO: [runtcl-4] Executing : report_control_sets -verbose -file adder5_control_sets_placed.rpt
report_control_sets: Time (s): cpu = 00:00:00 ; elapsed = 00:00:00.005 . Memory (MB): peak = 1192.090 ; gain = 0.000
Command: phys_opt_design
Attempting to get a license for feature 'Implementation' and/or device 'xc7z020'
INFO: [Common 17-349] Got license for feature 'Implementation' and/or device 'xc7z020'
INFO: [Vivado_Tcl 4-383] Design worst setup slack (WNS) is greater than or equal to 0.250 ns. Skipping all physical synthesis optimizations.
INFO: [Vivado_Tcl 4-232] No setup violation found. The netlist was not modified.
INFO: [Common 17-83] Releasing license: Implementation
59 Infos, 0 Warnings, 0 Critical Warnings and 0 Errors encountered.
phys_opt_design completed successfully
INFO: [Timing 38-480] Writing timing data to binary archive.
Writing placer database...
Writing XDEF routing.
Writing XDEF routing logical nets.
Writing XDEF routing special nets.
Write XDEF Complete: Time (s): cpu = 00:00:00 ; elapsed = 00:00:00.104 . Memory (MB): peak = 1192.090 ; gain = 0.000
INFO: [Common 17-1381] The checkpoint 'C:/Users/SEP16/SoC_2022_MJU/LAB8/Lab8-DMAFlow/solution1/impl/verilog/project.runs/impl_1/adder5_physopt.dcp' has been generated.
Command: route_design
Attempting to get a license for feature 'Implementation' and/or device 'xc7z020'
INFO: [Common 17-349] Got license for feature 'Implementation' and/or device 'xc7z020'
Running DRC as a precondition to command route_design
INFO: [DRC 23-27] Running DRC with 2 threads
INFO: [Vivado_Tcl 4-198] DRC finished with 0 Errors
INFO: [Vivado_Tcl 4-199] Please refer to the DRC report (report_drc) for more information.


Starting Routing Task
INFO: [Route 35-254] Multithreading enabled for route_design using a maximum of 2 CPUs
Checksum: PlaceDB: 206d7641 ConstDB: 0 ShapeSum: bf587b9b RouteDB: 0

Phase 1 Build RT Design
WARNING: [Route 35-197] Clock port "ap_clk" does not have an associated HD.CLK_SRC. Without this constraint, timing analysis may not be accurate and upstream checks cannot be done to ensure correct clock placement.
WARNING: [Route 35-198] Port "A_TDATA[13]" does not have an associated HD.PARTPIN_LOCS, which will prevent the partial routing of the signal "A_TDATA[13]". Without this partial route, timing analysis to/from this port will not be accurate, and no routing information for this port can be exported.
WARNING: [Route 35-198] Port "A_TDATA[14]" does not have an associated HD.PARTPIN_LOCS, which will prevent the partial routing of the signal "A_TDATA[14]". Without this partial route, timing analysis to/from this port will not be accurate, and no routing information for this port can be exported.
WARNING: [Route 35-198] Port "A_TDATA[15]" does not have an associated HD.PARTPIN_LOCS, which will prevent the partial routing of the signal "A_TDATA[15]". Without this partial route, timing analysis to/from this port will not be accurate, and no routing information for this port can be exported.
WARNING: [Route 35-198] Port "A_TDATA[16]" does not have an associated HD.PARTPIN_LOCS, which will prevent the partial routing of the signal "A_TDATA[16]". Without this partial route, timing analysis to/from this port will not be accurate, and no routing information for this port can be exported.
WARNING: [Route 35-198] Port "A_TDATA[17]" does not have an associated HD.PARTPIN_LOCS, which will prevent the partial routing of the signal "A_TDATA[17]". Without this partial route, timing analysis to/from this port will not be accurate, and no routing information for this port can be exported.
WARNING: [Route 35-198] Port "A_TDATA[18]" does not have an associated HD.PARTPIN_LOCS, which will prevent the partial routing of the signal "A_TDATA[18]". Without this partial route, timing analysis to/from this port will not be accurate, and no routing information for this port can be exported.
WARNING: [Route 35-198] Port "A_TDATA[19]" does not have an associated HD.PARTPIN_LOCS, which will prevent the partial routing of the signal "A_TDATA[19]". Without this partial route, timing analysis to/from this port will not be accurate, and no routing information for this port can be exported.
WARNING: [Route 35-198] Port "A_TDATA[20]" does not have an associated HD.PARTPIN_LOCS, which will prevent the partial routing of the signal "A_TDATA[20]". Without this partial route, timing analysis to/from this port will not be accurate, and no routing information for this port can be exported.
WARNING: [Route 35-198] Port "A_TVALID" does not have an associated HD.PARTPIN_LOCS, which will prevent the partial routing of the signal "A_TVALID". Without this partial route, timing analysis to/from this port will not be accurate, and no routing information for this port can be exported.
WARNING: [Route 35-198] Port "B_TREADY" does not have an associated HD.PARTPIN_LOCS, which will prevent the partial routing of the signal "B_TREADY". Without this partial route, timing analysis to/from this port will not be accurate, and no routing information for this port can be exported.
WARNING: [Route 35-198] Port "A_TDATA[2]" does not have an associated HD.PARTPIN_LOCS, which will prevent the partial routing of the signal "A_TDATA[2]". Without this partial route, timing analysis to/from this port will not be accurate, and no routing information for this port can be exported.
WARNING: [Route 35-198] Port "A_TDATA[4]" does not have an associated HD.PARTPIN_LOCS, which will prevent the partial routing of the signal "A_TDATA[4]". Without this partial route, timing analysis to/from this port will not be accurate, and no routing information for this port can be exported.
WARNING: [Route 35-198] Port "ap_rst_n" does not have an associated HD.PARTPIN_LOCS, which will prevent the partial routing of the signal "ap_rst_n". Without this partial route, timing analysis to/from this port will not be accurate, and no routing information for this port can be exported.
WARNING: [Route 35-198] Port "A_TDATA[0]" does not have an associated HD.PARTPIN_LOCS, which will prevent the partial routing of the signal "A_TDATA[0]". Without this partial route, timing analysis to/from this port will not be accurate, and no routing information for this port can be exported.
WARNING: [Route 35-198] Port "A_TDATA[1]" does not have an associated HD.PARTPIN_LOCS, which will prevent the partial routing of the signal "A_TDATA[1]". Without this partial route, timing analysis to/from this port will not be accurate, and no routing information for this port can be exported.
WARNING: [Route 35-198] Port "A_TDATA[3]" does not have an associated HD.PARTPIN_LOCS, which will prevent the partial routing of the signal "A_TDATA[3]". Without this partial route, timing analysis to/from this port will not be accurate, and no routing information for this port can be exported.
WARNING: [Route 35-198] Port "A_TDATA[5]" does not have an associated HD.PARTPIN_LOCS, which will prevent the partial routing of the signal "A_TDATA[5]". Without this partial route, timing analysis to/from this port will not be accurate, and no routing information for this port can be exported.
WARNING: [Route 35-198] Port "A_TDATA[6]" does not have an associated HD.PARTPIN_LOCS, which will prevent the partial routing of the signal "A_TDATA[6]". Without this partial route, timing analysis to/from this port will not be accurate, and no routing information for this port can be exported.
WARNING: [Route 35-198] Port "A_TDATA[7]" does not have an associated HD.PARTPIN_LOCS, which will prevent the partial routing of the signal "A_TDATA[7]". Without this partial route, timing analysis to/from this port will not be accurate, and no routing information for this port can be exported.
WARNING: [Route 35-198] Port "A_TDATA[8]" does not have an associated HD.PARTPIN_LOCS, which will prevent the partial routing of the signal "A_TDATA[8]". Without this partial route, timing analysis to/from this port will not be accurate, and no routing information for this port can be exported.
WARNING: [Route 35-198] Port "A_TDATA[9]" does not have an associated HD.PARTPIN_LOCS, which will prevent the partial routing of the signal "A_TDATA[9]". Without this partial route, timing analysis to/from this port will not be accurate, and no routing information for this port can be exported.
WARNING: [Route 35-198] Port "ap_start" does not have an associated HD.PARTPIN_LOCS, which will prevent the partial routing of the signal "ap_start". Without this partial route, timing analysis to/from this port will not be accurate, and no routing information for this port can be exported.
WARNING: [Route 35-198] Port "A_TDATA[21]" does not have an associated HD.PARTPIN_LOCS, which will prevent the partial routing of the signal "A_TDATA[21]". Without this partial route, timing analysis to/from this port will not be accurate, and no routing information for this port can be exported.
WARNING: [Route 35-198] Port "A_TDATA[22]" does not have an associated HD.PARTPIN_LOCS, which will prevent the partial routing of the signal "A_TDATA[22]". Without this partial route, timing analysis to/from this port will not be accurate, and no routing information for this port can be exported.
WARNING: [Route 35-198] Port "A_TDATA[23]" does not have an associated HD.PARTPIN_LOCS, which will prevent the partial routing of the signal "A_TDATA[23]". Without this partial route, timing analysis to/from this port will not be accurate, and no routing information for this port can be exported.
WARNING: [Route 35-198] Port "A_TDATA[24]" does not have an associated HD.PARTPIN_LOCS, which will prevent the partial routing of the signal "A_TDATA[24]". Without this partial route, timing analysis to/from this port will not be accurate, and no routing information for this port can be exported.
WARNING: [Route 35-198] Port "A_TDATA[25]" does not have an associated HD.PARTPIN_LOCS, which will prevent the partial routing of the signal "A_TDATA[25]". Without this partial route, timing analysis to/from this port will not be accurate, and no routing information for this port can be exported.
WARNING: [Route 35-198] Port "A_TDATA[26]" does not have an associated HD.PARTPIN_LOCS, which will prevent the partial routing of the signal "A_TDATA[26]". Without this partial route, timing analysis to/from this port will not be accurate, and no routing information for this port can be exported.
WARNING: [Route 35-198] Port "A_TDATA[27]" does not have an associated HD.PARTPIN_LOCS, which will prevent the partial routing of the signal "A_TDATA[27]". Without this partial route, timing analysis to/from this port will not be accurate, and no routing information for this port can be exported.
WARNING: [Route 35-198] Port "A_TDATA[28]" does not have an associated HD.PARTPIN_LOCS, which will prevent the partial routing of the signal "A_TDATA[28]". Without this partial route, timing analysis to/from this port will not be accurate, and no routing information for this port can be exported.
WARNING: [Route 35-198] Port "A_TDATA[29]" does not have an associated HD.PARTPIN_LOCS, which will prevent the partial routing of the signal "A_TDATA[29]". Without this partial route, timing analysis to/from this port will not be accurate, and no routing information for this port can be exported.
WARNING: [Route 35-198] Port "A_TDATA[30]" does not have an associated HD.PARTPIN_LOCS, which will prevent the partial routing of the signal "A_TDATA[30]". Without this partial route, timing analysis to/from this port will not be accurate, and no routing information for this port can be exported.
WARNING: [Route 35-198] Port "A_TDATA[31]" does not have an associated HD.PARTPIN_LOCS, which will prevent the partial routing of the signal "A_TDATA[31]". Without this partial route, timing analysis to/from this port will not be accurate, and no routing information for this port can be exported.
WARNING: [Route 35-198] Port "A_TDATA[10]" does not have an associated HD.PARTPIN_LOCS, which will prevent the partial routing of the signal "A_TDATA[10]". Without this partial route, timing analysis to/from this port will not be accurate, and no routing information for this port can be exported.
WARNING: [Route 35-198] Port "A_TDATA[11]" does not have an associated HD.PARTPIN_LOCS, which will prevent the partial routing of the signal "A_TDATA[11]". Without this partial route, timing analysis to/from this port will not be accurate, and no routing information for this port can be exported.
WARNING: [Route 35-198] Port "A_TDATA[12]" does not have an associated HD.PARTPIN_LOCS, which will prevent the partial routing of the signal "A_TDATA[12]". Without this partial route, timing analysis to/from this port will not be accurate, and no routing information for this port can be exported.
Phase 1 Build RT Design | Checksum: 8ab29204

Time (s): cpu = 00:00:29 ; elapsed = 00:00:25 . Memory (MB): peak = 1307.352 ; gain = 115.262
Post Restoration Checksum: NetGraph: 8a686c04 NumContArr: 4a2600 Constraints: 0 Timing: 0

Phase 2 Router Initialization

Phase 2.1 Create Timer
Phase 2.1 Create Timer | Checksum: 8ab29204

Time (s): cpu = 00:00:29 ; elapsed = 00:00:25 . Memory (MB): peak = 1307.352 ; gain = 115.262

Phase 2.2 Fix Topology Constraints
Phase 2.2 Fix Topology Constraints | Checksum: 8ab29204

Time (s): cpu = 00:00:29 ; elapsed = 00:00:25 . Memory (MB): peak = 1313.602 ; gain = 121.512

Phase 2.3 Pre Route Cleanup
Phase 2.3 Pre Route Cleanup | Checksum: 8ab29204

Time (s): cpu = 00:00:29 ; elapsed = 00:00:25 . Memory (MB): peak = 1313.602 ; gain = 121.512
 Number of Nodes with overlaps = 0

Phase 2.4 Update Timing
Phase 2.4 Update Timing | Checksum: 1d90318bb

Time (s): cpu = 00:00:29 ; elapsed = 00:00:25 . Memory (MB): peak = 1317.430 ; gain = 125.340
INFO: [Route 35-416] Intermediate Timing Summary | WNS=5.615  | TNS=0.000  | WHS=0.104  | THS=0.000  |

Phase 2 Router Initialization | Checksum: 20e56ff37

Time (s): cpu = 00:00:29 ; elapsed = 00:00:25 . Memory (MB): peak = 1317.430 ; gain = 125.340

Phase 3 Initial Routing
Phase 3 Initial Routing | Checksum: 16f1c2658

Time (s): cpu = 00:00:29 ; elapsed = 00:00:25 . Memory (MB): peak = 1317.430 ; gain = 125.340

Phase 4 Rip-up And Reroute

Phase 4.1 Global Iteration 0
 Number of Nodes with overlaps = 1
 Number of Nodes with overlaps = 0
INFO: [Route 35-416] Intermediate Timing Summary | WNS=5.841  | TNS=0.000  | WHS=N/A    | THS=N/A    |

Phase 4.1 Global Iteration 0 | Checksum: 13e222215

Time (s): cpu = 00:00:29 ; elapsed = 00:00:25 . Memory (MB): peak = 1317.438 ; gain = 125.348
Phase 4 Rip-up And Reroute | Checksum: 13e222215

Time (s): cpu = 00:00:29 ; elapsed = 00:00:25 . Memory (MB): peak = 1317.438 ; gain = 125.348

Phase 5 Delay and Skew Optimization

Phase 5.1 Delay CleanUp
Phase 5.1 Delay CleanUp | Checksum: 13e222215

Time (s): cpu = 00:00:29 ; elapsed = 00:00:25 . Memory (MB): peak = 1317.438 ; gain = 125.348

Phase 5.2 Clock Skew Optimization
Phase 5.2 Clock Skew Optimization | Checksum: 13e222215

Time (s): cpu = 00:00:29 ; elapsed = 00:00:25 . Memory (MB): peak = 1317.438 ; gain = 125.348
Phase 5 Delay and Skew Optimization | Checksum: 13e222215

Time (s): cpu = 00:00:29 ; elapsed = 00:00:25 . Memory (MB): peak = 1317.438 ; gain = 125.348

Phase 6 Post Hold Fix

Phase 6.1 Hold Fix Iter

Phase 6.1.1 Update Timing
Phase 6.1.1 Update Timing | Checksum: a891c820

Time (s): cpu = 00:00:29 ; elapsed = 00:00:25 . Memory (MB): peak = 1317.438 ; gain = 125.348
INFO: [Route 35-416] Intermediate Timing Summary | WNS=5.841  | TNS=0.000  | WHS=0.120  | THS=0.000  |

Phase 6.1 Hold Fix Iter | Checksum: a891c820

Time (s): cpu = 00:00:29 ; elapsed = 00:00:25 . Memory (MB): peak = 1317.438 ; gain = 125.348
Phase 6 Post Hold Fix | Checksum: a891c820

Time (s): cpu = 00:00:29 ; elapsed = 00:00:25 . Memory (MB): peak = 1317.438 ; gain = 125.348

Phase 7 Route finalize

Router Utilization Summary
  Global Vertical Routing Utilization    = 0.00761106 %
  Global Horizontal Routing Utilization  = 0.0122549 %
  Routable Net Status*
  *Does not include unroutable nets such as driverless and loadless.
  Run report_route_status for detailed report.
  Number of Failed Nets               = 0
  Number of Unrouted Nets             = 0
  Number of Partially Routed Nets     = 0
  Number of Node Overlaps             = 0

Phase 7 Route finalize | Checksum: a891c820

Time (s): cpu = 00:00:29 ; elapsed = 00:00:25 . Memory (MB): peak = 1317.438 ; gain = 125.348

Phase 8 Verifying routed nets

 Verification completed successfully
Phase 8 Verifying routed nets | Checksum: a891c820

Time (s): cpu = 00:00:29 ; elapsed = 00:00:25 . Memory (MB): peak = 1319.465 ; gain = 127.375

Phase 9 Depositing Routes
Phase 9 Depositing Routes | Checksum: 50e5ec61

Time (s): cpu = 00:00:29 ; elapsed = 00:00:25 . Memory (MB): peak = 1319.465 ; gain = 127.375

Phase 10 Post Router Timing
INFO: [Route 35-57] Estimated Timing Summary | WNS=5.841  | TNS=0.000  | WHS=0.120  | THS=0.000  |

INFO: [Route 35-327] The final timing numbers are based on the router estimated timing analysis. For a complete and accurate timing signoff, please run report_timing_summary.
Phase 10 Post Router Timing | Checksum: 50e5ec61

Time (s): cpu = 00:00:29 ; elapsed = 00:00:25 . Memory (MB): peak = 1319.465 ; gain = 127.375
INFO: [Route 35-16] Router Completed Successfully

Time (s): cpu = 00:00:29 ; elapsed = 00:00:25 . Memory (MB): peak = 1319.465 ; gain = 127.375

Routing Is Done.
INFO: [Common 17-83] Releasing license: Implementation
73 Infos, 37 Warnings, 0 Critical Warnings and 0 Errors encountered.
route_design completed successfully
route_design: Time (s): cpu = 00:00:31 ; elapsed = 00:00:26 . Memory (MB): peak = 1319.465 ; gain = 127.375
INFO: [Timing 38-480] Writing timing data to binary archive.
Writing placer database...
Writing XDEF routing.
Writing XDEF routing logical nets.
Writing XDEF routing special nets.
Write XDEF Complete: Time (s): cpu = 00:00:00 ; elapsed = 00:00:00.059 . Memory (MB): peak = 1319.465 ; gain = 0.000
INFO: [Common 17-1381] The checkpoint 'C:/Users/SEP16/SoC_2022_MJU/LAB8/Lab8-DMAFlow/solution1/impl/verilog/project.runs/impl_1/adder5_routed.dcp' has been generated.
INFO: [runtcl-4] Executing : report_drc -file adder5_drc_routed.rpt -pb adder5_drc_routed.pb -rpx adder5_drc_routed.rpx
Command: report_drc -file adder5_drc_routed.rpt -pb adder5_drc_routed.pb -rpx adder5_drc_routed.rpx
INFO: [DRC 23-27] Running DRC with 2 threads
INFO: [Coretcl 2-168] The results of DRC are in file C:/Users/SEP16/SoC_2022_MJU/LAB8/Lab8-DMAFlow/solution1/impl/verilog/project.runs/impl_1/adder5_drc_routed.rpt.
report_drc completed successfully
INFO: [runtcl-4] Executing : report_methodology -file adder5_methodology_drc_routed.rpt -pb adder5_methodology_drc_routed.pb -rpx adder5_methodology_drc_routed.rpx
Command: report_methodology -file adder5_methodology_drc_routed.rpt -pb adder5_methodology_drc_routed.pb -rpx adder5_methodology_drc_routed.rpx
INFO: [Timing 38-35] Done setting XDC timing constraints.
INFO: [Timing 38-35] Done setting XDC timing constraints.
WARNING: [Timing 38-242] The property HD.CLK_SRC of clock port "ap_clk" is not set. In out-of-context mode, this prevents timing estimation for clock delay/skew
Resolution: Set the HD.CLK_SRC property of the out-of-context port to the location of the clock buffer instance in the top-level design
INFO: [DRC 23-133] Running Methodology with 2 threads
INFO: [Coretcl 2-1520] The results of Report Methodology are in file C:/Users/SEP16/SoC_2022_MJU/LAB8/Lab8-DMAFlow/solution1/impl/verilog/project.runs/impl_1/adder5_methodology_drc_routed.rpt.
report_methodology completed successfully
INFO: [runtcl-4] Executing : report_power -file adder5_power_routed.rpt -pb adder5_power_summary_routed.pb -rpx adder5_power_routed.rpx
Command: report_power -file adder5_power_routed.rpt -pb adder5_power_summary_routed.pb -rpx adder5_power_routed.rpx
INFO: [Timing 38-35] Done setting XDC timing constraints.
Running Vector-less Activity Propagation...

Finished Running Vector-less Activity Propagation
85 Infos, 38 Warnings, 0 Critical Warnings and 0 Errors encountered.
report_power completed successfully
INFO: [runtcl-4] Executing : report_route_status -file adder5_route_status.rpt -pb adder5_route_status.pb
INFO: [runtcl-4] Executing : report_timing_summary -max_paths 10 -file adder5_timing_summary_routed.rpt -pb adder5_timing_summary_routed.pb -rpx adder5_timing_summary_routed.rpx -warn_on_violation 
INFO: [Timing 38-91] UpdateTimingParams: Speed grade: -1, Delay Type: min_max, Timing Stage: Requireds.
INFO: [Timing 38-191] Multithreading enabled for timing update using a maximum of 2 CPUs
INFO: [runtcl-4] Executing : report_incremental_reuse -file adder5_incremental_reuse_routed.rpt
INFO: [Vivado_Tcl 4-545] No incremental reuse to report, no incremental placement and routing data was found.
INFO: [runtcl-4] Executing : report_clock_utilization -file adder5_clock_utilization_routed.rpt
INFO: [runtcl-4] Executing : report_bus_skew -warn_on_violation -file adder5_bus_skew_routed.rpt -pb adder5_bus_skew_routed.pb -rpx adder5_bus_skew_routed.rpx
INFO: [Timing 38-91] UpdateTimingParams: Speed grade: -1, Delay Type: min_max, Timing Stage: Requireds.
INFO: [Timing 38-191] Multithreading enabled for timing update using a maximum of 2 CPUs
INFO: [Common 17-206] Exiting Vivado at Mon May 24 11:42:54 2021...
