10:53:58 INFO  : Registering command handlers for SDK TCF services
10:53:58 INFO  : Launching XSCT server: xsct.bat -interactive C:\Users\SEP16\SoC_2022_MJU\lab5\lab5.sdk\temp_xsdb_launch_script.tcl
10:54:00 INFO  : XSCT server has started successfully.
10:54:02 INFO  : Successfully done setting XSCT server connection channel  
10:54:02 INFO  : Successfully done setting SDK workspace  
10:54:02 INFO  : Processing command line option -hwspec C:/Users/SEP16/SoC_2022_MJU/lab5/lab5.sdk/design_1_wrapper.hdf.
10:57:11 INFO  : Connected to target on host '127.0.0.1' and port '3121'.
10:57:12 INFO  : 'targets -set -filter {jtag_cable_name =~ "Digilent JTAG-SMT2 210251988348" && level==0} -index 1' command is executed.
10:57:14 INFO  : FPGA configured successfully with bitstream "C:/Users/SEP16/SoC_2022_MJU/lab5/lab5.sdk/design_1_wrapper_hw_platform_0/design_1_wrapper.bit"
10:58:07 INFO  : 'targets -set -filter {jtag_cable_name =~ "Digilent JTAG-SMT2 210251988348" && level==0} -index 1' command is executed.
10:58:07 INFO  : 'fpga -state' command is executed.
10:58:07 INFO  : Connected to target on host '127.0.0.1' and port '3121'.
10:58:07 INFO  : Jtag cable 'Digilent JTAG-SMT2 210251988348' is selected.
10:58:07 INFO  : 'jtag frequency' command is executed.
10:58:07 INFO  : Sourcing of 'C:/Users/SEP16/SoC_2022_MJU/lab5/lab5.sdk/design_1_wrapper_hw_platform_0/ps7_init.tcl' is done.
10:58:07 INFO  : Context for 'APU' is selected.
10:58:07 INFO  : Hardware design information is loaded from 'C:/Users/SEP16/SoC_2022_MJU/lab5/lab5.sdk/design_1_wrapper_hw_platform_0/system.hdf'.
10:58:07 INFO  : 'configparams force-mem-access 1' command is executed.
10:58:07 INFO  : Context for 'APU' is selected.
10:58:07 INFO  : 'stop' command is executed.
10:58:07 INFO  : 'ps7_init' command is executed.
10:58:07 INFO  : 'ps7_post_config' command is executed.
10:58:07 INFO  : Context for processor 'ps7_cortexa9_0' is selected.
10:58:07 INFO  : Processor reset is completed for 'ps7_cortexa9_0'.
10:58:07 INFO  : Context for processor 'ps7_cortexa9_0' is selected.
10:58:08 INFO  : The application 'C:/Users/SEP16/SoC_2022_MJU/lab5/lab5.sdk/hello_world/Debug/hello_world.elf' is downloaded to processor 'ps7_cortexa9_0'.
10:58:08 INFO  : 'configparams force-mem-access 0' command is executed.
10:58:08 INFO  : ----------------XSDB Script----------------
connect -url tcp:127.0.0.1:3121
source C:/Users/SEP16/SoC_2022_MJU/lab5/lab5.sdk/design_1_wrapper_hw_platform_0/ps7_init.tcl
targets -set -nocase -filter {name =~"APU*" && jtag_cable_name =~ "Digilent JTAG-SMT2 210251988348"} -index 0
loadhw -hw C:/Users/SEP16/SoC_2022_MJU/lab5/lab5.sdk/design_1_wrapper_hw_platform_0/system.hdf -mem-ranges [list {0x40000000 0xbfffffff}]
configparams force-mem-access 1
targets -set -nocase -filter {name =~"APU*" && jtag_cable_name =~ "Digilent JTAG-SMT2 210251988348"} -index 0
stop
ps7_init
ps7_post_config
targets -set -nocase -filter {name =~ "ARM*#0" && jtag_cable_name =~ "Digilent JTAG-SMT2 210251988348"} -index 0
rst -processor
targets -set -nocase -filter {name =~ "ARM*#0" && jtag_cable_name =~ "Digilent JTAG-SMT2 210251988348"} -index 0
dow C:/Users/SEP16/SoC_2022_MJU/lab5/lab5.sdk/hello_world/Debug/hello_world.elf
configparams force-mem-access 0
----------------End of Script----------------

10:58:08 INFO  : Context for processor 'ps7_cortexa9_0' is selected.
10:58:08 INFO  : 'con' command is executed.
10:58:08 INFO  : ----------------XSDB Script (After Launch)----------------
targets -set -nocase -filter {name =~ "ARM*#0" && jtag_cable_name =~ "Digilent JTAG-SMT2 210251988348"} -index 0
con
----------------End of Script----------------

10:58:08 INFO  : Disconnected from the channel tcfchan#1.
