
*** Running vivado
    with args -log design_1_my_multiplier_0_0.vds -m64 -product Vivado -mode batch -messageDb vivado.pb -notrace -source design_1_my_multiplier_0_0.tcl


****** Vivado v2018.2 (64-bit)
  **** SW Build 2258646 on Thu Jun 14 20:03:12 MDT 2018
  **** IP Build 2256618 on Thu Jun 14 22:10:49 MDT 2018
    ** Copyright 1986-2018 Xilinx, Inc. All Rights Reserved.

source design_1_my_multiplier_0_0.tcl -notrace
Command: synth_design -top design_1_my_multiplier_0_0 -part xc7z020clg484-1 -mode out_of_context
Starting synth_design
Attempting to get a license for feature 'Synthesis' and/or device 'xc7z020'
INFO: [Common 17-349] Got license for feature 'Synthesis' and/or device 'xc7z020'
INFO: Launching helper process for spawning children vivado processes
INFO: Helper process launched with PID 3360 
---------------------------------------------------------------------------------
Starting RTL Elaboration : Time (s): cpu = 00:00:02 ; elapsed = 00:00:02 . Memory (MB): peak = 386.227 ; gain = 98.863
---------------------------------------------------------------------------------
INFO: [Synth 8-6157] synthesizing module 'design_1_my_multiplier_0_0' [c:/Users/SEP16/SoC_2022_MJU/lab5/lab5.srcs/sources_1/bd/design_1/ip/design_1_my_multiplier_0_0/synth/design_1_my_multiplier_0_0.v:57]
INFO: [Synth 8-6157] synthesizing module 'my_multiplier_v1_0' [c:/Users/SEP16/SoC_2022_MJU/lab5/lab5.srcs/sources_1/bd/design_1/ipshared/68c8/hdl/my_multiplier_v1_0.v:4]
	Parameter C_S00_AXI_DATA_WIDTH bound to: 32 - type: integer 
	Parameter C_S00_AXI_ADDR_WIDTH bound to: 4 - type: integer 
INFO: [Synth 8-6157] synthesizing module 'my_multiplier_v1_0_S00_AXI' [c:/Users/SEP16/SoC_2022_MJU/lab5/lab5.srcs/sources_1/bd/design_1/ipshared/68c8/hdl/my_multiplier_v1_0_S00_AXI.v:4]
	Parameter C_S_AXI_DATA_WIDTH bound to: 32 - type: integer 
	Parameter C_S_AXI_ADDR_WIDTH bound to: 4 - type: integer 
	Parameter ADDR_LSB bound to: 2 - type: integer 
	Parameter OPT_MEM_ADDR_BITS bound to: 1 - type: integer 
INFO: [Synth 8-226] default block is never used [c:/Users/SEP16/SoC_2022_MJU/lab5/lab5.srcs/sources_1/bd/design_1/ipshared/68c8/hdl/my_multiplier_v1_0_S00_AXI.v:232]
INFO: [Synth 8-226] default block is never used [c:/Users/SEP16/SoC_2022_MJU/lab5/lab5.srcs/sources_1/bd/design_1/ipshared/68c8/hdl/my_multiplier_v1_0_S00_AXI.v:373]
WARNING: [Synth 8-6014] Unused sequential element slv_reg1_reg was removed.  [c:/Users/SEP16/SoC_2022_MJU/lab5/lab5.srcs/sources_1/bd/design_1/ipshared/68c8/hdl/my_multiplier_v1_0_S00_AXI.v:225]
INFO: [Synth 8-6155] done synthesizing module 'my_multiplier_v1_0_S00_AXI' (1#1) [c:/Users/SEP16/SoC_2022_MJU/lab5/lab5.srcs/sources_1/bd/design_1/ipshared/68c8/hdl/my_multiplier_v1_0_S00_AXI.v:4]
INFO: [Synth 8-6155] done synthesizing module 'my_multiplier_v1_0' (2#1) [c:/Users/SEP16/SoC_2022_MJU/lab5/lab5.srcs/sources_1/bd/design_1/ipshared/68c8/hdl/my_multiplier_v1_0.v:4]
INFO: [Synth 8-6155] done synthesizing module 'design_1_my_multiplier_0_0' (3#1) [c:/Users/SEP16/SoC_2022_MJU/lab5/lab5.srcs/sources_1/bd/design_1/ip/design_1_my_multiplier_0_0/synth/design_1_my_multiplier_0_0.v:57]
WARNING: [Synth 8-3331] design my_multiplier_v1_0_S00_AXI has unconnected port S_AXI_AWPROT[2]
WARNING: [Synth 8-3331] design my_multiplier_v1_0_S00_AXI has unconnected port S_AXI_AWPROT[1]
WARNING: [Synth 8-3331] design my_multiplier_v1_0_S00_AXI has unconnected port S_AXI_AWPROT[0]
WARNING: [Synth 8-3331] design my_multiplier_v1_0_S00_AXI has unconnected port S_AXI_ARPROT[2]
WARNING: [Synth 8-3331] design my_multiplier_v1_0_S00_AXI has unconnected port S_AXI_ARPROT[1]
WARNING: [Synth 8-3331] design my_multiplier_v1_0_S00_AXI has unconnected port S_AXI_ARPROT[0]
---------------------------------------------------------------------------------
Finished RTL Elaboration : Time (s): cpu = 00:00:02 ; elapsed = 00:00:02 . Memory (MB): peak = 441.441 ; gain = 154.078
---------------------------------------------------------------------------------

Report Check Netlist: 
+------+------------------+-------+---------+-------+------------------+
|      |Item              |Errors |Warnings |Status |Description       |
+------+------------------+-------+---------+-------+------------------+
|1     |multi_driven_nets |      0|        0|Passed |Multi driven nets |
+------+------------------+-------+---------+-------+------------------+
---------------------------------------------------------------------------------
Start Handling Custom Attributes
---------------------------------------------------------------------------------
---------------------------------------------------------------------------------
Finished Handling Custom Attributes : Time (s): cpu = 00:00:03 ; elapsed = 00:00:02 . Memory (MB): peak = 441.441 ; gain = 154.078
---------------------------------------------------------------------------------
---------------------------------------------------------------------------------
Finished RTL Optimization Phase 1 : Time (s): cpu = 00:00:03 ; elapsed = 00:00:02 . Memory (MB): peak = 441.441 ; gain = 154.078
---------------------------------------------------------------------------------
INFO: [Device 21-403] Loading part xc7z020clg484-1
INFO: [Project 1-570] Preparing netlist for logic optimization

Processing XDC Constraints
Initializing timing engine
Completed Processing XDC Constraints

INFO: [Project 1-111] Unisim Transformation Summary:
No Unisim elements were transformed.

WARNING: [Constraints 18-5210] No constraint will be written out.
Constraint Validation Runtime : Time (s): cpu = 00:00:00 ; elapsed = 00:00:00.040 . Memory (MB): peak = 790.254 ; gain = 3.547
---------------------------------------------------------------------------------
Finished Constraint Validation : Time (s): cpu = 00:00:09 ; elapsed = 00:00:10 . Memory (MB): peak = 790.254 ; gain = 502.891
---------------------------------------------------------------------------------
---------------------------------------------------------------------------------
Start Loading Part and Timing Information
---------------------------------------------------------------------------------
Loading part: xc7z020clg484-1
---------------------------------------------------------------------------------
Finished Loading Part and Timing Information : Time (s): cpu = 00:00:09 ; elapsed = 00:00:10 . Memory (MB): peak = 790.254 ; gain = 502.891
---------------------------------------------------------------------------------
---------------------------------------------------------------------------------
Start Applying 'set_property' XDC Constraints
---------------------------------------------------------------------------------
---------------------------------------------------------------------------------
Finished applying 'set_property' XDC Constraints : Time (s): cpu = 00:00:09 ; elapsed = 00:00:10 . Memory (MB): peak = 790.254 ; gain = 502.891
---------------------------------------------------------------------------------
---------------------------------------------------------------------------------
Finished RTL Optimization Phase 2 : Time (s): cpu = 00:00:09 ; elapsed = 00:00:10 . Memory (MB): peak = 790.254 ; gain = 502.891
---------------------------------------------------------------------------------

Report RTL Partitions: 
+-+--------------+------------+----------+
| |RTL Partition |Replication |Instances |
+-+--------------+------------+----------+
+-+--------------+------------+----------+
---------------------------------------------------------------------------------
Start RTL Component Statistics 
---------------------------------------------------------------------------------
Detailed RTL Component Info : 
+---Registers : 
	               32 Bit    Registers := 4     
	                4 Bit    Registers := 2     
	                2 Bit    Registers := 2     
	                1 Bit    Registers := 6     
+---Muxes : 
	   2 Input     32 Bit        Muxes := 3     
	   4 Input     32 Bit        Muxes := 4     
	   2 Input      1 Bit        Muxes := 5     
---------------------------------------------------------------------------------
Finished RTL Component Statistics 
---------------------------------------------------------------------------------
---------------------------------------------------------------------------------
Start RTL Hierarchical Component Statistics 
---------------------------------------------------------------------------------
Hierarchical RTL Component report 
Module my_multiplier_v1_0_S00_AXI 
Detailed RTL Component Info : 
+---Registers : 
	               32 Bit    Registers := 4     
	                4 Bit    Registers := 2     
	                2 Bit    Registers := 2     
	                1 Bit    Registers := 6     
+---Muxes : 
	   2 Input     32 Bit        Muxes := 3     
	   4 Input     32 Bit        Muxes := 4     
	   2 Input      1 Bit        Muxes := 5     
---------------------------------------------------------------------------------
Finished RTL Hierarchical Component Statistics
---------------------------------------------------------------------------------
---------------------------------------------------------------------------------
Start Part Resource Summary
---------------------------------------------------------------------------------
Part Resources:
DSPs: 220 (col length:60)
BRAMs: 280 (col length: RAMB18 60 RAMB36 30)
---------------------------------------------------------------------------------
Finished Part Resource Summary
---------------------------------------------------------------------------------
---------------------------------------------------------------------------------
Start Cross Boundary and Area Optimization
---------------------------------------------------------------------------------
Warning: Parallel synthesis criteria is not met 
DSP Report: Generating DSP inst/my_multiplier_v1_0_S00_AXI_inst/multiplier_out_reg, operation Mode is: (A*B)'.
DSP Report: register inst/my_multiplier_v1_0_S00_AXI_inst/multiplier_out_reg is absorbed into DSP inst/my_multiplier_v1_0_S00_AXI_inst/multiplier_out_reg.
DSP Report: operator inst/my_multiplier_v1_0_S00_AXI_inst/multiplier_out0 is absorbed into DSP inst/my_multiplier_v1_0_S00_AXI_inst/multiplier_out_reg.
WARNING: [Synth 8-3331] design design_1_my_multiplier_0_0 has unconnected port s00_axi_awprot[2]
WARNING: [Synth 8-3331] design design_1_my_multiplier_0_0 has unconnected port s00_axi_awprot[1]
WARNING: [Synth 8-3331] design design_1_my_multiplier_0_0 has unconnected port s00_axi_awprot[0]
WARNING: [Synth 8-3331] design design_1_my_multiplier_0_0 has unconnected port s00_axi_arprot[2]
WARNING: [Synth 8-3331] design design_1_my_multiplier_0_0 has unconnected port s00_axi_arprot[1]
WARNING: [Synth 8-3331] design design_1_my_multiplier_0_0 has unconnected port s00_axi_arprot[0]
INFO: [Synth 8-3886] merging instance 'inst/my_multiplier_v1_0_S00_AXI_inst/axi_rresp_reg[0]' (FDRE) to 'inst/my_multiplier_v1_0_S00_AXI_inst/axi_rresp_reg[1]'
INFO: [Synth 8-3333] propagating constant 0 across sequential element (\inst/my_multiplier_v1_0_S00_AXI_inst/axi_rresp_reg[1] )
INFO: [Synth 8-3886] merging instance 'inst/my_multiplier_v1_0_S00_AXI_inst/axi_bresp_reg[0]' (FDRE) to 'inst/my_multiplier_v1_0_S00_AXI_inst/axi_bresp_reg[1]'
INFO: [Synth 8-3333] propagating constant 0 across sequential element (\inst/my_multiplier_v1_0_S00_AXI_inst/axi_bresp_reg[1] )
INFO: [Synth 8-3332] Sequential element (inst/my_multiplier_v1_0_S00_AXI_inst/axi_bresp_reg[1]) is unused and will be removed from module design_1_my_multiplier_0_0.
INFO: [Synth 8-3332] Sequential element (inst/my_multiplier_v1_0_S00_AXI_inst/axi_araddr_reg[1]) is unused and will be removed from module design_1_my_multiplier_0_0.
INFO: [Synth 8-3332] Sequential element (inst/my_multiplier_v1_0_S00_AXI_inst/axi_araddr_reg[0]) is unused and will be removed from module design_1_my_multiplier_0_0.
INFO: [Synth 8-3332] Sequential element (inst/my_multiplier_v1_0_S00_AXI_inst/axi_awaddr_reg[1]) is unused and will be removed from module design_1_my_multiplier_0_0.
INFO: [Synth 8-3332] Sequential element (inst/my_multiplier_v1_0_S00_AXI_inst/axi_awaddr_reg[0]) is unused and will be removed from module design_1_my_multiplier_0_0.
INFO: [Synth 8-3332] Sequential element (inst/my_multiplier_v1_0_S00_AXI_inst/axi_rresp_reg[1]) is unused and will be removed from module design_1_my_multiplier_0_0.
---------------------------------------------------------------------------------
Finished Cross Boundary and Area Optimization : Time (s): cpu = 00:00:09 ; elapsed = 00:00:11 . Memory (MB): peak = 790.254 ; gain = 502.891
---------------------------------------------------------------------------------
---------------------------------------------------------------------------------
Start ROM, RAM, DSP and Shift Register Reporting
---------------------------------------------------------------------------------

DSP: Preliminary Mapping  Report (see note below)
+---------------------------+-------------+--------+--------+--------+--------+--------+------+------+------+------+-------+------+------+
|Module Name                | DSP Mapping | A Size | B Size | C Size | D Size | P Size | AREG | BREG | CREG | DREG | ADREG | MREG | PREG | 
+---------------------------+-------------+--------+--------+--------+--------+--------+------+------+------+------+-------+------+------+
|my_multiplier_v1_0_S00_AXI | (A*B)'      | 16     | 16     | -      | -      | 32     | 0    | 0    | -    | -    | -     | 1    | 0    | 
+---------------------------+-------------+--------+--------+--------+--------+--------+------+------+------+------+-------+------+------+

Note: The table above is a preliminary report that shows the DSPs inferred at the current stage of the synthesis flow. Some DSP may be reimplemented as non DSP primitives later in the synthesis flow. Multiple instantiated DSPs are reported only once.
---------------------------------------------------------------------------------
Finished ROM, RAM, DSP and Shift Register Reporting
---------------------------------------------------------------------------------

Report RTL Partitions: 
+-+--------------+------------+----------+
| |RTL Partition |Replication |Instances |
+-+--------------+------------+----------+
+-+--------------+------------+----------+
---------------------------------------------------------------------------------
Start Applying XDC Timing Constraints
---------------------------------------------------------------------------------
---------------------------------------------------------------------------------
Finished Applying XDC Timing Constraints : Time (s): cpu = 00:00:18 ; elapsed = 00:00:20 . Memory (MB): peak = 833.047 ; gain = 545.684
---------------------------------------------------------------------------------
---------------------------------------------------------------------------------
Start Timing Optimization
---------------------------------------------------------------------------------
---------------------------------------------------------------------------------
Finished Timing Optimization : Time (s): cpu = 00:00:18 ; elapsed = 00:00:20 . Memory (MB): peak = 833.195 ; gain = 545.832
---------------------------------------------------------------------------------

Report RTL Partitions: 
+-+--------------+------------+----------+
| |RTL Partition |Replication |Instances |
+-+--------------+------------+----------+
+-+--------------+------------+----------+
---------------------------------------------------------------------------------
Start Technology Mapping
---------------------------------------------------------------------------------
---------------------------------------------------------------------------------
Finished Technology Mapping : Time (s): cpu = 00:00:18 ; elapsed = 00:00:20 . Memory (MB): peak = 843.871 ; gain = 556.508
---------------------------------------------------------------------------------

Report RTL Partitions: 
+-+--------------+------------+----------+
| |RTL Partition |Replication |Instances |
+-+--------------+------------+----------+
+-+--------------+------------+----------+
---------------------------------------------------------------------------------
Start IO Insertion
---------------------------------------------------------------------------------
---------------------------------------------------------------------------------
Start Flattening Before IO Insertion
---------------------------------------------------------------------------------
---------------------------------------------------------------------------------
Finished Flattening Before IO Insertion
---------------------------------------------------------------------------------
---------------------------------------------------------------------------------
Start Final Netlist Cleanup
---------------------------------------------------------------------------------
---------------------------------------------------------------------------------
Finished Final Netlist Cleanup
---------------------------------------------------------------------------------
---------------------------------------------------------------------------------
Finished IO Insertion : Time (s): cpu = 00:00:19 ; elapsed = 00:00:21 . Memory (MB): peak = 843.871 ; gain = 556.508
---------------------------------------------------------------------------------

Report Check Netlist: 
+------+------------------+-------+---------+-------+------------------+
|      |Item              |Errors |Warnings |Status |Description       |
+------+------------------+-------+---------+-------+------------------+
|1     |multi_driven_nets |      0|        0|Passed |Multi driven nets |
+------+------------------+-------+---------+-------+------------------+
---------------------------------------------------------------------------------
Start Renaming Generated Instances
---------------------------------------------------------------------------------
---------------------------------------------------------------------------------
Finished Renaming Generated Instances : Time (s): cpu = 00:00:19 ; elapsed = 00:00:21 . Memory (MB): peak = 843.871 ; gain = 556.508
---------------------------------------------------------------------------------

Report RTL Partitions: 
+-+--------------+------------+----------+
| |RTL Partition |Replication |Instances |
+-+--------------+------------+----------+
+-+--------------+------------+----------+
---------------------------------------------------------------------------------
Start Rebuilding User Hierarchy
---------------------------------------------------------------------------------
---------------------------------------------------------------------------------
Finished Rebuilding User Hierarchy : Time (s): cpu = 00:00:19 ; elapsed = 00:00:21 . Memory (MB): peak = 843.871 ; gain = 556.508
---------------------------------------------------------------------------------
---------------------------------------------------------------------------------
Start Renaming Generated Ports
---------------------------------------------------------------------------------
---------------------------------------------------------------------------------
Finished Renaming Generated Ports : Time (s): cpu = 00:00:19 ; elapsed = 00:00:21 . Memory (MB): peak = 843.871 ; gain = 556.508
---------------------------------------------------------------------------------
---------------------------------------------------------------------------------
Start Handling Custom Attributes
---------------------------------------------------------------------------------
---------------------------------------------------------------------------------
Finished Handling Custom Attributes : Time (s): cpu = 00:00:19 ; elapsed = 00:00:21 . Memory (MB): peak = 843.871 ; gain = 556.508
---------------------------------------------------------------------------------
---------------------------------------------------------------------------------
Start Renaming Generated Nets
---------------------------------------------------------------------------------
---------------------------------------------------------------------------------
Finished Renaming Generated Nets : Time (s): cpu = 00:00:19 ; elapsed = 00:00:21 . Memory (MB): peak = 843.871 ; gain = 556.508
---------------------------------------------------------------------------------
---------------------------------------------------------------------------------
Start Writing Synthesis Report
---------------------------------------------------------------------------------

Report BlackBoxes: 
+-+--------------+----------+
| |BlackBox name |Instances |
+-+--------------+----------+
+-+--------------+----------+

Report Cell Usage: 
+------+----------+------+
|      |Cell      |Count |
+------+----------+------+
|1     |DSP48E1_1 |     1|
|2     |LUT1      |     1|
|3     |LUT2      |     1|
|4     |LUT3      |     1|
|5     |LUT4      |    18|
|6     |LUT6      |    36|
|7     |FDRE      |   137|
|8     |FDSE      |     1|
+------+----------+------+

Report Instance Areas: 
+------+------------------------------------+---------------------------+------+
|      |Instance                            |Module                     |Cells |
+------+------------------------------------+---------------------------+------+
|1     |top                                 |                           |   196|
|2     |  inst                              |my_multiplier_v1_0         |   196|
|3     |    my_multiplier_v1_0_S00_AXI_inst |my_multiplier_v1_0_S00_AXI |   196|
+------+------------------------------------+---------------------------+------+
---------------------------------------------------------------------------------
Finished Writing Synthesis Report : Time (s): cpu = 00:00:19 ; elapsed = 00:00:21 . Memory (MB): peak = 843.871 ; gain = 556.508
---------------------------------------------------------------------------------
Synthesis finished with 0 errors, 0 critical warnings and 6 warnings.
Synthesis Optimization Runtime : Time (s): cpu = 00:00:12 ; elapsed = 00:00:15 . Memory (MB): peak = 843.871 ; gain = 207.695
Synthesis Optimization Complete : Time (s): cpu = 00:00:19 ; elapsed = 00:00:21 . Memory (MB): peak = 843.871 ; gain = 556.508
INFO: [Project 1-571] Translating synthesized netlist
INFO: [Netlist 29-17] Analyzing 1 Unisim elements for replacement
INFO: [Netlist 29-28] Unisim Transformation completed in 0 CPU seconds
INFO: [Project 1-570] Preparing netlist for logic optimization
INFO: [Opt 31-138] Pushed 0 inverter(s) to 0 load pin(s).
INFO: [Project 1-111] Unisim Transformation Summary:
No Unisim elements were transformed.

INFO: [Common 17-83] Releasing license: Synthesis
29 Infos, 14 Warnings, 0 Critical Warnings and 0 Errors encountered.
synth_design completed successfully
synth_design: Time (s): cpu = 00:00:20 ; elapsed = 00:00:23 . Memory (MB): peak = 843.871 ; gain = 562.945
WARNING: [Constraints 18-5210] No constraint will be written out.
INFO: [Common 17-1381] The checkpoint 'C:/Users/SEP16/SoC_2022_MJU/lab5/lab5.runs/design_1_my_multiplier_0_0_synth_1/design_1_my_multiplier_0_0.dcp' has been generated.
INFO: [Coretcl 2-1482] Added synthesis output to IP cache for IP c:/Users/SEP16/SoC_2022_MJU/lab5/lab5.srcs/sources_1/bd/design_1/ip/design_1_my_multiplier_0_0/design_1_my_multiplier_0_0.xci
INFO: [Coretcl 2-1174] Renamed 2 cell refs.
WARNING: [Constraints 18-5210] No constraint will be written out.
INFO: [Common 17-1381] The checkpoint 'C:/Users/SEP16/SoC_2022_MJU/lab5/lab5.runs/design_1_my_multiplier_0_0_synth_1/design_1_my_multiplier_0_0.dcp' has been generated.
INFO: [runtcl-4] Executing : report_utilization -file design_1_my_multiplier_0_0_utilization_synth.rpt -pb design_1_my_multiplier_0_0_utilization_synth.pb
report_utilization: Time (s): cpu = 00:00:00 ; elapsed = 00:00:00.029 . Memory (MB): peak = 843.871 ; gain = 0.000
INFO: [Common 17-206] Exiting Vivado at Tue May 17 10:49:34 2022...
