INFO: [HLS 200-10] Running 'C:/Xilinx/Vivado/2018.2/bin/unwrapped/win64.o/vivado_hls.exe'
INFO: [HLS 200-10] For user 'SEP16' on host 'desktop-437tbdq' (Windows NT_amd64 version 6.2) on Fri May 28 02:06:20 +0900 2021
INFO: [HLS 200-10] In directory 'C:/Users/SEP16/SoC_2022_MJU/HW2'
INFO: [HLS 200-10] Opening project 'C:/Users/SEP16/SoC_2022_MJU/HW2/HW2_HLS'.
INFO: [HLS 200-10] Opening solution 'C:/Users/SEP16/SoC_2022_MJU/HW2/HW2_HLS/solution1'.
INFO: [SYN 201-201] Setting up clock 'default' with a period of 10ns.
INFO: [HLS 200-10] Setting target device to 'xc7z020clg484-1'
INFO: [IMPL 213-8] Exporting RTL as a Vivado IP.

****** Vivado v2018.2 (64-bit)
  **** SW Build 2258646 on Thu Jun 14 20:03:12 MDT 2018
  **** IP Build 2256618 on Thu Jun 14 22:10:49 MDT 2018
    ** Copyright 1986-2018 Xilinx, Inc. All Rights Reserved.

source run_ippack.tcl -notrace
INFO: [IP_Flow 19-234] Refreshing IP repositories
INFO: [IP_Flow 19-1704] No user IP repositories specified
INFO: [IP_Flow 19-2313] Loaded Vivado IP repository 'C:/Xilinx/Vivado/2018.2/data/ip'.
INFO: [Common 17-206] Exiting Vivado at Fri May 28 02:06:31 2021...

C:\Users\SEP16\SoC_2022_MJU\HW2\HW2_HLS\solution1\impl\verilog>C:/Xilinx/Vivado/2018.2/bin/vivado  -notrace -mode batch -source run_vivado.tcl   || exit $? 

****** Vivado v2018.2 (64-bit)
  **** SW Build 2258646 on Thu Jun 14 20:03:12 MDT 2018
  **** IP Build 2256618 on Thu Jun 14 22:10:49 MDT 2018
    ** Copyright 1986-2018 Xilinx, Inc. All Rights Reserved.

source run_vivado.tcl -notrace
[Fri May 28 02:06:37 2021] Launched synth_1...
Run output will be captured here: C:/Users/SEP16/SoC_2022_MJU/HW2/HW2_HLS/solution1/impl/verilog/project.runs/synth_1/runme.log
[Fri May 28 02:06:37 2021] Waiting for synth_1 to finish...

*** Running vivado
    with args -log matrixMul.vds -m64 -product Vivado -mode batch -messageDb vivado.pb -notrace -source matrixMul.tcl


****** Vivado v2018.2 (64-bit)
  **** SW Build 2258646 on Thu Jun 14 20:03:12 MDT 2018
  **** IP Build 2256618 on Thu Jun 14 22:10:49 MDT 2018
    ** Copyright 1986-2018 Xilinx, Inc. All Rights Reserved.

source matrixMul.tcl -notrace
Command: synth_design -top matrixMul -part xc7z020clg484-1 -directive sdx_optimization_effort_high -no_iobuf -mode out_of_context
Starting synth_design
Attempting to get a license for feature 'Synthesis' and/or device 'xc7z020'
INFO: [Common 17-349] Got license for feature 'Synthesis' and/or device 'xc7z020'
INFO: Launching helper process for spawning children vivado processes
INFO: Helper process launched with PID 800 
---------------------------------------------------------------------------------
Starting RTL Elaboration : Time (s): cpu = 00:00:02 ; elapsed = 00:00:03 . Memory (MB): peak = 358.406 ; gain = 100.750
---------------------------------------------------------------------------------
INFO: [Synth 8-6157] synthesizing module 'matrixMul' [C:/Users/SEP16/SoC_2022_MJU/HW2/HW2_HLS/solution1/impl/verilog/matrixMul.v:12]
	Parameter ap_ST_fsm_state1 bound to: 14'b00000000000001 
	Parameter ap_ST_fsm_state2 bound to: 14'b00000000000010 
	Parameter ap_ST_fsm_state3 bound to: 14'b00000000000100 
	Parameter ap_ST_fsm_state4 bound to: 14'b00000000001000 
	Parameter ap_ST_fsm_state5 bound to: 14'b00000000010000 
	Parameter ap_ST_fsm_state6 bound to: 14'b00000000100000 
	Parameter ap_ST_fsm_state7 bound to: 14'b00000001000000 
	Parameter ap_ST_fsm_state8 bound to: 14'b00000010000000 
	Parameter ap_ST_fsm_state9 bound to: 14'b00000100000000 
	Parameter ap_ST_fsm_state10 bound to: 14'b00001000000000 
	Parameter ap_ST_fsm_state11 bound to: 14'b00010000000000 
	Parameter ap_ST_fsm_state12 bound to: 14'b00100000000000 
	Parameter ap_ST_fsm_state13 bound to: 14'b01000000000000 
	Parameter ap_ST_fsm_state14 bound to: 14'b10000000000000 
	Parameter C_S_AXI_AXILITES_DATA_WIDTH bound to: 32 - type: integer 
	Parameter C_S_AXI_AXILITES_ADDR_WIDTH bound to: 6 - type: integer 
	Parameter C_S_AXI_DATA_WIDTH bound to: 32 - type: integer 
	Parameter C_S_AXI_AXILITES_WSTRB_WIDTH bound to: 4 - type: integer 
	Parameter C_S_AXI_WSTRB_WIDTH bound to: 4 - type: integer 
INFO: [Synth 8-5534] Detected attribute (* fsm_encoding = "none" *) [C:/Users/SEP16/SoC_2022_MJU/HW2/HW2_HLS/solution1/impl/verilog/matrixMul.v:100]
INFO: [Synth 8-6157] synthesizing module 'matrixMul_AXILiteS_s_axi' [C:/Users/SEP16/SoC_2022_MJU/HW2/HW2_HLS/solution1/impl/verilog/matrixMul_AXILiteS_s_axi.v:9]
	Parameter C_S_AXI_ADDR_WIDTH bound to: 6 - type: integer 
	Parameter C_S_AXI_DATA_WIDTH bound to: 32 - type: integer 
	Parameter ADDR_LM_DATA_0 bound to: 6'b010000 
	Parameter ADDR_LM_CTRL bound to: 6'b010100 
	Parameter ADDR_LN_DATA_0 bound to: 6'b011000 
	Parameter ADDR_LN_CTRL bound to: 6'b011100 
	Parameter ADDR_LP_DATA_0 bound to: 6'b100000 
	Parameter ADDR_LP_CTRL bound to: 6'b100100 
	Parameter WRIDLE bound to: 2'b00 
	Parameter WRDATA bound to: 2'b01 
	Parameter WRRESP bound to: 2'b10 
	Parameter WRRESET bound to: 2'b11 
	Parameter RDIDLE bound to: 2'b00 
	Parameter RDDATA bound to: 2'b01 
	Parameter RDRESET bound to: 2'b10 
	Parameter ADDR_BITS bound to: 6 - type: integer 
INFO: [Synth 8-155] case statement is not full and has no default [C:/Users/SEP16/SoC_2022_MJU/HW2/HW2_HLS/solution1/impl/verilog/matrixMul_AXILiteS_s_axi.v:179]
INFO: [Synth 8-6155] done synthesizing module 'matrixMul_AXILiteS_s_axi' (1#1) [C:/Users/SEP16/SoC_2022_MJU/HW2/HW2_HLS/solution1/impl/verilog/matrixMul_AXILiteS_s_axi.v:9]
INFO: [Synth 8-6157] synthesizing module 'matrixMul_a' [C:/Users/SEP16/SoC_2022_MJU/HW2/HW2_HLS/solution1/impl/verilog/matrixMul_a.v:46]
	Parameter DataWidth bound to: 8 - type: integer 
	Parameter AddressRange bound to: 16384 - type: integer 
	Parameter AddressWidth bound to: 14 - type: integer 
INFO: [Synth 8-6157] synthesizing module 'matrixMul_a_ram' [C:/Users/SEP16/SoC_2022_MJU/HW2/HW2_HLS/solution1/impl/verilog/matrixMul_a.v:9]
	Parameter DWIDTH bound to: 8 - type: integer 
	Parameter AWIDTH bound to: 14 - type: integer 
	Parameter MEM_SIZE bound to: 16384 - type: integer 
INFO: [Synth 8-5534] Detected attribute (* ram_style = "block" *) [C:/Users/SEP16/SoC_2022_MJU/HW2/HW2_HLS/solution1/impl/verilog/matrixMul_a.v:22]
INFO: [Synth 8-6155] done synthesizing module 'matrixMul_a_ram' (2#1) [C:/Users/SEP16/SoC_2022_MJU/HW2/HW2_HLS/solution1/impl/verilog/matrixMul_a.v:9]
INFO: [Synth 8-6155] done synthesizing module 'matrixMul_a' (3#1) [C:/Users/SEP16/SoC_2022_MJU/HW2/HW2_HLS/solution1/impl/verilog/matrixMul_a.v:46]
INFO: [Synth 8-6157] synthesizing module 'matrixMul_mac_mulbkb' [C:/Users/SEP16/SoC_2022_MJU/HW2/HW2_HLS/solution1/impl/verilog/matrixMul_mac_mulbkb.v:34]
	Parameter ID bound to: 1 - type: integer 
	Parameter NUM_STAGE bound to: 1 - type: integer 
	Parameter din0_WIDTH bound to: 8 - type: integer 
	Parameter din1_WIDTH bound to: 8 - type: integer 
	Parameter din2_WIDTH bound to: 32 - type: integer 
	Parameter dout_WIDTH bound to: 32 - type: integer 
INFO: [Synth 8-6157] synthesizing module 'matrixMul_mac_mulbkb_DSP48_0' [C:/Users/SEP16/SoC_2022_MJU/HW2/HW2_HLS/solution1/impl/verilog/matrixMul_mac_mulbkb.v:10]
WARNING: [Synth 8-5974] attribute "use_dsp48" has been deprecated, please use "use_dsp" instead 
INFO: [Synth 8-6155] done synthesizing module 'matrixMul_mac_mulbkb_DSP48_0' (4#1) [C:/Users/SEP16/SoC_2022_MJU/HW2/HW2_HLS/solution1/impl/verilog/matrixMul_mac_mulbkb.v:10]
INFO: [Synth 8-6155] done synthesizing module 'matrixMul_mac_mulbkb' (5#1) [C:/Users/SEP16/SoC_2022_MJU/HW2/HW2_HLS/solution1/impl/verilog/matrixMul_mac_mulbkb.v:34]
INFO: [Synth 8-6155] done synthesizing module 'matrixMul' (6#1) [C:/Users/SEP16/SoC_2022_MJU/HW2/HW2_HLS/solution1/impl/verilog/matrixMul.v:12]
WARNING: [Synth 8-3331] design matrixMul_a has unconnected port reset
---------------------------------------------------------------------------------
Finished RTL Elaboration : Time (s): cpu = 00:00:03 ; elapsed = 00:00:04 . Memory (MB): peak = 415.816 ; gain = 158.160
---------------------------------------------------------------------------------

Report Check Netlist: 
+------+------------------+-------+---------+-------+------------------+
|      |Item              |Errors |Warnings |Status |Description       |
+------+------------------+-------+---------+-------+------------------+
|1     |multi_driven_nets |      0|        0|Passed |Multi driven nets |
+------+------------------+-------+---------+-------+------------------+
---------------------------------------------------------------------------------
Start Handling Custom Attributes
---------------------------------------------------------------------------------
---------------------------------------------------------------------------------
Finished Handling Custom Attributes : Time (s): cpu = 00:00:03 ; elapsed = 00:00:04 . Memory (MB): peak = 415.816 ; gain = 158.160
---------------------------------------------------------------------------------
---------------------------------------------------------------------------------
Finished RTL Optimization Phase 1 : Time (s): cpu = 00:00:03 ; elapsed = 00:00:04 . Memory (MB): peak = 415.816 ; gain = 158.160
---------------------------------------------------------------------------------
INFO: [Device 21-403] Loading part xc7z020clg484-1
INFO: [Project 1-570] Preparing netlist for logic optimization

Processing XDC Constraints
Initializing timing engine
Parsing XDC File [C:/Users/SEP16/SoC_2022_MJU/HW2/HW2_HLS/solution1/impl/verilog/matrixMul.xdc]
Finished Parsing XDC File [C:/Users/SEP16/SoC_2022_MJU/HW2/HW2_HLS/solution1/impl/verilog/matrixMul.xdc]
Completed Processing XDC Constraints

INFO: [Project 1-111] Unisim Transformation Summary:
No Unisim elements were transformed.

Constraint Validation Runtime : Time (s): cpu = 00:00:00 ; elapsed = 00:00:00.043 . Memory (MB): peak = 780.281 ; gain = 1.562
---------------------------------------------------------------------------------
Finished Constraint Validation : Time (s): cpu = 00:00:11 ; elapsed = 00:00:14 . Memory (MB): peak = 780.281 ; gain = 522.625
---------------------------------------------------------------------------------
---------------------------------------------------------------------------------
Start Loading Part and Timing Information
---------------------------------------------------------------------------------
Loading part: xc7z020clg484-1
---------------------------------------------------------------------------------
Finished Loading Part and Timing Information : Time (s): cpu = 00:00:11 ; elapsed = 00:00:14 . Memory (MB): peak = 780.281 ; gain = 522.625
---------------------------------------------------------------------------------
---------------------------------------------------------------------------------
Start Applying 'set_property' XDC Constraints
---------------------------------------------------------------------------------
---------------------------------------------------------------------------------
Finished applying 'set_property' XDC Constraints : Time (s): cpu = 00:00:11 ; elapsed = 00:00:14 . Memory (MB): peak = 780.281 ; gain = 522.625
---------------------------------------------------------------------------------
INFO: [Synth 8-802] inferred FSM for state register 'wstate_reg' in module 'matrixMul_AXILiteS_s_axi'
INFO: [Synth 8-802] inferred FSM for state register 'rstate_reg' in module 'matrixMul_AXILiteS_s_axi'
INFO: [Synth 8-5544] ROM "wnext" won't be mapped to Block RAM because address size (1) smaller than threshold (5)
INFO: [Synth 8-5544] ROM "wnext" won't be mapped to Block RAM because address size (1) smaller than threshold (5)
INFO: [Synth 8-4471] merging register 'tmp_15_cast1_reg_492_reg[6:0]' into 'tmp_7_cast_reg_466_reg[6:0]' [C:/Users/SEP16/SoC_2022_MJU/HW2/HW2_HLS/solution1/impl/verilog/matrixMul.v:961]
INFO: [Synth 8-4471] merging register 'tmp_18_cast_reg_518_reg[6:0]' into 'tmp_7_cast_reg_466_reg[6:0]' [C:/Users/SEP16/SoC_2022_MJU/HW2/HW2_HLS/solution1/impl/verilog/matrixMul.v:975]
WARNING: [Synth 8-3936] Found unconnected internal register 'tmp_10_reg_505_reg' and it is trimmed from '16' to '14' bits. [C:/Users/SEP16/SoC_2022_MJU/HW2/HW2_HLS/solution1/impl/verilog/matrixMul.v:575]
WARNING: [Synth 8-3936] Found unconnected internal register 'tmp_15_cast1_reg_492_reg' and it is trimmed from '9' to '7' bits. [C:/Users/SEP16/SoC_2022_MJU/HW2/HW2_HLS/solution1/impl/verilog/matrixMul.v:587]
WARNING: [Synth 8-3936] Found unconnected internal register 'tmp_18_cast_reg_518_reg' and it is trimmed from '9' to '7' bits. [C:/Users/SEP16/SoC_2022_MJU/HW2/HW2_HLS/solution1/impl/verilog/matrixMul.v:593]
WARNING: [Synth 8-3936] Found unconnected internal register 'tmp_14_reg_531_reg' and it is trimmed from '16' to '14' bits. [C:/Users/SEP16/SoC_2022_MJU/HW2/HW2_HLS/solution1/impl/verilog/matrixMul.v:581]
WARNING: [Synth 8-3936] Found unconnected internal register 'tmp_9_reg_479_reg' and it is trimmed from '16' to '14' bits. [C:/Users/SEP16/SoC_2022_MJU/HW2/HW2_HLS/solution1/impl/verilog/matrixMul.v:605]
WARNING: [Synth 8-3936] Found unconnected internal register 'tmp_7_cast_reg_466_reg' and it is trimmed from '9' to '7' bits. [C:/Users/SEP16/SoC_2022_MJU/HW2/HW2_HLS/solution1/impl/verilog/matrixMul.v:599]
INFO: [Synth 8-4490] FSM extraction disabled for register 'ap_CS_fsm_reg' through user attribute
---------------------------------------------------------------------------------------------------
                   State |                     New Encoding |                Previous Encoding 
---------------------------------------------------------------------------------------------------
                  iSTATE |                             0001 |                               11
*
                  WRIDLE |                             0010 |                               00
                  WRDATA |                             0100 |                               01
                  WRRESP |                             1000 |                               10
---------------------------------------------------------------------------------------------------
INFO: [Synth 8-3354] encoded FSM with state register 'wstate_reg' using encoding 'one-hot' in module 'matrixMul_AXILiteS_s_axi'
---------------------------------------------------------------------------------------------------
                   State |                     New Encoding |                Previous Encoding 
---------------------------------------------------------------------------------------------------
                  iSTATE |                              001 |                               10
*
                  RDIDLE |                              010 |                               00
                  RDDATA |                              100 |                               01
---------------------------------------------------------------------------------------------------
INFO: [Synth 8-3354] encoded FSM with state register 'rstate_reg' using encoding 'one-hot' in module 'matrixMul_AXILiteS_s_axi'
---------------------------------------------------------------------------------
Finished RTL Optimization Phase 2 : Time (s): cpu = 00:00:11 ; elapsed = 00:00:15 . Memory (MB): peak = 780.281 ; gain = 522.625
---------------------------------------------------------------------------------

Report RTL Partitions: 
+-+--------------+------------+----------+
| |RTL Partition |Replication |Instances |
+-+--------------+------------+----------+
+-+--------------+------------+----------+
---------------------------------------------------------------------------------
Start RTL Component Statistics 
---------------------------------------------------------------------------------
Detailed RTL Component Info : 
+---Adders : 
	   2 Input     31 Bit       Adders := 7     
	   2 Input     14 Bit       Adders := 4     
+---Registers : 
	               32 Bit    Registers := 13    
	               31 Bit    Registers := 14    
	               14 Bit    Registers := 4     
	                8 Bit    Registers := 6     
	                7 Bit    Registers := 4     
	                6 Bit    Registers := 1     
	                2 Bit    Registers := 2     
	                1 Bit    Registers := 4     
+---RAMs : 
	             128K Bit         RAMs := 2     
+---Muxes : 
	   2 Input     32 Bit        Muxes := 4     
	   4 Input     32 Bit        Muxes := 1     
	   2 Input     14 Bit        Muxes := 4     
	   2 Input     12 Bit        Muxes := 1     
	   2 Input     11 Bit        Muxes := 1     
	   3 Input     10 Bit        Muxes := 1     
	   2 Input      9 Bit        Muxes := 1     
	   2 Input      8 Bit        Muxes := 3     
	   2 Input      6 Bit        Muxes := 1     
	   2 Input      5 Bit        Muxes := 2     
	   4 Input      4 Bit        Muxes := 1     
	   2 Input      4 Bit        Muxes := 3     
	   3 Input      3 Bit        Muxes := 1     
	   2 Input      3 Bit        Muxes := 2     
	   2 Input      2 Bit        Muxes := 3     
	   4 Input      2 Bit        Muxes := 2     
	   2 Input      1 Bit        Muxes := 2     
---------------------------------------------------------------------------------
Finished RTL Component Statistics 
---------------------------------------------------------------------------------
---------------------------------------------------------------------------------
Start RTL Hierarchical Component Statistics 
---------------------------------------------------------------------------------
Hierarchical RTL Component report 
Module matrixMul 
Detailed RTL Component Info : 
+---Adders : 
	   2 Input     31 Bit       Adders := 7     
	   2 Input     14 Bit       Adders := 4     
+---Registers : 
	               32 Bit    Registers := 9     
	               31 Bit    Registers := 14    
	               14 Bit    Registers := 4     
	                8 Bit    Registers := 4     
	                7 Bit    Registers := 4     
	                2 Bit    Registers := 2     
	                1 Bit    Registers := 4     
+---Muxes : 
	   2 Input     32 Bit        Muxes := 1     
	   2 Input     14 Bit        Muxes := 4     
	   2 Input     12 Bit        Muxes := 1     
	   2 Input     11 Bit        Muxes := 1     
	   3 Input     10 Bit        Muxes := 1     
	   2 Input      9 Bit        Muxes := 1     
	   2 Input      8 Bit        Muxes := 3     
	   2 Input      6 Bit        Muxes := 1     
	   2 Input      5 Bit        Muxes := 2     
	   2 Input      2 Bit        Muxes := 3     
	   4 Input      2 Bit        Muxes := 2     
	   2 Input      1 Bit        Muxes := 2     
Module matrixMul_AXILiteS_s_axi 
Detailed RTL Component Info : 
+---Registers : 
	               32 Bit    Registers := 4     
	                6 Bit    Registers := 1     
+---Muxes : 
	   2 Input     32 Bit        Muxes := 3     
	   4 Input     32 Bit        Muxes := 1     
	   4 Input      4 Bit        Muxes := 1     
	   2 Input      4 Bit        Muxes := 3     
	   3 Input      3 Bit        Muxes := 1     
	   2 Input      3 Bit        Muxes := 2     
Module matrixMul_a_ram 
Detailed RTL Component Info : 
+---Registers : 
	                8 Bit    Registers := 1     
+---RAMs : 
	             128K Bit         RAMs := 1     
---------------------------------------------------------------------------------
Finished RTL Hierarchical Component Statistics
---------------------------------------------------------------------------------
---------------------------------------------------------------------------------
Start Part Resource Summary
---------------------------------------------------------------------------------
Part Resources:
DSPs: 220 (col length:60)
BRAMs: 280 (col length: RAMB18 60 RAMB36 30)
---------------------------------------------------------------------------------
Finished Part Resource Summary
---------------------------------------------------------------------------------
---------------------------------------------------------------------------------
Start Cross Boundary and Area Optimization
---------------------------------------------------------------------------------
Warning: Parallel synthesis criteria is not met 
WARNING: [Synth 8-6014] Unused sequential element b_load_reg_559_reg was removed.  [C:/Users/SEP16/SoC_2022_MJU/HW2/HW2_HLS/solution1/impl/verilog/matrixMul.v:477]
WARNING: [Synth 8-6014] Unused sequential element a_load_reg_554_reg was removed.  [C:/Users/SEP16/SoC_2022_MJU/HW2/HW2_HLS/solution1/impl/verilog/matrixMul.v:476]
WARNING: [Synth 8-6014] Unused sequential element  was removed.  [C:/Users/SEP16/SoC_2022_MJU/HW2/HW2_HLS/solution1/impl/verilog/matrixMul.v:324]
WARNING: [Synth 8-6014] Unused sequential element  was removed.  [C:/Users/SEP16/SoC_2022_MJU/HW2/HW2_HLS/solution1/impl/verilog/matrixMul.v:324]
DSP Report: Generating DSP sum_reg_193_reg, operation Mode is: (P+A2*B2)'.
DSP Report: register B is absorbed into DSP sum_reg_193_reg.
DSP Report: register A is absorbed into DSP sum_reg_193_reg.
DSP Report: register sum_reg_193_reg is absorbed into DSP sum_reg_193_reg.
DSP Report: operator matrixMul_mac_mulbkb_U1/matrixMul_mac_mulbkb_DSP48_0_U/p is absorbed into DSP sum_reg_193_reg.
DSP Report: operator matrixMul_mac_mulbkb_U1/matrixMul_mac_mulbkb_DSP48_0_U/m is absorbed into DSP sum_reg_193_reg.
WARNING: [Synth 8-3917] design matrixMul has port s_axi_AXILiteS_RRESP[1] driven by constant 0
WARNING: [Synth 8-3917] design matrixMul has port s_axi_AXILiteS_RRESP[0] driven by constant 0
WARNING: [Synth 8-3917] design matrixMul has port s_axi_AXILiteS_BRESP[1] driven by constant 0
WARNING: [Synth 8-3917] design matrixMul has port s_axi_AXILiteS_BRESP[0] driven by constant 0
INFO: [Synth 8-3886] merging instance 'tmp_7_cast_reg_466_reg[0]' (FD) to 'tmp_7_cast_reg_466_reg[1]'
INFO: [Synth 8-3886] merging instance 'tmp_7_cast_reg_466_reg[1]' (FD) to 'tmp_7_cast_reg_466_reg[2]'
INFO: [Synth 8-3886] merging instance 'tmp_7_cast_reg_466_reg[2]' (FD) to 'tmp_7_cast_reg_466_reg[3]'
INFO: [Synth 8-3886] merging instance 'tmp_7_cast_reg_466_reg[3]' (FD) to 'tmp_7_cast_reg_466_reg[4]'
INFO: [Synth 8-3886] merging instance 'tmp_7_cast_reg_466_reg[4]' (FD) to 'tmp_7_cast_reg_466_reg[5]'
INFO: [Synth 8-3886] merging instance 'tmp_7_cast_reg_466_reg[5]' (FD) to 'tmp_7_cast_reg_466_reg[6]'
INFO: [Synth 8-3333] propagating constant 0 across sequential element (\tmp_7_cast_reg_466_reg[6] )
---------------------------------------------------------------------------------
Finished Cross Boundary and Area Optimization : Time (s): cpu = 00:00:13 ; elapsed = 00:00:17 . Memory (MB): peak = 780.281 ; gain = 522.625
---------------------------------------------------------------------------------
---------------------------------------------------------------------------------
Start ROM, RAM, DSP and Shift Register Reporting
---------------------------------------------------------------------------------

Block RAM: Preliminary Mapping  Report (see note below)
+-----------------+------------+------------------------+---+---+------------------------+---+---+------------------+--------+--------+
|Module Name      | RTL Object | PORT A (Depth x Width) | W | R | PORT B (Depth x Width) | W | R | Ports driving FF | RAMB18 | RAMB36 | 
+-----------------+------------+------------------------+---+---+------------------------+---+---+------------------+--------+--------+
|matrixMul_a_ram: | ram_reg    | 16 K x 8(WRITE_FIRST)  | W | R |                        |   |   | Port A           | 0      | 4      | 
|matrixMul_a_ram: | ram_reg    | 16 K x 8(WRITE_FIRST)  | W | R |                        |   |   | Port A           | 0      | 4      | 
+-----------------+------------+------------------------+---+---+------------------------+---+---+------------------+--------+--------+

Note: The tale above is a preliminary report that shows the Block RAMs at the current stage of the synthesis flow. Some Block RAMs may be reimplemented as non Block RAM primitives later in the synthesis flow. Multiple instantiated Block RAMs are reported only once. 

DSP: Preliminary Mapping  Report (see note below)
+------------+-------------+--------+--------+--------+--------+--------+------+------+------+------+-------+------+------+
|Module Name | DSP Mapping | A Size | B Size | C Size | D Size | P Size | AREG | BREG | CREG | DREG | ADREG | MREG | PREG | 
+------------+-------------+--------+--------+--------+--------+--------+------+------+------+------+-------+------+------+
|matrixMul   | (P+A2*B2)'  | 9      | 9      | -      | -      | 32     | 1    | 1    | -    | -    | -     | 0    | 1    | 
+------------+-------------+--------+--------+--------+--------+--------+------+------+------+------+-------+------+------+

Note: The table above is a preliminary report that shows the DSPs inferred at the current stage of the synthesis flow. Some DSP may be reimplemented as non DSP primitives later in the synthesis flow. Multiple instantiated DSPs are reported only once.
---------------------------------------------------------------------------------
Finished ROM, RAM, DSP and Shift Register Reporting
---------------------------------------------------------------------------------
INFO: [Synth 8-4480] The timing for the instance i_4_0/a_U/matrixMul_a_ram_U/ram_reg_0 (implemented as a block RAM) might be sub-optimal as no optional output register could be merged into the block ram. Providing additional output register may help in improving timing.
INFO: [Synth 8-4480] The timing for the instance i_4_0/a_U/matrixMul_a_ram_U/ram_reg_1 (implemented as a block RAM) might be sub-optimal as no optional output register could be merged into the block ram. Providing additional output register may help in improving timing.
INFO: [Synth 8-4480] The timing for the instance i_4_0/a_U/matrixMul_a_ram_U/ram_reg_2 (implemented as a block RAM) might be sub-optimal as no optional output register could be merged into the block ram. Providing additional output register may help in improving timing.
INFO: [Synth 8-4480] The timing for the instance i_4_0/a_U/matrixMul_a_ram_U/ram_reg_3 (implemented as a block RAM) might be sub-optimal as no optional output register could be merged into the block ram. Providing additional output register may help in improving timing.
INFO: [Synth 8-4480] The timing for the instance i_4_1/b_U/matrixMul_a_ram_U/ram_reg_0 (implemented as a block RAM) might be sub-optimal as no optional output register could be merged into the block ram. Providing additional output register may help in improving timing.
INFO: [Synth 8-4480] The timing for the instance i_4_1/b_U/matrixMul_a_ram_U/ram_reg_1 (implemented as a block RAM) might be sub-optimal as no optional output register could be merged into the block ram. Providing additional output register may help in improving timing.
INFO: [Synth 8-4480] The timing for the instance i_4_1/b_U/matrixMul_a_ram_U/ram_reg_2 (implemented as a block RAM) might be sub-optimal as no optional output register could be merged into the block ram. Providing additional output register may help in improving timing.
INFO: [Synth 8-4480] The timing for the instance i_4_1/b_U/matrixMul_a_ram_U/ram_reg_3 (implemented as a block RAM) might be sub-optimal as no optional output register could be merged into the block ram. Providing additional output register may help in improving timing.

Report RTL Partitions: 
+-+--------------+------------+----------+
| |RTL Partition |Replication |Instances |
+-+--------------+------------+----------+
+-+--------------+------------+----------+
---------------------------------------------------------------------------------
Start Applying XDC Timing Constraints
---------------------------------------------------------------------------------
---------------------------------------------------------------------------------
Finished Applying XDC Timing Constraints : Time (s): cpu = 00:00:24 ; elapsed = 00:00:29 . Memory (MB): peak = 814.430 ; gain = 556.773
---------------------------------------------------------------------------------
---------------------------------------------------------------------------------
Start Timing Optimization
---------------------------------------------------------------------------------
---------------------------------------------------------------------------------
Finished Timing Optimization : Time (s): cpu = 00:00:24 ; elapsed = 00:00:29 . Memory (MB): peak = 831.449 ; gain = 573.793
---------------------------------------------------------------------------------
---------------------------------------------------------------------------------
Start ROM, RAM, DSP and Shift Register Reporting
---------------------------------------------------------------------------------

Block RAM: Final Mapping  Report
+-----------------+------------+------------------------+---+---+------------------------+---+---+------------------+--------+--------+
|Module Name      | RTL Object | PORT A (Depth x Width) | W | R | PORT B (Depth x Width) | W | R | Ports driving FF | RAMB18 | RAMB36 | 
+-----------------+------------+------------------------+---+---+------------------------+---+---+------------------+--------+--------+
|matrixMul_a_ram: | ram_reg    | 16 K x 8(WRITE_FIRST)  | W | R |                        |   |   | Port A           | 0      | 4      | 
|matrixMul_a_ram: | ram_reg    | 16 K x 8(WRITE_FIRST)  | W | R |                        |   |   | Port A           | 0      | 4      | 
+-----------------+------------+------------------------+---+---+------------------------+---+---+------------------+--------+--------+

---------------------------------------------------------------------------------
Finished ROM, RAM, DSP and Shift Register Reporting
---------------------------------------------------------------------------------

Report RTL Partitions: 
+-+--------------+------------+----------+
| |RTL Partition |Replication |Instances |
+-+--------------+------------+----------+
+-+--------------+------------+----------+
---------------------------------------------------------------------------------
Start Technology Mapping
---------------------------------------------------------------------------------
INFO: [Synth 8-4480] The timing for the instance a_U/matrixMul_a_ram_U/ram_reg_0 (implemented as a block RAM) might be sub-optimal as no optional output register could be merged into the block ram. Providing additional output register may help in improving timing.
INFO: [Synth 8-4480] The timing for the instance a_U/matrixMul_a_ram_U/ram_reg_1 (implemented as a block RAM) might be sub-optimal as no optional output register could be merged into the block ram. Providing additional output register may help in improving timing.
INFO: [Synth 8-4480] The timing for the instance a_U/matrixMul_a_ram_U/ram_reg_2 (implemented as a block RAM) might be sub-optimal as no optional output register could be merged into the block ram. Providing additional output register may help in improving timing.
INFO: [Synth 8-4480] The timing for the instance a_U/matrixMul_a_ram_U/ram_reg_3 (implemented as a block RAM) might be sub-optimal as no optional output register could be merged into the block ram. Providing additional output register may help in improving timing.
INFO: [Synth 8-4480] The timing for the instance b_U/matrixMul_a_ram_U/ram_reg_0 (implemented as a block RAM) might be sub-optimal as no optional output register could be merged into the block ram. Providing additional output register may help in improving timing.
INFO: [Synth 8-4480] The timing for the instance b_U/matrixMul_a_ram_U/ram_reg_1 (implemented as a block RAM) might be sub-optimal as no optional output register could be merged into the block ram. Providing additional output register may help in improving timing.
INFO: [Synth 8-4480] The timing for the instance b_U/matrixMul_a_ram_U/ram_reg_2 (implemented as a block RAM) might be sub-optimal as no optional output register could be merged into the block ram. Providing additional output register may help in improving timing.
INFO: [Synth 8-4480] The timing for the instance b_U/matrixMul_a_ram_U/ram_reg_3 (implemented as a block RAM) might be sub-optimal as no optional output register could be merged into the block ram. Providing additional output register may help in improving timing.
---------------------------------------------------------------------------------
Finished Technology Mapping : Time (s): cpu = 00:00:25 ; elapsed = 00:00:30 . Memory (MB): peak = 844.004 ; gain = 586.348
---------------------------------------------------------------------------------

Report RTL Partitions: 
+-+--------------+------------+----------+
| |RTL Partition |Replication |Instances |
+-+--------------+------------+----------+
+-+--------------+------------+----------+
---------------------------------------------------------------------------------
Start IO Insertion
---------------------------------------------------------------------------------
---------------------------------------------------------------------------------
Start Flattening Before IO Insertion
---------------------------------------------------------------------------------
---------------------------------------------------------------------------------
Finished Flattening Before IO Insertion
---------------------------------------------------------------------------------
---------------------------------------------------------------------------------
Start Final Netlist Cleanup
---------------------------------------------------------------------------------
---------------------------------------------------------------------------------
Finished Final Netlist Cleanup
---------------------------------------------------------------------------------
---------------------------------------------------------------------------------
Finished IO Insertion : Time (s): cpu = 00:00:26 ; elapsed = 00:00:30 . Memory (MB): peak = 844.004 ; gain = 586.348
---------------------------------------------------------------------------------

Report Check Netlist: 
+------+------------------+-------+---------+-------+------------------+
|      |Item              |Errors |Warnings |Status |Description       |
+------+------------------+-------+---------+-------+------------------+
|1     |multi_driven_nets |      0|        0|Passed |Multi driven nets |
+------+------------------+-------+---------+-------+------------------+
---------------------------------------------------------------------------------
Start Renaming Generated Instances
---------------------------------------------------------------------------------
---------------------------------------------------------------------------------
Finished Renaming Generated Instances : Time (s): cpu = 00:00:26 ; elapsed = 00:00:30 . Memory (MB): peak = 844.004 ; gain = 586.348
---------------------------------------------------------------------------------

Report RTL Partitions: 
+-+--------------+------------+----------+
| |RTL Partition |Replication |Instances |
+-+--------------+------------+----------+
+-+--------------+------------+----------+
---------------------------------------------------------------------------------
Start Rebuilding User Hierarchy
---------------------------------------------------------------------------------
---------------------------------------------------------------------------------
Finished Rebuilding User Hierarchy : Time (s): cpu = 00:00:26 ; elapsed = 00:00:30 . Memory (MB): peak = 844.004 ; gain = 586.348
---------------------------------------------------------------------------------
---------------------------------------------------------------------------------
Start Renaming Generated Ports
---------------------------------------------------------------------------------
---------------------------------------------------------------------------------
Finished Renaming Generated Ports : Time (s): cpu = 00:00:26 ; elapsed = 00:00:30 . Memory (MB): peak = 844.004 ; gain = 586.348
---------------------------------------------------------------------------------
---------------------------------------------------------------------------------
Start Handling Custom Attributes
---------------------------------------------------------------------------------
---------------------------------------------------------------------------------
Finished Handling Custom Attributes : Time (s): cpu = 00:00:26 ; elapsed = 00:00:30 . Memory (MB): peak = 844.004 ; gain = 586.348
---------------------------------------------------------------------------------
---------------------------------------------------------------------------------
Start Renaming Generated Nets
---------------------------------------------------------------------------------
---------------------------------------------------------------------------------
Finished Renaming Generated Nets : Time (s): cpu = 00:00:26 ; elapsed = 00:00:30 . Memory (MB): peak = 844.004 ; gain = 586.348
---------------------------------------------------------------------------------
---------------------------------------------------------------------------------
Start Writing Synthesis Report
---------------------------------------------------------------------------------

Report BlackBoxes: 
+-+--------------+----------+
| |BlackBox name |Instances |
+-+--------------+----------+
+-+--------------+----------+

Report Cell Usage: 
+------+---------+------+
|      |Cell     |Count |
+------+---------+------+
|1     |CARRY4   |    92|
|2     |DSP48E1  |     1|
|3     |LUT1     |     8|
|4     |LUT2     |    50|
|5     |LUT3     |   189|
|6     |LUT4     |   226|
|7     |LUT5     |     7|
|8     |LUT6     |    40|
|9     |RAMB36E1 |     8|
|10    |FDRE     |   929|
|11    |FDSE     |     3|
+------+---------+------+

Report Instance Areas: 
+------+-----------------------------+-------------------------+------+
|      |Instance                     |Module                   |Cells |
+------+-----------------------------+-------------------------+------+
|1     |top                          |                         |  1553|
|2     |  a_U                        |matrixMul_a              |    56|
|3     |    matrixMul_a_ram_U        |matrixMul_a_ram_1        |    56|
|4     |  b_U                        |matrixMul_a_0            |    28|
|5     |    matrixMul_a_ram_U        |matrixMul_a_ram          |    28|
|6     |  matrixMul_AXILiteS_s_axi_U |matrixMul_AXILiteS_s_axi |   285|
+------+-----------------------------+-------------------------+------+
---------------------------------------------------------------------------------
Finished Writing Synthesis Report : Time (s): cpu = 00:00:26 ; elapsed = 00:00:30 . Memory (MB): peak = 844.004 ; gain = 586.348
---------------------------------------------------------------------------------
Synthesis finished with 0 errors, 0 critical warnings and 14 warnings.
Synthesis Optimization Runtime : Time (s): cpu = 00:00:17 ; elapsed = 00:00:22 . Memory (MB): peak = 844.004 ; gain = 221.883
Synthesis Optimization Complete : Time (s): cpu = 00:00:26 ; elapsed = 00:00:31 . Memory (MB): peak = 844.004 ; gain = 586.348
INFO: [Project 1-571] Translating synthesized netlist
INFO: [Netlist 29-17] Analyzing 101 Unisim elements for replacement
INFO: [Netlist 29-28] Unisim Transformation completed in 0 CPU seconds
INFO: [Project 1-570] Preparing netlist for logic optimization
INFO: [Opt 31-138] Pushed 0 inverter(s) to 0 load pin(s).
INFO: [Project 1-111] Unisim Transformation Summary:
No Unisim elements were transformed.

INFO: [Common 17-83] Releasing license: Synthesis
58 Infos, 16 Warnings, 0 Critical Warnings and 0 Errors encountered.
synth_design completed successfully
synth_design: Time (s): cpu = 00:00:28 ; elapsed = 00:00:33 . Memory (MB): peak = 844.004 ; gain = 599.211
WARNING: [Constraints 18-5210] No constraint will be written out.
INFO: [Common 17-1381] The checkpoint 'C:/Users/SEP16/SoC_2022_MJU/HW2/HW2_HLS/solution1/impl/verilog/project.runs/synth_1/matrixMul.dcp' has been generated.
INFO: [runtcl-4] Executing : report_utilization -file matrixMul_utilization_synth.rpt -pb matrixMul_utilization_synth.pb
report_utilization: Time (s): cpu = 00:00:00 ; elapsed = 00:00:00.050 . Memory (MB): peak = 844.004 ; gain = 0.000
INFO: [Common 17-206] Exiting Vivado at Fri May 28 02:07:14 2021...
[Fri May 28 02:07:17 2021] synth_1 finished
wait_on_run: Time (s): cpu = 00:00:00 ; elapsed = 00:00:40 . Memory (MB): peak = 257.215 ; gain = 0.000
Design is defaulting to impl run constrset: constrs_1
Design is defaulting to synth run part: xc7z020clg484-1
INFO: [Netlist 29-17] Analyzing 101 Unisim elements for replacement
INFO: [Netlist 29-28] Unisim Transformation completed in 0 CPU seconds
INFO: [Project 1-479] Netlist was created with Vivado 2018.2
INFO: [Device 21-403] Loading part xc7z020clg484-1
INFO: [Project 1-570] Preparing netlist for logic optimization
Parsing XDC File [C:/Users/SEP16/SoC_2022_MJU/HW2/HW2_HLS/solution1/impl/verilog/matrixMul.xdc]
Finished Parsing XDC File [C:/Users/SEP16/SoC_2022_MJU/HW2/HW2_HLS/solution1/impl/verilog/matrixMul.xdc]
INFO: [Opt 31-138] Pushed 0 inverter(s) to 0 load pin(s).
INFO: [Project 1-111] Unisim Transformation Summary:
No Unisim elements were transformed.

open_run: Time (s): cpu = 00:00:07 ; elapsed = 00:00:09 . Memory (MB): peak = 602.336 ; gain = 345.121
report_utilization: Time (s): cpu = 00:00:00 ; elapsed = 00:00:00.044 . Memory (MB): peak = 602.336 ; gain = 0.000
INFO: [Timing 38-91] UpdateTimingParams: Speed grade: -1, Delay Type: max.
INFO: [Timing 38-191] Multithreading enabled for timing update using a maximum of 2 CPUs
INFO: [Timing 38-35] Done setting XDC timing constraints.
WARNING: [Timing 38-242] The property HD.CLK_SRC of clock port "ap_clk" is not set. In out-of-context mode, this prevents timing estimation for clock delay/skew
Resolution: Set the HD.CLK_SRC property of the out-of-context port to the location of the clock buffer instance in the top-level design
INFO: [Timing 38-78] ReportTimingParams: -max_paths 1 -nworst 1 -delay_type max -sort_by slack.
report_timing: Time (s): cpu = 00:00:10 ; elapsed = 00:00:11 . Memory (MB): peak = 1114.508 ; gain = 512.172
INFO: [Timing 38-480] Writing timing data to binary archive.
[Fri May 28 02:07:38 2021] Launched impl_1...
Run output will be captured here: C:/Users/SEP16/SoC_2022_MJU/HW2/HW2_HLS/solution1/impl/verilog/project.runs/impl_1/runme.log
[Fri May 28 02:07:38 2021] Waiting for impl_1 to finish...

*** Running vivado
    with args -log matrixMul.vdi -applog -m64 -product Vivado -messageDb vivado.pb -mode batch -source matrixMul.tcl -notrace


****** Vivado v2018.2 (64-bit)
  **** SW Build 2258646 on Thu Jun 14 20:03:12 MDT 2018
  **** IP Build 2256618 on Thu Jun 14 22:10:49 MDT 2018
    ** Copyright 1986-2018 Xilinx, Inc. All Rights Reserved.

source matrixMul.tcl -notrace
Command: open_checkpoint C:/Users/SEP16/SoC_2022_MJU/HW2/HW2_HLS/solution1/impl/verilog/project.runs/impl_1/matrixMul.dcp

Starting open_checkpoint Task

Time (s): cpu = 00:00:00 ; elapsed = 00:00:00.033 . Memory (MB): peak = 231.164 ; gain = 0.000
INFO: [Netlist 29-17] Analyzing 101 Unisim elements for replacement
INFO: [Netlist 29-28] Unisim Transformation completed in 0 CPU seconds
INFO: [Project 1-479] Netlist was created with Vivado 2018.2
INFO: [Device 21-403] Loading part xc7z020clg484-1
INFO: [Project 1-570] Preparing netlist for logic optimization
INFO: [Timing 38-478] Restoring timing data from binary archive.
INFO: [Timing 38-479] Binary timing data restore complete.
INFO: [Project 1-856] Restoring constraints from binary archive.
INFO: [Project 1-853] Binary constraint restore complete.
INFO: [Project 1-111] Unisim Transformation Summary:
No Unisim elements were transformed.

INFO: [Project 1-604] Checkpoint was created with Vivado v2018.2 (64-bit) build 2258646
open_checkpoint: Time (s): cpu = 00:00:16 ; elapsed = 00:00:20 . Memory (MB): peak = 1117.645 ; gain = 895.844
Command: opt_design
Attempting to get a license for feature 'Implementation' and/or device 'xc7z020'
INFO: [Common 17-349] Got license for feature 'Implementation' and/or device 'xc7z020'
Running DRC as a precondition to command opt_design

Starting DRC Task
INFO: [DRC 23-27] Running DRC with 2 threads
INFO: [Project 1-461] DRC finished with 0 Errors
INFO: [Project 1-462] Please refer to the DRC report (report_drc) for more information.

Time (s): cpu = 00:00:01 ; elapsed = 00:00:00.795 . Memory (MB): peak = 1120.727 ; gain = 3.082

Starting Cache Timing Information Task
Ending Cache Timing Information Task | Checksum: 100dbe7b0

Time (s): cpu = 00:00:00 ; elapsed = 00:00:00.024 . Memory (MB): peak = 1120.727 ; gain = 0.000

Starting Logic Optimization Task

Phase 1 Retarget
INFO: [Opt 31-138] Pushed 0 inverter(s) to 0 load pin(s).
INFO: [Opt 31-49] Retargeted 0 cell(s).
Phase 1 Retarget | Checksum: 131e25d8a

Time (s): cpu = 00:00:00 ; elapsed = 00:00:00.108 . Memory (MB): peak = 1120.727 ; gain = 0.000
INFO: [Opt 31-389] Phase Retarget created 0 cells and removed 0 cells

Phase 2 Constant propagation
INFO: [Opt 31-138] Pushed 0 inverter(s) to 0 load pin(s).
Phase 2 Constant propagation | Checksum: 180ede6e8

Time (s): cpu = 00:00:00 ; elapsed = 00:00:00.135 . Memory (MB): peak = 1120.727 ; gain = 0.000
INFO: [Opt 31-389] Phase Constant propagation created 0 cells and removed 0 cells

Phase 3 Sweep
Phase 3 Sweep | Checksum: 1ca3b3efb

Time (s): cpu = 00:00:00 ; elapsed = 00:00:00.165 . Memory (MB): peak = 1120.727 ; gain = 0.000
INFO: [Opt 31-389] Phase Sweep created 0 cells and removed 2 cells

Phase 4 BUFG optimization
Phase 4 BUFG optimization | Checksum: 1ca3b3efb

Time (s): cpu = 00:00:00 ; elapsed = 00:00:00.172 . Memory (MB): peak = 1120.727 ; gain = 0.000
INFO: [Opt 31-662] Phase BUFG optimization created 0 cells of which 0 are BUFGs and removed 0 cells.

Phase 5 Shift Register Optimization
Phase 5 Shift Register Optimization | Checksum: 8adb5c00

Time (s): cpu = 00:00:00 ; elapsed = 00:00:00.242 . Memory (MB): peak = 1120.727 ; gain = 0.000
INFO: [Opt 31-389] Phase Shift Register Optimization created 0 cells and removed 0 cells

Phase 6 Post Processing Netlist
Phase 6 Post Processing Netlist | Checksum: 8adb5c00

Time (s): cpu = 00:00:00 ; elapsed = 00:00:00.249 . Memory (MB): peak = 1120.727 ; gain = 0.000
INFO: [Opt 31-389] Phase Post Processing Netlist created 0 cells and removed 0 cells

Starting Connectivity Check Task

Time (s): cpu = 00:00:00 ; elapsed = 00:00:00.002 . Memory (MB): peak = 1120.727 ; gain = 0.000
Ending Logic Optimization Task | Checksum: 8adb5c00

Time (s): cpu = 00:00:00 ; elapsed = 00:00:00.256 . Memory (MB): peak = 1120.727 ; gain = 0.000

Starting Power Optimization Task
INFO: [Pwropt 34-132] Skipping clock gating for clocks with a period < 2.00 ns.
INFO: [Pwropt 34-9] Applying IDT optimizations ...
INFO: [Pwropt 34-10] Applying ODC optimizations ...
INFO: [Timing 38-35] Done setting XDC timing constraints.
WARNING: [Timing 38-242] The property HD.CLK_SRC of clock port "ap_clk" is not set. In out-of-context mode, this prevents timing estimation for clock delay/skew
Resolution: Set the HD.CLK_SRC property of the out-of-context port to the location of the clock buffer instance in the top-level design
INFO: [Physopt 32-619] Estimated Timing Summary | WNS=4.928 | TNS=0.000 |
Running Vector-less Activity Propagation...

Finished Running Vector-less Activity Propagation


Starting PowerOpt Patch Enables Task
INFO: [Pwropt 34-162] WRITE_MODE attribute of 0 BRAM(s) out of a total of 8 has been updated to save power. Run report_power_opt to get a complete listing of the BRAMs updated.
INFO: [Pwropt 34-201] Structural ODC has moved 0 WE to EN ports
Number of BRAM Ports augmented: 0 newly gated: 0 Total Ports: 16
Ending PowerOpt Patch Enables Task | Checksum: 8adb5c00

Time (s): cpu = 00:00:00 ; elapsed = 00:00:00.039 . Memory (MB): peak = 1249.566 ; gain = 0.000
Ending Power Optimization Task | Checksum: 8adb5c00

Time (s): cpu = 00:00:02 ; elapsed = 00:00:02 . Memory (MB): peak = 1249.566 ; gain = 128.840

Starting Final Cleanup Task
Ending Final Cleanup Task | Checksum: 8adb5c00

Time (s): cpu = 00:00:00 ; elapsed = 00:00:00 . Memory (MB): peak = 1249.566 ; gain = 0.000
INFO: [Common 17-83] Releasing license: Implementation
32 Infos, 1 Warnings, 0 Critical Warnings and 0 Errors encountered.
opt_design completed successfully
INFO: [Timing 38-35] Done setting XDC timing constraints.
INFO: [Timing 38-480] Writing timing data to binary archive.
INFO: [Common 17-1381] The checkpoint 'C:/Users/SEP16/SoC_2022_MJU/HW2/HW2_HLS/solution1/impl/verilog/project.runs/impl_1/matrixMul_opt.dcp' has been generated.
INFO: [runtcl-4] Executing : report_drc -file matrixMul_drc_opted.rpt -pb matrixMul_drc_opted.pb -rpx matrixMul_drc_opted.rpx
Command: report_drc -file matrixMul_drc_opted.rpt -pb matrixMul_drc_opted.pb -rpx matrixMul_drc_opted.rpx
INFO: [IP_Flow 19-234] Refreshing IP repositories
INFO: [IP_Flow 19-1704] No user IP repositories specified
INFO: [IP_Flow 19-2313] Loaded Vivado IP repository 'C:/Xilinx/Vivado/2018.2/data/ip'.
INFO: [DRC 23-27] Running DRC with 2 threads
INFO: [Coretcl 2-168] The results of DRC are in file C:/Users/SEP16/SoC_2022_MJU/HW2/HW2_HLS/solution1/impl/verilog/project.runs/impl_1/matrixMul_drc_opted.rpt.
report_drc completed successfully
Command: place_design
Attempting to get a license for feature 'Implementation' and/or device 'xc7z020'
INFO: [Common 17-349] Got license for feature 'Implementation' and/or device 'xc7z020'
INFO: [DRC 23-27] Running DRC with 2 threads
INFO: [Vivado_Tcl 4-198] DRC finished with 0 Errors
INFO: [Vivado_Tcl 4-199] Please refer to the DRC report (report_drc) for more information.
Running DRC as a precondition to command place_design
INFO: [DRC 23-27] Running DRC with 2 threads
INFO: [Vivado_Tcl 4-198] DRC finished with 0 Errors
INFO: [Vivado_Tcl 4-199] Please refer to the DRC report (report_drc) for more information.

Starting Placer Task
INFO: [Place 30-611] Multithreading enabled for place_design using a maximum of 2 CPUs

Phase 1 Placer Initialization

Phase 1.1 Placer Initialization Netlist Sorting
Netlist sorting complete. Time (s): cpu = 00:00:00 ; elapsed = 00:00:00.001 . Memory (MB): peak = 1249.566 ; gain = 0.000
Phase 1.1 Placer Initialization Netlist Sorting | Checksum: 76194fc8

Time (s): cpu = 00:00:00 ; elapsed = 00:00:00.016 . Memory (MB): peak = 1249.566 ; gain = 0.000
Netlist sorting complete. Time (s): cpu = 00:00:00 ; elapsed = 00:00:00.002 . Memory (MB): peak = 1249.566 ; gain = 0.000

Phase 1.2 IO Placement/ Clock Placement/ Build Placer Device
Phase 1.2 IO Placement/ Clock Placement/ Build Placer Device | Checksum: 8af841f2

Time (s): cpu = 00:00:01 ; elapsed = 00:00:00.573 . Memory (MB): peak = 1249.566 ; gain = 0.000

Phase 1.3 Build Placer Netlist Model
Phase 1.3 Build Placer Netlist Model | Checksum: 1248ed95e

Time (s): cpu = 00:00:02 ; elapsed = 00:00:00.901 . Memory (MB): peak = 1249.566 ; gain = 0.000

Phase 1.4 Constrain Clocks/Macros
Phase 1.4 Constrain Clocks/Macros | Checksum: 1248ed95e

Time (s): cpu = 00:00:02 ; elapsed = 00:00:00.906 . Memory (MB): peak = 1249.566 ; gain = 0.000
Phase 1 Placer Initialization | Checksum: 1248ed95e

Time (s): cpu = 00:00:02 ; elapsed = 00:00:00.909 . Memory (MB): peak = 1249.566 ; gain = 0.000

Phase 2 Global Placement

Phase 2.1 Floorplanning
Phase 2.1 Floorplanning | Checksum: 121878575

Time (s): cpu = 00:00:02 ; elapsed = 00:00:01 . Memory (MB): peak = 1249.566 ; gain = 0.000

Phase 2.2 Physical Synthesis In Placer
INFO: [Physopt 32-65] No nets found for high-fanout optimization.
INFO: [Physopt 32-232] Optimized 0 net. Created 0 new instance.
INFO: [Physopt 32-775] End 1 Pass. Optimized 0 net or cell. Created 0 new cell, deleted 0 existing cell and moved 0 existing cell
Netlist sorting complete. Time (s): cpu = 00:00:00 ; elapsed = 00:00:00.002 . Memory (MB): peak = 1249.566 ; gain = 0.000

Summary of Physical Synthesis Optimizations
============================================


-----------------------------------------------------------------------------------------------------------------------------
|  Optimization       |  Added Cells  |  Removed Cells  |  Optimized Cells/Nets  |  Dont Touch  |  Iterations  |  Elapsed   |
-----------------------------------------------------------------------------------------------------------------------------
|  Very High Fanout   |            0  |              0  |                     0  |           0  |           1  |  00:00:00  |
|  Total              |            0  |              0  |                     0  |           0  |           1  |  00:00:00  |
-----------------------------------------------------------------------------------------------------------------------------


Phase 2.2 Physical Synthesis In Placer | Checksum: 1924f0108

Time (s): cpu = 00:00:07 ; elapsed = 00:00:03 . Memory (MB): peak = 1249.566 ; gain = 0.000
Phase 2 Global Placement | Checksum: 1fc5d820a

Time (s): cpu = 00:00:07 ; elapsed = 00:00:03 . Memory (MB): peak = 1249.566 ; gain = 0.000

Phase 3 Detail Placement

Phase 3.1 Commit Multi Column Macros
Phase 3.1 Commit Multi Column Macros | Checksum: 1fc5d820a

Time (s): cpu = 00:00:07 ; elapsed = 00:00:03 . Memory (MB): peak = 1249.566 ; gain = 0.000

Phase 3.2 Commit Most Macros & LUTRAMs
Phase 3.2 Commit Most Macros & LUTRAMs | Checksum: 1b2c5e785

Time (s): cpu = 00:00:07 ; elapsed = 00:00:04 . Memory (MB): peak = 1249.566 ; gain = 0.000

Phase 3.3 Area Swap Optimization
Phase 3.3 Area Swap Optimization | Checksum: 2763b6f2a

Time (s): cpu = 00:00:07 ; elapsed = 00:00:04 . Memory (MB): peak = 1249.566 ; gain = 0.000

Phase 3.4 Pipeline Register Optimization
Phase 3.4 Pipeline Register Optimization | Checksum: 2763b6f2a

Time (s): cpu = 00:00:07 ; elapsed = 00:00:04 . Memory (MB): peak = 1249.566 ; gain = 0.000

Phase 3.5 Small Shape Detail Placement
Phase 3.5 Small Shape Detail Placement | Checksum: 1b6ca478c

Time (s): cpu = 00:00:07 ; elapsed = 00:00:04 . Memory (MB): peak = 1249.566 ; gain = 0.000

Phase 3.6 Re-assign LUT pins
Phase 3.6 Re-assign LUT pins | Checksum: 1645b33a4

Time (s): cpu = 00:00:08 ; elapsed = 00:00:04 . Memory (MB): peak = 1249.566 ; gain = 0.000

Phase 3.7 Pipeline Register Optimization
Phase 3.7 Pipeline Register Optimization | Checksum: 1645b33a4

Time (s): cpu = 00:00:08 ; elapsed = 00:00:04 . Memory (MB): peak = 1249.566 ; gain = 0.000
Phase 3 Detail Placement | Checksum: 1645b33a4

Time (s): cpu = 00:00:08 ; elapsed = 00:00:04 . Memory (MB): peak = 1249.566 ; gain = 0.000

Phase 4 Post Placement Optimization and Clean-Up

Phase 4.1 Post Commit Optimization
INFO: [Timing 38-35] Done setting XDC timing constraints.

Phase 4.1.1 Post Placement Optimization
Post Placement Optimization Initialization | Checksum: 132162acf

Phase 4.1.1.1 BUFG Insertion
INFO: [Place 46-31] BUFG insertion identified 0 candidate nets, 0 success, 0 skipped for placement/routing, 0 skipped for timing, 0 skipped for netlist change reason.
Phase 4.1.1.1 BUFG Insertion | Checksum: 132162acf

Time (s): cpu = 00:00:08 ; elapsed = 00:00:04 . Memory (MB): peak = 1249.566 ; gain = 0.000
INFO: [Place 30-746] Post Placement Timing Summary WNS=4.647. For the most accurate timing information please run report_timing.
Phase 4.1.1 Post Placement Optimization | Checksum: 102407e88

Time (s): cpu = 00:00:08 ; elapsed = 00:00:04 . Memory (MB): peak = 1249.566 ; gain = 0.000
Phase 4.1 Post Commit Optimization | Checksum: 102407e88

Time (s): cpu = 00:00:08 ; elapsed = 00:00:04 . Memory (MB): peak = 1249.566 ; gain = 0.000

Phase 4.2 Post Placement Cleanup
Phase 4.2 Post Placement Cleanup | Checksum: 102407e88

Time (s): cpu = 00:00:08 ; elapsed = 00:00:04 . Memory (MB): peak = 1249.566 ; gain = 0.000

Phase 4.3 Placer Reporting
Phase 4.3 Placer Reporting | Checksum: 102407e88

Time (s): cpu = 00:00:08 ; elapsed = 00:00:04 . Memory (MB): peak = 1249.566 ; gain = 0.000

Phase 4.4 Final Placement Cleanup
Phase 4.4 Final Placement Cleanup | Checksum: 114aa8906

Time (s): cpu = 00:00:08 ; elapsed = 00:00:04 . Memory (MB): peak = 1249.566 ; gain = 0.000
Phase 4 Post Placement Optimization and Clean-Up | Checksum: 114aa8906

Time (s): cpu = 00:00:08 ; elapsed = 00:00:04 . Memory (MB): peak = 1249.566 ; gain = 0.000
Ending Placer Task | Checksum: bebde30f

Time (s): cpu = 00:00:08 ; elapsed = 00:00:04 . Memory (MB): peak = 1249.566 ; gain = 0.000
INFO: [Common 17-83] Releasing license: Implementation
56 Infos, 1 Warnings, 0 Critical Warnings and 0 Errors encountered.
place_design completed successfully
place_design: Time (s): cpu = 00:00:09 ; elapsed = 00:00:05 . Memory (MB): peak = 1249.566 ; gain = 0.000
INFO: [Timing 38-480] Writing timing data to binary archive.
Writing placer database...
Writing XDEF routing.
Writing XDEF routing logical nets.
Writing XDEF routing special nets.
Write XDEF Complete: Time (s): cpu = 00:00:01 ; elapsed = 00:00:00.234 . Memory (MB): peak = 1249.566 ; gain = 0.000
INFO: [Common 17-1381] The checkpoint 'C:/Users/SEP16/SoC_2022_MJU/HW2/HW2_HLS/solution1/impl/verilog/project.runs/impl_1/matrixMul_placed.dcp' has been generated.
INFO: [runtcl-4] Executing : report_io -file matrixMul_io_placed.rpt
report_io: Time (s): cpu = 00:00:00 ; elapsed = 00:00:00.046 . Memory (MB): peak = 1249.566 ; gain = 0.000
INFO: [runtcl-4] Executing : report_utilization -file matrixMul_utilization_placed.rpt -pb matrixMul_utilization_placed.pb
report_utilization: Time (s): cpu = 00:00:00 ; elapsed = 00:00:00.054 . Memory (MB): peak = 1249.566 ; gain = 0.000
INFO: [runtcl-4] Executing : report_control_sets -verbose -file matrixMul_control_sets_placed.rpt
report_control_sets: Time (s): cpu = 00:00:00 ; elapsed = 00:00:00.007 . Memory (MB): peak = 1249.566 ; gain = 0.000
Command: phys_opt_design
Attempting to get a license for feature 'Implementation' and/or device 'xc7z020'
INFO: [Common 17-349] Got license for feature 'Implementation' and/or device 'xc7z020'
INFO: [Vivado_Tcl 4-383] Design worst setup slack (WNS) is greater than or equal to 0.250 ns. Skipping all physical synthesis optimizations.
INFO: [Vivado_Tcl 4-232] No setup violation found. The netlist was not modified.
INFO: [Common 17-83] Releasing license: Implementation
65 Infos, 1 Warnings, 0 Critical Warnings and 0 Errors encountered.
phys_opt_design completed successfully
INFO: [Timing 38-480] Writing timing data to binary archive.
Writing placer database...
Writing XDEF routing.
Writing XDEF routing logical nets.
Writing XDEF routing special nets.
Write XDEF Complete: Time (s): cpu = 00:00:01 ; elapsed = 00:00:00.158 . Memory (MB): peak = 1249.566 ; gain = 0.000
INFO: [Common 17-1381] The checkpoint 'C:/Users/SEP16/SoC_2022_MJU/HW2/HW2_HLS/solution1/impl/verilog/project.runs/impl_1/matrixMul_physopt.dcp' has been generated.
Command: route_design
Attempting to get a license for feature 'Implementation' and/or device 'xc7z020'
INFO: [Common 17-349] Got license for feature 'Implementation' and/or device 'xc7z020'
Running DRC as a precondition to command route_design
INFO: [DRC 23-27] Running DRC with 2 threads
INFO: [Vivado_Tcl 4-198] DRC finished with 0 Errors
INFO: [Vivado_Tcl 4-199] Please refer to the DRC report (report_drc) for more information.


Starting Routing Task
INFO: [Route 35-254] Multithreading enabled for route_design using a maximum of 2 CPUs
Checksum: PlaceDB: 50d02287 ConstDB: 0 ShapeSum: 6dedc088 RouteDB: 0

Phase 1 Build RT Design
WARNING: [Route 35-197] Clock port "ap_clk" does not have an associated HD.CLK_SRC. Without this constraint, timing analysis may not be accurate and upstream checks cannot be done to ensure correct clock placement.
WARNING: [Route 35-198] Port "in_r_TDATA[0]" does not have an associated HD.PARTPIN_LOCS, which will prevent the partial routing of the signal "in_r_TDATA[0]". Without this partial route, timing analysis to/from this port will not be accurate, and no routing information for this port can be exported.
WARNING: [Route 35-198] Port "in_r_TDATA[1]" does not have an associated HD.PARTPIN_LOCS, which will prevent the partial routing of the signal "in_r_TDATA[1]". Without this partial route, timing analysis to/from this port will not be accurate, and no routing information for this port can be exported.
WARNING: [Route 35-198] Port "in_r_TDATA[4]" does not have an associated HD.PARTPIN_LOCS, which will prevent the partial routing of the signal "in_r_TDATA[4]". Without this partial route, timing analysis to/from this port will not be accurate, and no routing information for this port can be exported.
WARNING: [Route 35-198] Port "in_r_TDATA[5]" does not have an associated HD.PARTPIN_LOCS, which will prevent the partial routing of the signal "in_r_TDATA[5]". Without this partial route, timing analysis to/from this port will not be accurate, and no routing information for this port can be exported.
WARNING: [Route 35-198] Port "in_r_TDATA[2]" does not have an associated HD.PARTPIN_LOCS, which will prevent the partial routing of the signal "in_r_TDATA[2]". Without this partial route, timing analysis to/from this port will not be accurate, and no routing information for this port can be exported.
WARNING: [Route 35-198] Port "in_r_TDATA[3]" does not have an associated HD.PARTPIN_LOCS, which will prevent the partial routing of the signal "in_r_TDATA[3]". Without this partial route, timing analysis to/from this port will not be accurate, and no routing information for this port can be exported.
WARNING: [Route 35-198] Port "in_r_TDATA[6]" does not have an associated HD.PARTPIN_LOCS, which will prevent the partial routing of the signal "in_r_TDATA[6]". Without this partial route, timing analysis to/from this port will not be accurate, and no routing information for this port can be exported.
WARNING: [Route 35-198] Port "in_r_TDATA[7]" does not have an associated HD.PARTPIN_LOCS, which will prevent the partial routing of the signal "in_r_TDATA[7]". Without this partial route, timing analysis to/from this port will not be accurate, and no routing information for this port can be exported.
WARNING: [Route 35-198] Port "in_r_TVALID" does not have an associated HD.PARTPIN_LOCS, which will prevent the partial routing of the signal "in_r_TVALID". Without this partial route, timing analysis to/from this port will not be accurate, and no routing information for this port can be exported.
WARNING: [Route 35-198] Port "ap_rst_n" does not have an associated HD.PARTPIN_LOCS, which will prevent the partial routing of the signal "ap_rst_n". Without this partial route, timing analysis to/from this port will not be accurate, and no routing information for this port can be exported.
WARNING: [Route 35-198] Port "c_TREADY" does not have an associated HD.PARTPIN_LOCS, which will prevent the partial routing of the signal "c_TREADY". Without this partial route, timing analysis to/from this port will not be accurate, and no routing information for this port can be exported.
WARNING: [Route 35-198] Port "s_axi_AXILiteS_WDATA[10]" does not have an associated HD.PARTPIN_LOCS, which will prevent the partial routing of the signal "s_axi_AXILiteS_WDATA[10]". Without this partial route, timing analysis to/from this port will not be accurate, and no routing information for this port can be exported.
WARNING: [Route 35-198] Port "s_axi_AXILiteS_WSTRB[1]" does not have an associated HD.PARTPIN_LOCS, which will prevent the partial routing of the signal "s_axi_AXILiteS_WSTRB[1]". Without this partial route, timing analysis to/from this port will not be accurate, and no routing information for this port can be exported.
WARNING: [Route 35-198] Port "s_axi_AXILiteS_WDATA[11]" does not have an associated HD.PARTPIN_LOCS, which will prevent the partial routing of the signal "s_axi_AXILiteS_WDATA[11]". Without this partial route, timing analysis to/from this port will not be accurate, and no routing information for this port can be exported.
WARNING: [Route 35-198] Port "s_axi_AXILiteS_WDATA[8]" does not have an associated HD.PARTPIN_LOCS, which will prevent the partial routing of the signal "s_axi_AXILiteS_WDATA[8]". Without this partial route, timing analysis to/from this port will not be accurate, and no routing information for this port can be exported.
WARNING: [Route 35-198] Port "s_axi_AXILiteS_WDATA[9]" does not have an associated HD.PARTPIN_LOCS, which will prevent the partial routing of the signal "s_axi_AXILiteS_WDATA[9]". Without this partial route, timing analysis to/from this port will not be accurate, and no routing information for this port can be exported.
WARNING: [Route 35-198] Port "s_axi_AXILiteS_WDATA[4]" does not have an associated HD.PARTPIN_LOCS, which will prevent the partial routing of the signal "s_axi_AXILiteS_WDATA[4]". Without this partial route, timing analysis to/from this port will not be accurate, and no routing information for this port can be exported.
WARNING: [Route 35-198] Port "s_axi_AXILiteS_WSTRB[0]" does not have an associated HD.PARTPIN_LOCS, which will prevent the partial routing of the signal "s_axi_AXILiteS_WSTRB[0]". Without this partial route, timing analysis to/from this port will not be accurate, and no routing information for this port can be exported.
WARNING: [Route 35-198] Port "s_axi_AXILiteS_WDATA[5]" does not have an associated HD.PARTPIN_LOCS, which will prevent the partial routing of the signal "s_axi_AXILiteS_WDATA[5]". Without this partial route, timing analysis to/from this port will not be accurate, and no routing information for this port can be exported.
WARNING: [Route 35-198] Port "s_axi_AXILiteS_WDATA[6]" does not have an associated HD.PARTPIN_LOCS, which will prevent the partial routing of the signal "s_axi_AXILiteS_WDATA[6]". Without this partial route, timing analysis to/from this port will not be accurate, and no routing information for this port can be exported.
WARNING: [Route 35-198] Port "s_axi_AXILiteS_WDATA[7]" does not have an associated HD.PARTPIN_LOCS, which will prevent the partial routing of the signal "s_axi_AXILiteS_WDATA[7]". Without this partial route, timing analysis to/from this port will not be accurate, and no routing information for this port can be exported.
WARNING: [Route 35-198] Port "s_axi_AXILiteS_WDATA[24]" does not have an associated HD.PARTPIN_LOCS, which will prevent the partial routing of the signal "s_axi_AXILiteS_WDATA[24]". Without this partial route, timing analysis to/from this port will not be accurate, and no routing information for this port can be exported.
WARNING: [Route 35-198] Port "s_axi_AXILiteS_WSTRB[3]" does not have an associated HD.PARTPIN_LOCS, which will prevent the partial routing of the signal "s_axi_AXILiteS_WSTRB[3]". Without this partial route, timing analysis to/from this port will not be accurate, and no routing information for this port can be exported.
WARNING: [Route 35-198] Port "s_axi_AXILiteS_WDATA[25]" does not have an associated HD.PARTPIN_LOCS, which will prevent the partial routing of the signal "s_axi_AXILiteS_WDATA[25]". Without this partial route, timing analysis to/from this port will not be accurate, and no routing information for this port can be exported.
WARNING: [Route 35-198] Port "s_axi_AXILiteS_WDATA[26]" does not have an associated HD.PARTPIN_LOCS, which will prevent the partial routing of the signal "s_axi_AXILiteS_WDATA[26]". Without this partial route, timing analysis to/from this port will not be accurate, and no routing information for this port can be exported.
WARNING: [Route 35-198] Port "s_axi_AXILiteS_WDATA[27]" does not have an associated HD.PARTPIN_LOCS, which will prevent the partial routing of the signal "s_axi_AXILiteS_WDATA[27]". Without this partial route, timing analysis to/from this port will not be accurate, and no routing information for this port can be exported.
WARNING: [Route 35-198] Port "s_axi_AXILiteS_WDATA[28]" does not have an associated HD.PARTPIN_LOCS, which will prevent the partial routing of the signal "s_axi_AXILiteS_WDATA[28]". Without this partial route, timing analysis to/from this port will not be accurate, and no routing information for this port can be exported.
WARNING: [Route 35-198] Port "s_axi_AXILiteS_WDATA[29]" does not have an associated HD.PARTPIN_LOCS, which will prevent the partial routing of the signal "s_axi_AXILiteS_WDATA[29]". Without this partial route, timing analysis to/from this port will not be accurate, and no routing information for this port can be exported.
WARNING: [Route 35-198] Port "s_axi_AXILiteS_WDATA[30]" does not have an associated HD.PARTPIN_LOCS, which will prevent the partial routing of the signal "s_axi_AXILiteS_WDATA[30]". Without this partial route, timing analysis to/from this port will not be accurate, and no routing information for this port can be exported.
WARNING: [Route 35-198] Port "s_axi_AXILiteS_WDATA[31]" does not have an associated HD.PARTPIN_LOCS, which will prevent the partial routing of the signal "s_axi_AXILiteS_WDATA[31]". Without this partial route, timing analysis to/from this port will not be accurate, and no routing information for this port can be exported.
WARNING: [Route 35-198] Port "s_axi_AXILiteS_WDATA[18]" does not have an associated HD.PARTPIN_LOCS, which will prevent the partial routing of the signal "s_axi_AXILiteS_WDATA[18]". Without this partial route, timing analysis to/from this port will not be accurate, and no routing information for this port can be exported.
WARNING: [Route 35-198] Port "s_axi_AXILiteS_WSTRB[2]" does not have an associated HD.PARTPIN_LOCS, which will prevent the partial routing of the signal "s_axi_AXILiteS_WSTRB[2]". Without this partial route, timing analysis to/from this port will not be accurate, and no routing information for this port can be exported.
WARNING: [Route 35-198] Port "s_axi_AXILiteS_WDATA[19]" does not have an associated HD.PARTPIN_LOCS, which will prevent the partial routing of the signal "s_axi_AXILiteS_WDATA[19]". Without this partial route, timing analysis to/from this port will not be accurate, and no routing information for this port can be exported.
WARNING: [Route 35-198] Port "s_axi_AXILiteS_WDATA[20]" does not have an associated HD.PARTPIN_LOCS, which will prevent the partial routing of the signal "s_axi_AXILiteS_WDATA[20]". Without this partial route, timing analysis to/from this port will not be accurate, and no routing information for this port can be exported.
WARNING: [Route 35-198] Port "s_axi_AXILiteS_WDATA[21]" does not have an associated HD.PARTPIN_LOCS, which will prevent the partial routing of the signal "s_axi_AXILiteS_WDATA[21]". Without this partial route, timing analysis to/from this port will not be accurate, and no routing information for this port can be exported.
WARNING: [Route 35-198] Port "s_axi_AXILiteS_WDATA[22]" does not have an associated HD.PARTPIN_LOCS, which will prevent the partial routing of the signal "s_axi_AXILiteS_WDATA[22]". Without this partial route, timing analysis to/from this port will not be accurate, and no routing information for this port can be exported.
WARNING: [Route 35-198] Port "s_axi_AXILiteS_WDATA[23]" does not have an associated HD.PARTPIN_LOCS, which will prevent the partial routing of the signal "s_axi_AXILiteS_WDATA[23]". Without this partial route, timing analysis to/from this port will not be accurate, and no routing information for this port can be exported.
WARNING: [Route 35-198] Port "s_axi_AXILiteS_WDATA[16]" does not have an associated HD.PARTPIN_LOCS, which will prevent the partial routing of the signal "s_axi_AXILiteS_WDATA[16]". Without this partial route, timing analysis to/from this port will not be accurate, and no routing information for this port can be exported.
WARNING: [Route 35-198] Port "s_axi_AXILiteS_WDATA[17]" does not have an associated HD.PARTPIN_LOCS, which will prevent the partial routing of the signal "s_axi_AXILiteS_WDATA[17]". Without this partial route, timing analysis to/from this port will not be accurate, and no routing information for this port can be exported.
WARNING: [Route 35-198] Port "s_axi_AXILiteS_ARADDR[3]" does not have an associated HD.PARTPIN_LOCS, which will prevent the partial routing of the signal "s_axi_AXILiteS_ARADDR[3]". Without this partial route, timing analysis to/from this port will not be accurate, and no routing information for this port can be exported.
WARNING: [Route 35-198] Port "s_axi_AXILiteS_ARADDR[1]" does not have an associated HD.PARTPIN_LOCS, which will prevent the partial routing of the signal "s_axi_AXILiteS_ARADDR[1]". Without this partial route, timing analysis to/from this port will not be accurate, and no routing information for this port can be exported.
WARNING: [Route 35-198] Port "s_axi_AXILiteS_ARADDR[0]" does not have an associated HD.PARTPIN_LOCS, which will prevent the partial routing of the signal "s_axi_AXILiteS_ARADDR[0]". Without this partial route, timing analysis to/from this port will not be accurate, and no routing information for this port can be exported.
WARNING: [Route 35-198] Port "s_axi_AXILiteS_ARADDR[2]" does not have an associated HD.PARTPIN_LOCS, which will prevent the partial routing of the signal "s_axi_AXILiteS_ARADDR[2]". Without this partial route, timing analysis to/from this port will not be accurate, and no routing information for this port can be exported.
WARNING: [Route 35-198] Port "s_axi_AXILiteS_ARADDR[5]" does not have an associated HD.PARTPIN_LOCS, which will prevent the partial routing of the signal "s_axi_AXILiteS_ARADDR[5]". Without this partial route, timing analysis to/from this port will not be accurate, and no routing information for this port can be exported.
WARNING: [Route 35-198] Port "s_axi_AXILiteS_ARADDR[4]" does not have an associated HD.PARTPIN_LOCS, which will prevent the partial routing of the signal "s_axi_AXILiteS_ARADDR[4]". Without this partial route, timing analysis to/from this port will not be accurate, and no routing information for this port can be exported.
WARNING: [Route 35-198] Port "s_axi_AXILiteS_ARVALID" does not have an associated HD.PARTPIN_LOCS, which will prevent the partial routing of the signal "s_axi_AXILiteS_ARVALID". Without this partial route, timing analysis to/from this port will not be accurate, and no routing information for this port can be exported.
WARNING: [Route 35-198] Port "s_axi_AXILiteS_RREADY" does not have an associated HD.PARTPIN_LOCS, which will prevent the partial routing of the signal "s_axi_AXILiteS_RREADY". Without this partial route, timing analysis to/from this port will not be accurate, and no routing information for this port can be exported.
WARNING: [Route 35-198] Port "s_axi_AXILiteS_WDATA[12]" does not have an associated HD.PARTPIN_LOCS, which will prevent the partial routing of the signal "s_axi_AXILiteS_WDATA[12]". Without this partial route, timing analysis to/from this port will not be accurate, and no routing information for this port can be exported.
WARNING: [Route 35-198] Port "s_axi_AXILiteS_WDATA[13]" does not have an associated HD.PARTPIN_LOCS, which will prevent the partial routing of the signal "s_axi_AXILiteS_WDATA[13]". Without this partial route, timing analysis to/from this port will not be accurate, and no routing information for this port can be exported.
WARNING: [Route 35-198] Port "s_axi_AXILiteS_WDATA[14]" does not have an associated HD.PARTPIN_LOCS, which will prevent the partial routing of the signal "s_axi_AXILiteS_WDATA[14]". Without this partial route, timing analysis to/from this port will not be accurate, and no routing information for this port can be exported.
WARNING: [Route 35-198] Port "s_axi_AXILiteS_WDATA[15]" does not have an associated HD.PARTPIN_LOCS, which will prevent the partial routing of the signal "s_axi_AXILiteS_WDATA[15]". Without this partial route, timing analysis to/from this port will not be accurate, and no routing information for this port can be exported.
WARNING: [Route 35-198] Port "s_axi_AXILiteS_WDATA[2]" does not have an associated HD.PARTPIN_LOCS, which will prevent the partial routing of the signal "s_axi_AXILiteS_WDATA[2]". Without this partial route, timing analysis to/from this port will not be accurate, and no routing information for this port can be exported.
WARNING: [Route 35-198] Port "s_axi_AXILiteS_WDATA[3]" does not have an associated HD.PARTPIN_LOCS, which will prevent the partial routing of the signal "s_axi_AXILiteS_WDATA[3]". Without this partial route, timing analysis to/from this port will not be accurate, and no routing information for this port can be exported.
WARNING: [Route 35-198] Port "s_axi_AXILiteS_WDATA[0]" does not have an associated HD.PARTPIN_LOCS, which will prevent the partial routing of the signal "s_axi_AXILiteS_WDATA[0]". Without this partial route, timing analysis to/from this port will not be accurate, and no routing information for this port can be exported.
WARNING: [Route 35-198] Port "s_axi_AXILiteS_WDATA[1]" does not have an associated HD.PARTPIN_LOCS, which will prevent the partial routing of the signal "s_axi_AXILiteS_WDATA[1]". Without this partial route, timing analysis to/from this port will not be accurate, and no routing information for this port can be exported.
WARNING: [Route 35-198] Port "s_axi_AXILiteS_WVALID" does not have an associated HD.PARTPIN_LOCS, which will prevent the partial routing of the signal "s_axi_AXILiteS_WVALID". Without this partial route, timing analysis to/from this port will not be accurate, and no routing information for this port can be exported.
WARNING: [Route 35-198] Port "s_axi_AXILiteS_AWADDR[0]" does not have an associated HD.PARTPIN_LOCS, which will prevent the partial routing of the signal "s_axi_AXILiteS_AWADDR[0]". Without this partial route, timing analysis to/from this port will not be accurate, and no routing information for this port can be exported.
WARNING: [Route 35-198] Port "s_axi_AXILiteS_AWADDR[1]" does not have an associated HD.PARTPIN_LOCS, which will prevent the partial routing of the signal "s_axi_AXILiteS_AWADDR[1]". Without this partial route, timing analysis to/from this port will not be accurate, and no routing information for this port can be exported.
WARNING: [Route 35-198] Port "s_axi_AXILiteS_AWADDR[2]" does not have an associated HD.PARTPIN_LOCS, which will prevent the partial routing of the signal "s_axi_AXILiteS_AWADDR[2]". Without this partial route, timing analysis to/from this port will not be accurate, and no routing information for this port can be exported.
WARNING: [Route 35-198] Port "s_axi_AXILiteS_AWADDR[3]" does not have an associated HD.PARTPIN_LOCS, which will prevent the partial routing of the signal "s_axi_AXILiteS_AWADDR[3]". Without this partial route, timing analysis to/from this port will not be accurate, and no routing information for this port can be exported.
WARNING: [Route 35-198] Port "s_axi_AXILiteS_AWADDR[4]" does not have an associated HD.PARTPIN_LOCS, which will prevent the partial routing of the signal "s_axi_AXILiteS_AWADDR[4]". Without this partial route, timing analysis to/from this port will not be accurate, and no routing information for this port can be exported.
WARNING: [Route 35-198] Port "s_axi_AXILiteS_AWADDR[5]" does not have an associated HD.PARTPIN_LOCS, which will prevent the partial routing of the signal "s_axi_AXILiteS_AWADDR[5]". Without this partial route, timing analysis to/from this port will not be accurate, and no routing information for this port can be exported.
WARNING: [Route 35-198] Port "s_axi_AXILiteS_BREADY" does not have an associated HD.PARTPIN_LOCS, which will prevent the partial routing of the signal "s_axi_AXILiteS_BREADY". Without this partial route, timing analysis to/from this port will not be accurate, and no routing information for this port can be exported.
WARNING: [Route 35-198] Port "s_axi_AXILiteS_AWVALID" does not have an associated HD.PARTPIN_LOCS, which will prevent the partial routing of the signal "s_axi_AXILiteS_AWVALID". Without this partial route, timing analysis to/from this port will not be accurate, and no routing information for this port can be exported.
WARNING: [Route 35-198] Port "ap_start" does not have an associated HD.PARTPIN_LOCS, which will prevent the partial routing of the signal "ap_start". Without this partial route, timing analysis to/from this port will not be accurate, and no routing information for this port can be exported.
Phase 1 Build RT Design | Checksum: 1496a017a

Time (s): cpu = 00:00:24 ; elapsed = 00:00:22 . Memory (MB): peak = 1308.805 ; gain = 59.238
Post Restoration Checksum: NetGraph: abf76117 NumContArr: 9d72a063 Constraints: 0 Timing: 0

Phase 2 Router Initialization

Phase 2.1 Create Timer
Phase 2.1 Create Timer | Checksum: 1496a017a

Time (s): cpu = 00:00:24 ; elapsed = 00:00:22 . Memory (MB): peak = 1308.805 ; gain = 59.238

Phase 2.2 Fix Topology Constraints
Phase 2.2 Fix Topology Constraints | Checksum: 1496a017a

Time (s): cpu = 00:00:24 ; elapsed = 00:00:22 . Memory (MB): peak = 1315.109 ; gain = 65.543

Phase 2.3 Pre Route Cleanup
Phase 2.3 Pre Route Cleanup | Checksum: 1496a017a

Time (s): cpu = 00:00:24 ; elapsed = 00:00:22 . Memory (MB): peak = 1315.109 ; gain = 65.543
 Number of Nodes with overlaps = 0

Phase 2.4 Update Timing
Phase 2.4 Update Timing | Checksum: 21278341f

Time (s): cpu = 00:00:25 ; elapsed = 00:00:22 . Memory (MB): peak = 1319.164 ; gain = 69.598
INFO: [Route 35-416] Intermediate Timing Summary | WNS=4.775  | TNS=0.000  | WHS=0.117  | THS=0.000  |

Phase 2 Router Initialization | Checksum: 291826ab3

Time (s): cpu = 00:00:26 ; elapsed = 00:00:23 . Memory (MB): peak = 1323.109 ; gain = 73.543

Phase 3 Initial Routing
Phase 3 Initial Routing | Checksum: 2a0c1c2b1

Time (s): cpu = 00:00:27 ; elapsed = 00:00:24 . Memory (MB): peak = 1323.160 ; gain = 73.594

Phase 4 Rip-up And Reroute

Phase 4.1 Global Iteration 0
 Number of Nodes with overlaps = 46
 Number of Nodes with overlaps = 0
INFO: [Route 35-416] Intermediate Timing Summary | WNS=3.776  | TNS=0.000  | WHS=N/A    | THS=N/A    |

Phase 4.1 Global Iteration 0 | Checksum: 249451fc9

Time (s): cpu = 00:00:29 ; elapsed = 00:00:25 . Memory (MB): peak = 1323.160 ; gain = 73.594
Phase 4 Rip-up And Reroute | Checksum: 249451fc9

Time (s): cpu = 00:00:29 ; elapsed = 00:00:25 . Memory (MB): peak = 1323.160 ; gain = 73.594

Phase 5 Delay and Skew Optimization

Phase 5.1 Delay CleanUp
Phase 5.1 Delay CleanUp | Checksum: 249451fc9

Time (s): cpu = 00:00:29 ; elapsed = 00:00:25 . Memory (MB): peak = 1323.160 ; gain = 73.594

Phase 5.2 Clock Skew Optimization
Phase 5.2 Clock Skew Optimization | Checksum: 249451fc9

Time (s): cpu = 00:00:29 ; elapsed = 00:00:25 . Memory (MB): peak = 1323.160 ; gain = 73.594
Phase 5 Delay and Skew Optimization | Checksum: 249451fc9

Time (s): cpu = 00:00:29 ; elapsed = 00:00:25 . Memory (MB): peak = 1323.160 ; gain = 73.594

Phase 6 Post Hold Fix

Phase 6.1 Hold Fix Iter

Phase 6.1.1 Update Timing
Phase 6.1.1 Update Timing | Checksum: 216de879e

Time (s): cpu = 00:00:30 ; elapsed = 00:00:25 . Memory (MB): peak = 1323.160 ; gain = 73.594
INFO: [Route 35-416] Intermediate Timing Summary | WNS=3.776  | TNS=0.000  | WHS=0.116  | THS=0.000  |

Phase 6.1 Hold Fix Iter | Checksum: 216de879e

Time (s): cpu = 00:00:30 ; elapsed = 00:00:25 . Memory (MB): peak = 1323.160 ; gain = 73.594
Phase 6 Post Hold Fix | Checksum: 216de879e

Time (s): cpu = 00:00:30 ; elapsed = 00:00:25 . Memory (MB): peak = 1323.160 ; gain = 73.594

Phase 7 Route finalize

Router Utilization Summary
  Global Vertical Routing Utilization    = 0.152066 %
  Global Horizontal Routing Utilization  = 0.210615 %
  Routable Net Status*
  *Does not include unroutable nets such as driverless and loadless.
  Run report_route_status for detailed report.
  Number of Failed Nets               = 0
  Number of Unrouted Nets             = 0
  Number of Partially Routed Nets     = 0
  Number of Node Overlaps             = 0

Phase 7 Route finalize | Checksum: 1dbaa05f6

Time (s): cpu = 00:00:30 ; elapsed = 00:00:25 . Memory (MB): peak = 1323.160 ; gain = 73.594

Phase 8 Verifying routed nets

 Verification completed successfully
Phase 8 Verifying routed nets | Checksum: 1dbaa05f6

Time (s): cpu = 00:00:30 ; elapsed = 00:00:25 . Memory (MB): peak = 1325.504 ; gain = 75.938

Phase 9 Depositing Routes
Phase 9 Depositing Routes | Checksum: 1ea08ff53

Time (s): cpu = 00:00:30 ; elapsed = 00:00:26 . Memory (MB): peak = 1325.504 ; gain = 75.938

Phase 10 Post Router Timing
INFO: [Route 35-57] Estimated Timing Summary | WNS=3.776  | TNS=0.000  | WHS=0.116  | THS=0.000  |

INFO: [Route 35-327] The final timing numbers are based on the router estimated timing analysis. For a complete and accurate timing signoff, please run report_timing_summary.
Phase 10 Post Router Timing | Checksum: 1ea08ff53

Time (s): cpu = 00:00:30 ; elapsed = 00:00:26 . Memory (MB): peak = 1325.504 ; gain = 75.938
INFO: [Route 35-16] Router Completed Successfully

Time (s): cpu = 00:00:30 ; elapsed = 00:00:26 . Memory (MB): peak = 1325.504 ; gain = 75.938

Routing Is Done.
INFO: [Common 17-83] Releasing license: Implementation
79 Infos, 67 Warnings, 0 Critical Warnings and 0 Errors encountered.
route_design completed successfully
route_design: Time (s): cpu = 00:00:32 ; elapsed = 00:00:27 . Memory (MB): peak = 1325.504 ; gain = 75.938
INFO: [Timing 38-480] Writing timing data to binary archive.
Writing placer database...
Writing XDEF routing.
Writing XDEF routing logical nets.
Writing XDEF routing special nets.
Write XDEF Complete: Time (s): cpu = 00:00:01 ; elapsed = 00:00:00.607 . Memory (MB): peak = 1325.504 ; gain = 0.000
INFO: [Common 17-1381] The checkpoint 'C:/Users/SEP16/SoC_2022_MJU/HW2/HW2_HLS/solution1/impl/verilog/project.runs/impl_1/matrixMul_routed.dcp' has been generated.
INFO: [runtcl-4] Executing : report_drc -file matrixMul_drc_routed.rpt -pb matrixMul_drc_routed.pb -rpx matrixMul_drc_routed.rpx
Command: report_drc -file matrixMul_drc_routed.rpt -pb matrixMul_drc_routed.pb -rpx matrixMul_drc_routed.rpx
INFO: [DRC 23-27] Running DRC with 2 threads
INFO: [Coretcl 2-168] The results of DRC are in file C:/Users/SEP16/SoC_2022_MJU/HW2/HW2_HLS/solution1/impl/verilog/project.runs/impl_1/matrixMul_drc_routed.rpt.
report_drc completed successfully
report_drc: Time (s): cpu = 00:00:08 ; elapsed = 00:00:05 . Memory (MB): peak = 1331.227 ; gain = 5.723
INFO: [runtcl-4] Executing : report_methodology -file matrixMul_methodology_drc_routed.rpt -pb matrixMul_methodology_drc_routed.pb -rpx matrixMul_methodology_drc_routed.rpx
Command: report_methodology -file matrixMul_methodology_drc_routed.rpt -pb matrixMul_methodology_drc_routed.pb -rpx matrixMul_methodology_drc_routed.rpx
INFO: [Timing 38-35] Done setting XDC timing constraints.
INFO: [Timing 38-35] Done setting XDC timing constraints.
WARNING: [Timing 38-242] The property HD.CLK_SRC of clock port "ap_clk" is not set. In out-of-context mode, this prevents timing estimation for clock delay/skew
Resolution: Set the HD.CLK_SRC property of the out-of-context port to the location of the clock buffer instance in the top-level design
INFO: [DRC 23-133] Running Methodology with 2 threads
INFO: [Coretcl 2-1520] The results of Report Methodology are in file C:/Users/SEP16/SoC_2022_MJU/HW2/HW2_HLS/solution1/impl/verilog/project.runs/impl_1/matrixMul_methodology_drc_routed.rpt.
report_methodology completed successfully
INFO: [runtcl-4] Executing : report_power -file matrixMul_power_routed.rpt -pb matrixMul_power_summary_routed.pb -rpx matrixMul_power_routed.rpx
Command: report_power -file matrixMul_power_routed.rpt -pb matrixMul_power_summary_routed.pb -rpx matrixMul_power_routed.rpx
INFO: [Timing 38-35] Done setting XDC timing constraints.
Running Vector-less Activity Propagation...

Finished Running Vector-less Activity Propagation
91 Infos, 68 Warnings, 0 Critical Warnings and 0 Errors encountered.
report_power completed successfully
INFO: [runtcl-4] Executing : report_route_status -file matrixMul_route_status.rpt -pb matrixMul_route_status.pb
INFO: [runtcl-4] Executing : report_timing_summary -max_paths 10 -file matrixMul_timing_summary_routed.rpt -pb matrixMul_timing_summary_routed.pb -rpx matrixMul_timing_summary_routed.rpx -warn_on_violation 
INFO: [Timing 38-91] UpdateTimingParams: Speed grade: -1, Delay Type: min_max, Timing Stage: Requireds.
INFO: [Timing 38-191] Multithreading enabled for timing update using a maximum of 2 CPUs
INFO: [runtcl-4] Executing : report_incremental_reuse -file matrixMul_incremental_reuse_routed.rpt
INFO: [Vivado_Tcl 4-545] No incremental reuse to report, no incremental placement and routing data was found.
INFO: [runtcl-4] Executing : report_clock_utilization -file matrixMul_clock_utilization_routed.rpt
INFO: [runtcl-4] Executing : report_bus_skew -warn_on_violation -file matrixMul_bus_skew_routed.rpt -pb matrixMul_bus_skew_routed.pb -rpx matrixMul_bus_skew_routed.rpx
INFO: [Timing 38-91] UpdateTimingParams: Speed grade: -1, Delay Type: min_max, Timing Stage: Requireds.
INFO: [Timing 38-191] Multithreading enabled for timing update using a maximum of 2 CPUs
INFO: [Common 17-206] Exiting Vivado at Fri May 28 02:09:02 2021...
[Fri May 28 02:09:08 2021] impl_1 finished
wait_on_run: Time (s): cpu = 00:00:00 ; elapsed = 00:01:31 . Memory (MB): peak = 1134.020 ; gain = 0.000
INFO: [Netlist 29-17] Analyzing 101 Unisim elements for replacement
INFO: [Netlist 29-28] Unisim Transformation completed in 0 CPU seconds
INFO: [Project 1-479] Netlist was created with Vivado 2018.2
INFO: [Project 1-570] Preparing netlist for logic optimization
INFO: [Timing 38-478] Restoring timing data from binary archive.
INFO: [Timing 38-479] Binary timing data restore complete.
INFO: [Project 1-856] Restoring constraints from binary archive.
INFO: [Project 1-853] Binary constraint restore complete.
Reading XDEF placement.
Reading placer database...
Reading XDEF routing.
Read XDEF File: Time (s): cpu = 00:00:00 ; elapsed = 00:00:00.156 . Memory (MB): peak = 1277.117 ; gain = 0.000
Restored from archive | CPU: 0.000000 secs | Memory: 0.000000 MB |
Finished XDEF File Restore: Time (s): cpu = 00:00:00 ; elapsed = 00:00:00.158 . Memory (MB): peak = 1277.117 ; gain = 0.000
INFO: [Project 1-111] Unisim Transformation Summary:
No Unisim elements were transformed.

INFO: [Timing 38-91] UpdateTimingParams: Speed grade: -1, Delay Type: min_max.
INFO: [Timing 38-191] Multithreading enabled for timing update using a maximum of 2 CPUs
WARNING: [Timing 38-242] The property HD.CLK_SRC of clock port "ap_clk" is not set. In out-of-context mode, this prevents timing estimation for clock delay/skew
Resolution: Set the HD.CLK_SRC property of the out-of-context port to the location of the clock buffer instance in the top-level design
report_utilization: Time (s): cpu = 00:00:00 ; elapsed = 00:00:00.156 . Memory (MB): peak = 1277.117 ; gain = 0.000


Implementation tool: Xilinx Vivado v.2018.2
Project:             HW2_HLS
Solution:            solution1
Device target:       xc7z020clg484-1
Report date:         Fri May 28 02:09:10 +0900 2021

#=== Post-Implementation Resource usage ===
SLICE:          222
LUT:            354
FF:             930
DSP:              1
BRAM:            16
SRL:              0
#=== Final timing ===
CP required:    10.000
CP achieved post-synthesis:    5.072
CP achieved post-implementation:    6.223
Timing met
INFO: [Common 17-206] Exiting Vivado at Fri May 28 02:09:10 2021...
