18:07:14 INFO  : Registering command handlers for SDK TCF services
18:07:15 INFO  : Launching XSCT server: xsct.bat -interactive C:\Users\SEP16\SoC_2022_MJU\HW2_2\HW2_2_vivado\HW2_2_vivado.sdk\temp_xsdb_launch_script.tcl
18:07:17 INFO  : XSCT server has started successfully.
18:07:19 INFO  : Successfully done setting XSCT server connection channel  
18:07:19 INFO  : Successfully done setting SDK workspace  
18:07:19 INFO  : Processing command line option -hwspec C:/Users/SEP16/SoC_2022_MJU/HW2_2/HW2_2_vivado/HW2_2_vivado.sdk/design_1_wrapper.hdf.
20:06:25 INFO  : Launching XSCT server: xsct.bat -interactive C:\Users\SEP16\SoC_2022_MJU\HW2_2\HW2_2_vivado\HW2_2_vivado.sdk\temp_xsdb_launch_script.tcl
20:06:28 INFO  : XSCT server has started successfully.
20:06:30 INFO  : Successfully done setting XSCT server connection channel  
20:06:30 INFO  : Successfully done setting SDK workspace  
20:06:35 INFO  : Registering command handlers for SDK TCF services
20:06:35 INFO  : Processing command line option -hwspec C:/Users/SEP16/SoC_2022_MJU/HW2_2/HW2_2_vivado/HW2_2_vivado.sdk/design_1_wrapper.hdf.
20:06:35 INFO  : Checking for hwspec changes in the project design_1_wrapper_hw_platform_0.
20:06:35 INFO  : SDK has detected change in the last modified timestamps for source hardware specification file Source:1654080051499,  Project:1654074345402
20:06:35 INFO  : The hardware specification for project 'design_1_wrapper_hw_platform_0' is different from C:/Users/SEP16/SoC_2022_MJU/HW2_2/HW2_2_vivado/HW2_2_vivado.sdk/design_1_wrapper.hdf.
20:06:37 INFO  : Copied contents of C:/Users/SEP16/SoC_2022_MJU/HW2_2/HW2_2_vivado/HW2_2_vivado.sdk/design_1_wrapper.hdf into \design_1_wrapper_hw_platform_0\system.hdf.
20:06:40 INFO  : Synchronizing projects in the workspace with the hardware platform specification changes.
20:06:43 INFO  : 
20:06:45 INFO  : Updating hardware inferred compiler options for Hello_world.
20:06:45 INFO  : Clearing existing target manager status.
20:06:45 INFO  : Closing and re-opening the MSS file of ther project Hello_world_bsp
20:06:46 INFO  : Workspace synchronized with the new hardware specification file. Cleaning dependent projects...
20:07:01 WARN  : Linker script will not be updated automatically. Users need to update it manually.
20:37:44 INFO  : Connected to target on host '127.0.0.1' and port '3121'.
20:37:45 INFO  : 'targets -set -filter {jtag_cable_name =~ "Digilent JTAG-SMT2 210251988368" && level==0} -index 1' command is executed.
20:37:48 INFO  : FPGA configured successfully with bitstream "C:/Users/SEP16/SoC_2022_MJU/HW2_2/HW2_2_vivado/HW2_2_vivado.sdk/design_1_wrapper_hw_platform_0/design_1_wrapper.bit"
20:38:23 INFO  : Connected to target on host '127.0.0.1' and port '3121'.
20:38:23 INFO  : 'targets -set -filter {jtag_cable_name =~ "Digilent JTAG-SMT2 210251988368" && level==0} -index 1' command is executed.
20:38:25 INFO  : FPGA configured successfully with bitstream "C:/Users/SEP16/SoC_2022_MJU/HW2_2/HW2_2_vivado/HW2_2_vivado.sdk/design_1_wrapper_hw_platform_0/design_1_wrapper.bit"
20:38:51 INFO  : 'targets -set -filter {jtag_cable_name =~ "Digilent JTAG-SMT2 210251988368" && level==0} -index 1' command is executed.
20:38:51 INFO  : 'fpga -state' command is executed.
20:38:51 INFO  : Connected to target on host '127.0.0.1' and port '3121'.
20:38:52 INFO  : Jtag cable 'Digilent JTAG-SMT2 210251988368' is selected.
20:38:52 INFO  : 'jtag frequency' command is executed.
20:38:52 INFO  : Context for 'APU' is selected.
20:38:52 INFO  : Hardware design information is loaded from 'C:/Users/SEP16/SoC_2022_MJU/HW2_2/HW2_2_vivado/HW2_2_vivado.sdk/design_1_wrapper_hw_platform_0/system.hdf'.
20:38:52 INFO  : 'configparams force-mem-access 1' command is executed.
20:38:52 INFO  : 'configparams force-mem-access 0' command is executed.
20:38:52 INFO  : ----------------XSDB Script----------------
connect -url tcp:127.0.0.1:3121
targets -set -nocase -filter {name =~"APU*" && jtag_cable_name =~ "Digilent JTAG-SMT2 210251988368"} -index 0
loadhw -hw C:/Users/SEP16/SoC_2022_MJU/HW2_2/HW2_2_vivado/HW2_2_vivado.sdk/design_1_wrapper_hw_platform_0/system.hdf -mem-ranges [list {0x40000000 0xbfffffff}]
configparams force-mem-access 1
configparams force-mem-access 0
----------------End of Script----------------

20:38:52 INFO  : Disconnected from the channel tcfchan#1.
20:39:34 INFO  : 'targets -set -filter {jtag_cable_name =~ "Digilent JTAG-SMT2 210251988368" && level==0} -index 1' command is executed.
20:39:34 INFO  : 'fpga -state' command is executed.
20:39:34 INFO  : Connected to target on host '127.0.0.1' and port '3121'.
20:39:34 INFO  : Jtag cable 'Digilent JTAG-SMT2 210251988368' is selected.
20:39:34 INFO  : 'jtag frequency' command is executed.
20:39:34 INFO  : Context for 'APU' is selected.
20:39:36 INFO  : Hardware design information is loaded from 'C:/Users/SEP16/SoC_2022_MJU/HW2_2/HW2_2_vivado/HW2_2_vivado.sdk/design_1_wrapper_hw_platform_0/system.hdf'.
20:39:36 INFO  : 'configparams force-mem-access 1' command is executed.
20:39:36 INFO  : 'configparams force-mem-access 0' command is executed.
20:39:36 INFO  : ----------------XSDB Script----------------
connect -url tcp:127.0.0.1:3121
targets -set -nocase -filter {name =~"APU*" && jtag_cable_name =~ "Digilent JTAG-SMT2 210251988368"} -index 0
loadhw -hw C:/Users/SEP16/SoC_2022_MJU/HW2_2/HW2_2_vivado/HW2_2_vivado.sdk/design_1_wrapper_hw_platform_0/system.hdf -mem-ranges [list {0x40000000 0xbfffffff}]
configparams force-mem-access 1
configparams force-mem-access 0
----------------End of Script----------------

20:39:45 INFO  : Disconnected from the channel tcfchan#2.
20:41:20 INFO  : 'targets -set -filter {jtag_cable_name =~ "Digilent JTAG-SMT2 210251988368" && level==0} -index 1' command is executed.
20:41:20 INFO  : 'fpga -state' command is executed.
20:41:20 INFO  : Connected to target on host '127.0.0.1' and port '3121'.
20:41:20 INFO  : Jtag cable 'Digilent JTAG-SMT2 210251988368' is selected.
20:41:20 INFO  : 'jtag frequency' command is executed.
20:41:20 INFO  : Context for 'APU' is selected.
20:41:20 INFO  : Hardware design information is loaded from 'C:/Users/SEP16/SoC_2022_MJU/HW2_2/HW2_2_vivado/HW2_2_vivado.sdk/design_1_wrapper_hw_platform_0/system.hdf'.
20:41:20 INFO  : 'configparams force-mem-access 1' command is executed.
20:41:20 INFO  : 'configparams force-mem-access 0' command is executed.
20:41:20 INFO  : ----------------XSDB Script----------------
connect -url tcp:127.0.0.1:3121
targets -set -nocase -filter {name =~"APU*" && jtag_cable_name =~ "Digilent JTAG-SMT2 210251988368"} -index 0
loadhw -hw C:/Users/SEP16/SoC_2022_MJU/HW2_2/HW2_2_vivado/HW2_2_vivado.sdk/design_1_wrapper_hw_platform_0/system.hdf -mem-ranges [list {0x40000000 0xbfffffff}]
configparams force-mem-access 1
configparams force-mem-access 0
----------------End of Script----------------

20:41:20 INFO  : Disconnected from the channel tcfchan#3.
20:47:19 INFO  : Connected to target on host '127.0.0.1' and port '3121'.
20:47:19 INFO  : 'targets -set -filter {jtag_cable_name =~ "Digilent JTAG-SMT2 210251988368" && level==0} -index 1' command is executed.
20:47:21 INFO  : FPGA configured successfully with bitstream "C:/Users/SEP16/SoC_2022_MJU/HW2_2/HW2_2_vivado/HW2_2_vivado.sdk/design_1_wrapper_hw_platform_0/design_1_wrapper.bit"
20:47:34 INFO  : 'targets -set -filter {jtag_cable_name =~ "Digilent JTAG-SMT2 210251988368" && level==0} -index 1' command is executed.
20:47:34 INFO  : 'fpga -state' command is executed.
20:47:34 INFO  : Connected to target on host '127.0.0.1' and port '3121'.
20:47:34 INFO  : Jtag cable 'Digilent JTAG-SMT2 210251988368' is selected.
20:47:34 INFO  : 'jtag frequency' command is executed.
20:47:34 INFO  : Context for 'APU' is selected.
20:47:34 INFO  : Hardware design information is loaded from 'C:/Users/SEP16/SoC_2022_MJU/HW2_2/HW2_2_vivado/HW2_2_vivado.sdk/design_1_wrapper_hw_platform_0/system.hdf'.
20:47:34 INFO  : 'configparams force-mem-access 1' command is executed.
20:47:34 INFO  : 'configparams force-mem-access 0' command is executed.
20:47:34 INFO  : ----------------XSDB Script----------------
connect -url tcp:127.0.0.1:3121
targets -set -nocase -filter {name =~"APU*" && jtag_cable_name =~ "Digilent JTAG-SMT2 210251988368"} -index 0
loadhw -hw C:/Users/SEP16/SoC_2022_MJU/HW2_2/HW2_2_vivado/HW2_2_vivado.sdk/design_1_wrapper_hw_platform_0/system.hdf -mem-ranges [list {0x40000000 0xbfffffff}]
configparams force-mem-access 1
configparams force-mem-access 0
----------------End of Script----------------

20:47:34 INFO  : Disconnected from the channel tcfchan#4.
21:09:13 INFO  : Registering command handlers for SDK TCF services
21:09:14 INFO  : Launching XSCT server: xsct.bat -interactive C:\Users\SEP16\SoC_2022_MJU\HW2_2\HW2_2_vivado\HW2_2_vivado.sdk\temp_xsdb_launch_script.tcl
21:09:16 INFO  : XSCT server has started successfully.
21:09:18 INFO  : Successfully done setting XSCT server connection channel  
21:09:18 INFO  : Successfully done setting SDK workspace  
21:09:18 INFO  : Processing command line option -hwspec C:/Users/SEP16/SoC_2022_MJU/HW2_2/HW2_2_vivado/HW2_2_vivado.sdk/design_1_wrapper.hdf.
21:09:18 INFO  : Checking for hwspec changes in the project design_1_wrapper_hw_platform_0.
21:09:21 INFO  : SDK has detected change in the last modified timestamps for source hardware specification file Source:1654171603934,  Project:1654080051499
21:09:21 INFO  : The hardware specification for project 'design_1_wrapper_hw_platform_0' is different from C:/Users/SEP16/SoC_2022_MJU/HW2_2/HW2_2_vivado/HW2_2_vivado.sdk/design_1_wrapper.hdf.
21:09:22 INFO  : Copied contents of C:/Users/SEP16/SoC_2022_MJU/HW2_2/HW2_2_vivado/HW2_2_vivado.sdk/design_1_wrapper.hdf into \design_1_wrapper_hw_platform_0\system.hdf.
21:09:25 INFO  : Synchronizing projects in the workspace with the hardware platform specification changes.
21:09:28 INFO  : 
21:09:28 INFO  : Updating hardware inferred compiler options for Hello_world.
21:09:28 INFO  : Clearing existing target manager status.
21:10:37 INFO  : Connected to target on host '127.0.0.1' and port '3121'.
21:10:37 INFO  : 'targets -set -filter {jtag_cable_name =~ "Digilent JTAG-SMT2 210251988368" && level==0} -index 1' command is executed.
21:10:39 INFO  : FPGA configured successfully with bitstream "C:/Users/SEP16/SoC_2022_MJU/HW2_2/HW2_2_vivado/HW2_2_vivado.sdk/design_1_wrapper_hw_platform_0/design_1_wrapper.bit"
21:10:49 INFO  : 'targets -set -filter {jtag_cable_name =~ "Digilent JTAG-SMT2 210251988368" && level==0} -index 1' command is executed.
21:10:49 INFO  : 'fpga -state' command is executed.
21:10:49 INFO  : Connected to target on host '127.0.0.1' and port '3121'.
21:10:49 INFO  : Jtag cable 'Digilent JTAG-SMT2 210251988368' is selected.
21:10:49 INFO  : 'jtag frequency' command is executed.
21:10:49 INFO  : Context for 'APU' is selected.
21:10:49 INFO  : Hardware design information is loaded from 'C:/Users/SEP16/SoC_2022_MJU/HW2_2/HW2_2_vivado/HW2_2_vivado.sdk/design_1_wrapper_hw_platform_0/system.hdf'.
21:10:49 INFO  : 'configparams force-mem-access 1' command is executed.
21:10:49 INFO  : 'configparams force-mem-access 0' command is executed.
21:10:49 INFO  : ----------------XSDB Script----------------
connect -url tcp:127.0.0.1:3121
targets -set -nocase -filter {name =~"APU*" && jtag_cable_name =~ "Digilent JTAG-SMT2 210251988368"} -index 0
loadhw -hw C:/Users/SEP16/SoC_2022_MJU/HW2_2/HW2_2_vivado/HW2_2_vivado.sdk/design_1_wrapper_hw_platform_0/system.hdf -mem-ranges [list {0x40000000 0xbfffffff}]
configparams force-mem-access 1
configparams force-mem-access 0
----------------End of Script----------------

21:10:49 INFO  : Disconnected from the channel tcfchan#1.
21:36:48 INFO  : SDK has detected change in the last modified timestamps for source hardware specification file Source:1654173386389,  Project:1654171603934
21:36:48 INFO  : Project design_1_wrapper_hw_platform_0's source hardware specification located at C:/Users/SEP16/SoC_2022_MJU/HW2_2/HW2_2_vivado/HW2_2_vivado.sdk/design_1_wrapper.hdf is now different from the local copy.
		 The local copy will be replaced with the source specification and your workspace will be updated.
21:37:01 INFO  : Copied contents of C:/Users/SEP16/SoC_2022_MJU/HW2_2/HW2_2_vivado/HW2_2_vivado.sdk/design_1_wrapper.hdf into \design_1_wrapper_hw_platform_0\system.hdf.
21:37:03 INFO  : Synchronizing projects in the workspace with the hardware platform specification changes.
21:37:05 INFO  : 
21:37:06 INFO  : Updating hardware inferred compiler options for Hello_world.
21:37:06 INFO  : Clearing existing target manager status.
21:37:19 INFO  : Connected to target on host '127.0.0.1' and port '3121'.
21:37:19 INFO  : 'targets -set -filter {jtag_cable_name =~ "Digilent JTAG-SMT2 210251988368" && level==0} -index 1' command is executed.
21:37:21 INFO  : FPGA configured successfully with bitstream "C:/Users/SEP16/SoC_2022_MJU/HW2_2/HW2_2_vivado/HW2_2_vivado.sdk/design_1_wrapper_hw_platform_0/design_1_wrapper.bit"
21:37:35 INFO  : Connected to target on host '127.0.0.1' and port '3121'.
21:37:35 INFO  : 'targets -set -filter {jtag_cable_name =~ "Digilent JTAG-SMT2 210251988368" && level==0} -index 1' command is executed.
21:37:38 INFO  : FPGA configured successfully with bitstream "C:/Users/SEP16/SoC_2022_MJU/HW2_2/HW2_2_vivado/HW2_2_vivado.sdk/design_1_wrapper_hw_platform_0/design_1_wrapper.bit"
21:37:50 INFO  : 'targets -set -filter {jtag_cable_name =~ "Digilent JTAG-SMT2 210251988368" && level==0} -index 1' command is executed.
21:37:50 INFO  : 'fpga -state' command is executed.
21:37:50 INFO  : Connected to target on host '127.0.0.1' and port '3121'.
21:37:50 INFO  : Jtag cable 'Digilent JTAG-SMT2 210251988368' is selected.
21:37:50 INFO  : 'jtag frequency' command is executed.
21:37:50 INFO  : Context for 'APU' is selected.
21:37:50 INFO  : Hardware design information is loaded from 'C:/Users/SEP16/SoC_2022_MJU/HW2_2/HW2_2_vivado/HW2_2_vivado.sdk/design_1_wrapper_hw_platform_0/system.hdf'.
21:37:50 INFO  : 'configparams force-mem-access 1' command is executed.
21:37:50 INFO  : 'configparams force-mem-access 0' command is executed.
21:37:50 INFO  : ----------------XSDB Script----------------
connect -url tcp:127.0.0.1:3121
targets -set -nocase -filter {name =~"APU*" && jtag_cable_name =~ "Digilent JTAG-SMT2 210251988368"} -index 0
loadhw -hw C:/Users/SEP16/SoC_2022_MJU/HW2_2/HW2_2_vivado/HW2_2_vivado.sdk/design_1_wrapper_hw_platform_0/system.hdf -mem-ranges [list {0x40000000 0xbfffffff}]
configparams force-mem-access 1
configparams force-mem-access 0
----------------End of Script----------------

21:37:50 INFO  : Disconnected from the channel tcfchan#2.
21:39:38 INFO  : Example project Hello_world_bsp_xaxidma_example_simple_poll_1 has been created successfully.
21:42:11 INFO  : Launching XSCT server: xsct.bat -interactive C:\Users\SEP16\SoC_2022_MJU\HW2_2\HW2_2_vivado\HW2_2_vivado.sdk\temp_xsdb_launch_script.tcl
21:42:11 INFO  : Registering command handlers for SDK TCF services
21:42:12 INFO  : XSCT server has started successfully.
21:42:12 INFO  : Successfully done setting XSCT server connection channel  
21:42:12 INFO  : Successfully done setting SDK workspace  
21:42:12 INFO  : Processing command line option -hwspec C:/Users/SEP16/SoC_2022_MJU/HW2_2/HW2_2_vivado/HW2_2_vivado.sdk/design_1_wrapper.hdf.
21:42:13 INFO  : Checking for hwspec changes in the project design_1_wrapper_hw_platform_0.
21:43:19 INFO  : Connected to target on host '127.0.0.1' and port '3121'.
21:43:19 INFO  : 'targets -set -filter {jtag_cable_name =~ "Digilent JTAG-SMT2 210251988368" && level==0} -index 1' command is executed.
21:43:21 INFO  : FPGA configured successfully with bitstream "C:/Users/SEP16/SoC_2022_MJU/HW2_2/HW2_2_vivado/HW2_2_vivado.sdk/design_1_wrapper_hw_platform_0/design_1_wrapper.bit"
21:43:48 INFO  : 'targets -set -filter {jtag_cable_name =~ "Digilent JTAG-SMT2 210251988368" && level==0} -index 1' command is executed.
21:43:48 INFO  : 'fpga -state' command is executed.
21:43:48 INFO  : Connected to target on host '127.0.0.1' and port '3121'.
21:43:48 INFO  : Jtag cable 'Digilent JTAG-SMT2 210251988368' is selected.
21:43:48 INFO  : 'jtag frequency' command is executed.
21:43:48 INFO  : Context for 'APU' is selected.
21:43:48 INFO  : Hardware design information is loaded from 'C:/Users/SEP16/SoC_2022_MJU/HW2_2/HW2_2_vivado/HW2_2_vivado.sdk/design_1_wrapper_hw_platform_0/system.hdf'.
21:43:48 INFO  : 'configparams force-mem-access 1' command is executed.
21:43:48 INFO  : 'configparams force-mem-access 0' command is executed.
21:43:48 INFO  : ----------------XSDB Script----------------
connect -url tcp:127.0.0.1:3121
targets -set -nocase -filter {name =~"APU*" && jtag_cable_name =~ "Digilent JTAG-SMT2 210251988368"} -index 0
loadhw -hw C:/Users/SEP16/SoC_2022_MJU/HW2_2/HW2_2_vivado/HW2_2_vivado.sdk/design_1_wrapper_hw_platform_0/system.hdf -mem-ranges [list {0x40000000 0xbfffffff}]
configparams force-mem-access 1
configparams force-mem-access 0
----------------End of Script----------------

21:43:48 INFO  : Disconnected from the channel tcfchan#1.
21:44:08 INFO  : Connected to target on host '127.0.0.1' and port '3121'.
21:44:08 INFO  : 'targets -set -filter {jtag_cable_name =~ "Digilent JTAG-SMT2 210251988368" && level==0} -index 1' command is executed.
21:44:10 INFO  : FPGA configured successfully with bitstream "C:/Users/SEP16/SoC_2022_MJU/HW2_2/HW2_2_vivado/HW2_2_vivado.sdk/design_1_wrapper_hw_platform_0/design_1_wrapper.bit"
21:44:20 INFO  : 'targets -set -filter {jtag_cable_name =~ "Digilent JTAG-SMT2 210251988368" && level==0} -index 1' command is executed.
21:44:20 INFO  : 'fpga -state' command is executed.
21:44:20 INFO  : Connected to target on host '127.0.0.1' and port '3121'.
21:44:20 INFO  : Jtag cable 'Digilent JTAG-SMT2 210251988368' is selected.
21:44:20 INFO  : 'jtag frequency' command is executed.
21:44:20 INFO  : Context for 'APU' is selected.
21:44:20 INFO  : Hardware design information is loaded from 'C:/Users/SEP16/SoC_2022_MJU/HW2_2/HW2_2_vivado/HW2_2_vivado.sdk/design_1_wrapper_hw_platform_0/system.hdf'.
21:44:20 INFO  : 'configparams force-mem-access 1' command is executed.
21:44:20 INFO  : 'configparams force-mem-access 0' command is executed.
21:44:20 INFO  : ----------------XSDB Script----------------
connect -url tcp:127.0.0.1:3121
targets -set -nocase -filter {name =~"APU*" && jtag_cable_name =~ "Digilent JTAG-SMT2 210251988368"} -index 0
loadhw -hw C:/Users/SEP16/SoC_2022_MJU/HW2_2/HW2_2_vivado/HW2_2_vivado.sdk/design_1_wrapper_hw_platform_0/system.hdf -mem-ranges [list {0x40000000 0xbfffffff}]
configparams force-mem-access 1
configparams force-mem-access 0
----------------End of Script----------------

21:44:20 INFO  : Disconnected from the channel tcfchan#2.
22:17:10 INFO  : Launching XSCT server: xsct.bat -interactive C:\Users\SEP16\SoC_2022_MJU\HW2_2\HW2_2_vivado\HW2_2_vivado.sdk\temp_xsdb_launch_script.tcl
22:17:10 INFO  : Registering command handlers for SDK TCF services
22:17:12 INFO  : XSCT server has started successfully.
22:17:13 INFO  : Successfully done setting XSCT server connection channel  
22:17:13 INFO  : Successfully done setting SDK workspace  
22:17:13 INFO  : Processing command line option -hwspec C:/Users/SEP16/SoC_2022_MJU/HW2_2/HW2_2_vivado/HW2_2_vivado.sdk/design_1_wrapper.hdf.
22:17:13 INFO  : Checking for hwspec changes in the project design_1_wrapper_hw_platform_0.
22:17:15 INFO  : SDK has detected change in the last modified timestamps for source hardware specification file Source:1622639693577,  Project:1654173386389
22:17:15 INFO  : The hardware specification for project 'design_1_wrapper_hw_platform_0' is different from C:/Users/SEP16/SoC_2022_MJU/HW2_2/HW2_2_vivado/HW2_2_vivado.sdk/design_1_wrapper.hdf.
22:17:15 INFO  : Copied contents of C:/Users/SEP16/SoC_2022_MJU/HW2_2/HW2_2_vivado/HW2_2_vivado.sdk/design_1_wrapper.hdf into \design_1_wrapper_hw_platform_0\system.hdf.
22:17:17 INFO  : Synchronizing projects in the workspace with the hardware platform specification changes.
22:17:20 INFO  : 
22:17:21 INFO  : Updating hardware inferred compiler options for Hello_world.
22:17:21 INFO  : Clearing existing target manager status.
22:17:21 INFO  : Workspace synchronized with the new hardware specification file. Cleaning dependent projects...
22:17:22 WARN  : Linker script will not be updated automatically. Users need to update it manually.
22:23:18 INFO  : SDK has detected change in the last modified timestamps for source hardware specification file Source:1654176168299,  Project:1622639693577
22:23:18 INFO  : Project design_1_wrapper_hw_platform_0's source hardware specification located at C:/Users/SEP16/SoC_2022_MJU/HW2_2/HW2_2_vivado/HW2_2_vivado.sdk/design_1_wrapper.hdf is now different from the local copy.
		 The local copy will be replaced with the source specification and your workspace will be updated.
22:23:22 INFO  : Copied contents of C:/Users/SEP16/SoC_2022_MJU/HW2_2/HW2_2_vivado/HW2_2_vivado.sdk/design_1_wrapper.hdf into \design_1_wrapper_hw_platform_0\system.hdf.
22:23:24 INFO  : Synchronizing projects in the workspace with the hardware platform specification changes.
22:23:27 INFO  : 
22:23:28 INFO  : Updating hardware inferred compiler options for Hello_world.
22:23:28 INFO  : Clearing existing target manager status.
22:23:28 INFO  : Closing and re-opening the MSS file of ther project Hello_world_bsp
22:23:29 INFO  : Workspace synchronized with the new hardware specification file. Cleaning dependent projects...
22:23:30 WARN  : Linker script will not be updated automatically. Users need to update it manually.
22:23:44 INFO  : Connected to target on host '127.0.0.1' and port '3121'.
22:23:44 INFO  : 'targets -set -filter {jtag_cable_name =~ "Digilent JTAG-SMT2 210251988368" && level==0} -index 1' command is executed.
22:23:47 INFO  : FPGA configured successfully with bitstream "C:/Users/SEP16/SoC_2022_MJU/HW2_2/HW2_2_vivado/HW2_2_vivado.sdk/design_1_wrapper_hw_platform_0/design_1_wrapper.bit"
22:23:51 INFO  : 'targets -set -filter {jtag_cable_name =~ "Digilent JTAG-SMT2 210251988368" && level==0} -index 1' command is executed.
22:23:51 INFO  : 'fpga -state' command is executed.
22:23:51 INFO  : Connected to target on host '127.0.0.1' and port '3121'.
22:23:52 INFO  : Jtag cable 'Digilent JTAG-SMT2 210251988368' is selected.
22:23:52 INFO  : 'jtag frequency' command is executed.
22:23:52 INFO  : Context for 'APU' is selected.
22:23:52 INFO  : Hardware design information is loaded from 'C:/Users/SEP16/SoC_2022_MJU/HW2_2/HW2_2_vivado/HW2_2_vivado.sdk/design_1_wrapper_hw_platform_0/system.hdf'.
22:23:52 INFO  : 'configparams force-mem-access 1' command is executed.
22:23:52 INFO  : 'configparams force-mem-access 0' command is executed.
22:23:52 INFO  : ----------------XSDB Script----------------
connect -url tcp:127.0.0.1:3121
targets -set -nocase -filter {name =~"APU*" && jtag_cable_name =~ "Digilent JTAG-SMT2 210251988368"} -index 0
loadhw -hw C:/Users/SEP16/SoC_2022_MJU/HW2_2/HW2_2_vivado/HW2_2_vivado.sdk/design_1_wrapper_hw_platform_0/system.hdf -mem-ranges [list {0x40000000 0xbfffffff}]
configparams force-mem-access 1
configparams force-mem-access 0
----------------End of Script----------------

22:23:52 INFO  : Disconnected from the channel tcfchan#1.
22:24:05 INFO  : 'targets -set -filter {jtag_cable_name =~ "Digilent JTAG-SMT2 210251988368" && level==0} -index 1' command is executed.
22:24:05 INFO  : 'fpga -state' command is executed.
22:24:05 INFO  : Connected to target on host '127.0.0.1' and port '3121'.
22:24:05 INFO  : Jtag cable 'Digilent JTAG-SMT2 210251988368' is selected.
22:24:05 INFO  : 'jtag frequency' command is executed.
22:24:05 INFO  : Context for 'APU' is selected.
22:24:05 INFO  : Hardware design information is loaded from 'C:/Users/SEP16/SoC_2022_MJU/HW2_2/HW2_2_vivado/HW2_2_vivado.sdk/design_1_wrapper_hw_platform_0/system.hdf'.
22:24:05 INFO  : 'configparams force-mem-access 1' command is executed.
22:24:05 INFO  : 'configparams force-mem-access 0' command is executed.
22:24:05 INFO  : ----------------XSDB Script----------------
connect -url tcp:127.0.0.1:3121
targets -set -nocase -filter {name =~"APU*" && jtag_cable_name =~ "Digilent JTAG-SMT2 210251988368"} -index 0
loadhw -hw C:/Users/SEP16/SoC_2022_MJU/HW2_2/HW2_2_vivado/HW2_2_vivado.sdk/design_1_wrapper_hw_platform_0/system.hdf -mem-ranges [list {0x40000000 0xbfffffff}]
configparams force-mem-access 1
configparams force-mem-access 0
----------------End of Script----------------

22:24:05 INFO  : Disconnected from the channel tcfchan#2.
22:25:55 INFO  : Connected to target on host '127.0.0.1' and port '3121'.
22:25:55 INFO  : 'targets -set -filter {jtag_cable_name =~ "Digilent JTAG-SMT2 210251988368" && level==0} -index 1' command is executed.
22:25:57 INFO  : FPGA configured successfully with bitstream "C:/Users/SEP16/SoC_2022_MJU/HW2_2/HW2_2_vivado/HW2_2_vivado.sdk/design_1_wrapper_hw_platform_0/design_1_wrapper.bit"
22:26:18 INFO  : Connected to target on host '127.0.0.1' and port '3121'.
22:26:18 INFO  : 'targets -set -filter {jtag_cable_name =~ "Digilent JTAG-SMT2 210251988368" && level==0} -index 1' command is executed.
22:26:21 INFO  : FPGA configured successfully with bitstream "C:/Users/SEP16/SoC_2022_MJU/HW2_2/HW2_2_vivado/HW2_2_vivado.sdk/design_1_wrapper_hw_platform_0/design_1_wrapper.bit"
22:26:29 INFO  : 'targets -set -filter {jtag_cable_name =~ "Digilent JTAG-SMT2 210251988368" && level==0} -index 1' command is executed.
22:26:29 INFO  : 'fpga -state' command is executed.
22:26:29 INFO  : Connected to target on host '127.0.0.1' and port '3121'.
22:26:29 INFO  : Jtag cable 'Digilent JTAG-SMT2 210251988368' is selected.
22:26:29 INFO  : 'jtag frequency' command is executed.
22:26:29 INFO  : Sourcing of 'C:/Users/SEP16/SoC_2022_MJU/HW2_2/HW2_2_vivado/HW2_2_vivado.sdk/design_1_wrapper_hw_platform_0/ps7_init.tcl' is done.
22:26:29 INFO  : Context for 'APU' is selected.
22:26:29 INFO  : Hardware design information is loaded from 'C:/Users/SEP16/SoC_2022_MJU/HW2_2/HW2_2_vivado/HW2_2_vivado.sdk/design_1_wrapper_hw_platform_0/system.hdf'.
22:26:29 INFO  : 'configparams force-mem-access 1' command is executed.
22:26:29 INFO  : Context for 'APU' is selected.
22:26:29 INFO  : 'stop' command is executed.
22:26:29 INFO  : 'ps7_init' command is executed.
22:26:29 INFO  : 'ps7_post_config' command is executed.
22:26:29 INFO  : Context for processor 'ps7_cortexa9_0' is selected.
22:26:29 INFO  : Processor reset is completed for 'ps7_cortexa9_0'.
22:26:29 INFO  : Context for processor 'ps7_cortexa9_0' is selected.
22:26:29 INFO  : The application 'C:/Users/SEP16/SoC_2022_MJU/HW2_2/HW2_2_vivado/HW2_2_vivado.sdk/Hello_world/Debug/Hello_world.elf' is downloaded to processor 'ps7_cortexa9_0'.
22:26:29 INFO  : 'configparams force-mem-access 0' command is executed.
22:26:29 INFO  : ----------------XSDB Script----------------
connect -url tcp:127.0.0.1:3121
source C:/Users/SEP16/SoC_2022_MJU/HW2_2/HW2_2_vivado/HW2_2_vivado.sdk/design_1_wrapper_hw_platform_0/ps7_init.tcl
targets -set -nocase -filter {name =~"APU*" && jtag_cable_name =~ "Digilent JTAG-SMT2 210251988368"} -index 0
loadhw -hw C:/Users/SEP16/SoC_2022_MJU/HW2_2/HW2_2_vivado/HW2_2_vivado.sdk/design_1_wrapper_hw_platform_0/system.hdf -mem-ranges [list {0x40000000 0xbfffffff}]
configparams force-mem-access 1
targets -set -nocase -filter {name =~"APU*" && jtag_cable_name =~ "Digilent JTAG-SMT2 210251988368"} -index 0
stop
ps7_init
ps7_post_config
targets -set -nocase -filter {name =~ "ARM*#0" && jtag_cable_name =~ "Digilent JTAG-SMT2 210251988368"} -index 0
rst -processor
targets -set -nocase -filter {name =~ "ARM*#0" && jtag_cable_name =~ "Digilent JTAG-SMT2 210251988368"} -index 0
dow C:/Users/SEP16/SoC_2022_MJU/HW2_2/HW2_2_vivado/HW2_2_vivado.sdk/Hello_world/Debug/Hello_world.elf
configparams force-mem-access 0
----------------End of Script----------------

22:26:29 INFO  : Context for processor 'ps7_cortexa9_0' is selected.
22:26:29 INFO  : 'con' command is executed.
22:26:29 INFO  : ----------------XSDB Script (After Launch)----------------
targets -set -nocase -filter {name =~ "ARM*#0" && jtag_cable_name =~ "Digilent JTAG-SMT2 210251988368"} -index 0
con
----------------End of Script----------------

22:26:29 INFO  : Disconnected from the channel tcfchan#3.
