01:41:19 INFO  : Registering command handlers for SDK TCF services
01:41:20 INFO  : Launching XSCT server: xsct.bat -interactive C:\SoC_2022_MJU\HW\HW.sdk\temp_xsdb_launch_script.tcl
01:41:23 INFO  : XSCT server has started successfully.
01:41:25 INFO  : Successfully done setting XSCT server connection channel  
01:41:25 INFO  : Successfully done setting SDK workspace  
01:41:25 INFO  : Processing command line option -hwspec C:/SoC_2022_MJU/HW/HW.sdk/design_1_wrapper.hdf.
02:21:15 INFO  : Registering command handlers for SDK TCF services
02:21:15 INFO  : Launching XSCT server: xsct.bat -interactive C:\SoC_2022_MJU\HW\HW.sdk\temp_xsdb_launch_script.tcl
02:21:17 INFO  : XSCT server has started successfully.
02:21:17 INFO  : Successfully done setting XSCT server connection channel  
02:21:17 INFO  : Successfully done setting SDK workspace  
02:21:17 INFO  : Processing command line option -hwspec C:/SoC_2022_MJU/HW/HW.sdk/design_1_wrapper.hdf.
02:21:17 INFO  : Checking for hwspec changes in the project design_1_wrapper_hw_platform_0.
02:21:20 INFO  : SDK has detected change in the last modified timestamps for source hardware specification file Source:1652115617388,  Project:1652114430697
02:21:20 INFO  : The hardware specification for project 'design_1_wrapper_hw_platform_0' is different from C:/SoC_2022_MJU/HW/HW.sdk/design_1_wrapper.hdf.
02:21:20 INFO  : Copied contents of C:/SoC_2022_MJU/HW/HW.sdk/design_1_wrapper.hdf into \design_1_wrapper_hw_platform_0\system.hdf.
02:21:23 INFO  : Synchronizing projects in the workspace with the hardware platform specification changes.
02:21:27 INFO  : 
02:21:28 INFO  : Updating hardware inferred compiler options for HW1.
02:21:28 INFO  : Clearing existing target manager status.
02:21:28 INFO  : Workspace synchronized with the new hardware specification file. Cleaning dependent projects...
02:21:30 WARN  : Linker script will not be updated automatically. Users need to update it manually.
