01:27:15 INFO  : Registering command handlers for SDK TCF services
01:27:15 INFO  : Launching XSCT server: xsct.bat -interactive C:\Users\SEP16\SoC_2022_MJU\HW2_rev3\HW2_rev3.sdk\temp_xsdb_launch_script.tcl
01:27:16 INFO  : XSCT server has started successfully.
01:27:16 INFO  : Successfully done setting XSCT server connection channel  
01:27:16 INFO  : Successfully done setting SDK workspace  
01:27:16 INFO  : Processing command line option -hwspec C:/Users/SEP16/SoC_2022_MJU/HW2_rev3/HW2_rev3.sdk/design_1_wrapper.hdf.
01:28:20 INFO  : Connected to target on host '127.0.0.1' and port '3121'.
01:28:20 INFO  : 'targets -set -filter {jtag_cable_name =~ "Digilent JTAG-SMT2 210251988338" && level==0} -index 1' command is executed.
01:28:21 ERROR : 'fpga -file C:/Users/SEP16/SoC_2022_MJU/HW2_rev3/HW2_rev3.sdk/design_1_wrapper_hw_platform_0/design_1_wrapper.bit' is cancelled.
01:28:21 INFO  : Issued abort command to xsdb.
01:28:26 INFO  : Connected to target on host '127.0.0.1' and port '3121'.
01:28:26 INFO  : 'targets -set -filter {jtag_cable_name =~ "Digilent JTAG-SMT2 210251988338" && level==0} -index 1' command is executed.
01:28:29 INFO  : FPGA configured successfully with bitstream "C:/Users/SEP16/SoC_2022_MJU/HW2_rev3/HW2_rev3.sdk/design_1_wrapper_hw_platform_0/design_1_wrapper.bit"
01:28:36 INFO  : 'targets -set -filter {jtag_cable_name =~ "Digilent JTAG-SMT2 210251988338" && level==0} -index 1' command is executed.
01:28:36 INFO  : 'fpga -state' command is executed.
01:28:36 INFO  : Connected to target on host '127.0.0.1' and port '3121'.
01:28:36 INFO  : Jtag cable 'Digilent JTAG-SMT2 210251988338' is selected.
01:28:36 INFO  : 'jtag frequency' command is executed.
01:28:36 INFO  : Context for 'APU' is selected.
01:28:36 INFO  : Hardware design information is loaded from 'C:/Users/SEP16/SoC_2022_MJU/HW2_rev3/HW2_rev3.sdk/design_1_wrapper_hw_platform_0/system.hdf'.
01:28:36 INFO  : 'configparams force-mem-access 1' command is executed.
01:28:36 INFO  : 'configparams force-mem-access 0' command is executed.
01:28:36 INFO  : ----------------XSDB Script----------------
connect -url tcp:127.0.0.1:3121
targets -set -nocase -filter {name =~"APU*" && jtag_cable_name =~ "Digilent JTAG-SMT2 210251988338"} -index 0
loadhw -hw C:/Users/SEP16/SoC_2022_MJU/HW2_rev3/HW2_rev3.sdk/design_1_wrapper_hw_platform_0/system.hdf -mem-ranges [list {0x40000000 0xbfffffff}]
configparams force-mem-access 1
configparams force-mem-access 0
----------------End of Script----------------

01:28:36 INFO  : Disconnected from the channel tcfchan#1.
01:29:44 INFO  : Connected to target on host '127.0.0.1' and port '3121'.
01:29:44 INFO  : 'targets -set -filter {jtag_cable_name =~ "Digilent JTAG-SMT2 210251988338" && level==0} -index 1' command is executed.
01:29:46 INFO  : FPGA configured successfully with bitstream "C:/Users/SEP16/SoC_2022_MJU/HW2_rev3/HW2_rev3.sdk/design_1_wrapper_hw_platform_0/design_1_wrapper.bit"
01:30:34 INFO  : 'targets -set -filter {jtag_cable_name =~ "Digilent JTAG-SMT2 210251988338" && level==0} -index 1' command is executed.
01:30:34 INFO  : 'fpga -state' command is executed.
01:30:34 INFO  : Connected to target on host '127.0.0.1' and port '3121'.
01:30:34 INFO  : Jtag cable 'Digilent JTAG-SMT2 210251988338' is selected.
01:30:34 INFO  : 'jtag frequency' command is executed.
01:30:34 INFO  : Context for 'APU' is selected.
01:30:34 INFO  : Hardware design information is loaded from 'C:/Users/SEP16/SoC_2022_MJU/HW2_rev3/HW2_rev3.sdk/design_1_wrapper_hw_platform_0/system.hdf'.
01:30:34 INFO  : 'configparams force-mem-access 1' command is executed.
01:30:34 INFO  : 'configparams force-mem-access 0' command is executed.
01:30:34 INFO  : ----------------XSDB Script----------------
connect -url tcp:127.0.0.1:3121
targets -set -nocase -filter {name =~"APU*" && jtag_cable_name =~ "Digilent JTAG-SMT2 210251988338"} -index 0
loadhw -hw C:/Users/SEP16/SoC_2022_MJU/HW2_rev3/HW2_rev3.sdk/design_1_wrapper_hw_platform_0/system.hdf -mem-ranges [list {0x40000000 0xbfffffff}]
configparams force-mem-access 1
configparams force-mem-access 0
----------------End of Script----------------

01:30:34 INFO  : Disconnected from the channel tcfchan#2.
01:31:45 INFO  : Connected to target on host '127.0.0.1' and port '3121'.
01:31:45 INFO  : 'targets -set -filter {jtag_cable_name =~ "Digilent JTAG-SMT2 210251988338" && level==0} -index 1' command is executed.
01:31:47 INFO  : FPGA configured successfully with bitstream "C:/Users/SEP16/SoC_2022_MJU/HW2_rev3/HW2_rev3.sdk/design_1_wrapper_hw_platform_0/design_1_wrapper.bit"
01:31:57 INFO  : 'targets -set -filter {jtag_cable_name =~ "Digilent JTAG-SMT2 210251988338" && level==0} -index 1' command is executed.
01:31:57 INFO  : 'fpga -state' command is executed.
01:31:57 INFO  : Connected to target on host '127.0.0.1' and port '3121'.
01:31:57 INFO  : Jtag cable 'Digilent JTAG-SMT2 210251988338' is selected.
01:31:57 INFO  : 'jtag frequency' command is executed.
01:31:57 INFO  : Context for 'APU' is selected.
01:31:57 INFO  : Hardware design information is loaded from 'C:/Users/SEP16/SoC_2022_MJU/HW2_rev3/HW2_rev3.sdk/design_1_wrapper_hw_platform_0/system.hdf'.
01:31:57 INFO  : 'configparams force-mem-access 1' command is executed.
01:31:57 INFO  : 'configparams force-mem-access 0' command is executed.
01:31:57 INFO  : ----------------XSDB Script----------------
connect -url tcp:127.0.0.1:3121
targets -set -nocase -filter {name =~"APU*" && jtag_cable_name =~ "Digilent JTAG-SMT2 210251988338"} -index 0
loadhw -hw C:/Users/SEP16/SoC_2022_MJU/HW2_rev3/HW2_rev3.sdk/design_1_wrapper_hw_platform_0/system.hdf -mem-ranges [list {0x40000000 0xbfffffff}]
configparams force-mem-access 1
configparams force-mem-access 0
----------------End of Script----------------

01:31:57 INFO  : Disconnected from the channel tcfchan#3.
01:32:32 INFO  : 'targets -set -filter {jtag_cable_name =~ "Digilent JTAG-SMT2 210251988338" && level==0} -index 1' command is executed.
01:32:32 INFO  : 'fpga -state' command is executed.
01:32:32 INFO  : Connected to target on host '127.0.0.1' and port '3121'.
01:32:32 INFO  : Jtag cable 'Digilent JTAG-SMT2 210251988338' is selected.
01:32:32 INFO  : 'jtag frequency' command is executed.
01:32:32 INFO  : Sourcing of 'C:/Users/SEP16/SoC_2022_MJU/HW2_rev3/HW2_rev3.sdk/design_1_wrapper_hw_platform_0/ps7_init.tcl' is done.
01:32:32 INFO  : Context for 'APU' is selected.
01:32:32 INFO  : Hardware design information is loaded from 'C:/Users/SEP16/SoC_2022_MJU/HW2_rev3/HW2_rev3.sdk/design_1_wrapper_hw_platform_0/system.hdf'.
01:32:32 INFO  : 'configparams force-mem-access 1' command is executed.
01:32:32 INFO  : Context for 'APU' is selected.
01:32:32 INFO  : 'stop' command is executed.
01:32:32 INFO  : 'ps7_init' command is executed.
01:32:32 INFO  : 'ps7_post_config' command is executed.
01:32:32 INFO  : Context for processor 'ps7_cortexa9_0' is selected.
01:32:32 INFO  : Processor reset is completed for 'ps7_cortexa9_0'.
01:32:32 INFO  : Context for processor 'ps7_cortexa9_0' is selected.
01:32:33 INFO  : The application 'C:/Users/SEP16/SoC_2022_MJU/HW2_rev3/HW2_rev3.sdk/helloworld/Debug/helloworld.elf' is downloaded to processor 'ps7_cortexa9_0'.
01:32:33 INFO  : 'configparams force-mem-access 0' command is executed.
01:32:33 INFO  : ----------------XSDB Script----------------
connect -url tcp:127.0.0.1:3121
source C:/Users/SEP16/SoC_2022_MJU/HW2_rev3/HW2_rev3.sdk/design_1_wrapper_hw_platform_0/ps7_init.tcl
targets -set -nocase -filter {name =~"APU*" && jtag_cable_name =~ "Digilent JTAG-SMT2 210251988338"} -index 0
loadhw -hw C:/Users/SEP16/SoC_2022_MJU/HW2_rev3/HW2_rev3.sdk/design_1_wrapper_hw_platform_0/system.hdf -mem-ranges [list {0x40000000 0xbfffffff}]
configparams force-mem-access 1
targets -set -nocase -filter {name =~"APU*" && jtag_cable_name =~ "Digilent JTAG-SMT2 210251988338"} -index 0
stop
ps7_init
ps7_post_config
targets -set -nocase -filter {name =~ "ARM*#0" && jtag_cable_name =~ "Digilent JTAG-SMT2 210251988338"} -index 0
rst -processor
targets -set -nocase -filter {name =~ "ARM*#0" && jtag_cable_name =~ "Digilent JTAG-SMT2 210251988338"} -index 0
dow C:/Users/SEP16/SoC_2022_MJU/HW2_rev3/HW2_rev3.sdk/helloworld/Debug/helloworld.elf
configparams force-mem-access 0
----------------End of Script----------------

01:32:33 INFO  : Context for processor 'ps7_cortexa9_0' is selected.
01:32:33 INFO  : 'con' command is executed.
01:32:33 INFO  : ----------------XSDB Script (After Launch)----------------
targets -set -nocase -filter {name =~ "ARM*#0" && jtag_cable_name =~ "Digilent JTAG-SMT2 210251988338"} -index 0
con
----------------End of Script----------------

01:32:33 INFO  : Disconnected from the channel tcfchan#4.
01:49:32 INFO  : Connected to target on host '127.0.0.1' and port '3121'.
01:49:33 INFO  : 'targets -set -filter {jtag_cable_name =~ "Digilent JTAG-SMT2 210251988338" && level==0} -index 1' command is executed.
01:49:35 INFO  : FPGA configured successfully with bitstream "C:/Users/SEP16/SoC_2022_MJU/HW2_rev3/HW2_rev3.sdk/design_1_wrapper_hw_platform_0/design_1_wrapper.bit"
01:50:28 INFO  : Connected to target on host '127.0.0.1' and port '3121'.
01:50:28 INFO  : 'targets -set -filter {jtag_cable_name =~ "Digilent JTAG-SMT2 210251988338" && level==0} -index 1' command is executed.
01:50:30 INFO  : FPGA configured successfully with bitstream "C:/Users/SEP16/SoC_2022_MJU/HW2_rev3/HW2_rev3.sdk/design_1_wrapper_hw_platform_0/design_1_wrapper.bit"
01:51:05 INFO  : 'targets -set -filter {jtag_cable_name =~ "Digilent JTAG-SMT2 210251988338" && level==0} -index 1' command is executed.
01:51:05 INFO  : 'fpga -state' command is executed.
01:51:05 INFO  : Connected to target on host '127.0.0.1' and port '3121'.
01:51:06 INFO  : Jtag cable 'Digilent JTAG-SMT2 210251988338' is selected.
01:51:06 INFO  : 'jtag frequency' command is executed.
01:51:06 INFO  : Sourcing of 'C:/Users/SEP16/SoC_2022_MJU/HW2_rev3/HW2_rev3.sdk/design_1_wrapper_hw_platform_0/ps7_init.tcl' is done.
01:51:06 INFO  : Context for 'APU' is selected.
01:51:06 INFO  : Hardware design information is loaded from 'C:/Users/SEP16/SoC_2022_MJU/HW2_rev3/HW2_rev3.sdk/design_1_wrapper_hw_platform_0/system.hdf'.
01:51:06 INFO  : 'configparams force-mem-access 1' command is executed.
01:51:06 INFO  : Context for 'APU' is selected.
01:51:06 INFO  : 'stop' command is executed.
01:51:06 INFO  : 'ps7_init' command is executed.
01:51:06 INFO  : 'ps7_post_config' command is executed.
01:51:06 INFO  : Context for processor 'ps7_cortexa9_0' is selected.
01:51:06 INFO  : Processor reset is completed for 'ps7_cortexa9_0'.
01:51:06 INFO  : Context for processor 'ps7_cortexa9_0' is selected.
01:51:06 INFO  : The application 'C:/Users/SEP16/SoC_2022_MJU/HW2_rev3/HW2_rev3.sdk/helloworld/Debug/helloworld.elf' is downloaded to processor 'ps7_cortexa9_0'.
01:51:06 INFO  : 'configparams force-mem-access 0' command is executed.
01:51:06 INFO  : ----------------XSDB Script----------------
connect -url tcp:127.0.0.1:3121
source C:/Users/SEP16/SoC_2022_MJU/HW2_rev3/HW2_rev3.sdk/design_1_wrapper_hw_platform_0/ps7_init.tcl
targets -set -nocase -filter {name =~"APU*" && jtag_cable_name =~ "Digilent JTAG-SMT2 210251988338"} -index 0
loadhw -hw C:/Users/SEP16/SoC_2022_MJU/HW2_rev3/HW2_rev3.sdk/design_1_wrapper_hw_platform_0/system.hdf -mem-ranges [list {0x40000000 0xbfffffff}]
configparams force-mem-access 1
targets -set -nocase -filter {name =~"APU*" && jtag_cable_name =~ "Digilent JTAG-SMT2 210251988338"} -index 0
stop
ps7_init
ps7_post_config
targets -set -nocase -filter {name =~ "ARM*#0" && jtag_cable_name =~ "Digilent JTAG-SMT2 210251988338"} -index 0
rst -processor
targets -set -nocase -filter {name =~ "ARM*#0" && jtag_cable_name =~ "Digilent JTAG-SMT2 210251988338"} -index 0
dow C:/Users/SEP16/SoC_2022_MJU/HW2_rev3/HW2_rev3.sdk/helloworld/Debug/helloworld.elf
configparams force-mem-access 0
----------------End of Script----------------

01:51:06 INFO  : Context for processor 'ps7_cortexa9_0' is selected.
01:51:06 INFO  : 'con' command is executed.
01:51:06 INFO  : ----------------XSDB Script (After Launch)----------------
targets -set -nocase -filter {name =~ "ARM*#0" && jtag_cable_name =~ "Digilent JTAG-SMT2 210251988338"} -index 0
con
----------------End of Script----------------

01:51:06 INFO  : Disconnected from the channel tcfchan#5.
01:51:57 INFO  : Connected to target on host '127.0.0.1' and port '3121'.
01:51:57 INFO  : 'targets -set -filter {jtag_cable_name =~ "Digilent JTAG-SMT2 210251988338" && level==0} -index 1' command is executed.
01:51:59 INFO  : FPGA configured successfully with bitstream "C:/Users/SEP16/SoC_2022_MJU/HW2_rev3/HW2_rev3.sdk/design_1_wrapper_hw_platform_0/design_1_wrapper.bit"
01:52:06 INFO  : 'targets -set -filter {jtag_cable_name =~ "Digilent JTAG-SMT2 210251988338" && level==0} -index 1' command is executed.
01:52:06 INFO  : 'fpga -state' command is executed.
01:52:06 INFO  : Connected to target on host '127.0.0.1' and port '3121'.
01:52:07 INFO  : Jtag cable 'Digilent JTAG-SMT2 210251988338' is selected.
01:52:07 INFO  : 'jtag frequency' command is executed.
01:52:07 INFO  : Sourcing of 'C:/Users/SEP16/SoC_2022_MJU/HW2_rev3/HW2_rev3.sdk/design_1_wrapper_hw_platform_0/ps7_init.tcl' is done.
01:52:07 INFO  : Context for 'APU' is selected.
01:52:07 INFO  : Hardware design information is loaded from 'C:/Users/SEP16/SoC_2022_MJU/HW2_rev3/HW2_rev3.sdk/design_1_wrapper_hw_platform_0/system.hdf'.
01:52:07 INFO  : 'configparams force-mem-access 1' command is executed.
01:52:07 INFO  : Context for 'APU' is selected.
01:52:07 INFO  : 'stop' command is executed.
01:52:07 INFO  : 'ps7_init' command is executed.
01:52:07 INFO  : 'ps7_post_config' command is executed.
01:52:07 INFO  : Context for processor 'ps7_cortexa9_0' is selected.
01:52:07 INFO  : Processor reset is completed for 'ps7_cortexa9_0'.
01:52:07 INFO  : Context for processor 'ps7_cortexa9_0' is selected.
01:52:07 INFO  : The application 'C:/Users/SEP16/SoC_2022_MJU/HW2_rev3/HW2_rev3.sdk/helloworld/Debug/helloworld.elf' is downloaded to processor 'ps7_cortexa9_0'.
01:52:07 INFO  : 'configparams force-mem-access 0' command is executed.
01:52:07 INFO  : ----------------XSDB Script----------------
connect -url tcp:127.0.0.1:3121
source C:/Users/SEP16/SoC_2022_MJU/HW2_rev3/HW2_rev3.sdk/design_1_wrapper_hw_platform_0/ps7_init.tcl
targets -set -nocase -filter {name =~"APU*" && jtag_cable_name =~ "Digilent JTAG-SMT2 210251988338"} -index 0
loadhw -hw C:/Users/SEP16/SoC_2022_MJU/HW2_rev3/HW2_rev3.sdk/design_1_wrapper_hw_platform_0/system.hdf -mem-ranges [list {0x40000000 0xbfffffff}]
configparams force-mem-access 1
targets -set -nocase -filter {name =~"APU*" && jtag_cable_name =~ "Digilent JTAG-SMT2 210251988338"} -index 0
stop
ps7_init
ps7_post_config
targets -set -nocase -filter {name =~ "ARM*#0" && jtag_cable_name =~ "Digilent JTAG-SMT2 210251988338"} -index 0
rst -processor
targets -set -nocase -filter {name =~ "ARM*#0" && jtag_cable_name =~ "Digilent JTAG-SMT2 210251988338"} -index 0
dow C:/Users/SEP16/SoC_2022_MJU/HW2_rev3/HW2_rev3.sdk/helloworld/Debug/helloworld.elf
configparams force-mem-access 0
----------------End of Script----------------

01:52:07 INFO  : Context for processor 'ps7_cortexa9_0' is selected.
01:52:07 INFO  : 'con' command is executed.
01:52:07 INFO  : ----------------XSDB Script (After Launch)----------------
targets -set -nocase -filter {name =~ "ARM*#0" && jtag_cable_name =~ "Digilent JTAG-SMT2 210251988338"} -index 0
con
----------------End of Script----------------

01:52:07 INFO  : Disconnected from the channel tcfchan#6.
01:52:48 INFO  : 'targets -set -filter {jtag_cable_name =~ "Digilent JTAG-SMT2 210251988338" && level==0} -index 1' command is executed.
01:52:48 INFO  : 'fpga -state' command is executed.
01:52:48 INFO  : Connected to target on host '127.0.0.1' and port '3121'.
01:52:48 INFO  : Jtag cable 'Digilent JTAG-SMT2 210251988338' is selected.
01:52:48 INFO  : 'jtag frequency' command is executed.
01:52:48 INFO  : Sourcing of 'C:/Users/SEP16/SoC_2022_MJU/HW2_rev3/HW2_rev3.sdk/design_1_wrapper_hw_platform_0/ps7_init.tcl' is done.
01:52:48 INFO  : Context for 'APU' is selected.
01:52:49 INFO  : Hardware design information is loaded from 'C:/Users/SEP16/SoC_2022_MJU/HW2_rev3/HW2_rev3.sdk/design_1_wrapper_hw_platform_0/system.hdf'.
01:52:49 INFO  : 'configparams force-mem-access 1' command is executed.
01:52:49 INFO  : Context for 'APU' is selected.
01:52:49 INFO  : 'stop' command is executed.
01:52:50 INFO  : 'ps7_init' command is executed.
01:52:50 INFO  : 'ps7_post_config' command is executed.
01:52:50 INFO  : Context for processor 'ps7_cortexa9_0' is selected.
01:52:50 INFO  : Processor reset is completed for 'ps7_cortexa9_0'.
01:52:50 INFO  : Context for processor 'ps7_cortexa9_0' is selected.
01:52:50 INFO  : The application 'C:/Users/SEP16/SoC_2022_MJU/HW2_rev3/HW2_rev3.sdk/helloworld/Debug/helloworld.elf' is downloaded to processor 'ps7_cortexa9_0'.
01:52:50 INFO  : 'configparams force-mem-access 0' command is executed.
01:52:50 INFO  : ----------------XSDB Script----------------
connect -url tcp:127.0.0.1:3121
source C:/Users/SEP16/SoC_2022_MJU/HW2_rev3/HW2_rev3.sdk/design_1_wrapper_hw_platform_0/ps7_init.tcl
targets -set -nocase -filter {name =~"APU*" && jtag_cable_name =~ "Digilent JTAG-SMT2 210251988338"} -index 0
loadhw -hw C:/Users/SEP16/SoC_2022_MJU/HW2_rev3/HW2_rev3.sdk/design_1_wrapper_hw_platform_0/system.hdf -mem-ranges [list {0x40000000 0xbfffffff}]
configparams force-mem-access 1
targets -set -nocase -filter {name =~"APU*" && jtag_cable_name =~ "Digilent JTAG-SMT2 210251988338"} -index 0
stop
ps7_init
ps7_post_config
targets -set -nocase -filter {name =~ "ARM*#0" && jtag_cable_name =~ "Digilent JTAG-SMT2 210251988338"} -index 0
rst -processor
targets -set -nocase -filter {name =~ "ARM*#0" && jtag_cable_name =~ "Digilent JTAG-SMT2 210251988338"} -index 0
dow C:/Users/SEP16/SoC_2022_MJU/HW2_rev3/HW2_rev3.sdk/helloworld/Debug/helloworld.elf
configparams force-mem-access 0
----------------End of Script----------------

01:52:50 INFO  : Context for processor 'ps7_cortexa9_0' is selected.
01:52:50 INFO  : 'con' command is executed.
01:52:50 INFO  : ----------------XSDB Script (After Launch)----------------
targets -set -nocase -filter {name =~ "ARM*#0" && jtag_cable_name =~ "Digilent JTAG-SMT2 210251988338"} -index 0
con
----------------End of Script----------------

01:52:50 INFO  : Disconnected from the channel tcfchan#7.
01:53:58 INFO  : Connected to target on host '127.0.0.1' and port '3121'.
01:53:58 INFO  : 'targets -set -filter {jtag_cable_name =~ "Digilent JTAG-SMT2 210251988338" && level==0} -index 1' command is executed.
01:54:01 INFO  : FPGA configured successfully with bitstream "C:/Users/SEP16/SoC_2022_MJU/HW2_rev3/HW2_rev3.sdk/design_1_wrapper_hw_platform_0/design_1_wrapper.bit"
01:54:12 INFO  : 'targets -set -filter {jtag_cable_name =~ "Digilent JTAG-SMT2 210251988338" && level==0} -index 1' command is executed.
01:54:12 INFO  : 'fpga -state' command is executed.
01:54:12 INFO  : Connected to target on host '127.0.0.1' and port '3121'.
01:54:13 INFO  : Jtag cable 'Digilent JTAG-SMT2 210251988338' is selected.
01:54:13 INFO  : 'jtag frequency' command is executed.
01:54:13 INFO  : Sourcing of 'C:/Users/SEP16/SoC_2022_MJU/HW2_rev3/HW2_rev3.sdk/design_1_wrapper_hw_platform_0/ps7_init.tcl' is done.
01:54:13 INFO  : Context for 'APU' is selected.
01:54:13 INFO  : Hardware design information is loaded from 'C:/Users/SEP16/SoC_2022_MJU/HW2_rev3/HW2_rev3.sdk/design_1_wrapper_hw_platform_0/system.hdf'.
01:54:13 INFO  : 'configparams force-mem-access 1' command is executed.
01:54:13 INFO  : Context for 'APU' is selected.
01:54:13 INFO  : 'stop' command is executed.
01:54:13 INFO  : 'ps7_init' command is executed.
01:54:13 INFO  : 'ps7_post_config' command is executed.
01:54:13 INFO  : Context for processor 'ps7_cortexa9_0' is selected.
01:54:13 INFO  : Processor reset is completed for 'ps7_cortexa9_0'.
01:54:13 INFO  : Context for processor 'ps7_cortexa9_0' is selected.
01:54:13 INFO  : The application 'C:/Users/SEP16/SoC_2022_MJU/HW2_rev3/HW2_rev3.sdk/helloworld/Debug/helloworld.elf' is downloaded to processor 'ps7_cortexa9_0'.
01:54:13 INFO  : 'configparams force-mem-access 0' command is executed.
01:54:13 INFO  : ----------------XSDB Script----------------
connect -url tcp:127.0.0.1:3121
source C:/Users/SEP16/SoC_2022_MJU/HW2_rev3/HW2_rev3.sdk/design_1_wrapper_hw_platform_0/ps7_init.tcl
targets -set -nocase -filter {name =~"APU*" && jtag_cable_name =~ "Digilent JTAG-SMT2 210251988338"} -index 0
loadhw -hw C:/Users/SEP16/SoC_2022_MJU/HW2_rev3/HW2_rev3.sdk/design_1_wrapper_hw_platform_0/system.hdf -mem-ranges [list {0x40000000 0xbfffffff}]
configparams force-mem-access 1
targets -set -nocase -filter {name =~"APU*" && jtag_cable_name =~ "Digilent JTAG-SMT2 210251988338"} -index 0
stop
ps7_init
ps7_post_config
targets -set -nocase -filter {name =~ "ARM*#0" && jtag_cable_name =~ "Digilent JTAG-SMT2 210251988338"} -index 0
rst -processor
targets -set -nocase -filter {name =~ "ARM*#0" && jtag_cable_name =~ "Digilent JTAG-SMT2 210251988338"} -index 0
dow C:/Users/SEP16/SoC_2022_MJU/HW2_rev3/HW2_rev3.sdk/helloworld/Debug/helloworld.elf
configparams force-mem-access 0
----------------End of Script----------------

01:54:13 INFO  : Context for processor 'ps7_cortexa9_0' is selected.
01:54:13 INFO  : 'con' command is executed.
01:54:13 INFO  : ----------------XSDB Script (After Launch)----------------
targets -set -nocase -filter {name =~ "ARM*#0" && jtag_cable_name =~ "Digilent JTAG-SMT2 210251988338"} -index 0
con
----------------End of Script----------------

01:54:13 INFO  : Disconnected from the channel tcfchan#8.
01:54:30 INFO  : 'targets -set -filter {jtag_cable_name =~ "Digilent JTAG-SMT2 210251988338" && level==0} -index 1' command is executed.
01:54:30 INFO  : 'fpga -state' command is executed.
01:54:30 INFO  : Connected to target on host '127.0.0.1' and port '3121'.
01:54:30 INFO  : Jtag cable 'Digilent JTAG-SMT2 210251988338' is selected.
01:54:30 INFO  : 'jtag frequency' command is executed.
01:54:30 INFO  : Sourcing of 'C:/Users/SEP16/SoC_2022_MJU/HW2_rev3/HW2_rev3.sdk/design_1_wrapper_hw_platform_0/ps7_init.tcl' is done.
01:54:30 INFO  : Context for 'APU' is selected.
01:54:31 INFO  : Hardware design information is loaded from 'C:/Users/SEP16/SoC_2022_MJU/HW2_rev3/HW2_rev3.sdk/design_1_wrapper_hw_platform_0/system.hdf'.
01:54:31 INFO  : 'configparams force-mem-access 1' command is executed.
01:54:31 INFO  : Context for 'APU' is selected.
01:54:31 INFO  : 'stop' command is executed.
01:54:32 INFO  : 'ps7_init' command is executed.
01:54:32 INFO  : 'ps7_post_config' command is executed.
01:54:32 INFO  : Context for processor 'ps7_cortexa9_0' is selected.
01:54:32 INFO  : Processor reset is completed for 'ps7_cortexa9_0'.
01:54:32 INFO  : Context for processor 'ps7_cortexa9_0' is selected.
01:54:32 INFO  : The application 'C:/Users/SEP16/SoC_2022_MJU/HW2_rev3/HW2_rev3.sdk/helloworld/Debug/helloworld.elf' is downloaded to processor 'ps7_cortexa9_0'.
01:54:32 INFO  : 'configparams force-mem-access 0' command is executed.
01:54:32 INFO  : ----------------XSDB Script----------------
connect -url tcp:127.0.0.1:3121
source C:/Users/SEP16/SoC_2022_MJU/HW2_rev3/HW2_rev3.sdk/design_1_wrapper_hw_platform_0/ps7_init.tcl
targets -set -nocase -filter {name =~"APU*" && jtag_cable_name =~ "Digilent JTAG-SMT2 210251988338"} -index 0
loadhw -hw C:/Users/SEP16/SoC_2022_MJU/HW2_rev3/HW2_rev3.sdk/design_1_wrapper_hw_platform_0/system.hdf -mem-ranges [list {0x40000000 0xbfffffff}]
configparams force-mem-access 1
targets -set -nocase -filter {name =~"APU*" && jtag_cable_name =~ "Digilent JTAG-SMT2 210251988338"} -index 0
stop
ps7_init
ps7_post_config
targets -set -nocase -filter {name =~ "ARM*#0" && jtag_cable_name =~ "Digilent JTAG-SMT2 210251988338"} -index 0
rst -processor
targets -set -nocase -filter {name =~ "ARM*#0" && jtag_cable_name =~ "Digilent JTAG-SMT2 210251988338"} -index 0
dow C:/Users/SEP16/SoC_2022_MJU/HW2_rev3/HW2_rev3.sdk/helloworld/Debug/helloworld.elf
configparams force-mem-access 0
----------------End of Script----------------

01:54:32 INFO  : Context for processor 'ps7_cortexa9_0' is selected.
01:54:32 INFO  : 'con' command is executed.
01:54:32 INFO  : ----------------XSDB Script (After Launch)----------------
targets -set -nocase -filter {name =~ "ARM*#0" && jtag_cable_name =~ "Digilent JTAG-SMT2 210251988338"} -index 0
con
----------------End of Script----------------

01:54:32 INFO  : Disconnected from the channel tcfchan#9.
01:54:53 INFO  : 'targets -set -filter {jtag_cable_name =~ "Digilent JTAG-SMT2 210251988338" && level==0} -index 1' command is executed.
01:54:53 INFO  : 'fpga -state' command is executed.
01:54:53 INFO  : Connected to target on host '127.0.0.1' and port '3121'.
01:54:53 INFO  : Jtag cable 'Digilent JTAG-SMT2 210251988338' is selected.
01:54:53 INFO  : 'jtag frequency' command is executed.
01:54:53 INFO  : Sourcing of 'C:/Users/SEP16/SoC_2022_MJU/HW2_rev3/HW2_rev3.sdk/design_1_wrapper_hw_platform_0/ps7_init.tcl' is done.
01:54:53 INFO  : Context for 'APU' is selected.
01:54:54 INFO  : Hardware design information is loaded from 'C:/Users/SEP16/SoC_2022_MJU/HW2_rev3/HW2_rev3.sdk/design_1_wrapper_hw_platform_0/system.hdf'.
01:54:54 INFO  : 'configparams force-mem-access 1' command is executed.
01:54:54 INFO  : Context for 'APU' is selected.
01:54:54 INFO  : 'stop' command is executed.
01:54:54 INFO  : 'ps7_init' command is executed.
01:54:54 INFO  : 'ps7_post_config' command is executed.
01:54:54 INFO  : Context for processor 'ps7_cortexa9_0' is selected.
01:54:54 INFO  : Processor reset is completed for 'ps7_cortexa9_0'.
01:54:54 INFO  : Context for processor 'ps7_cortexa9_0' is selected.
01:54:54 INFO  : The application 'C:/Users/SEP16/SoC_2022_MJU/HW2_rev3/HW2_rev3.sdk/helloworld/Debug/helloworld.elf' is downloaded to processor 'ps7_cortexa9_0'.
01:54:54 INFO  : 'configparams force-mem-access 0' command is executed.
01:54:54 INFO  : ----------------XSDB Script----------------
connect -url tcp:127.0.0.1:3121
source C:/Users/SEP16/SoC_2022_MJU/HW2_rev3/HW2_rev3.sdk/design_1_wrapper_hw_platform_0/ps7_init.tcl
targets -set -nocase -filter {name =~"APU*" && jtag_cable_name =~ "Digilent JTAG-SMT2 210251988338"} -index 0
loadhw -hw C:/Users/SEP16/SoC_2022_MJU/HW2_rev3/HW2_rev3.sdk/design_1_wrapper_hw_platform_0/system.hdf -mem-ranges [list {0x40000000 0xbfffffff}]
configparams force-mem-access 1
targets -set -nocase -filter {name =~"APU*" && jtag_cable_name =~ "Digilent JTAG-SMT2 210251988338"} -index 0
stop
ps7_init
ps7_post_config
targets -set -nocase -filter {name =~ "ARM*#0" && jtag_cable_name =~ "Digilent JTAG-SMT2 210251988338"} -index 0
rst -processor
targets -set -nocase -filter {name =~ "ARM*#0" && jtag_cable_name =~ "Digilent JTAG-SMT2 210251988338"} -index 0
dow C:/Users/SEP16/SoC_2022_MJU/HW2_rev3/HW2_rev3.sdk/helloworld/Debug/helloworld.elf
configparams force-mem-access 0
----------------End of Script----------------

01:54:54 INFO  : Context for processor 'ps7_cortexa9_0' is selected.
01:54:54 INFO  : 'con' command is executed.
01:54:54 INFO  : ----------------XSDB Script (After Launch)----------------
targets -set -nocase -filter {name =~ "ARM*#0" && jtag_cable_name =~ "Digilent JTAG-SMT2 210251988338"} -index 0
con
----------------End of Script----------------

01:54:54 INFO  : Disconnected from the channel tcfchan#10.
01:56:09 INFO  : Connected to target on host '127.0.0.1' and port '3121'.
01:56:09 INFO  : 'targets -set -filter {jtag_cable_name =~ "Digilent JTAG-SMT2 210251988338" && level==0} -index 1' command is executed.
01:56:12 INFO  : FPGA configured successfully with bitstream "C:/Users/SEP16/SoC_2022_MJU/HW2_rev3/HW2_rev3.sdk/design_1_wrapper_hw_platform_0/design_1_wrapper.bit"
01:56:22 INFO  : 'targets -set -filter {jtag_cable_name =~ "Digilent JTAG-SMT2 210251988338" && level==0} -index 1' command is executed.
01:56:22 INFO  : 'fpga -state' command is executed.
01:56:22 INFO  : Connected to target on host '127.0.0.1' and port '3121'.
01:56:22 INFO  : Jtag cable 'Digilent JTAG-SMT2 210251988338' is selected.
01:56:22 INFO  : 'jtag frequency' command is executed.
01:56:22 INFO  : Sourcing of 'C:/Users/SEP16/SoC_2022_MJU/HW2_rev3/HW2_rev3.sdk/design_1_wrapper_hw_platform_0/ps7_init.tcl' is done.
01:56:22 INFO  : Context for 'APU' is selected.
01:56:22 INFO  : Hardware design information is loaded from 'C:/Users/SEP16/SoC_2022_MJU/HW2_rev3/HW2_rev3.sdk/design_1_wrapper_hw_platform_0/system.hdf'.
01:56:22 INFO  : 'configparams force-mem-access 1' command is executed.
01:56:22 INFO  : Context for 'APU' is selected.
01:56:22 INFO  : 'stop' command is executed.
01:56:22 INFO  : 'ps7_init' command is executed.
01:56:22 INFO  : 'ps7_post_config' command is executed.
01:56:22 INFO  : Context for processor 'ps7_cortexa9_0' is selected.
01:56:22 INFO  : Processor reset is completed for 'ps7_cortexa9_0'.
01:56:22 INFO  : Context for processor 'ps7_cortexa9_0' is selected.
01:56:23 INFO  : The application 'C:/Users/SEP16/SoC_2022_MJU/HW2_rev3/HW2_rev3.sdk/helloworld/Debug/helloworld.elf' is downloaded to processor 'ps7_cortexa9_0'.
01:56:23 INFO  : 'configparams force-mem-access 0' command is executed.
01:56:23 INFO  : ----------------XSDB Script----------------
connect -url tcp:127.0.0.1:3121
source C:/Users/SEP16/SoC_2022_MJU/HW2_rev3/HW2_rev3.sdk/design_1_wrapper_hw_platform_0/ps7_init.tcl
targets -set -nocase -filter {name =~"APU*" && jtag_cable_name =~ "Digilent JTAG-SMT2 210251988338"} -index 0
loadhw -hw C:/Users/SEP16/SoC_2022_MJU/HW2_rev3/HW2_rev3.sdk/design_1_wrapper_hw_platform_0/system.hdf -mem-ranges [list {0x40000000 0xbfffffff}]
configparams force-mem-access 1
targets -set -nocase -filter {name =~"APU*" && jtag_cable_name =~ "Digilent JTAG-SMT2 210251988338"} -index 0
stop
ps7_init
ps7_post_config
targets -set -nocase -filter {name =~ "ARM*#0" && jtag_cable_name =~ "Digilent JTAG-SMT2 210251988338"} -index 0
rst -processor
targets -set -nocase -filter {name =~ "ARM*#0" && jtag_cable_name =~ "Digilent JTAG-SMT2 210251988338"} -index 0
dow C:/Users/SEP16/SoC_2022_MJU/HW2_rev3/HW2_rev3.sdk/helloworld/Debug/helloworld.elf
configparams force-mem-access 0
----------------End of Script----------------

01:56:23 INFO  : Context for processor 'ps7_cortexa9_0' is selected.
01:56:23 INFO  : 'con' command is executed.
01:56:23 INFO  : ----------------XSDB Script (After Launch)----------------
targets -set -nocase -filter {name =~ "ARM*#0" && jtag_cable_name =~ "Digilent JTAG-SMT2 210251988338"} -index 0
con
----------------End of Script----------------

01:56:23 INFO  : Disconnected from the channel tcfchan#11.
01:57:44 INFO  : Connected to target on host '127.0.0.1' and port '3121'.
01:57:45 INFO  : 'targets -set -filter {jtag_cable_name =~ "Digilent JTAG-SMT2 210251988338" && level==0} -index 1' command is executed.
01:57:47 INFO  : FPGA configured successfully with bitstream "C:/Users/SEP16/SoC_2022_MJU/HW2_rev3/HW2_rev3.sdk/design_1_wrapper_hw_platform_0/design_1_wrapper.bit"
01:58:05 INFO  : 'targets -set -filter {jtag_cable_name =~ "Digilent JTAG-SMT2 210251988338" && level==0} -index 1' command is executed.
01:58:05 INFO  : 'fpga -state' command is executed.
01:58:05 INFO  : Connected to target on host '127.0.0.1' and port '3121'.
01:58:05 INFO  : Jtag cable 'Digilent JTAG-SMT2 210251988338' is selected.
01:58:05 INFO  : 'jtag frequency' command is executed.
01:58:05 INFO  : Sourcing of 'C:/Users/SEP16/SoC_2022_MJU/HW2_rev3/HW2_rev3.sdk/design_1_wrapper_hw_platform_0/ps7_init.tcl' is done.
01:58:05 INFO  : Context for 'APU' is selected.
01:58:05 INFO  : Hardware design information is loaded from 'C:/Users/SEP16/SoC_2022_MJU/HW2_rev3/HW2_rev3.sdk/design_1_wrapper_hw_platform_0/system.hdf'.
01:58:05 INFO  : 'configparams force-mem-access 1' command is executed.
01:58:05 INFO  : Context for 'APU' is selected.
01:58:05 INFO  : 'stop' command is executed.
01:58:05 INFO  : 'ps7_init' command is executed.
01:58:05 INFO  : 'ps7_post_config' command is executed.
01:58:05 INFO  : Context for processor 'ps7_cortexa9_0' is selected.
01:58:05 INFO  : Processor reset is completed for 'ps7_cortexa9_0'.
01:58:05 INFO  : Context for processor 'ps7_cortexa9_0' is selected.
01:58:05 INFO  : The application 'C:/Users/SEP16/SoC_2022_MJU/HW2_rev3/HW2_rev3.sdk/helloworld/Debug/helloworld.elf' is downloaded to processor 'ps7_cortexa9_0'.
01:58:05 INFO  : 'configparams force-mem-access 0' command is executed.
01:58:05 INFO  : ----------------XSDB Script----------------
connect -url tcp:127.0.0.1:3121
source C:/Users/SEP16/SoC_2022_MJU/HW2_rev3/HW2_rev3.sdk/design_1_wrapper_hw_platform_0/ps7_init.tcl
targets -set -nocase -filter {name =~"APU*" && jtag_cable_name =~ "Digilent JTAG-SMT2 210251988338"} -index 0
loadhw -hw C:/Users/SEP16/SoC_2022_MJU/HW2_rev3/HW2_rev3.sdk/design_1_wrapper_hw_platform_0/system.hdf -mem-ranges [list {0x40000000 0xbfffffff}]
configparams force-mem-access 1
targets -set -nocase -filter {name =~"APU*" && jtag_cable_name =~ "Digilent JTAG-SMT2 210251988338"} -index 0
stop
ps7_init
ps7_post_config
targets -set -nocase -filter {name =~ "ARM*#0" && jtag_cable_name =~ "Digilent JTAG-SMT2 210251988338"} -index 0
rst -processor
targets -set -nocase -filter {name =~ "ARM*#0" && jtag_cable_name =~ "Digilent JTAG-SMT2 210251988338"} -index 0
dow C:/Users/SEP16/SoC_2022_MJU/HW2_rev3/HW2_rev3.sdk/helloworld/Debug/helloworld.elf
configparams force-mem-access 0
----------------End of Script----------------

01:58:05 INFO  : Context for processor 'ps7_cortexa9_0' is selected.
01:58:05 INFO  : 'con' command is executed.
01:58:05 INFO  : ----------------XSDB Script (After Launch)----------------
targets -set -nocase -filter {name =~ "ARM*#0" && jtag_cable_name =~ "Digilent JTAG-SMT2 210251988338"} -index 0
con
----------------End of Script----------------

01:58:05 INFO  : Disconnected from the channel tcfchan#12.
