INFO: [SIM 2] *************** CSIM start ***************
INFO: [SIM 4] CSIM will launch GCC as the compiler.
make: 'csim.exe' is up to date.
Success HW and SW results match  6487504  0
Success HW and SW results match  6488016  0
Success HW and SW results match  6488528  0
Success HW and SW results match  6489040  0
Success HW and SW results match  6489552  0
Success HW and SW results match  6490064  0
Success HW and SW results match  6490576  0
Success HW and SW results match  6491088  0
Success HW and SW results match  6553040  0
Success HW and SW results match  6553552  0
Success HW and SW results match  6554064  0
Success HW and SW results match  6554576  0
Success HW and SW results match  6555088  0
Success HW and SW results match  6555600  0
Success HW and SW results match  6556112  0
Success HW and SW results match  6556624  0
Success HW and SW results match  6618576  0
Success HW and SW results match  6619088  0
Success HW and SW results match  6619600  0
Success HW and SW results match  6620112  0
Success HW and SW results match  6620624  0
Success HW and SW results match  6621136  0
Success HW and SW results match  6621648  0
Success HW and SW results match  6622160  0
Success HW and SW results match  6684112  0
Success HW and SW results match  6684624  0
Success HW and SW results match  6685136  0
Success HW and SW results match  6685648  0
Success HW and SW results match  6686160  0
Success HW and SW results match  6686672  0
Success HW and SW results match  6687184  0
Success HW and SW results match  6687696  0
Success HW and SW results match  6749648  0
Success HW and SW results match  6750160  0
Success HW and SW results match  6750672  0
Success HW and SW results match  6751184  0
Success HW and SW results match  6751696  0
Success HW and SW results match  6752208  0
Success HW and SW results match  6752720  0
Success HW and SW results match  6753232  0
Success HW and SW results match  6815184  0
Success HW and SW results match  6815696  0
Success HW and SW results match  6816208  0
Success HW and SW results match  6816720  0
Success HW and SW results match  6817232  0
Success HW and SW results match  6817744  0
Success HW and SW results match  6818256  0
Success HW and SW results match  6818768  0
Success HW and SW results match  6880720  0
Success HW and SW results match  6881232  0
Success HW and SW results match  6881744  0
Success HW and SW results match  6882256  0
Success HW and SW results match  6882768  0
Success HW and SW results match  6883280  0
Success HW and SW results match  6883792  0
Success HW and SW results match  6884304  0
Success HW and SW results match  6946256  0
Success HW and SW results match  6946768  0
Success HW and SW results match  6947280  0
Success HW and SW results match  6947792  0
Success HW and SW results match  6948304  0
Success HW and SW results match  6948816  0
Success HW and SW results match  6949328  0
Success HW and SW results match  6949840  0
INFO: [SIM 1] CSim done with 0 errors.
INFO: [SIM 3] *************** CSIM finish ***************
