INFO: [XSIM 43-3496] Using init file passed via -initfile option "C:/Xilinx/Vivado/2018.2/data/xsim/ip/xsim_ip.ini".
Vivado Simulator 2018.2
Copyright 1986-1999, 2001-2018 Xilinx, Inc. All Rights Reserved.
Running: C:/Xilinx/Vivado/2018.2/bin/unwrapped/win64.o/xelab.exe xil_defaultlib.apatb_matrixMul_top glbl -prj matrixMul.prj -L smartconnect_v1_0 -L axi_protocol_checker_v1_1_12 -L axi_protocol_checker_v1_1_13 -L axis_protocol_checker_v1_1_11 -L axis_protocol_checker_v1_1_12 -L xil_defaultlib -L unisims_ver -L xpm --initfile C:/Xilinx/Vivado/2018.2/data/xsim/ip/xsim_ip.ini --lib ieee_proposed=./ieee_proposed -s matrixMul 
Multi-threading is on. Using 6 slave threads.
INFO: [VRFC 10-2263] Analyzing SystemVerilog file "C:/Users/SEP16/SoC_2022_MJU/HW2/HW2_HLS/solution1/sim/verilog/glbl.v" into library work
INFO: [VRFC 10-311] analyzing module glbl
INFO: [VRFC 10-2263] Analyzing SystemVerilog file "C:/Users/SEP16/SoC_2022_MJU/HW2/HW2_HLS/solution1/sim/verilog/AESL_automem_c.v" into library xil_defaultlib
INFO: [VRFC 10-311] analyzing module AESL_automem_c
INFO: [VRFC 10-2263] Analyzing SystemVerilog file "C:/Users/SEP16/SoC_2022_MJU/HW2/HW2_HLS/solution1/sim/verilog/AESL_automem_in_r.v" into library xil_defaultlib
INFO: [VRFC 10-311] analyzing module AESL_automem_in_r
INFO: [VRFC 10-2263] Analyzing SystemVerilog file "C:/Users/SEP16/SoC_2022_MJU/HW2/HW2_HLS/solution1/sim/verilog/matrixMul.autotb.v" into library xil_defaultlib
INFO: [VRFC 10-311] analyzing module apatb_matrixMul_top
INFO: [VRFC 10-2263] Analyzing SystemVerilog file "C:/Users/SEP16/SoC_2022_MJU/HW2/HW2_HLS/solution1/sim/verilog/matrixMul.v" into library xil_defaultlib
INFO: [VRFC 10-311] analyzing module matrixMul
INFO: [VRFC 10-2263] Analyzing SystemVerilog file "C:/Users/SEP16/SoC_2022_MJU/HW2/HW2_HLS/solution1/sim/verilog/matrixMul_a.v" into library xil_defaultlib
INFO: [VRFC 10-311] analyzing module matrixMul_a_ram
INFO: [VRFC 10-311] analyzing module matrixMul_a
INFO: [VRFC 10-2263] Analyzing SystemVerilog file "C:/Users/SEP16/SoC_2022_MJU/HW2/HW2_HLS/solution1/sim/verilog/matrixMul_mac_mulbkb.v" into library xil_defaultlib
INFO: [VRFC 10-311] analyzing module matrixMul_mac_mulbkb_DSP48_0
INFO: [VRFC 10-311] analyzing module matrixMul_mac_mulbkb
Starting static elaboration
Completed static elaboration
Starting simulation data flow analysis
Completed simulation data flow analysis
Time Resolution for simulation is 1ps
Compiling module xil_defaultlib.matrixMul_a_ram
Compiling module xil_defaultlib.matrixMul_a(DataWidth=8,AddressR...
Compiling module xil_defaultlib.matrixMul_mac_mulbkb_DSP48_0
Compiling module xil_defaultlib.matrixMul_mac_mulbkb(ID=1,NUM_ST...
Compiling module xil_defaultlib.matrixMul
Compiling module xil_defaultlib.AESL_automem_in_r
Compiling module xil_defaultlib.AESL_automem_c
Compiling module xil_defaultlib.apatb_matrixMul_top
Compiling module work.glbl
Built simulation snapshot matrixMul
