#-----------------------------------------------------------
# xsim v2018.2 (64-bit)
# SW Build 2258646 on Thu Jun 14 20:03:12 MDT 2018
# IP Build 2256618 on Thu Jun 14 22:10:49 MDT 2018
# Start of session at: Sat May 28 01:56:41 2022
# Process ID: 4164
# Current directory: C:/Users/SEP16/SoC_2022_MJU/HW2/HW2_HLS/solution1/sim/verilog
# Command line: xsim.exe -mode tcl -source {xsim.dir/matrixMul/xsim_script.tcl}
# Log file: C:/Users/SEP16/SoC_2022_MJU/HW2/HW2_HLS/solution1/sim/verilog/xsim.log
# Journal file: C:/Users/SEP16/SoC_2022_MJU/HW2/HW2_HLS/solution1/sim/verilog\xsim.jou
#-----------------------------------------------------------
source xsim.dir/matrixMul/xsim_script.tcl
# xsim {matrixMul} -autoloadwcfg -tclbatch {matrixMul.tcl}
Vivado Simulator 2018.2
Time resolution is 1 ps
source matrixMul.tcl
## run all
////////////////////////////////////////////////////////////////////////////////////
// Inter-Transaction Progress: Completed Transaction / Total Transaction
// Intra-Transaction Progress: Measured Latency / Latency Estimation * 100%
//
// RTL Simulation : "Inter-Transaction Progress" ["Intra-Transaction Progress"] @ "Simulation Time"
////////////////////////////////////////////////////////////////////////////////////
// RTL Simulation : 0 / 1 [n/a] @ "125000"
// RTL Simulation : 1 / 1 [n/a] @ "675000"
////////////////////////////////////////////////////////////////////////////////////
$finish called at time : 715 ns : File "C:/Users/SEP16/SoC_2022_MJU/HW2/HW2_HLS/solution1/sim/verilog/matrixMul.autotb.v" Line 448
## quit
INFO: [Common 17-206] Exiting xsim at Sat May 28 01:56:45 2022...
