11:57:57 INFO  : Registering command handlers for SDK TCF services
11:57:57 INFO  : Launching XSCT server: xsct.bat -interactive C:\Users\SEP16\SoC_2022_MJU\LAB8\Lab8\Lab8.sdk\temp_xsdb_launch_script.tcl
11:57:59 INFO  : XSCT server has started successfully.
11:58:01 INFO  : Successfully done setting XSCT server connection channel  
11:58:01 INFO  : Successfully done setting SDK workspace  
11:58:01 INFO  : Processing command line option -hwspec C:/Users/SEP16/SoC_2022_MJU/LAB8/Lab8/Lab8.sdk/design_1_wrapper.hdf.
12:01:12 INFO  : Registering command handlers for SDK TCF services
12:01:13 INFO  : Launching XSCT server: xsct.bat -interactive C:\Users\SEP16\SoC_2022_MJU\LAB8\Lab8\Lab8.sdk\temp_xsdb_launch_script.tcl
12:01:15 INFO  : XSCT server has started successfully.
12:01:15 INFO  : Successfully done setting XSCT server connection channel  
12:01:15 INFO  : Successfully done setting SDK workspace  
12:01:15 INFO  : Processing command line option -hwspec C:/Users/SEP16/SoC_2022_MJU/LAB8/Lab8/Lab8.sdk/design_1_wrapper.hdf.
12:01:15 INFO  : Checking for hwspec changes in the project design_1_wrapper_hw_platform_0.
12:01:18 INFO  : SDK has detected change in the last modified timestamps for source hardware specification file Source:1621824990500,  Project:1621825047081
12:01:18 INFO  : The hardware specification for project 'design_1_wrapper_hw_platform_0' is different from C:/Users/SEP16/SoC_2022_MJU/LAB8/Lab8/Lab8.sdk/design_1_wrapper.hdf.
12:01:18 INFO  : Copied contents of C:/Users/SEP16/SoC_2022_MJU/LAB8/Lab8/Lab8.sdk/design_1_wrapper.hdf into \design_1_wrapper_hw_platform_0\system.hdf.
12:01:20 INFO  : Synchronizing projects in the workspace with the hardware platform specification changes.
12:01:23 INFO  : 
12:01:24 INFO  : Updating hardware inferred compiler options for Hello_world.
12:01:24 INFO  : Clearing existing target manager status.
12:01:33 INFO  : Connected to target on host '127.0.0.1' and port '3121'.
12:01:33 INFO  : 'targets -set -filter {jtag_cable_name =~ "Digilent JTAG-SMT2 210251988384" && level==0} -index 1' command is executed.
12:01:35 INFO  : FPGA configured successfully with bitstream "C:/Users/SEP16/SoC_2022_MJU/LAB8/Lab8/Lab8.sdk/design_1_wrapper_hw_platform_0/design_1_wrapper.bit"
12:01:55 INFO  : 'targets -set -filter {jtag_cable_name =~ "Digilent JTAG-SMT2 210251988384" && level==0} -index 1' command is executed.
12:01:55 INFO  : 'fpga -state' command is executed.
12:01:55 INFO  : Connected to target on host '127.0.0.1' and port '3121'.
12:01:55 INFO  : Jtag cable 'Digilent JTAG-SMT2 210251988384' is selected.
12:01:55 INFO  : 'jtag frequency' command is executed.
12:01:55 INFO  : Sourcing of 'C:/Users/SEP16/SoC_2022_MJU/LAB8/Lab8/Lab8.sdk/design_1_wrapper_hw_platform_0/ps7_init.tcl' is done.
12:01:55 INFO  : Context for 'APU' is selected.
12:01:55 INFO  : Hardware design information is loaded from 'C:/Users/SEP16/SoC_2022_MJU/LAB8/Lab8/Lab8.sdk/design_1_wrapper_hw_platform_0/system.hdf'.
12:01:55 INFO  : 'configparams force-mem-access 1' command is executed.
12:01:55 INFO  : Context for 'APU' is selected.
12:01:55 INFO  : 'stop' command is executed.
12:01:56 INFO  : 'ps7_init' command is executed.
12:01:56 INFO  : 'ps7_post_config' command is executed.
12:01:56 INFO  : Context for processor 'ps7_cortexa9_0' is selected.
12:01:56 INFO  : Processor reset is completed for 'ps7_cortexa9_0'.
12:01:56 INFO  : Context for processor 'ps7_cortexa9_0' is selected.
12:01:56 INFO  : The application 'C:/Users/SEP16/SoC_2022_MJU/LAB8/Lab8/Lab8.sdk/Hello_world/Debug/Hello_world.elf' is downloaded to processor 'ps7_cortexa9_0'.
12:01:56 INFO  : 'configparams force-mem-access 0' command is executed.
12:01:56 INFO  : ----------------XSDB Script----------------
connect -url tcp:127.0.0.1:3121
source C:/Users/SEP16/SoC_2022_MJU/LAB8/Lab8/Lab8.sdk/design_1_wrapper_hw_platform_0/ps7_init.tcl
targets -set -nocase -filter {name =~"APU*" && jtag_cable_name =~ "Digilent JTAG-SMT2 210251988384"} -index 0
loadhw -hw C:/Users/SEP16/SoC_2022_MJU/LAB8/Lab8/Lab8.sdk/design_1_wrapper_hw_platform_0/system.hdf -mem-ranges [list {0x40000000 0xbfffffff}]
configparams force-mem-access 1
targets -set -nocase -filter {name =~"APU*" && jtag_cable_name =~ "Digilent JTAG-SMT2 210251988384"} -index 0
stop
ps7_init
ps7_post_config
targets -set -nocase -filter {name =~ "ARM*#0" && jtag_cable_name =~ "Digilent JTAG-SMT2 210251988384"} -index 0
rst -processor
targets -set -nocase -filter {name =~ "ARM*#0" && jtag_cable_name =~ "Digilent JTAG-SMT2 210251988384"} -index 0
dow C:/Users/SEP16/SoC_2022_MJU/LAB8/Lab8/Lab8.sdk/Hello_world/Debug/Hello_world.elf
configparams force-mem-access 0
----------------End of Script----------------

12:01:56 INFO  : Context for processor 'ps7_cortexa9_0' is selected.
12:01:56 INFO  : 'con' command is executed.
12:01:56 INFO  : ----------------XSDB Script (After Launch)----------------
targets -set -nocase -filter {name =~ "ARM*#0" && jtag_cable_name =~ "Digilent JTAG-SMT2 210251988384"} -index 0
con
----------------End of Script----------------

12:01:56 INFO  : Disconnected from the channel tcfchan#1.
