10:27:15 INFO  : Registering command handlers for SDK TCF services
10:27:16 INFO  : Launching XSCT server: xsct.bat -interactive C:\Users\SEP16\SoC_2022_MJU\Lab7-HLSFLow\Lab7-HLSFLow.sdk\temp_xsdb_launch_script.tcl
10:27:18 INFO  : XSCT server has started successfully.
10:27:20 INFO  : Successfully done setting XSCT server connection channel  
10:27:20 INFO  : Successfully done setting SDK workspace  
10:27:20 INFO  : Processing command line option -hwspec C:/Users/SEP16/SoC_2022_MJU/Lab7-HLSFLow/Lab7-HLSFLow.sdk/design_1_wrapper.hdf.
10:30:13 INFO  : Connected to target on host '127.0.0.1' and port '3121'.
10:30:13 INFO  : 'targets -set -filter {jtag_cable_name =~ "Digilent JTAG-SMT2 210251988407" && level==0} -index 1' command is executed.
10:30:15 INFO  : FPGA configured successfully with bitstream "C:/Users/SEP16/SoC_2022_MJU/Lab7-HLSFLow/Lab7-HLSFLow.sdk/design_1_wrapper_hw_platform_0/design_1_wrapper.bit"
10:34:09 INFO  : Connected to target on host '127.0.0.1' and port '3121'.
10:34:51 INFO  : Connected to target on host '127.0.0.1' and port '3121'.
10:52:23 INFO  : Connected to target on host '127.0.0.1' and port '3121'.
10:52:23 INFO  : 'targets -set -filter {jtag_cable_name =~ "Digilent JTAG-SMT2 210251A08317" && level==0} -index 1' command is executed.
10:52:26 INFO  : FPGA configured successfully with bitstream "C:/Users/SEP16/SoC_2022_MJU/Lab7-HLSFLow/Lab7-HLSFLow.sdk/design_1_wrapper_hw_platform_0/design_1_wrapper.bit"
10:53:22 INFO  : 'targets -set -filter {jtag_cable_name =~ "Digilent JTAG-SMT2 210251A08317" && level==0} -index 1' command is executed.
10:53:22 INFO  : 'fpga -state' command is executed.
10:53:22 INFO  : Connected to target on host '127.0.0.1' and port '3121'.
10:53:22 INFO  : Jtag cable 'Digilent JTAG-SMT2 210251A08317' is selected.
10:53:22 INFO  : 'jtag frequency' command is executed.
10:53:22 INFO  : Sourcing of 'C:/Users/SEP16/SoC_2022_MJU/Lab7-HLSFLow/Lab7-HLSFLow.sdk/design_1_wrapper_hw_platform_0/ps7_init.tcl' is done.
10:53:22 INFO  : Context for 'APU' is selected.
10:53:22 INFO  : Hardware design information is loaded from 'C:/Users/SEP16/SoC_2022_MJU/Lab7-HLSFLow/Lab7-HLSFLow.sdk/design_1_wrapper_hw_platform_0/system.hdf'.
10:53:22 INFO  : 'configparams force-mem-access 1' command is executed.
10:53:23 INFO  : Context for 'APU' is selected.
10:53:23 INFO  : 'stop' command is executed.
10:53:24 INFO  : 'ps7_init' command is executed.
10:53:24 INFO  : 'ps7_post_config' command is executed.
10:53:24 INFO  : Context for processor 'ps7_cortexa9_0' is selected.
10:53:24 INFO  : Processor reset is completed for 'ps7_cortexa9_0'.
10:53:24 INFO  : Context for processor 'ps7_cortexa9_0' is selected.
10:53:24 INFO  : The application 'C:/Users/SEP16/SoC_2022_MJU/Lab7-HLSFLow/Lab7-HLSFLow.sdk/Hello_world/Debug/Hello_world.elf' is downloaded to processor 'ps7_cortexa9_0'.
10:53:24 INFO  : 'configparams force-mem-access 0' command is executed.
10:53:24 INFO  : ----------------XSDB Script----------------
connect -url tcp:127.0.0.1:3121
source C:/Users/SEP16/SoC_2022_MJU/Lab7-HLSFLow/Lab7-HLSFLow.sdk/design_1_wrapper_hw_platform_0/ps7_init.tcl
targets -set -nocase -filter {name =~"APU*" && jtag_cable_name =~ "Digilent JTAG-SMT2 210251A08317"} -index 0
loadhw -hw C:/Users/SEP16/SoC_2022_MJU/Lab7-HLSFLow/Lab7-HLSFLow.sdk/design_1_wrapper_hw_platform_0/system.hdf -mem-ranges [list {0x40000000 0xbfffffff}]
configparams force-mem-access 1
targets -set -nocase -filter {name =~"APU*" && jtag_cable_name =~ "Digilent JTAG-SMT2 210251A08317"} -index 0
stop
ps7_init
ps7_post_config
targets -set -nocase -filter {name =~ "ARM*#0" && jtag_cable_name =~ "Digilent JTAG-SMT2 210251A08317"} -index 0
rst -processor
targets -set -nocase -filter {name =~ "ARM*#0" && jtag_cable_name =~ "Digilent JTAG-SMT2 210251A08317"} -index 0
dow C:/Users/SEP16/SoC_2022_MJU/Lab7-HLSFLow/Lab7-HLSFLow.sdk/Hello_world/Debug/Hello_world.elf
configparams force-mem-access 0
----------------End of Script----------------

10:53:24 INFO  : Context for processor 'ps7_cortexa9_0' is selected.
10:53:25 INFO  : 'con' command is executed.
10:53:25 INFO  : ----------------XSDB Script (After Launch)----------------
targets -set -nocase -filter {name =~ "ARM*#0" && jtag_cable_name =~ "Digilent JTAG-SMT2 210251A08317"} -index 0
con
----------------End of Script----------------

10:53:25 INFO  : Disconnected from the channel tcfchan#1.
