Copyright 1986-2018 Xilinx, Inc. All Rights Reserved.
--------------------------------------------------------------------------------------------------------------------------------------------------------------------------------------------------
| Tool Version : Vivado v.2018.2 (win64) Build 2258646 Thu Jun 14 20:03:12 MDT 2018
| Date         : Wed Jun  2 21:56:54 2021
| Host         : DESKTOP-437TBDQ running 64-bit major release  (build 9200)
| Command      : report_timing_summary -max_paths 10 -file matrixmul_timing_summary_routed.rpt -pb matrixmul_timing_summary_routed.pb -rpx matrixmul_timing_summary_routed.rpx -warn_on_violation
| Design       : matrixmul
| Device       : 7z020-clg484
| Speed File   : -1  PRODUCTION 1.11 2014-09-11
--------------------------------------------------------------------------------------------------------------------------------------------------------------------------------------------------

Timing Summary Report

------------------------------------------------------------------------------------------------
| Timer Settings
| --------------
------------------------------------------------------------------------------------------------

  Enable Multi Corner Analysis               :  Yes
  Enable Pessimism Removal                   :  Yes
  Pessimism Removal Resolution               :  Nearest Common Node
  Enable Input Delay Default Clock           :  No
  Enable Preset / Clear Arcs                 :  No
  Disable Flight Delays                      :  No
  Ignore I/O Paths                           :  No
  Timing Early Launch at Borrowing Latches   :  false

  Corner  Analyze    Analyze    
  Name    Max Paths  Min Paths  
  ------  ---------  ---------  
  Slow    Yes        Yes        
  Fast    Yes        Yes        



check_timing report

Table of Contents
-----------------
1. checking no_clock
2. checking constant_clock
3. checking pulse_width_clock
4. checking unconstrained_internal_endpoints
5. checking no_input_delay
6. checking no_output_delay
7. checking multiple_clock
8. checking generated_clocks
9. checking loops
10. checking partial_input_delay
11. checking partial_output_delay
12. checking latch_loops

1. checking no_clock
--------------------
 There are 0 register/latch pins with no clock.


2. checking constant_clock
--------------------------
 There are 0 register/latch pins with constant_clock.


3. checking pulse_width_clock
-----------------------------
 There are 0 register/latch pins which need pulse_width check


4. checking unconstrained_internal_endpoints
--------------------------------------------
 There are 0 pins that are not constrained for maximum delay.

 There are 0 pins that are not constrained for maximum delay due to constant clock.


5. checking no_input_delay
--------------------------
 There are 65 input ports with no input delay specified. (HIGH)

 There are 0 input ports with no input delay but user has a false path constraint.


6. checking no_output_delay
---------------------------
 There are 74 ports with no output delay specified. (HIGH)

 There are 0 ports with no output delay but user has a false path constraint

 There are 0 ports with no output delay but with a timing clock defined on it or propagating through it


7. checking multiple_clock
--------------------------
 There are 0 register/latch pins with multiple clocks.


8. checking generated_clocks
----------------------------
 There are 0 generated clocks that are not connected to a clock source.


9. checking loops
-----------------
 There are 0 combinational loops in the design.


10. checking partial_input_delay
--------------------------------
 There are 0 input ports with partial input delay specified.


11. checking partial_output_delay
---------------------------------
 There are 0 ports with partial output delay specified.


12. checking latch_loops
------------------------
 There are 0 combinational latch loops in the design through latch input



------------------------------------------------------------------------------------------------
| Design Timing Summary
| ---------------------
------------------------------------------------------------------------------------------------

    WNS(ns)      TNS(ns)  TNS Failing Endpoints  TNS Total Endpoints      WHS(ns)      THS(ns)  THS Failing Endpoints  THS Total Endpoints     WPWS(ns)     TPWS(ns)  TPWS Failing Endpoints  TPWS Total Endpoints  
    -------      -------  ---------------------  -------------------      -------      -------  ---------------------  -------------------     --------     --------  ----------------------  --------------------  
      3.987        0.000                      0                 2761        0.098        0.000                      0                 2761        4.500        0.000                       0                  1131  


All user specified timing constraints are met.


------------------------------------------------------------------------------------------------
| Clock Summary
| -------------
------------------------------------------------------------------------------------------------

Clock   Waveform(ns)       Period(ns)      Frequency(MHz)
-----   ------------       ----------      --------------
ap_clk  {0.000 5.000}      10.000          100.000         


------------------------------------------------------------------------------------------------
| Intra Clock Table
| -----------------
------------------------------------------------------------------------------------------------

Clock             WNS(ns)      TNS(ns)  TNS Failing Endpoints  TNS Total Endpoints      WHS(ns)      THS(ns)  THS Failing Endpoints  THS Total Endpoints     WPWS(ns)     TPWS(ns)  TPWS Failing Endpoints  TPWS Total Endpoints  
-----             -------      -------  ---------------------  -------------------      -------      -------  ---------------------  -------------------     --------     --------  ----------------------  --------------------  
ap_clk              3.987        0.000                      0                 2761        0.098        0.000                      0                 2761        4.500        0.000                       0                  1131  


------------------------------------------------------------------------------------------------
| Inter Clock Table
| -----------------
------------------------------------------------------------------------------------------------

From Clock    To Clock          WNS(ns)      TNS(ns)  TNS Failing Endpoints  TNS Total Endpoints      WHS(ns)      THS(ns)  THS Failing Endpoints  THS Total Endpoints  
----------    --------          -------      -------  ---------------------  -------------------      -------      -------  ---------------------  -------------------  


------------------------------------------------------------------------------------------------
| Other Path Groups Table
| -----------------------
------------------------------------------------------------------------------------------------

Path Group    From Clock    To Clock          WNS(ns)      TNS(ns)  TNS Failing Endpoints  TNS Total Endpoints      WHS(ns)      THS(ns)  THS Failing Endpoints  THS Total Endpoints  
----------    ----------    --------          -------      -------  ---------------------  -------------------      -------      -------  ---------------------  -------------------  


------------------------------------------------------------------------------------------------
| Timing Details
| --------------
------------------------------------------------------------------------------------------------


---------------------------------------------------------------------------------------------------
From Clock:  ap_clk
  To Clock:  ap_clk

Setup :            0  Failing Endpoints,  Worst Slack        3.987ns,  Total Violation        0.000ns
Hold  :            0  Failing Endpoints,  Worst Slack        0.098ns,  Total Violation        0.000ns
PW    :            0  Failing Endpoints,  Worst Slack        4.500ns,  Total Violation        0.000ns
---------------------------------------------------------------------------------------------------


Max Delay Paths
--------------------------------------------------------------------------------------
Slack (MET) :             3.987ns  (required time - arrival time)
  Source:                 tmp_24_cast_reg_692_reg[7]/C
                            (rising edge-triggered cell FDRE clocked by ap_clk  {rise@0.000ns fall@5.000ns period=10.000ns})
  Destination:            A_U/matrixmul_A_ram_U/ram_reg_2/ADDRARDADDR[13]
                            (rising edge-triggered cell RAMB36E1 clocked by ap_clk  {rise@0.000ns fall@5.000ns period=10.000ns})
  Path Group:             ap_clk
  Path Type:              Setup (Max at Slow Process Corner)
  Requirement:            10.000ns  (ap_clk rise@10.000ns - ap_clk rise@0.000ns)
  Data Path Delay:        5.363ns  (logic 1.887ns (35.187%)  route 3.476ns (64.813%))
  Logic Levels:           4  (CARRY4=2 LUT2=1 LUT3=1)
  Clock Path Skew:        -0.049ns (DCD - SCD + CPR)
    Destination Clock Delay (DCD):    0.924ns = ( 10.924 - 10.000 ) 
    Source Clock Delay      (SCD):    0.973ns
    Clock Pessimism Removal (CPR):    0.000ns
  Clock Uncertainty:      0.035ns  ((TSJ^2 + TIJ^2)^1/2 + DJ) / 2 + PE
    Total System Jitter     (TSJ):    0.071ns
    Total Input Jitter      (TIJ):    0.000ns
    Discrete Jitter          (DJ):    0.000ns
    Phase Error              (PE):    0.000ns

    Location             Delay type                Incr(ns)  Path(ns)    Netlist Resource(s)
  -------------------------------------------------------------------    -------------------
                         (clock ap_clk rise edge)     0.000     0.000 r  
                                                      0.000     0.000 r  ap_clk (IN)
                         net (fo=1130, unset)         0.973     0.973    ap_clk
    SLICE_X25Y43         FDRE                                         r  tmp_24_cast_reg_692_reg[7]/C
  -------------------------------------------------------------------    -------------------
    SLICE_X25Y43         FDRE (Prop_fdre_C_Q)         0.419     1.392 r  tmp_24_cast_reg_692_reg[7]/Q
                         net (fo=3, routed)           0.852     2.244    tmp_24_cast_reg_692_reg__0[0]
    SLICE_X24Y42         LUT2 (Prop_lut2_I0_O)        0.299     2.543 r  ram_reg_0_i_27/O
                         net (fo=1, routed)           0.000     2.543    tmp_15_fu_528_p2[7]
    SLICE_X24Y42         CARRY4 (Prop_carry4_S[0]_CO[3])
                                                      0.532     3.075 r  ram_reg_0_i_20/CO[3]
                         net (fo=1, routed)           0.000     3.075    ram_reg_0_i_20_n_7
    SLICE_X24Y43         CARRY4 (Prop_carry4_CI_O[1])
                                                      0.334     3.409 r  ram_reg_0_i_19/O[1]
                         net (fo=1, routed)           0.508     3.917    A_U/matrixmul_A_ram_U/tmp_15_fu_528_p2[4]
    SLICE_X25Y43         LUT3 (Prop_lut3_I0_O)        0.303     4.220 r  A_U/matrixmul_A_ram_U/ram_reg_0_i_3__0/O
                         net (fo=4, routed)           2.116     6.336    A_U/matrixmul_A_ram_U/A_address0[12]
    RAMB36_X0Y7          RAMB36E1                                     r  A_U/matrixmul_A_ram_U/ram_reg_2/ADDRARDADDR[13]
  -------------------------------------------------------------------    -------------------

                         (clock ap_clk rise edge)    10.000    10.000 r  
                                                      0.000    10.000 r  ap_clk (IN)
                         net (fo=1130, unset)         0.924    10.924    A_U/matrixmul_A_ram_U/ap_clk
    RAMB36_X0Y7          RAMB36E1                                     r  A_U/matrixmul_A_ram_U/ram_reg_2/CLKARDCLK
                         clock pessimism              0.000    10.924    
                         clock uncertainty           -0.035    10.889    
    RAMB36_X0Y7          RAMB36E1 (Setup_ramb36e1_CLKARDCLK_ADDRARDADDR[13])
                                                     -0.566    10.323    A_U/matrixmul_A_ram_U/ram_reg_2
  -------------------------------------------------------------------
                         required time                         10.323    
                         arrival time                          -6.336    
  -------------------------------------------------------------------
                         slack                                  3.987    

Slack (MET) :             4.250ns  (required time - arrival time)
  Source:                 i3_reg_171_reg[4]/C
                            (rising edge-triggered cell FDRE clocked by ap_clk  {rise@0.000ns fall@5.000ns period=10.000ns})
  Destination:            n_reg_205_reg[2]/R
                            (rising edge-triggered cell FDRE clocked by ap_clk  {rise@0.000ns fall@5.000ns period=10.000ns})
  Path Group:             ap_clk
  Path Type:              Setup (Max at Slow Process Corner)
  Requirement:            10.000ns  (ap_clk rise@10.000ns - ap_clk rise@0.000ns)
  Data Path Delay:        5.237ns  (logic 1.444ns (27.574%)  route 3.793ns (72.426%))
  Logic Levels:           6  (CARRY4=4 LUT2=1 LUT4=1)
  Clock Path Skew:        -0.049ns (DCD - SCD + CPR)
    Destination Clock Delay (DCD):    0.924ns = ( 10.924 - 10.000 ) 
    Source Clock Delay      (SCD):    0.973ns
    Clock Pessimism Removal (CPR):    0.000ns
  Clock Uncertainty:      0.035ns  ((TSJ^2 + TIJ^2)^1/2 + DJ) / 2 + PE
    Total System Jitter     (TSJ):    0.071ns
    Total Input Jitter      (TIJ):    0.000ns
    Discrete Jitter          (DJ):    0.000ns
    Phase Error              (PE):    0.000ns

    Location             Delay type                Incr(ns)  Path(ns)    Netlist Resource(s)
  -------------------------------------------------------------------    -------------------
                         (clock ap_clk rise edge)     0.000     0.000 r  
                                                      0.000     0.000 r  ap_clk (IN)
                         net (fo=1130, unset)         0.973     0.973    ap_clk
    SLICE_X33Y49         FDRE                                         r  i3_reg_171_reg[4]/C
  -------------------------------------------------------------------    -------------------
    SLICE_X33Y49         FDRE (Prop_fdre_C_Q)         0.456     1.429 r  i3_reg_171_reg[4]/Q
                         net (fo=3, routed)           1.320     2.749    i3_reg_171_reg[4]
    SLICE_X41Y49         LUT4 (Prop_lut4_I2_O)        0.124     2.873 r  ap_CS_fsm[9]_i_35/O
                         net (fo=1, routed)           0.000     2.873    ap_CS_fsm[9]_i_35_n_7
    SLICE_X41Y49         CARRY4 (Prop_carry4_S[2]_CO[3])
                                                      0.398     3.271 r  ap_CS_fsm_reg[9]_i_21/CO[3]
                         net (fo=1, routed)           0.001     3.272    ap_CS_fsm_reg[9]_i_21_n_7
    SLICE_X41Y50         CARRY4 (Prop_carry4_CI_CO[3])
                                                      0.114     3.386 r  ap_CS_fsm_reg[9]_i_12/CO[3]
                         net (fo=1, routed)           0.000     3.386    ap_CS_fsm_reg[9]_i_12_n_7
    SLICE_X41Y51         CARRY4 (Prop_carry4_CI_CO[3])
                                                      0.114     3.500 r  ap_CS_fsm_reg[9]_i_3/CO[3]
                         net (fo=1, routed)           0.000     3.500    ap_CS_fsm_reg[9]_i_3_n_7
    SLICE_X41Y52         CARRY4 (Prop_carry4_CI_CO[3])
                                                      0.114     3.614 f  ap_CS_fsm_reg[9]_i_2/CO[3]
                         net (fo=4, routed)           0.855     4.469    tmp_5_fu_401_p2
    SLICE_X32Y52         LUT2 (Prop_lut2_I1_O)        0.124     4.593 r  n_reg_205[31]_i_1/O
                         net (fo=63, routed)          1.617     6.210    n_reg_205[31]_i_1_n_7
    SLICE_X27Y43         FDRE                                         r  n_reg_205_reg[2]/R
  -------------------------------------------------------------------    -------------------

                         (clock ap_clk rise edge)    10.000    10.000 r  
                                                      0.000    10.000 r  ap_clk (IN)
                         net (fo=1130, unset)         0.924    10.924    ap_clk
    SLICE_X27Y43         FDRE                                         r  n_reg_205_reg[2]/C
                         clock pessimism              0.000    10.924    
                         clock uncertainty           -0.035    10.889    
    SLICE_X27Y43         FDRE (Setup_fdre_C_R)       -0.429    10.460    n_reg_205_reg[2]
  -------------------------------------------------------------------
                         required time                         10.460    
                         arrival time                          -6.210    
  -------------------------------------------------------------------
                         slack                                  4.250    

Slack (MET) :             4.250ns  (required time - arrival time)
  Source:                 i3_reg_171_reg[4]/C
                            (rising edge-triggered cell FDRE clocked by ap_clk  {rise@0.000ns fall@5.000ns period=10.000ns})
  Destination:            n_reg_205_reg[3]/R
                            (rising edge-triggered cell FDRE clocked by ap_clk  {rise@0.000ns fall@5.000ns period=10.000ns})
  Path Group:             ap_clk
  Path Type:              Setup (Max at Slow Process Corner)
  Requirement:            10.000ns  (ap_clk rise@10.000ns - ap_clk rise@0.000ns)
  Data Path Delay:        5.237ns  (logic 1.444ns (27.574%)  route 3.793ns (72.426%))
  Logic Levels:           6  (CARRY4=4 LUT2=1 LUT4=1)
  Clock Path Skew:        -0.049ns (DCD - SCD + CPR)
    Destination Clock Delay (DCD):    0.924ns = ( 10.924 - 10.000 ) 
    Source Clock Delay      (SCD):    0.973ns
    Clock Pessimism Removal (CPR):    0.000ns
  Clock Uncertainty:      0.035ns  ((TSJ^2 + TIJ^2)^1/2 + DJ) / 2 + PE
    Total System Jitter     (TSJ):    0.071ns
    Total Input Jitter      (TIJ):    0.000ns
    Discrete Jitter          (DJ):    0.000ns
    Phase Error              (PE):    0.000ns

    Location             Delay type                Incr(ns)  Path(ns)    Netlist Resource(s)
  -------------------------------------------------------------------    -------------------
                         (clock ap_clk rise edge)     0.000     0.000 r  
                                                      0.000     0.000 r  ap_clk (IN)
                         net (fo=1130, unset)         0.973     0.973    ap_clk
    SLICE_X33Y49         FDRE                                         r  i3_reg_171_reg[4]/C
  -------------------------------------------------------------------    -------------------
    SLICE_X33Y49         FDRE (Prop_fdre_C_Q)         0.456     1.429 r  i3_reg_171_reg[4]/Q
                         net (fo=3, routed)           1.320     2.749    i3_reg_171_reg[4]
    SLICE_X41Y49         LUT4 (Prop_lut4_I2_O)        0.124     2.873 r  ap_CS_fsm[9]_i_35/O
                         net (fo=1, routed)           0.000     2.873    ap_CS_fsm[9]_i_35_n_7
    SLICE_X41Y49         CARRY4 (Prop_carry4_S[2]_CO[3])
                                                      0.398     3.271 r  ap_CS_fsm_reg[9]_i_21/CO[3]
                         net (fo=1, routed)           0.001     3.272    ap_CS_fsm_reg[9]_i_21_n_7
    SLICE_X41Y50         CARRY4 (Prop_carry4_CI_CO[3])
                                                      0.114     3.386 r  ap_CS_fsm_reg[9]_i_12/CO[3]
                         net (fo=1, routed)           0.000     3.386    ap_CS_fsm_reg[9]_i_12_n_7
    SLICE_X41Y51         CARRY4 (Prop_carry4_CI_CO[3])
                                                      0.114     3.500 r  ap_CS_fsm_reg[9]_i_3/CO[3]
                         net (fo=1, routed)           0.000     3.500    ap_CS_fsm_reg[9]_i_3_n_7
    SLICE_X41Y52         CARRY4 (Prop_carry4_CI_CO[3])
                                                      0.114     3.614 f  ap_CS_fsm_reg[9]_i_2/CO[3]
                         net (fo=4, routed)           0.855     4.469    tmp_5_fu_401_p2
    SLICE_X32Y52         LUT2 (Prop_lut2_I1_O)        0.124     4.593 r  n_reg_205[31]_i_1/O
                         net (fo=63, routed)          1.617     6.210    n_reg_205[31]_i_1_n_7
    SLICE_X27Y43         FDRE                                         r  n_reg_205_reg[3]/R
  -------------------------------------------------------------------    -------------------

                         (clock ap_clk rise edge)    10.000    10.000 r  
                                                      0.000    10.000 r  ap_clk (IN)
                         net (fo=1130, unset)         0.924    10.924    ap_clk
    SLICE_X27Y43         FDRE                                         r  n_reg_205_reg[3]/C
                         clock pessimism              0.000    10.924    
                         clock uncertainty           -0.035    10.889    
    SLICE_X27Y43         FDRE (Setup_fdre_C_R)       -0.429    10.460    n_reg_205_reg[3]
  -------------------------------------------------------------------
                         required time                         10.460    
                         arrival time                          -6.210    
  -------------------------------------------------------------------
                         slack                                  4.250    

Slack (MET) :             4.250ns  (required time - arrival time)
  Source:                 i3_reg_171_reg[4]/C
                            (rising edge-triggered cell FDRE clocked by ap_clk  {rise@0.000ns fall@5.000ns period=10.000ns})
  Destination:            n_reg_205_reg[4]/R
                            (rising edge-triggered cell FDRE clocked by ap_clk  {rise@0.000ns fall@5.000ns period=10.000ns})
  Path Group:             ap_clk
  Path Type:              Setup (Max at Slow Process Corner)
  Requirement:            10.000ns  (ap_clk rise@10.000ns - ap_clk rise@0.000ns)
  Data Path Delay:        5.237ns  (logic 1.444ns (27.574%)  route 3.793ns (72.426%))
  Logic Levels:           6  (CARRY4=4 LUT2=1 LUT4=1)
  Clock Path Skew:        -0.049ns (DCD - SCD + CPR)
    Destination Clock Delay (DCD):    0.924ns = ( 10.924 - 10.000 ) 
    Source Clock Delay      (SCD):    0.973ns
    Clock Pessimism Removal (CPR):    0.000ns
  Clock Uncertainty:      0.035ns  ((TSJ^2 + TIJ^2)^1/2 + DJ) / 2 + PE
    Total System Jitter     (TSJ):    0.071ns
    Total Input Jitter      (TIJ):    0.000ns
    Discrete Jitter          (DJ):    0.000ns
    Phase Error              (PE):    0.000ns

    Location             Delay type                Incr(ns)  Path(ns)    Netlist Resource(s)
  -------------------------------------------------------------------    -------------------
                         (clock ap_clk rise edge)     0.000     0.000 r  
                                                      0.000     0.000 r  ap_clk (IN)
                         net (fo=1130, unset)         0.973     0.973    ap_clk
    SLICE_X33Y49         FDRE                                         r  i3_reg_171_reg[4]/C
  -------------------------------------------------------------------    -------------------
    SLICE_X33Y49         FDRE (Prop_fdre_C_Q)         0.456     1.429 r  i3_reg_171_reg[4]/Q
                         net (fo=3, routed)           1.320     2.749    i3_reg_171_reg[4]
    SLICE_X41Y49         LUT4 (Prop_lut4_I2_O)        0.124     2.873 r  ap_CS_fsm[9]_i_35/O
                         net (fo=1, routed)           0.000     2.873    ap_CS_fsm[9]_i_35_n_7
    SLICE_X41Y49         CARRY4 (Prop_carry4_S[2]_CO[3])
                                                      0.398     3.271 r  ap_CS_fsm_reg[9]_i_21/CO[3]
                         net (fo=1, routed)           0.001     3.272    ap_CS_fsm_reg[9]_i_21_n_7
    SLICE_X41Y50         CARRY4 (Prop_carry4_CI_CO[3])
                                                      0.114     3.386 r  ap_CS_fsm_reg[9]_i_12/CO[3]
                         net (fo=1, routed)           0.000     3.386    ap_CS_fsm_reg[9]_i_12_n_7
    SLICE_X41Y51         CARRY4 (Prop_carry4_CI_CO[3])
                                                      0.114     3.500 r  ap_CS_fsm_reg[9]_i_3/CO[3]
                         net (fo=1, routed)           0.000     3.500    ap_CS_fsm_reg[9]_i_3_n_7
    SLICE_X41Y52         CARRY4 (Prop_carry4_CI_CO[3])
                                                      0.114     3.614 f  ap_CS_fsm_reg[9]_i_2/CO[3]
                         net (fo=4, routed)           0.855     4.469    tmp_5_fu_401_p2
    SLICE_X32Y52         LUT2 (Prop_lut2_I1_O)        0.124     4.593 r  n_reg_205[31]_i_1/O
                         net (fo=63, routed)          1.617     6.210    n_reg_205[31]_i_1_n_7
    SLICE_X27Y43         FDRE                                         r  n_reg_205_reg[4]/R
  -------------------------------------------------------------------    -------------------

                         (clock ap_clk rise edge)    10.000    10.000 r  
                                                      0.000    10.000 r  ap_clk (IN)
                         net (fo=1130, unset)         0.924    10.924    ap_clk
    SLICE_X27Y43         FDRE                                         r  n_reg_205_reg[4]/C
                         clock pessimism              0.000    10.924    
                         clock uncertainty           -0.035    10.889    
    SLICE_X27Y43         FDRE (Setup_fdre_C_R)       -0.429    10.460    n_reg_205_reg[4]
  -------------------------------------------------------------------
                         required time                         10.460    
                         arrival time                          -6.210    
  -------------------------------------------------------------------
                         slack                                  4.250    

Slack (MET) :             4.250ns  (required time - arrival time)
  Source:                 i3_reg_171_reg[4]/C
                            (rising edge-triggered cell FDRE clocked by ap_clk  {rise@0.000ns fall@5.000ns period=10.000ns})
  Destination:            n_reg_205_reg[5]/R
                            (rising edge-triggered cell FDRE clocked by ap_clk  {rise@0.000ns fall@5.000ns period=10.000ns})
  Path Group:             ap_clk
  Path Type:              Setup (Max at Slow Process Corner)
  Requirement:            10.000ns  (ap_clk rise@10.000ns - ap_clk rise@0.000ns)
  Data Path Delay:        5.237ns  (logic 1.444ns (27.574%)  route 3.793ns (72.426%))
  Logic Levels:           6  (CARRY4=4 LUT2=1 LUT4=1)
  Clock Path Skew:        -0.049ns (DCD - SCD + CPR)
    Destination Clock Delay (DCD):    0.924ns = ( 10.924 - 10.000 ) 
    Source Clock Delay      (SCD):    0.973ns
    Clock Pessimism Removal (CPR):    0.000ns
  Clock Uncertainty:      0.035ns  ((TSJ^2 + TIJ^2)^1/2 + DJ) / 2 + PE
    Total System Jitter     (TSJ):    0.071ns
    Total Input Jitter      (TIJ):    0.000ns
    Discrete Jitter          (DJ):    0.000ns
    Phase Error              (PE):    0.000ns

    Location             Delay type                Incr(ns)  Path(ns)    Netlist Resource(s)
  -------------------------------------------------------------------    -------------------
                         (clock ap_clk rise edge)     0.000     0.000 r  
                                                      0.000     0.000 r  ap_clk (IN)
                         net (fo=1130, unset)         0.973     0.973    ap_clk
    SLICE_X33Y49         FDRE                                         r  i3_reg_171_reg[4]/C
  -------------------------------------------------------------------    -------------------
    SLICE_X33Y49         FDRE (Prop_fdre_C_Q)         0.456     1.429 r  i3_reg_171_reg[4]/Q
                         net (fo=3, routed)           1.320     2.749    i3_reg_171_reg[4]
    SLICE_X41Y49         LUT4 (Prop_lut4_I2_O)        0.124     2.873 r  ap_CS_fsm[9]_i_35/O
                         net (fo=1, routed)           0.000     2.873    ap_CS_fsm[9]_i_35_n_7
    SLICE_X41Y49         CARRY4 (Prop_carry4_S[2]_CO[3])
                                                      0.398     3.271 r  ap_CS_fsm_reg[9]_i_21/CO[3]
                         net (fo=1, routed)           0.001     3.272    ap_CS_fsm_reg[9]_i_21_n_7
    SLICE_X41Y50         CARRY4 (Prop_carry4_CI_CO[3])
                                                      0.114     3.386 r  ap_CS_fsm_reg[9]_i_12/CO[3]
                         net (fo=1, routed)           0.000     3.386    ap_CS_fsm_reg[9]_i_12_n_7
    SLICE_X41Y51         CARRY4 (Prop_carry4_CI_CO[3])
                                                      0.114     3.500 r  ap_CS_fsm_reg[9]_i_3/CO[3]
                         net (fo=1, routed)           0.000     3.500    ap_CS_fsm_reg[9]_i_3_n_7
    SLICE_X41Y52         CARRY4 (Prop_carry4_CI_CO[3])
                                                      0.114     3.614 f  ap_CS_fsm_reg[9]_i_2/CO[3]
                         net (fo=4, routed)           0.855     4.469    tmp_5_fu_401_p2
    SLICE_X32Y52         LUT2 (Prop_lut2_I1_O)        0.124     4.593 r  n_reg_205[31]_i_1/O
                         net (fo=63, routed)          1.617     6.210    n_reg_205[31]_i_1_n_7
    SLICE_X27Y43         FDRE                                         r  n_reg_205_reg[5]/R
  -------------------------------------------------------------------    -------------------

                         (clock ap_clk rise edge)    10.000    10.000 r  
                                                      0.000    10.000 r  ap_clk (IN)
                         net (fo=1130, unset)         0.924    10.924    ap_clk
    SLICE_X27Y43         FDRE                                         r  n_reg_205_reg[5]/C
                         clock pessimism              0.000    10.924    
                         clock uncertainty           -0.035    10.889    
    SLICE_X27Y43         FDRE (Setup_fdre_C_R)       -0.429    10.460    n_reg_205_reg[5]
  -------------------------------------------------------------------
                         required time                         10.460    
                         arrival time                          -6.210    
  -------------------------------------------------------------------
                         slack                                  4.250    

Slack (MET) :             4.266ns  (required time - arrival time)
  Source:                 tmp_24_cast_reg_692_reg[7]/C
                            (rising edge-triggered cell FDRE clocked by ap_clk  {rise@0.000ns fall@5.000ns period=10.000ns})
  Destination:            A_U/matrixmul_A_ram_U/ram_reg_2/ADDRARDADDR[11]
                            (rising edge-triggered cell RAMB36E1 clocked by ap_clk  {rise@0.000ns fall@5.000ns period=10.000ns})
  Path Group:             ap_clk
  Path Type:              Setup (Max at Slow Process Corner)
  Requirement:            10.000ns  (ap_clk rise@10.000ns - ap_clk rise@0.000ns)
  Data Path Delay:        5.084ns  (logic 1.630ns (32.062%)  route 3.454ns (67.938%))
  Logic Levels:           3  (CARRY4=1 LUT2=1 LUT3=1)
  Clock Path Skew:        -0.049ns (DCD - SCD + CPR)
    Destination Clock Delay (DCD):    0.924ns = ( 10.924 - 10.000 ) 
    Source Clock Delay      (SCD):    0.973ns
    Clock Pessimism Removal (CPR):    0.000ns
  Clock Uncertainty:      0.035ns  ((TSJ^2 + TIJ^2)^1/2 + DJ) / 2 + PE
    Total System Jitter     (TSJ):    0.071ns
    Total Input Jitter      (TIJ):    0.000ns
    Discrete Jitter          (DJ):    0.000ns
    Phase Error              (PE):    0.000ns

    Location             Delay type                Incr(ns)  Path(ns)    Netlist Resource(s)
  -------------------------------------------------------------------    -------------------
                         (clock ap_clk rise edge)     0.000     0.000 r  
                                                      0.000     0.000 r  ap_clk (IN)
                         net (fo=1130, unset)         0.973     0.973    ap_clk
    SLICE_X25Y43         FDRE                                         r  tmp_24_cast_reg_692_reg[7]/C
  -------------------------------------------------------------------    -------------------
    SLICE_X25Y43         FDRE (Prop_fdre_C_Q)         0.419     1.392 r  tmp_24_cast_reg_692_reg[7]/Q
                         net (fo=3, routed)           0.852     2.244    tmp_24_cast_reg_692_reg__0[0]
    SLICE_X24Y42         LUT2 (Prop_lut2_I0_O)        0.299     2.543 r  ram_reg_0_i_27/O
                         net (fo=1, routed)           0.000     2.543    tmp_15_fu_528_p2[7]
    SLICE_X24Y42         CARRY4 (Prop_carry4_S[0]_O[3])
                                                      0.606     3.149 r  ram_reg_0_i_20/O[3]
                         net (fo=1, routed)           0.793     3.942    A_U/matrixmul_A_ram_U/tmp_15_fu_528_p2[2]
    SLICE_X24Y41         LUT3 (Prop_lut3_I0_O)        0.306     4.248 r  A_U/matrixmul_A_ram_U/ram_reg_0_i_5__0/O
                         net (fo=4, routed)           1.809     6.057    A_U/matrixmul_A_ram_U/A_address0[10]
    RAMB36_X0Y7          RAMB36E1                                     r  A_U/matrixmul_A_ram_U/ram_reg_2/ADDRARDADDR[11]
  -------------------------------------------------------------------    -------------------

                         (clock ap_clk rise edge)    10.000    10.000 r  
                                                      0.000    10.000 r  ap_clk (IN)
                         net (fo=1130, unset)         0.924    10.924    A_U/matrixmul_A_ram_U/ap_clk
    RAMB36_X0Y7          RAMB36E1                                     r  A_U/matrixmul_A_ram_U/ram_reg_2/CLKARDCLK
                         clock pessimism              0.000    10.924    
                         clock uncertainty           -0.035    10.889    
    RAMB36_X0Y7          RAMB36E1 (Setup_ramb36e1_CLKARDCLK_ADDRARDADDR[11])
                                                     -0.566    10.323    A_U/matrixmul_A_ram_U/ram_reg_2
  -------------------------------------------------------------------
                         required time                         10.323    
                         arrival time                          -6.057    
  -------------------------------------------------------------------
                         slack                                  4.266    

Slack (MET) :             4.299ns  (required time - arrival time)
  Source:                 tmp_24_cast_reg_692_reg[7]/C
                            (rising edge-triggered cell FDRE clocked by ap_clk  {rise@0.000ns fall@5.000ns period=10.000ns})
  Destination:            A_U/matrixmul_A_ram_U/ram_reg_1/ADDRARDADDR[14]
                            (rising edge-triggered cell RAMB36E1 clocked by ap_clk  {rise@0.000ns fall@5.000ns period=10.000ns})
  Path Group:             ap_clk
  Path Type:              Setup (Max at Slow Process Corner)
  Requirement:            10.000ns  (ap_clk rise@10.000ns - ap_clk rise@0.000ns)
  Data Path Delay:        5.051ns  (logic 1.791ns (35.459%)  route 3.260ns (64.541%))
  Logic Levels:           4  (CARRY4=2 LUT2=1 LUT3=1)
  Clock Path Skew:        -0.049ns (DCD - SCD + CPR)
    Destination Clock Delay (DCD):    0.924ns = ( 10.924 - 10.000 ) 
    Source Clock Delay      (SCD):    0.973ns
    Clock Pessimism Removal (CPR):    0.000ns
  Clock Uncertainty:      0.035ns  ((TSJ^2 + TIJ^2)^1/2 + DJ) / 2 + PE
    Total System Jitter     (TSJ):    0.071ns
    Total Input Jitter      (TIJ):    0.000ns
    Discrete Jitter          (DJ):    0.000ns
    Phase Error              (PE):    0.000ns

    Location             Delay type                Incr(ns)  Path(ns)    Netlist Resource(s)
  -------------------------------------------------------------------    -------------------
                         (clock ap_clk rise edge)     0.000     0.000 r  
                                                      0.000     0.000 r  ap_clk (IN)
                         net (fo=1130, unset)         0.973     0.973    ap_clk
    SLICE_X25Y43         FDRE                                         r  tmp_24_cast_reg_692_reg[7]/C
  -------------------------------------------------------------------    -------------------
    SLICE_X25Y43         FDRE (Prop_fdre_C_Q)         0.419     1.392 r  tmp_24_cast_reg_692_reg[7]/Q
                         net (fo=3, routed)           0.852     2.244    tmp_24_cast_reg_692_reg__0[0]
    SLICE_X24Y42         LUT2 (Prop_lut2_I0_O)        0.299     2.543 r  ram_reg_0_i_27/O
                         net (fo=1, routed)           0.000     2.543    tmp_15_fu_528_p2[7]
    SLICE_X24Y42         CARRY4 (Prop_carry4_S[0]_CO[3])
                                                      0.532     3.075 r  ram_reg_0_i_20/CO[3]
                         net (fo=1, routed)           0.000     3.075    ram_reg_0_i_20_n_7
    SLICE_X24Y43         CARRY4 (Prop_carry4_CI_O[2])
                                                      0.239     3.314 r  ram_reg_0_i_19/O[2]
                         net (fo=1, routed)           0.501     3.815    A_U/matrixmul_A_ram_U/tmp_15_fu_528_p2[5]
    SLICE_X25Y43         LUT3 (Prop_lut3_I0_O)        0.302     4.117 r  A_U/matrixmul_A_ram_U/ram_reg_0_i_2__0/O
                         net (fo=4, routed)           1.907     6.024    A_U/matrixmul_A_ram_U/A_address0[13]
    RAMB36_X0Y6          RAMB36E1                                     r  A_U/matrixmul_A_ram_U/ram_reg_1/ADDRARDADDR[14]
  -------------------------------------------------------------------    -------------------

                         (clock ap_clk rise edge)    10.000    10.000 r  
                                                      0.000    10.000 r  ap_clk (IN)
                         net (fo=1130, unset)         0.924    10.924    A_U/matrixmul_A_ram_U/ap_clk
    RAMB36_X0Y6          RAMB36E1                                     r  A_U/matrixmul_A_ram_U/ram_reg_1/CLKARDCLK
                         clock pessimism              0.000    10.924    
                         clock uncertainty           -0.035    10.889    
    RAMB36_X0Y6          RAMB36E1 (Setup_ramb36e1_CLKARDCLK_ADDRARDADDR[14])
                                                     -0.566    10.323    A_U/matrixmul_A_ram_U/ram_reg_1
  -------------------------------------------------------------------
                         required time                         10.323    
                         arrival time                          -6.024    
  -------------------------------------------------------------------
                         slack                                  4.299    

Slack (MET) :             4.325ns  (required time - arrival time)
  Source:                 tmp_24_cast_reg_692_reg[7]/C
                            (rising edge-triggered cell FDRE clocked by ap_clk  {rise@0.000ns fall@5.000ns period=10.000ns})
  Destination:            A_U/matrixmul_A_ram_U/ram_reg_1/ADDRARDADDR[13]
                            (rising edge-triggered cell RAMB36E1 clocked by ap_clk  {rise@0.000ns fall@5.000ns period=10.000ns})
  Path Group:             ap_clk
  Path Type:              Setup (Max at Slow Process Corner)
  Requirement:            10.000ns  (ap_clk rise@10.000ns - ap_clk rise@0.000ns)
  Data Path Delay:        5.025ns  (logic 1.887ns (37.554%)  route 3.138ns (62.446%))
  Logic Levels:           4  (CARRY4=2 LUT2=1 LUT3=1)
  Clock Path Skew:        -0.049ns (DCD - SCD + CPR)
    Destination Clock Delay (DCD):    0.924ns = ( 10.924 - 10.000 ) 
    Source Clock Delay      (SCD):    0.973ns
    Clock Pessimism Removal (CPR):    0.000ns
  Clock Uncertainty:      0.035ns  ((TSJ^2 + TIJ^2)^1/2 + DJ) / 2 + PE
    Total System Jitter     (TSJ):    0.071ns
    Total Input Jitter      (TIJ):    0.000ns
    Discrete Jitter          (DJ):    0.000ns
    Phase Error              (PE):    0.000ns

    Location             Delay type                Incr(ns)  Path(ns)    Netlist Resource(s)
  -------------------------------------------------------------------    -------------------
                         (clock ap_clk rise edge)     0.000     0.000 r  
                                                      0.000     0.000 r  ap_clk (IN)
                         net (fo=1130, unset)         0.973     0.973    ap_clk
    SLICE_X25Y43         FDRE                                         r  tmp_24_cast_reg_692_reg[7]/C
  -------------------------------------------------------------------    -------------------
    SLICE_X25Y43         FDRE (Prop_fdre_C_Q)         0.419     1.392 r  tmp_24_cast_reg_692_reg[7]/Q
                         net (fo=3, routed)           0.852     2.244    tmp_24_cast_reg_692_reg__0[0]
    SLICE_X24Y42         LUT2 (Prop_lut2_I0_O)        0.299     2.543 r  ram_reg_0_i_27/O
                         net (fo=1, routed)           0.000     2.543    tmp_15_fu_528_p2[7]
    SLICE_X24Y42         CARRY4 (Prop_carry4_S[0]_CO[3])
                                                      0.532     3.075 r  ram_reg_0_i_20/CO[3]
                         net (fo=1, routed)           0.000     3.075    ram_reg_0_i_20_n_7
    SLICE_X24Y43         CARRY4 (Prop_carry4_CI_O[1])
                                                      0.334     3.409 r  ram_reg_0_i_19/O[1]
                         net (fo=1, routed)           0.508     3.917    A_U/matrixmul_A_ram_U/tmp_15_fu_528_p2[4]
    SLICE_X25Y43         LUT3 (Prop_lut3_I0_O)        0.303     4.220 r  A_U/matrixmul_A_ram_U/ram_reg_0_i_3__0/O
                         net (fo=4, routed)           1.778     5.998    A_U/matrixmul_A_ram_U/A_address0[12]
    RAMB36_X0Y6          RAMB36E1                                     r  A_U/matrixmul_A_ram_U/ram_reg_1/ADDRARDADDR[13]
  -------------------------------------------------------------------    -------------------

                         (clock ap_clk rise edge)    10.000    10.000 r  
                                                      0.000    10.000 r  ap_clk (IN)
                         net (fo=1130, unset)         0.924    10.924    A_U/matrixmul_A_ram_U/ap_clk
    RAMB36_X0Y6          RAMB36E1                                     r  A_U/matrixmul_A_ram_U/ram_reg_1/CLKARDCLK
                         clock pessimism              0.000    10.924    
                         clock uncertainty           -0.035    10.889    
    RAMB36_X0Y6          RAMB36E1 (Setup_ramb36e1_CLKARDCLK_ADDRARDADDR[13])
                                                     -0.566    10.323    A_U/matrixmul_A_ram_U/ram_reg_1
  -------------------------------------------------------------------
                         required time                         10.323    
                         arrival time                          -5.998    
  -------------------------------------------------------------------
                         slack                                  4.325    

Slack (MET) :             4.369ns  (required time - arrival time)
  Source:                 tmp_24_cast_reg_692_reg[7]/C
                            (rising edge-triggered cell FDRE clocked by ap_clk  {rise@0.000ns fall@5.000ns period=10.000ns})
  Destination:            A_U/matrixmul_A_ram_U/ram_reg_1/ADDRARDADDR[12]
                            (rising edge-triggered cell RAMB36E1 clocked by ap_clk  {rise@0.000ns fall@5.000ns period=10.000ns})
  Path Group:             ap_clk
  Path Type:              Setup (Max at Slow Process Corner)
  Requirement:            10.000ns  (ap_clk rise@10.000ns - ap_clk rise@0.000ns)
  Data Path Delay:        4.981ns  (logic 1.771ns (35.555%)  route 3.210ns (64.445%))
  Logic Levels:           4  (CARRY4=2 LUT2=1 LUT3=1)
  Clock Path Skew:        -0.049ns (DCD - SCD + CPR)
    Destination Clock Delay (DCD):    0.924ns = ( 10.924 - 10.000 ) 
    Source Clock Delay      (SCD):    0.973ns
    Clock Pessimism Removal (CPR):    0.000ns
  Clock Uncertainty:      0.035ns  ((TSJ^2 + TIJ^2)^1/2 + DJ) / 2 + PE
    Total System Jitter     (TSJ):    0.071ns
    Total Input Jitter      (TIJ):    0.000ns
    Discrete Jitter          (DJ):    0.000ns
    Phase Error              (PE):    0.000ns

    Location             Delay type                Incr(ns)  Path(ns)    Netlist Resource(s)
  -------------------------------------------------------------------    -------------------
                         (clock ap_clk rise edge)     0.000     0.000 r  
                                                      0.000     0.000 r  ap_clk (IN)
                         net (fo=1130, unset)         0.973     0.973    ap_clk
    SLICE_X25Y43         FDRE                                         r  tmp_24_cast_reg_692_reg[7]/C
  -------------------------------------------------------------------    -------------------
    SLICE_X25Y43         FDRE (Prop_fdre_C_Q)         0.419     1.392 r  tmp_24_cast_reg_692_reg[7]/Q
                         net (fo=3, routed)           0.852     2.244    tmp_24_cast_reg_692_reg__0[0]
    SLICE_X24Y42         LUT2 (Prop_lut2_I0_O)        0.299     2.543 r  ram_reg_0_i_27/O
                         net (fo=1, routed)           0.000     2.543    tmp_15_fu_528_p2[7]
    SLICE_X24Y42         CARRY4 (Prop_carry4_S[0]_CO[3])
                                                      0.532     3.075 r  ram_reg_0_i_20/CO[3]
                         net (fo=1, routed)           0.000     3.075    ram_reg_0_i_20_n_7
    SLICE_X24Y43         CARRY4 (Prop_carry4_CI_O[0])
                                                      0.222     3.297 r  ram_reg_0_i_19/O[0]
                         net (fo=1, routed)           0.583     3.880    A_U/matrixmul_A_ram_U/tmp_15_fu_528_p2[3]
    SLICE_X25Y43         LUT3 (Prop_lut3_I0_O)        0.299     4.179 r  A_U/matrixmul_A_ram_U/ram_reg_0_i_4__0/O
                         net (fo=4, routed)           1.775     5.954    A_U/matrixmul_A_ram_U/A_address0[11]
    RAMB36_X0Y6          RAMB36E1                                     r  A_U/matrixmul_A_ram_U/ram_reg_1/ADDRARDADDR[12]
  -------------------------------------------------------------------    -------------------

                         (clock ap_clk rise edge)    10.000    10.000 r  
                                                      0.000    10.000 r  ap_clk (IN)
                         net (fo=1130, unset)         0.924    10.924    A_U/matrixmul_A_ram_U/ap_clk
    RAMB36_X0Y6          RAMB36E1                                     r  A_U/matrixmul_A_ram_U/ram_reg_1/CLKARDCLK
                         clock pessimism              0.000    10.924    
                         clock uncertainty           -0.035    10.889    
    RAMB36_X0Y6          RAMB36E1 (Setup_ramb36e1_CLKARDCLK_ADDRARDADDR[12])
                                                     -0.566    10.323    A_U/matrixmul_A_ram_U/ram_reg_1
  -------------------------------------------------------------------
                         required time                         10.323    
                         arrival time                          -5.954    
  -------------------------------------------------------------------
                         slack                                  4.369    

Slack (MET) :             4.395ns  (required time - arrival time)
  Source:                 i3_reg_171_reg[4]/C
                            (rising edge-triggered cell FDRE clocked by ap_clk  {rise@0.000ns fall@5.000ns period=10.000ns})
  Destination:            n_reg_205_reg[10]/R
                            (rising edge-triggered cell FDRE clocked by ap_clk  {rise@0.000ns fall@5.000ns period=10.000ns})
  Path Group:             ap_clk
  Path Type:              Setup (Max at Slow Process Corner)
  Requirement:            10.000ns  (ap_clk rise@10.000ns - ap_clk rise@0.000ns)
  Data Path Delay:        5.092ns  (logic 1.444ns (28.356%)  route 3.648ns (71.644%))
  Logic Levels:           6  (CARRY4=4 LUT2=1 LUT4=1)
  Clock Path Skew:        -0.049ns (DCD - SCD + CPR)
    Destination Clock Delay (DCD):    0.924ns = ( 10.924 - 10.000 ) 
    Source Clock Delay      (SCD):    0.973ns
    Clock Pessimism Removal (CPR):    0.000ns
  Clock Uncertainty:      0.035ns  ((TSJ^2 + TIJ^2)^1/2 + DJ) / 2 + PE
    Total System Jitter     (TSJ):    0.071ns
    Total Input Jitter      (TIJ):    0.000ns
    Discrete Jitter          (DJ):    0.000ns
    Phase Error              (PE):    0.000ns

    Location             Delay type                Incr(ns)  Path(ns)    Netlist Resource(s)
  -------------------------------------------------------------------    -------------------
                         (clock ap_clk rise edge)     0.000     0.000 r  
                                                      0.000     0.000 r  ap_clk (IN)
                         net (fo=1130, unset)         0.973     0.973    ap_clk
    SLICE_X33Y49         FDRE                                         r  i3_reg_171_reg[4]/C
  -------------------------------------------------------------------    -------------------
    SLICE_X33Y49         FDRE (Prop_fdre_C_Q)         0.456     1.429 r  i3_reg_171_reg[4]/Q
                         net (fo=3, routed)           1.320     2.749    i3_reg_171_reg[4]
    SLICE_X41Y49         LUT4 (Prop_lut4_I2_O)        0.124     2.873 r  ap_CS_fsm[9]_i_35/O
                         net (fo=1, routed)           0.000     2.873    ap_CS_fsm[9]_i_35_n_7
    SLICE_X41Y49         CARRY4 (Prop_carry4_S[2]_CO[3])
                                                      0.398     3.271 r  ap_CS_fsm_reg[9]_i_21/CO[3]
                         net (fo=1, routed)           0.001     3.272    ap_CS_fsm_reg[9]_i_21_n_7
    SLICE_X41Y50         CARRY4 (Prop_carry4_CI_CO[3])
                                                      0.114     3.386 r  ap_CS_fsm_reg[9]_i_12/CO[3]
                         net (fo=1, routed)           0.000     3.386    ap_CS_fsm_reg[9]_i_12_n_7
    SLICE_X41Y51         CARRY4 (Prop_carry4_CI_CO[3])
                                                      0.114     3.500 r  ap_CS_fsm_reg[9]_i_3/CO[3]
                         net (fo=1, routed)           0.000     3.500    ap_CS_fsm_reg[9]_i_3_n_7
    SLICE_X41Y52         CARRY4 (Prop_carry4_CI_CO[3])
                                                      0.114     3.614 f  ap_CS_fsm_reg[9]_i_2/CO[3]
                         net (fo=4, routed)           0.855     4.469    tmp_5_fu_401_p2
    SLICE_X32Y52         LUT2 (Prop_lut2_I1_O)        0.124     4.593 r  n_reg_205[31]_i_1/O
                         net (fo=63, routed)          1.472     6.065    n_reg_205[31]_i_1_n_7
    SLICE_X25Y44         FDRE                                         r  n_reg_205_reg[10]/R
  -------------------------------------------------------------------    -------------------

                         (clock ap_clk rise edge)    10.000    10.000 r  
                                                      0.000    10.000 r  ap_clk (IN)
                         net (fo=1130, unset)         0.924    10.924    ap_clk
    SLICE_X25Y44         FDRE                                         r  n_reg_205_reg[10]/C
                         clock pessimism              0.000    10.924    
                         clock uncertainty           -0.035    10.889    
    SLICE_X25Y44         FDRE (Setup_fdre_C_R)       -0.429    10.460    n_reg_205_reg[10]
  -------------------------------------------------------------------
                         required time                         10.460    
                         arrival time                          -6.065    
  -------------------------------------------------------------------
                         slack                                  4.395    





Min Delay Paths
--------------------------------------------------------------------------------------
Slack (MET) :             0.098ns  (arrival time - required time)
  Source:                 ln_0_data_reg_reg[19]/C
                            (rising edge-triggered cell FDRE clocked by ap_clk  {rise@0.000ns fall@5.000ns period=10.000ns})
  Destination:            ln_read_reg_580_reg[19]/D
                            (rising edge-triggered cell FDRE clocked by ap_clk  {rise@0.000ns fall@5.000ns period=10.000ns})
  Path Group:             ap_clk
  Path Type:              Hold (Min at Fast Process Corner)
  Requirement:            0.000ns  (ap_clk rise@0.000ns - ap_clk rise@0.000ns)
  Data Path Delay:        0.195ns  (logic 0.141ns (72.269%)  route 0.054ns (27.731%))
  Logic Levels:           0  
  Clock Path Skew:        0.022ns (DCD - SCD - CPR)
    Destination Clock Delay (DCD):    0.432ns
    Source Clock Delay      (SCD):    0.410ns
    Clock Pessimism Removal (CPR):    -0.000ns

    Location             Delay type                Incr(ns)  Path(ns)    Netlist Resource(s)
  -------------------------------------------------------------------    -------------------
                         (clock ap_clk rise edge)     0.000     0.000 r  
                                                      0.000     0.000 r  ap_clk (IN)
                         net (fo=1130, unset)         0.410     0.410    ap_clk
    SLICE_X37Y51         FDRE                                         r  ln_0_data_reg_reg[19]/C
  -------------------------------------------------------------------    -------------------
    SLICE_X37Y51         FDRE (Prop_fdre_C_Q)         0.141     0.551 r  ln_0_data_reg_reg[19]/Q
                         net (fo=1, routed)           0.054     0.605    ln_0_data_reg[19]
    SLICE_X36Y51         FDRE                                         r  ln_read_reg_580_reg[19]/D
  -------------------------------------------------------------------    -------------------

                         (clock ap_clk rise edge)     0.000     0.000 r  
                                                      0.000     0.000 r  ap_clk (IN)
                         net (fo=1130, unset)         0.432     0.432    ap_clk
    SLICE_X36Y51         FDRE                                         r  ln_read_reg_580_reg[19]/C
                         clock pessimism              0.000     0.432    
    SLICE_X36Y51         FDRE (Hold_fdre_C_D)         0.076     0.508    ln_read_reg_580_reg[19]
  -------------------------------------------------------------------
                         required time                         -0.508    
                         arrival time                           0.605    
  -------------------------------------------------------------------
                         slack                                  0.098    

Slack (MET) :             0.144ns  (arrival time - required time)
  Source:                 matrixmul_AXILiteS_s_axi_U/int_ln_reg[14]/C
                            (rising edge-triggered cell FDRE clocked by ap_clk  {rise@0.000ns fall@5.000ns period=10.000ns})
  Destination:            matrixmul_AXILiteS_s_axi_U/rdata_reg[14]/D
                            (rising edge-triggered cell FDRE clocked by ap_clk  {rise@0.000ns fall@5.000ns period=10.000ns})
  Path Group:             ap_clk
  Path Type:              Hold (Min at Fast Process Corner)
  Requirement:            0.000ns  (ap_clk rise@0.000ns - ap_clk rise@0.000ns)
  Data Path Delay:        0.285ns  (logic 0.186ns (65.209%)  route 0.099ns (34.791%))
  Logic Levels:           1  (LUT6=1)
  Clock Path Skew:        0.022ns (DCD - SCD - CPR)
    Destination Clock Delay (DCD):    0.432ns
    Source Clock Delay      (SCD):    0.410ns
    Clock Pessimism Removal (CPR):    -0.000ns

    Location             Delay type                Incr(ns)  Path(ns)    Netlist Resource(s)
  -------------------------------------------------------------------    -------------------
                         (clock ap_clk rise edge)     0.000     0.000 r  
                                                      0.000     0.000 r  ap_clk (IN)
                         net (fo=1130, unset)         0.410     0.410    matrixmul_AXILiteS_s_axi_U/ap_clk
    SLICE_X37Y48         FDRE                                         r  matrixmul_AXILiteS_s_axi_U/int_ln_reg[14]/C
  -------------------------------------------------------------------    -------------------
    SLICE_X37Y48         FDRE (Prop_fdre_C_Q)         0.141     0.551 r  matrixmul_AXILiteS_s_axi_U/int_ln_reg[14]/Q
                         net (fo=3, routed)           0.099     0.650    matrixmul_AXILiteS_s_axi_U/ln_0_data_reg_reg[31][14]
    SLICE_X36Y48         LUT6 (Prop_lut6_I3_O)        0.045     0.695 r  matrixmul_AXILiteS_s_axi_U/rdata[14]_i_1/O
                         net (fo=1, routed)           0.000     0.695    matrixmul_AXILiteS_s_axi_U/rdata[14]
    SLICE_X36Y48         FDRE                                         r  matrixmul_AXILiteS_s_axi_U/rdata_reg[14]/D
  -------------------------------------------------------------------    -------------------

                         (clock ap_clk rise edge)     0.000     0.000 r  
                                                      0.000     0.000 r  ap_clk (IN)
                         net (fo=1130, unset)         0.432     0.432    matrixmul_AXILiteS_s_axi_U/ap_clk
    SLICE_X36Y48         FDRE                                         r  matrixmul_AXILiteS_s_axi_U/rdata_reg[14]/C
                         clock pessimism              0.000     0.432    
    SLICE_X36Y48         FDRE (Hold_fdre_C_D)         0.120     0.552    matrixmul_AXILiteS_s_axi_U/rdata_reg[14]
  -------------------------------------------------------------------
                         required time                         -0.552    
                         arrival time                           0.695    
  -------------------------------------------------------------------
                         slack                                  0.144    

Slack (MET) :             0.145ns  (arrival time - required time)
  Source:                 i_6_reg_687_reg[26]/C
                            (rising edge-triggered cell FDRE clocked by ap_clk  {rise@0.000ns fall@5.000ns period=10.000ns})
  Destination:            i6_reg_240_reg[26]/D
                            (rising edge-triggered cell FDRE clocked by ap_clk  {rise@0.000ns fall@5.000ns period=10.000ns})
  Path Group:             ap_clk
  Path Type:              Hold (Min at Fast Process Corner)
  Requirement:            0.000ns  (ap_clk rise@0.000ns - ap_clk rise@0.000ns)
  Data Path Delay:        0.213ns  (logic 0.164ns (76.958%)  route 0.049ns (23.042%))
  Logic Levels:           0  
  Clock Path Skew:        0.022ns (DCD - SCD - CPR)
    Destination Clock Delay (DCD):    0.432ns
    Source Clock Delay      (SCD):    0.410ns
    Clock Pessimism Removal (CPR):    -0.000ns

    Location             Delay type                Incr(ns)  Path(ns)    Netlist Resource(s)
  -------------------------------------------------------------------    -------------------
                         (clock ap_clk rise edge)     0.000     0.000 r  
                                                      0.000     0.000 r  ap_clk (IN)
                         net (fo=1130, unset)         0.410     0.410    ap_clk
    SLICE_X26Y52         FDRE                                         r  i_6_reg_687_reg[26]/C
  -------------------------------------------------------------------    -------------------
    SLICE_X26Y52         FDRE (Prop_fdre_C_Q)         0.164     0.574 r  i_6_reg_687_reg[26]/Q
                         net (fo=1, routed)           0.049     0.623    i_6_reg_687[26]
    SLICE_X27Y52         FDRE                                         r  i6_reg_240_reg[26]/D
  -------------------------------------------------------------------    -------------------

                         (clock ap_clk rise edge)     0.000     0.000 r  
                                                      0.000     0.000 r  ap_clk (IN)
                         net (fo=1130, unset)         0.432     0.432    ap_clk
    SLICE_X27Y52         FDRE                                         r  i6_reg_240_reg[26]/C
                         clock pessimism              0.000     0.432    
    SLICE_X27Y52         FDRE (Hold_fdre_C_D)         0.047     0.479    i6_reg_240_reg[26]
  -------------------------------------------------------------------
                         required time                         -0.479    
                         arrival time                           0.623    
  -------------------------------------------------------------------
                         slack                                  0.145    

Slack (MET) :             0.146ns  (arrival time - required time)
  Source:                 j_2_reg_635_reg[11]/C
                            (rising edge-triggered cell FDRE clocked by ap_clk  {rise@0.000ns fall@5.000ns period=10.000ns})
  Destination:            j2_reg_160_reg[11]/D
                            (rising edge-triggered cell FDRE clocked by ap_clk  {rise@0.000ns fall@5.000ns period=10.000ns})
  Path Group:             ap_clk
  Path Type:              Hold (Min at Fast Process Corner)
  Requirement:            0.000ns  (ap_clk rise@0.000ns - ap_clk rise@0.000ns)
  Data Path Delay:        0.214ns  (logic 0.164ns (76.598%)  route 0.050ns (23.402%))
  Logic Levels:           0  
  Clock Path Skew:        0.022ns (DCD - SCD - CPR)
    Destination Clock Delay (DCD):    0.432ns
    Source Clock Delay      (SCD):    0.410ns
    Clock Pessimism Removal (CPR):    -0.000ns

    Location             Delay type                Incr(ns)  Path(ns)    Netlist Resource(s)
  -------------------------------------------------------------------    -------------------
                         (clock ap_clk rise edge)     0.000     0.000 r  
                                                      0.000     0.000 r  ap_clk (IN)
                         net (fo=1130, unset)         0.410     0.410    ap_clk
    SLICE_X30Y43         FDRE                                         r  j_2_reg_635_reg[11]/C
  -------------------------------------------------------------------    -------------------
    SLICE_X30Y43         FDRE (Prop_fdre_C_Q)         0.164     0.574 r  j_2_reg_635_reg[11]/Q
                         net (fo=1, routed)           0.050     0.624    j_2_reg_635[11]
    SLICE_X31Y43         FDRE                                         r  j2_reg_160_reg[11]/D
  -------------------------------------------------------------------    -------------------

                         (clock ap_clk rise edge)     0.000     0.000 r  
                                                      0.000     0.000 r  ap_clk (IN)
                         net (fo=1130, unset)         0.432     0.432    ap_clk
    SLICE_X31Y43         FDRE                                         r  j2_reg_160_reg[11]/C
                         clock pessimism              0.000     0.432    
    SLICE_X31Y43         FDRE (Hold_fdre_C_D)         0.047     0.479    j2_reg_160_reg[11]
  -------------------------------------------------------------------
                         required time                         -0.479    
                         arrival time                           0.624    
  -------------------------------------------------------------------
                         slack                                  0.146    

Slack (MET) :             0.150ns  (arrival time - required time)
  Source:                 i_2_reg_622_reg[20]/C
                            (rising edge-triggered cell FDRE clocked by ap_clk  {rise@0.000ns fall@5.000ns period=10.000ns})
  Destination:            i1_reg_149_reg[20]/D
                            (rising edge-triggered cell FDRE clocked by ap_clk  {rise@0.000ns fall@5.000ns period=10.000ns})
  Path Group:             ap_clk
  Path Type:              Hold (Min at Fast Process Corner)
  Requirement:            0.000ns  (ap_clk rise@0.000ns - ap_clk rise@0.000ns)
  Data Path Delay:        0.247ns  (logic 0.141ns (57.045%)  route 0.106ns (42.955%))
  Logic Levels:           0  
  Clock Path Skew:        0.022ns (DCD - SCD - CPR)
    Destination Clock Delay (DCD):    0.432ns
    Source Clock Delay      (SCD):    0.410ns
    Clock Pessimism Removal (CPR):    -0.000ns

    Location             Delay type                Incr(ns)  Path(ns)    Netlist Resource(s)
  -------------------------------------------------------------------    -------------------
                         (clock ap_clk rise edge)     0.000     0.000 r  
                                                      0.000     0.000 r  ap_clk (IN)
                         net (fo=1130, unset)         0.410     0.410    ap_clk
    SLICE_X35Y45         FDRE                                         r  i_2_reg_622_reg[20]/C
  -------------------------------------------------------------------    -------------------
    SLICE_X35Y45         FDRE (Prop_fdre_C_Q)         0.141     0.551 r  i_2_reg_622_reg[20]/Q
                         net (fo=1, routed)           0.106     0.657    i_2_reg_622[20]
    SLICE_X34Y46         FDRE                                         r  i1_reg_149_reg[20]/D
  -------------------------------------------------------------------    -------------------

                         (clock ap_clk rise edge)     0.000     0.000 r  
                                                      0.000     0.000 r  ap_clk (IN)
                         net (fo=1130, unset)         0.432     0.432    ap_clk
    SLICE_X34Y46         FDRE                                         r  i1_reg_149_reg[20]/C
                         clock pessimism              0.000     0.432    
    SLICE_X34Y46         FDRE (Hold_fdre_C_D)         0.076     0.508    i1_reg_149_reg[20]
  -------------------------------------------------------------------
                         required time                         -0.508    
                         arrival time                           0.657    
  -------------------------------------------------------------------
                         slack                                  0.150    

Slack (MET) :             0.150ns  (arrival time - required time)
  Source:                 i_2_reg_622_reg[4]/C
                            (rising edge-triggered cell FDRE clocked by ap_clk  {rise@0.000ns fall@5.000ns period=10.000ns})
  Destination:            i1_reg_149_reg[4]/D
                            (rising edge-triggered cell FDRE clocked by ap_clk  {rise@0.000ns fall@5.000ns period=10.000ns})
  Path Group:             ap_clk
  Path Type:              Hold (Min at Fast Process Corner)
  Requirement:            0.000ns  (ap_clk rise@0.000ns - ap_clk rise@0.000ns)
  Data Path Delay:        0.247ns  (logic 0.141ns (57.045%)  route 0.106ns (42.955%))
  Logic Levels:           0  
  Clock Path Skew:        0.022ns (DCD - SCD - CPR)
    Destination Clock Delay (DCD):    0.432ns
    Source Clock Delay      (SCD):    0.410ns
    Clock Pessimism Removal (CPR):    -0.000ns

    Location             Delay type                Incr(ns)  Path(ns)    Netlist Resource(s)
  -------------------------------------------------------------------    -------------------
                         (clock ap_clk rise edge)     0.000     0.000 r  
                                                      0.000     0.000 r  ap_clk (IN)
                         net (fo=1130, unset)         0.410     0.410    ap_clk
    SLICE_X35Y41         FDRE                                         r  i_2_reg_622_reg[4]/C
  -------------------------------------------------------------------    -------------------
    SLICE_X35Y41         FDRE (Prop_fdre_C_Q)         0.141     0.551 r  i_2_reg_622_reg[4]/Q
                         net (fo=1, routed)           0.106     0.657    i_2_reg_622[4]
    SLICE_X34Y42         FDRE                                         r  i1_reg_149_reg[4]/D
  -------------------------------------------------------------------    -------------------

                         (clock ap_clk rise edge)     0.000     0.000 r  
                                                      0.000     0.000 r  ap_clk (IN)
                         net (fo=1130, unset)         0.432     0.432    ap_clk
    SLICE_X34Y42         FDRE                                         r  i1_reg_149_reg[4]/C
                         clock pessimism              0.000     0.432    
    SLICE_X34Y42         FDRE (Hold_fdre_C_D)         0.076     0.508    i1_reg_149_reg[4]
  -------------------------------------------------------------------
                         required time                         -0.508    
                         arrival time                           0.657    
  -------------------------------------------------------------------
                         slack                                  0.150    

Slack (MET) :             0.153ns  (arrival time - required time)
  Source:                 lm_0_data_reg_reg[25]/C
                            (rising edge-triggered cell FDRE clocked by ap_clk  {rise@0.000ns fall@5.000ns period=10.000ns})
  Destination:            lm_read_reg_587_reg[25]/D
                            (rising edge-triggered cell FDRE clocked by ap_clk  {rise@0.000ns fall@5.000ns period=10.000ns})
  Path Group:             ap_clk
  Path Type:              Hold (Min at Fast Process Corner)
  Requirement:            0.000ns  (ap_clk rise@0.000ns - ap_clk rise@0.000ns)
  Data Path Delay:        0.245ns  (logic 0.141ns (57.590%)  route 0.104ns (42.410%))
  Logic Levels:           0  
  Clock Path Skew:        0.022ns (DCD - SCD - CPR)
    Destination Clock Delay (DCD):    0.432ns
    Source Clock Delay      (SCD):    0.410ns
    Clock Pessimism Removal (CPR):    -0.000ns

    Location             Delay type                Incr(ns)  Path(ns)    Netlist Resource(s)
  -------------------------------------------------------------------    -------------------
                         (clock ap_clk rise edge)     0.000     0.000 r  
                                                      0.000     0.000 r  ap_clk (IN)
                         net (fo=1130, unset)         0.410     0.410    ap_clk
    SLICE_X40Y50         FDRE                                         r  lm_0_data_reg_reg[25]/C
  -------------------------------------------------------------------    -------------------
    SLICE_X40Y50         FDRE (Prop_fdre_C_Q)         0.141     0.551 r  lm_0_data_reg_reg[25]/Q
                         net (fo=1, routed)           0.104     0.655    lm_0_data_reg[25]
    SLICE_X43Y50         FDRE                                         r  lm_read_reg_587_reg[25]/D
  -------------------------------------------------------------------    -------------------

                         (clock ap_clk rise edge)     0.000     0.000 r  
                                                      0.000     0.000 r  ap_clk (IN)
                         net (fo=1130, unset)         0.432     0.432    ap_clk
    SLICE_X43Y50         FDRE                                         r  lm_read_reg_587_reg[25]/C
                         clock pessimism              0.000     0.432    
    SLICE_X43Y50         FDRE (Hold_fdre_C_D)         0.070     0.502    lm_read_reg_587_reg[25]
  -------------------------------------------------------------------
                         required time                         -0.502    
                         arrival time                           0.655    
  -------------------------------------------------------------------
                         slack                                  0.153    

Slack (MET) :             0.156ns  (arrival time - required time)
  Source:                 ln_0_data_reg_reg[27]/C
                            (rising edge-triggered cell FDRE clocked by ap_clk  {rise@0.000ns fall@5.000ns period=10.000ns})
  Destination:            ln_read_reg_580_reg[27]/D
                            (rising edge-triggered cell FDRE clocked by ap_clk  {rise@0.000ns fall@5.000ns period=10.000ns})
  Path Group:             ap_clk
  Path Type:              Hold (Min at Fast Process Corner)
  Requirement:            0.000ns  (ap_clk rise@0.000ns - ap_clk rise@0.000ns)
  Data Path Delay:        0.187ns  (logic 0.128ns (68.397%)  route 0.059ns (31.603%))
  Logic Levels:           0  
  Clock Path Skew:        0.022ns (DCD - SCD - CPR)
    Destination Clock Delay (DCD):    0.432ns
    Source Clock Delay      (SCD):    0.410ns
    Clock Pessimism Removal (CPR):    -0.000ns

    Location             Delay type                Incr(ns)  Path(ns)    Netlist Resource(s)
  -------------------------------------------------------------------    -------------------
                         (clock ap_clk rise edge)     0.000     0.000 r  
                                                      0.000     0.000 r  ap_clk (IN)
                         net (fo=1130, unset)         0.410     0.410    ap_clk
    SLICE_X37Y51         FDRE                                         r  ln_0_data_reg_reg[27]/C
  -------------------------------------------------------------------    -------------------
    SLICE_X37Y51         FDRE (Prop_fdre_C_Q)         0.128     0.538 r  ln_0_data_reg_reg[27]/Q
                         net (fo=1, routed)           0.059     0.597    ln_0_data_reg[27]
    SLICE_X36Y51         FDRE                                         r  ln_read_reg_580_reg[27]/D
  -------------------------------------------------------------------    -------------------

                         (clock ap_clk rise edge)     0.000     0.000 r  
                                                      0.000     0.000 r  ap_clk (IN)
                         net (fo=1130, unset)         0.432     0.432    ap_clk
    SLICE_X36Y51         FDRE                                         r  ln_read_reg_580_reg[27]/C
                         clock pessimism              0.000     0.432    
    SLICE_X36Y51         FDRE (Hold_fdre_C_D)         0.010     0.442    ln_read_reg_580_reg[27]
  -------------------------------------------------------------------
                         required time                         -0.442    
                         arrival time                           0.597    
  -------------------------------------------------------------------
                         slack                                  0.156    

Slack (MET) :             0.159ns  (arrival time - required time)
  Source:                 lm_0_data_reg_reg[16]/C
                            (rising edge-triggered cell FDRE clocked by ap_clk  {rise@0.000ns fall@5.000ns period=10.000ns})
  Destination:            lm_read_reg_587_reg[16]/D
                            (rising edge-triggered cell FDRE clocked by ap_clk  {rise@0.000ns fall@5.000ns period=10.000ns})
  Path Group:             ap_clk
  Path Type:              Hold (Min at Fast Process Corner)
  Requirement:            0.000ns  (ap_clk rise@0.000ns - ap_clk rise@0.000ns)
  Data Path Delay:        0.251ns  (logic 0.141ns (56.174%)  route 0.110ns (43.826%))
  Logic Levels:           0  
  Clock Path Skew:        0.022ns (DCD - SCD - CPR)
    Destination Clock Delay (DCD):    0.432ns
    Source Clock Delay      (SCD):    0.410ns
    Clock Pessimism Removal (CPR):    -0.000ns

    Location             Delay type                Incr(ns)  Path(ns)    Netlist Resource(s)
  -------------------------------------------------------------------    -------------------
                         (clock ap_clk rise edge)     0.000     0.000 r  
                                                      0.000     0.000 r  ap_clk (IN)
                         net (fo=1130, unset)         0.410     0.410    ap_clk
    SLICE_X41Y53         FDRE                                         r  lm_0_data_reg_reg[16]/C
  -------------------------------------------------------------------    -------------------
    SLICE_X41Y53         FDRE (Prop_fdre_C_Q)         0.141     0.551 r  lm_0_data_reg_reg[16]/Q
                         net (fo=1, routed)           0.110     0.661    lm_0_data_reg[16]
    SLICE_X41Y52         FDRE                                         r  lm_read_reg_587_reg[16]/D
  -------------------------------------------------------------------    -------------------

                         (clock ap_clk rise edge)     0.000     0.000 r  
                                                      0.000     0.000 r  ap_clk (IN)
                         net (fo=1130, unset)         0.432     0.432    ap_clk
    SLICE_X41Y52         FDRE                                         r  lm_read_reg_587_reg[16]/C
                         clock pessimism              0.000     0.432    
    SLICE_X41Y52         FDRE (Hold_fdre_C_D)         0.070     0.502    lm_read_reg_587_reg[16]
  -------------------------------------------------------------------
                         required time                         -0.502    
                         arrival time                           0.661    
  -------------------------------------------------------------------
                         slack                                  0.159    

Slack (MET) :             0.160ns  (arrival time - required time)
  Source:                 ln_0_data_reg_reg[25]/C
                            (rising edge-triggered cell FDRE clocked by ap_clk  {rise@0.000ns fall@5.000ns period=10.000ns})
  Destination:            ln_read_reg_580_reg[25]/D
                            (rising edge-triggered cell FDRE clocked by ap_clk  {rise@0.000ns fall@5.000ns period=10.000ns})
  Path Group:             ap_clk
  Path Type:              Hold (Min at Fast Process Corner)
  Requirement:            0.000ns  (ap_clk rise@0.000ns - ap_clk rise@0.000ns)
  Data Path Delay:        0.257ns  (logic 0.141ns (54.785%)  route 0.116ns (45.215%))
  Logic Levels:           0  
  Clock Path Skew:        0.022ns (DCD - SCD - CPR)
    Destination Clock Delay (DCD):    0.432ns
    Source Clock Delay      (SCD):    0.410ns
    Clock Pessimism Removal (CPR):    -0.000ns

    Location             Delay type                Incr(ns)  Path(ns)    Netlist Resource(s)
  -------------------------------------------------------------------    -------------------
                         (clock ap_clk rise edge)     0.000     0.000 r  
                                                      0.000     0.000 r  ap_clk (IN)
                         net (fo=1130, unset)         0.410     0.410    ap_clk
    SLICE_X41Y51         FDRE                                         r  ln_0_data_reg_reg[25]/C
  -------------------------------------------------------------------    -------------------
    SLICE_X41Y51         FDRE (Prop_fdre_C_Q)         0.141     0.551 r  ln_0_data_reg_reg[25]/Q
                         net (fo=1, routed)           0.116     0.668    ln_0_data_reg[25]
    SLICE_X39Y51         FDRE                                         r  ln_read_reg_580_reg[25]/D
  -------------------------------------------------------------------    -------------------

                         (clock ap_clk rise edge)     0.000     0.000 r  
                                                      0.000     0.000 r  ap_clk (IN)
                         net (fo=1130, unset)         0.432     0.432    ap_clk
    SLICE_X39Y51         FDRE                                         r  ln_read_reg_580_reg[25]/C
                         clock pessimism              0.000     0.432    
    SLICE_X39Y51         FDRE (Hold_fdre_C_D)         0.076     0.508    ln_read_reg_580_reg[25]
  -------------------------------------------------------------------
                         required time                         -0.508    
                         arrival time                           0.668    
  -------------------------------------------------------------------
                         slack                                  0.160    





Pulse Width Checks
--------------------------------------------------------------------------------------
Clock Name:         ap_clk
Waveform(ns):       { 0.000 5.000 }
Period(ns):         10.000
Sources:            { ap_clk }

Check Type        Corner  Lib Pin             Reference Pin  Required(ns)  Actual(ns)  Slack(ns)  Location      Pin
Min Period        n/a     DSP48E1/CLK         n/a            3.884         10.000      6.116      DSP48_X1Y16   sum_reg_262_reg/CLK
Min Period        n/a     RAMB36E1/CLKARDCLK  n/a            2.576         10.000      7.424      RAMB36_X0Y8   A_U/matrixmul_A_ram_U/ram_reg_3/CLKARDCLK
Min Period        n/a     RAMB36E1/CLKARDCLK  n/a            2.576         10.000      7.424      RAMB36_X1Y8   B_U/matrixmul_A_ram_U/ram_reg_2/CLKARDCLK
Min Period        n/a     RAMB36E1/CLKARDCLK  n/a            2.576         10.000      7.424      RAMB36_X2Y7   B_U/matrixmul_A_ram_U/ram_reg_0/CLKARDCLK
Min Period        n/a     RAMB36E1/CLKARDCLK  n/a            2.576         10.000      7.424      RAMB36_X2Y8   B_U/matrixmul_A_ram_U/ram_reg_3/CLKARDCLK
Min Period        n/a     RAMB36E1/CLKARDCLK  n/a            2.576         10.000      7.424      RAMB36_X1Y7   B_U/matrixmul_A_ram_U/ram_reg_1/CLKARDCLK
Min Period        n/a     RAMB36E1/CLKARDCLK  n/a            2.576         10.000      7.424      RAMB36_X1Y6   A_U/matrixmul_A_ram_U/ram_reg_0/CLKARDCLK
Min Period        n/a     RAMB36E1/CLKARDCLK  n/a            2.576         10.000      7.424      RAMB36_X0Y6   A_U/matrixmul_A_ram_U/ram_reg_1/CLKARDCLK
Min Period        n/a     RAMB36E1/CLKARDCLK  n/a            2.576         10.000      7.424      RAMB36_X0Y7   A_U/matrixmul_A_ram_U/ram_reg_2/CLKARDCLK
Min Period        n/a     FDRE/C              n/a            1.000         10.000      9.000      SLICE_X23Y40  AB_1_payload_A_reg[0]/C
Low Pulse Width   Fast    FDRE/C              n/a            0.500         5.000       4.500      SLICE_X23Y40  AB_1_payload_A_reg[0]/C
Low Pulse Width   Fast    FDRE/C              n/a            0.500         5.000       4.500      SLICE_X21Y45  AB_1_payload_A_reg[10]/C
Low Pulse Width   Fast    FDRE/C              n/a            0.500         5.000       4.500      SLICE_X20Y43  AB_1_payload_A_reg[11]/C
Low Pulse Width   Fast    FDRE/C              n/a            0.500         5.000       4.500      SLICE_X21Y45  AB_1_payload_A_reg[12]/C
Low Pulse Width   Fast    FDRE/C              n/a            0.500         5.000       4.500      SLICE_X21Y45  AB_1_payload_A_reg[13]/C
Low Pulse Width   Fast    FDRE/C              n/a            0.500         5.000       4.500      SLICE_X20Y43  AB_1_payload_A_reg[14]/C
Low Pulse Width   Fast    FDRE/C              n/a            0.500         5.000       4.500      SLICE_X20Y43  AB_1_payload_A_reg[15]/C
Low Pulse Width   Fast    FDRE/C              n/a            0.500         5.000       4.500      SLICE_X21Y45  AB_1_payload_A_reg[16]/C
Low Pulse Width   Fast    FDRE/C              n/a            0.500         5.000       4.500      SLICE_X21Y45  AB_1_payload_A_reg[17]/C
Low Pulse Width   Fast    FDRE/C              n/a            0.500         5.000       4.500      SLICE_X21Y45  AB_1_payload_A_reg[18]/C
High Pulse Width  Slow    FDRE/C              n/a            0.500         5.000       4.500      SLICE_X23Y40  AB_1_payload_A_reg[0]/C
High Pulse Width  Fast    FDRE/C              n/a            0.500         5.000       4.500      SLICE_X23Y40  AB_1_payload_A_reg[0]/C
High Pulse Width  Slow    FDRE/C              n/a            0.500         5.000       4.500      SLICE_X21Y45  AB_1_payload_A_reg[10]/C
High Pulse Width  Fast    FDRE/C              n/a            0.500         5.000       4.500      SLICE_X21Y45  AB_1_payload_A_reg[10]/C
High Pulse Width  Slow    FDRE/C              n/a            0.500         5.000       4.500      SLICE_X20Y43  AB_1_payload_A_reg[11]/C
High Pulse Width  Fast    FDRE/C              n/a            0.500         5.000       4.500      SLICE_X20Y43  AB_1_payload_A_reg[11]/C
High Pulse Width  Slow    FDRE/C              n/a            0.500         5.000       4.500      SLICE_X21Y45  AB_1_payload_A_reg[12]/C
High Pulse Width  Fast    FDRE/C              n/a            0.500         5.000       4.500      SLICE_X21Y45  AB_1_payload_A_reg[12]/C
High Pulse Width  Slow    FDRE/C              n/a            0.500         5.000       4.500      SLICE_X21Y45  AB_1_payload_A_reg[13]/C
High Pulse Width  Fast    FDRE/C              n/a            0.500         5.000       4.500      SLICE_X21Y45  AB_1_payload_A_reg[13]/C



