
*** Running vivado
    with args -log matrixmul_1D_rev2.vdi -applog -m64 -product Vivado -messageDb vivado.pb -mode batch -source matrixmul_1D_rev2.tcl -notrace


****** Vivado v2018.2 (64-bit)
  **** SW Build 2258646 on Thu Jun 14 20:03:12 MDT 2018
  **** IP Build 2256618 on Thu Jun 14 22:10:49 MDT 2018
    ** Copyright 1986-2018 Xilinx, Inc. All Rights Reserved.

source matrixmul_1D_rev2.tcl -notrace
Command: open_checkpoint C:/Users/SEP16/SoC_2022_MJU/HW2_2/HW2_2_HLS/solution1/impl/verilog/project.runs/impl_1/matrixmul_1D_rev2.dcp

Starting open_checkpoint Task

Time (s): cpu = 00:00:00 ; elapsed = 00:00:00.025 . Memory (MB): peak = 230.980 ; gain = 0.000
INFO: [Netlist 29-17] Analyzing 3 Unisim elements for replacement
INFO: [Netlist 29-28] Unisim Transformation completed in 0 CPU seconds
INFO: [Project 1-479] Netlist was created with Vivado 2018.2
INFO: [Device 21-403] Loading part xc7z020clg484-1
INFO: [Project 1-570] Preparing netlist for logic optimization
INFO: [Timing 38-478] Restoring timing data from binary archive.
INFO: [Timing 38-479] Binary timing data restore complete.
INFO: [Project 1-856] Restoring constraints from binary archive.
INFO: [Project 1-853] Binary constraint restore complete.
INFO: [Project 1-111] Unisim Transformation Summary:
No Unisim elements were transformed.

INFO: [Project 1-604] Checkpoint was created with Vivado v2018.2 (64-bit) build 2258646
open_checkpoint: Time (s): cpu = 00:00:14 ; elapsed = 00:00:18 . Memory (MB): peak = 1089.078 ; gain = 866.363
Command: opt_design
Attempting to get a license for feature 'Implementation' and/or device 'xc7z020'
INFO: [Common 17-349] Got license for feature 'Implementation' and/or device 'xc7z020'
Running DRC as a precondition to command opt_design

Starting DRC Task
INFO: [DRC 23-27] Running DRC with 2 threads
INFO: [Project 1-461] DRC finished with 0 Errors
INFO: [Project 1-462] Please refer to the DRC report (report_drc) for more information.

Time (s): cpu = 00:00:01 ; elapsed = 00:00:00.606 . Memory (MB): peak = 1092.449 ; gain = 3.371

Starting Cache Timing Information Task
Ending Cache Timing Information Task | Checksum: 17a8c2a01

Time (s): cpu = 00:00:00 ; elapsed = 00:00:00.019 . Memory (MB): peak = 1092.449 ; gain = 0.000

Starting Logic Optimization Task

Phase 1 Retarget
INFO: [Opt 31-138] Pushed 0 inverter(s) to 0 load pin(s).
INFO: [Opt 31-49] Retargeted 0 cell(s).
Phase 1 Retarget | Checksum: 17a8c2a01

Time (s): cpu = 00:00:00 ; elapsed = 00:00:00.042 . Memory (MB): peak = 1092.449 ; gain = 0.000
INFO: [Opt 31-389] Phase Retarget created 0 cells and removed 0 cells

Phase 2 Constant propagation
INFO: [Opt 31-138] Pushed 0 inverter(s) to 0 load pin(s).
Phase 2 Constant propagation | Checksum: 17a8c2a01

Time (s): cpu = 00:00:00 ; elapsed = 00:00:00.047 . Memory (MB): peak = 1092.449 ; gain = 0.000
INFO: [Opt 31-389] Phase Constant propagation created 0 cells and removed 0 cells

Phase 3 Sweep
Phase 3 Sweep | Checksum: 17a8c2a01

Time (s): cpu = 00:00:00 ; elapsed = 00:00:00.055 . Memory (MB): peak = 1092.449 ; gain = 0.000
INFO: [Opt 31-389] Phase Sweep created 0 cells and removed 0 cells

Phase 4 BUFG optimization
Phase 4 BUFG optimization | Checksum: 17a8c2a01

Time (s): cpu = 00:00:00 ; elapsed = 00:00:00.057 . Memory (MB): peak = 1092.449 ; gain = 0.000
INFO: [Opt 31-662] Phase BUFG optimization created 0 cells of which 0 are BUFGs and removed 0 cells.

Phase 5 Shift Register Optimization
Phase 5 Shift Register Optimization | Checksum: 17a8c2a01

Time (s): cpu = 00:00:00 ; elapsed = 00:00:00.064 . Memory (MB): peak = 1092.449 ; gain = 0.000
INFO: [Opt 31-389] Phase Shift Register Optimization created 0 cells and removed 0 cells

Phase 6 Post Processing Netlist
Phase 6 Post Processing Netlist | Checksum: 17a8c2a01

Time (s): cpu = 00:00:00 ; elapsed = 00:00:00.066 . Memory (MB): peak = 1092.449 ; gain = 0.000
INFO: [Opt 31-389] Phase Post Processing Netlist created 0 cells and removed 0 cells

Starting Connectivity Check Task

Time (s): cpu = 00:00:00 ; elapsed = 00:00:00.001 . Memory (MB): peak = 1092.449 ; gain = 0.000
Ending Logic Optimization Task | Checksum: 17a8c2a01

Time (s): cpu = 00:00:00 ; elapsed = 00:00:00.069 . Memory (MB): peak = 1092.449 ; gain = 0.000

Starting Power Optimization Task
INFO: [Pwropt 34-132] Skipping clock gating for clocks with a period < 2.00 ns.
INFO: [Pwropt 34-9] Applying IDT optimizations ...
INFO: [Pwropt 34-10] Applying ODC optimizations ...
INFO: [Timing 38-35] Done setting XDC timing constraints.
WARNING: [Timing 38-242] The property HD.CLK_SRC of clock port "ap_clk" is not set. In out-of-context mode, this prevents timing estimation for clock delay/skew
Resolution: Set the HD.CLK_SRC property of the out-of-context port to the location of the clock buffer instance in the top-level design
INFO: [Physopt 32-619] Estimated Timing Summary | WNS=6.166 | TNS=0.000 |
Running Vector-less Activity Propagation...

Finished Running Vector-less Activity Propagation


Starting PowerOpt Patch Enables Task
INFO: [Pwropt 34-162] WRITE_MODE attribute of 0 BRAM(s) out of a total of 2 has been updated to save power. Run report_power_opt to get a complete listing of the BRAMs updated.
INFO: [Pwropt 34-201] Structural ODC has moved 0 WE to EN ports
Number of BRAM Ports augmented: 0 newly gated: 0 Total Ports: 4
Ending PowerOpt Patch Enables Task | Checksum: 17a8c2a01

Time (s): cpu = 00:00:00 ; elapsed = 00:00:00.009 . Memory (MB): peak = 1203.703 ; gain = 0.000
Ending Power Optimization Task | Checksum: 17a8c2a01

Time (s): cpu = 00:00:01 ; elapsed = 00:00:00.989 . Memory (MB): peak = 1203.703 ; gain = 111.254

Starting Final Cleanup Task
Ending Final Cleanup Task | Checksum: 17a8c2a01

Time (s): cpu = 00:00:00 ; elapsed = 00:00:00 . Memory (MB): peak = 1203.703 ; gain = 0.000
INFO: [Common 17-83] Releasing license: Implementation
32 Infos, 1 Warnings, 0 Critical Warnings and 0 Errors encountered.
opt_design completed successfully
INFO: [Timing 38-35] Done setting XDC timing constraints.
INFO: [Timing 38-480] Writing timing data to binary archive.
INFO: [Common 17-1381] The checkpoint 'C:/Users/SEP16/SoC_2022_MJU/HW2_2/HW2_2_HLS/solution1/impl/verilog/project.runs/impl_1/matrixmul_1D_rev2_opt.dcp' has been generated.
INFO: [runtcl-4] Executing : report_drc -file matrixmul_1D_rev2_drc_opted.rpt -pb matrixmul_1D_rev2_drc_opted.pb -rpx matrixmul_1D_rev2_drc_opted.rpx
Command: report_drc -file matrixmul_1D_rev2_drc_opted.rpt -pb matrixmul_1D_rev2_drc_opted.pb -rpx matrixmul_1D_rev2_drc_opted.rpx
INFO: [IP_Flow 19-234] Refreshing IP repositories
INFO: [IP_Flow 19-1704] No user IP repositories specified
INFO: [IP_Flow 19-2313] Loaded Vivado IP repository 'C:/Xilinx/Vivado/2018.2/data/ip'.
INFO: [DRC 23-27] Running DRC with 2 threads
INFO: [Coretcl 2-168] The results of DRC are in file C:/Users/SEP16/SoC_2022_MJU/HW2_2/HW2_2_HLS/solution1/impl/verilog/project.runs/impl_1/matrixmul_1D_rev2_drc_opted.rpt.
report_drc completed successfully
Command: place_design
Attempting to get a license for feature 'Implementation' and/or device 'xc7z020'
INFO: [Common 17-349] Got license for feature 'Implementation' and/or device 'xc7z020'
INFO: [DRC 23-27] Running DRC with 2 threads
INFO: [Vivado_Tcl 4-198] DRC finished with 0 Errors
INFO: [Vivado_Tcl 4-199] Please refer to the DRC report (report_drc) for more information.
Running DRC as a precondition to command place_design
INFO: [DRC 23-27] Running DRC with 2 threads
INFO: [Vivado_Tcl 4-198] DRC finished with 0 Errors
INFO: [Vivado_Tcl 4-199] Please refer to the DRC report (report_drc) for more information.

Starting Placer Task
INFO: [Place 30-611] Multithreading enabled for place_design using a maximum of 2 CPUs

Phase 1 Placer Initialization

Phase 1.1 Placer Initialization Netlist Sorting
Netlist sorting complete. Time (s): cpu = 00:00:00 ; elapsed = 00:00:00 . Memory (MB): peak = 1203.703 ; gain = 0.000
Phase 1.1 Placer Initialization Netlist Sorting | Checksum: 8132122b

Time (s): cpu = 00:00:00 ; elapsed = 00:00:00.007 . Memory (MB): peak = 1203.703 ; gain = 0.000
Netlist sorting complete. Time (s): cpu = 00:00:00 ; elapsed = 00:00:00 . Memory (MB): peak = 1203.703 ; gain = 0.000

Phase 1.2 IO Placement/ Clock Placement/ Build Placer Device
Phase 1.2 IO Placement/ Clock Placement/ Build Placer Device | Checksum: 6f68340d

Time (s): cpu = 00:00:01 ; elapsed = 00:00:00.464 . Memory (MB): peak = 1203.703 ; gain = 0.000

Phase 1.3 Build Placer Netlist Model
Phase 1.3 Build Placer Netlist Model | Checksum: ec41dbb1

Time (s): cpu = 00:00:01 ; elapsed = 00:00:00.668 . Memory (MB): peak = 1203.703 ; gain = 0.000

Phase 1.4 Constrain Clocks/Macros
Phase 1.4 Constrain Clocks/Macros | Checksum: ec41dbb1

Time (s): cpu = 00:00:01 ; elapsed = 00:00:00.672 . Memory (MB): peak = 1203.703 ; gain = 0.000
Phase 1 Placer Initialization | Checksum: ec41dbb1

Time (s): cpu = 00:00:01 ; elapsed = 00:00:00.678 . Memory (MB): peak = 1203.703 ; gain = 0.000

Phase 2 Global Placement

Phase 2.1 Floorplanning
Phase 2.1 Floorplanning | Checksum: d93e0ae6

Time (s): cpu = 00:00:01 ; elapsed = 00:00:00.785 . Memory (MB): peak = 1203.703 ; gain = 0.000

Phase 2.2 Physical Synthesis In Placer
INFO: [Physopt 32-65] No nets found for high-fanout optimization.
INFO: [Physopt 32-232] Optimized 0 net. Created 0 new instance.
INFO: [Physopt 32-775] End 1 Pass. Optimized 0 net or cell. Created 0 new cell, deleted 0 existing cell and moved 0 existing cell
Netlist sorting complete. Time (s): cpu = 00:00:00 ; elapsed = 00:00:00 . Memory (MB): peak = 1203.703 ; gain = 0.000

Summary of Physical Synthesis Optimizations
============================================


-----------------------------------------------------------------------------------------------------------------------------
|  Optimization       |  Added Cells  |  Removed Cells  |  Optimized Cells/Nets  |  Dont Touch  |  Iterations  |  Elapsed   |
-----------------------------------------------------------------------------------------------------------------------------
|  Very High Fanout   |            0  |              0  |                     0  |           0  |           1  |  00:00:00  |
|  Total              |            0  |              0  |                     0  |           0  |           1  |  00:00:00  |
-----------------------------------------------------------------------------------------------------------------------------


Phase 2.2 Physical Synthesis In Placer | Checksum: 1f31a4fdd

Time (s): cpu = 00:00:04 ; elapsed = 00:00:02 . Memory (MB): peak = 1203.703 ; gain = 0.000
Phase 2 Global Placement | Checksum: 1cb3a186d

Time (s): cpu = 00:00:04 ; elapsed = 00:00:02 . Memory (MB): peak = 1203.703 ; gain = 0.000

Phase 3 Detail Placement

Phase 3.1 Commit Multi Column Macros
Phase 3.1 Commit Multi Column Macros | Checksum: 1cb3a186d

Time (s): cpu = 00:00:04 ; elapsed = 00:00:02 . Memory (MB): peak = 1203.703 ; gain = 0.000

Phase 3.2 Commit Most Macros & LUTRAMs
Phase 3.2 Commit Most Macros & LUTRAMs | Checksum: 18560080a

Time (s): cpu = 00:00:04 ; elapsed = 00:00:02 . Memory (MB): peak = 1203.703 ; gain = 0.000

Phase 3.3 Area Swap Optimization
Phase 3.3 Area Swap Optimization | Checksum: 15b173105

Time (s): cpu = 00:00:04 ; elapsed = 00:00:02 . Memory (MB): peak = 1203.703 ; gain = 0.000

Phase 3.4 Pipeline Register Optimization
Phase 3.4 Pipeline Register Optimization | Checksum: 15b173105

Time (s): cpu = 00:00:04 ; elapsed = 00:00:02 . Memory (MB): peak = 1203.703 ; gain = 0.000

Phase 3.5 Small Shape Detail Placement
Phase 3.5 Small Shape Detail Placement | Checksum: 20329ee60

Time (s): cpu = 00:00:04 ; elapsed = 00:00:03 . Memory (MB): peak = 1203.703 ; gain = 0.000

Phase 3.6 Re-assign LUT pins
Phase 3.6 Re-assign LUT pins | Checksum: 122f18e4b

Time (s): cpu = 00:00:04 ; elapsed = 00:00:03 . Memory (MB): peak = 1203.703 ; gain = 0.000

Phase 3.7 Pipeline Register Optimization
Phase 3.7 Pipeline Register Optimization | Checksum: 122f18e4b

Time (s): cpu = 00:00:04 ; elapsed = 00:00:03 . Memory (MB): peak = 1203.703 ; gain = 0.000
Phase 3 Detail Placement | Checksum: 122f18e4b

Time (s): cpu = 00:00:04 ; elapsed = 00:00:03 . Memory (MB): peak = 1203.703 ; gain = 0.000

Phase 4 Post Placement Optimization and Clean-Up

Phase 4.1 Post Commit Optimization
INFO: [Timing 38-35] Done setting XDC timing constraints.

Phase 4.1.1 Post Placement Optimization
Post Placement Optimization Initialization | Checksum: b801db78

Phase 4.1.1.1 BUFG Insertion
INFO: [Place 46-31] BUFG insertion identified 0 candidate nets, 0 success, 0 skipped for placement/routing, 0 skipped for timing, 0 skipped for netlist change reason.
Phase 4.1.1.1 BUFG Insertion | Checksum: b801db78

Time (s): cpu = 00:00:04 ; elapsed = 00:00:03 . Memory (MB): peak = 1203.703 ; gain = 0.000
INFO: [Place 30-746] Post Placement Timing Summary WNS=6.041. For the most accurate timing information please run report_timing.
Phase 4.1.1 Post Placement Optimization | Checksum: 1241e5269

Time (s): cpu = 00:00:04 ; elapsed = 00:00:03 . Memory (MB): peak = 1203.703 ; gain = 0.000
Phase 4.1 Post Commit Optimization | Checksum: 1241e5269

Time (s): cpu = 00:00:04 ; elapsed = 00:00:03 . Memory (MB): peak = 1203.703 ; gain = 0.000

Phase 4.2 Post Placement Cleanup
Phase 4.2 Post Placement Cleanup | Checksum: 1241e5269

Time (s): cpu = 00:00:04 ; elapsed = 00:00:03 . Memory (MB): peak = 1203.703 ; gain = 0.000

Phase 4.3 Placer Reporting
Phase 4.3 Placer Reporting | Checksum: 1241e5269

Time (s): cpu = 00:00:04 ; elapsed = 00:00:03 . Memory (MB): peak = 1203.703 ; gain = 0.000

Phase 4.4 Final Placement Cleanup
Phase 4.4 Final Placement Cleanup | Checksum: 1399a121e

Time (s): cpu = 00:00:04 ; elapsed = 00:00:03 . Memory (MB): peak = 1203.703 ; gain = 0.000
Phase 4 Post Placement Optimization and Clean-Up | Checksum: 1399a121e

Time (s): cpu = 00:00:04 ; elapsed = 00:00:03 . Memory (MB): peak = 1203.703 ; gain = 0.000
Ending Placer Task | Checksum: af298aae

Time (s): cpu = 00:00:04 ; elapsed = 00:00:03 . Memory (MB): peak = 1203.703 ; gain = 0.000
INFO: [Common 17-83] Releasing license: Implementation
56 Infos, 1 Warnings, 0 Critical Warnings and 0 Errors encountered.
place_design completed successfully
INFO: [Timing 38-480] Writing timing data to binary archive.
Writing placer database...
Writing XDEF routing.
Writing XDEF routing logical nets.
Writing XDEF routing special nets.
Write XDEF Complete: Time (s): cpu = 00:00:00 ; elapsed = 00:00:00.139 . Memory (MB): peak = 1203.703 ; gain = 0.000
INFO: [Common 17-1381] The checkpoint 'C:/Users/SEP16/SoC_2022_MJU/HW2_2/HW2_2_HLS/solution1/impl/verilog/project.runs/impl_1/matrixmul_1D_rev2_placed.dcp' has been generated.
INFO: [runtcl-4] Executing : report_io -file matrixmul_1D_rev2_io_placed.rpt
report_io: Time (s): cpu = 00:00:00 ; elapsed = 00:00:00.043 . Memory (MB): peak = 1203.703 ; gain = 0.000
INFO: [runtcl-4] Executing : report_utilization -file matrixmul_1D_rev2_utilization_placed.rpt -pb matrixmul_1D_rev2_utilization_placed.pb
report_utilization: Time (s): cpu = 00:00:00 ; elapsed = 00:00:00.034 . Memory (MB): peak = 1203.703 ; gain = 0.000
INFO: [runtcl-4] Executing : report_control_sets -verbose -file matrixmul_1D_rev2_control_sets_placed.rpt
report_control_sets: Time (s): cpu = 00:00:00 ; elapsed = 00:00:00.002 . Memory (MB): peak = 1203.703 ; gain = 0.000
Command: phys_opt_design
Attempting to get a license for feature 'Implementation' and/or device 'xc7z020'
INFO: [Common 17-349] Got license for feature 'Implementation' and/or device 'xc7z020'
INFO: [Vivado_Tcl 4-383] Design worst setup slack (WNS) is greater than or equal to 0.250 ns. Skipping all physical synthesis optimizations.
INFO: [Vivado_Tcl 4-232] No setup violation found. The netlist was not modified.
INFO: [Common 17-83] Releasing license: Implementation
65 Infos, 1 Warnings, 0 Critical Warnings and 0 Errors encountered.
phys_opt_design completed successfully
INFO: [Timing 38-480] Writing timing data to binary archive.
Writing placer database...
Writing XDEF routing.
Writing XDEF routing logical nets.
Writing XDEF routing special nets.
Write XDEF Complete: Time (s): cpu = 00:00:00 ; elapsed = 00:00:00.051 . Memory (MB): peak = 1203.703 ; gain = 0.000
INFO: [Common 17-1381] The checkpoint 'C:/Users/SEP16/SoC_2022_MJU/HW2_2/HW2_2_HLS/solution1/impl/verilog/project.runs/impl_1/matrixmul_1D_rev2_physopt.dcp' has been generated.
Command: route_design
Attempting to get a license for feature 'Implementation' and/or device 'xc7z020'
INFO: [Common 17-349] Got license for feature 'Implementation' and/or device 'xc7z020'
Running DRC as a precondition to command route_design
INFO: [DRC 23-27] Running DRC with 2 threads
INFO: [Vivado_Tcl 4-198] DRC finished with 0 Errors
INFO: [Vivado_Tcl 4-199] Please refer to the DRC report (report_drc) for more information.


Starting Routing Task
INFO: [Route 35-254] Multithreading enabled for route_design using a maximum of 2 CPUs
Checksum: PlaceDB: fa6bd4b ConstDB: 0 ShapeSum: 9f82cd63 RouteDB: 0

Phase 1 Build RT Design
WARNING: [Route 35-197] Clock port "ap_clk" does not have an associated HD.CLK_SRC. Without this constraint, timing analysis may not be accurate and upstream checks cannot be done to ensure correct clock placement.
WARNING: [Route 35-198] Port "ap_start" does not have an associated HD.PARTPIN_LOCS, which will prevent the partial routing of the signal "ap_start". Without this partial route, timing analysis to/from this port will not be accurate, and no routing information for this port can be exported.
WARNING: [Route 35-198] Port "ap_rst" does not have an associated HD.PARTPIN_LOCS, which will prevent the partial routing of the signal "ap_rst". Without this partial route, timing analysis to/from this port will not be accurate, and no routing information for this port can be exported.
WARNING: [Route 35-198] Port "Input_r_q0[3]" does not have an associated HD.PARTPIN_LOCS, which will prevent the partial routing of the signal "Input_r_q0[3]". Without this partial route, timing analysis to/from this port will not be accurate, and no routing information for this port can be exported.
WARNING: [Route 35-198] Port "Input_r_q0[2]" does not have an associated HD.PARTPIN_LOCS, which will prevent the partial routing of the signal "Input_r_q0[2]". Without this partial route, timing analysis to/from this port will not be accurate, and no routing information for this port can be exported.
WARNING: [Route 35-198] Port "Input_r_q0[1]" does not have an associated HD.PARTPIN_LOCS, which will prevent the partial routing of the signal "Input_r_q0[1]". Without this partial route, timing analysis to/from this port will not be accurate, and no routing information for this port can be exported.
WARNING: [Route 35-198] Port "Input_r_q0[5]" does not have an associated HD.PARTPIN_LOCS, which will prevent the partial routing of the signal "Input_r_q0[5]". Without this partial route, timing analysis to/from this port will not be accurate, and no routing information for this port can be exported.
WARNING: [Route 35-198] Port "Input_r_q0[0]" does not have an associated HD.PARTPIN_LOCS, which will prevent the partial routing of the signal "Input_r_q0[0]". Without this partial route, timing analysis to/from this port will not be accurate, and no routing information for this port can be exported.
WARNING: [Route 35-198] Port "Input_r_q0[6]" does not have an associated HD.PARTPIN_LOCS, which will prevent the partial routing of the signal "Input_r_q0[6]". Without this partial route, timing analysis to/from this port will not be accurate, and no routing information for this port can be exported.
WARNING: [Route 35-198] Port "Input_r_q0[4]" does not have an associated HD.PARTPIN_LOCS, which will prevent the partial routing of the signal "Input_r_q0[4]". Without this partial route, timing analysis to/from this port will not be accurate, and no routing information for this port can be exported.
WARNING: [Route 35-198] Port "Input_r_q0[7]" does not have an associated HD.PARTPIN_LOCS, which will prevent the partial routing of the signal "Input_r_q0[7]". Without this partial route, timing analysis to/from this port will not be accurate, and no routing information for this port can be exported.
Phase 1 Build RT Design | Checksum: 74f833fa

Time (s): cpu = 00:00:21 ; elapsed = 00:00:19 . Memory (MB): peak = 1295.137 ; gain = 91.434
Post Restoration Checksum: NetGraph: 14486e1d NumContArr: 60afc5dd Constraints: 0 Timing: 0

Phase 2 Router Initialization

Phase 2.1 Create Timer
Phase 2.1 Create Timer | Checksum: 74f833fa

Time (s): cpu = 00:00:21 ; elapsed = 00:00:19 . Memory (MB): peak = 1295.137 ; gain = 91.434

Phase 2.2 Fix Topology Constraints
Phase 2.2 Fix Topology Constraints | Checksum: 74f833fa

Time (s): cpu = 00:00:21 ; elapsed = 00:00:19 . Memory (MB): peak = 1301.059 ; gain = 97.355

Phase 2.3 Pre Route Cleanup
Phase 2.3 Pre Route Cleanup | Checksum: 74f833fa

Time (s): cpu = 00:00:21 ; elapsed = 00:00:19 . Memory (MB): peak = 1301.059 ; gain = 97.355
 Number of Nodes with overlaps = 0

Phase 2.4 Update Timing
Phase 2.4 Update Timing | Checksum: 190141d69

Time (s): cpu = 00:00:21 ; elapsed = 00:00:19 . Memory (MB): peak = 1304.797 ; gain = 101.094
INFO: [Route 35-416] Intermediate Timing Summary | WNS=6.041  | TNS=0.000  | WHS=0.092  | THS=0.000  |

Phase 2 Router Initialization | Checksum: 207303f48

Time (s): cpu = 00:00:21 ; elapsed = 00:00:19 . Memory (MB): peak = 1304.797 ; gain = 101.094

Phase 3 Initial Routing
Phase 3 Initial Routing | Checksum: 188ebc477

Time (s): cpu = 00:00:21 ; elapsed = 00:00:19 . Memory (MB): peak = 1304.797 ; gain = 101.094

Phase 4 Rip-up And Reroute

Phase 4.1 Global Iteration 0
 Number of Nodes with overlaps = 11
 Number of Nodes with overlaps = 0
INFO: [Route 35-416] Intermediate Timing Summary | WNS=6.020  | TNS=0.000  | WHS=N/A    | THS=N/A    |

Phase 4.1 Global Iteration 0 | Checksum: bba87bc4

Time (s): cpu = 00:00:21 ; elapsed = 00:00:19 . Memory (MB): peak = 1304.801 ; gain = 101.098
Phase 4 Rip-up And Reroute | Checksum: bba87bc4

Time (s): cpu = 00:00:21 ; elapsed = 00:00:19 . Memory (MB): peak = 1304.801 ; gain = 101.098

Phase 5 Delay and Skew Optimization

Phase 5.1 Delay CleanUp
Phase 5.1 Delay CleanUp | Checksum: bba87bc4

Time (s): cpu = 00:00:21 ; elapsed = 00:00:19 . Memory (MB): peak = 1304.801 ; gain = 101.098

Phase 5.2 Clock Skew Optimization
Phase 5.2 Clock Skew Optimization | Checksum: bba87bc4

Time (s): cpu = 00:00:21 ; elapsed = 00:00:19 . Memory (MB): peak = 1304.801 ; gain = 101.098
Phase 5 Delay and Skew Optimization | Checksum: bba87bc4

Time (s): cpu = 00:00:21 ; elapsed = 00:00:19 . Memory (MB): peak = 1304.801 ; gain = 101.098

Phase 6 Post Hold Fix

Phase 6.1 Hold Fix Iter

Phase 6.1.1 Update Timing
Phase 6.1.1 Update Timing | Checksum: 9ae0eaba

Time (s): cpu = 00:00:21 ; elapsed = 00:00:19 . Memory (MB): peak = 1304.801 ; gain = 101.098
INFO: [Route 35-416] Intermediate Timing Summary | WNS=6.020  | TNS=0.000  | WHS=0.131  | THS=0.000  |

Phase 6.1 Hold Fix Iter | Checksum: 9ae0eaba

Time (s): cpu = 00:00:21 ; elapsed = 00:00:19 . Memory (MB): peak = 1304.801 ; gain = 101.098
Phase 6 Post Hold Fix | Checksum: 9ae0eaba

Time (s): cpu = 00:00:21 ; elapsed = 00:00:19 . Memory (MB): peak = 1304.801 ; gain = 101.098

Phase 7 Route finalize

Router Utilization Summary
  Global Vertical Routing Utilization    = 0.0144455 %
  Global Horizontal Routing Utilization  = 0.0252705 %
  Routable Net Status*
  *Does not include unroutable nets such as driverless and loadless.
  Run report_route_status for detailed report.
  Number of Failed Nets               = 0
  Number of Unrouted Nets             = 0
  Number of Partially Routed Nets     = 0
  Number of Node Overlaps             = 0

Phase 7 Route finalize | Checksum: 9ae0eaba

Time (s): cpu = 00:00:21 ; elapsed = 00:00:19 . Memory (MB): peak = 1304.801 ; gain = 101.098

Phase 8 Verifying routed nets

 Verification completed successfully
Phase 8 Verifying routed nets | Checksum: 9ae0eaba

Time (s): cpu = 00:00:21 ; elapsed = 00:00:19 . Memory (MB): peak = 1307.078 ; gain = 103.375

Phase 9 Depositing Routes
Phase 9 Depositing Routes | Checksum: a7b030a2

Time (s): cpu = 00:00:21 ; elapsed = 00:00:20 . Memory (MB): peak = 1307.078 ; gain = 103.375

Phase 10 Post Router Timing
INFO: [Route 35-57] Estimated Timing Summary | WNS=6.020  | TNS=0.000  | WHS=0.131  | THS=0.000  |

INFO: [Route 35-327] The final timing numbers are based on the router estimated timing analysis. For a complete and accurate timing signoff, please run report_timing_summary.
Phase 10 Post Router Timing | Checksum: a7b030a2

Time (s): cpu = 00:00:21 ; elapsed = 00:00:20 . Memory (MB): peak = 1307.078 ; gain = 103.375
INFO: [Route 35-16] Router Completed Successfully

Time (s): cpu = 00:00:21 ; elapsed = 00:00:20 . Memory (MB): peak = 1307.078 ; gain = 103.375

Routing Is Done.
INFO: [Common 17-83] Releasing license: Implementation
79 Infos, 12 Warnings, 0 Critical Warnings and 0 Errors encountered.
route_design completed successfully
route_design: Time (s): cpu = 00:00:23 ; elapsed = 00:00:20 . Memory (MB): peak = 1307.078 ; gain = 103.375
INFO: [Timing 38-480] Writing timing data to binary archive.
Writing placer database...
Writing XDEF routing.
Writing XDEF routing logical nets.
Writing XDEF routing special nets.
Write XDEF Complete: Time (s): cpu = 00:00:01 ; elapsed = 00:00:00.052 . Memory (MB): peak = 1307.078 ; gain = 0.000
INFO: [Common 17-1381] The checkpoint 'C:/Users/SEP16/SoC_2022_MJU/HW2_2/HW2_2_HLS/solution1/impl/verilog/project.runs/impl_1/matrixmul_1D_rev2_routed.dcp' has been generated.
INFO: [runtcl-4] Executing : report_drc -file matrixmul_1D_rev2_drc_routed.rpt -pb matrixmul_1D_rev2_drc_routed.pb -rpx matrixmul_1D_rev2_drc_routed.rpx
Command: report_drc -file matrixmul_1D_rev2_drc_routed.rpt -pb matrixmul_1D_rev2_drc_routed.pb -rpx matrixmul_1D_rev2_drc_routed.rpx
INFO: [DRC 23-27] Running DRC with 2 threads
INFO: [Coretcl 2-168] The results of DRC are in file C:/Users/SEP16/SoC_2022_MJU/HW2_2/HW2_2_HLS/solution1/impl/verilog/project.runs/impl_1/matrixmul_1D_rev2_drc_routed.rpt.
report_drc completed successfully
INFO: [runtcl-4] Executing : report_methodology -file matrixmul_1D_rev2_methodology_drc_routed.rpt -pb matrixmul_1D_rev2_methodology_drc_routed.pb -rpx matrixmul_1D_rev2_methodology_drc_routed.rpx
Command: report_methodology -file matrixmul_1D_rev2_methodology_drc_routed.rpt -pb matrixmul_1D_rev2_methodology_drc_routed.pb -rpx matrixmul_1D_rev2_methodology_drc_routed.rpx
INFO: [Timing 38-35] Done setting XDC timing constraints.
INFO: [Timing 38-35] Done setting XDC timing constraints.
WARNING: [Timing 38-242] The property HD.CLK_SRC of clock port "ap_clk" is not set. In out-of-context mode, this prevents timing estimation for clock delay/skew
Resolution: Set the HD.CLK_SRC property of the out-of-context port to the location of the clock buffer instance in the top-level design
INFO: [DRC 23-133] Running Methodology with 2 threads
INFO: [Coretcl 2-1520] The results of Report Methodology are in file C:/Users/SEP16/SoC_2022_MJU/HW2_2/HW2_2_HLS/solution1/impl/verilog/project.runs/impl_1/matrixmul_1D_rev2_methodology_drc_routed.rpt.
report_methodology completed successfully
INFO: [runtcl-4] Executing : report_power -file matrixmul_1D_rev2_power_routed.rpt -pb matrixmul_1D_rev2_power_summary_routed.pb -rpx matrixmul_1D_rev2_power_routed.rpx
Command: report_power -file matrixmul_1D_rev2_power_routed.rpt -pb matrixmul_1D_rev2_power_summary_routed.pb -rpx matrixmul_1D_rev2_power_routed.rpx
INFO: [Timing 38-35] Done setting XDC timing constraints.
Running Vector-less Activity Propagation...

Finished Running Vector-less Activity Propagation
91 Infos, 13 Warnings, 0 Critical Warnings and 0 Errors encountered.
report_power completed successfully
INFO: [runtcl-4] Executing : report_route_status -file matrixmul_1D_rev2_route_status.rpt -pb matrixmul_1D_rev2_route_status.pb
INFO: [runtcl-4] Executing : report_timing_summary -max_paths 10 -file matrixmul_1D_rev2_timing_summary_routed.rpt -pb matrixmul_1D_rev2_timing_summary_routed.pb -rpx matrixmul_1D_rev2_timing_summary_routed.rpx -warn_on_violation 
INFO: [Timing 38-91] UpdateTimingParams: Speed grade: -1, Delay Type: min_max, Timing Stage: Requireds.
INFO: [Timing 38-191] Multithreading enabled for timing update using a maximum of 2 CPUs
INFO: [runtcl-4] Executing : report_incremental_reuse -file matrixmul_1D_rev2_incremental_reuse_routed.rpt
INFO: [Vivado_Tcl 4-545] No incremental reuse to report, no incremental placement and routing data was found.
INFO: [runtcl-4] Executing : report_clock_utilization -file matrixmul_1D_rev2_clock_utilization_routed.rpt
INFO: [runtcl-4] Executing : report_bus_skew -warn_on_violation -file matrixmul_1D_rev2_bus_skew_routed.rpt -pb matrixmul_1D_rev2_bus_skew_routed.pb -rpx matrixmul_1D_rev2_bus_skew_routed.rpx
INFO: [Timing 38-91] UpdateTimingParams: Speed grade: -1, Delay Type: min_max, Timing Stage: Requireds.
INFO: [Timing 38-191] Multithreading enabled for timing update using a maximum of 2 CPUs
INFO: [Common 17-206] Exiting Vivado at Fri Jun  4 03:59:13 2021...
