
*** Running vivado
    with args -log design_1_adder5_0_0.vds -m64 -product Vivado -mode batch -messageDb vivado.pb -notrace -source design_1_adder5_0_0.tcl


****** Vivado v2018.2 (64-bit)
  **** SW Build 2258646 on Thu Jun 14 20:03:12 MDT 2018
  **** IP Build 2256618 on Thu Jun 14 22:10:49 MDT 2018
    ** Copyright 1986-2018 Xilinx, Inc. All Rights Reserved.

source design_1_adder5_0_0.tcl -notrace
Command: synth_design -top design_1_adder5_0_0 -part xc7z020clg484-1 -mode out_of_context
Starting synth_design
Attempting to get a license for feature 'Synthesis' and/or device 'xc7z020'
INFO: [Common 17-349] Got license for feature 'Synthesis' and/or device 'xc7z020'
INFO: Launching helper process for spawning children vivado processes
INFO: Helper process launched with PID 6904 
---------------------------------------------------------------------------------
Starting RTL Elaboration : Time (s): cpu = 00:00:03 ; elapsed = 00:00:03 . Memory (MB): peak = 386.758 ; gain = 98.613
---------------------------------------------------------------------------------
INFO: [Synth 8-6157] synthesizing module 'design_1_adder5_0_0' [c:/Users/SEP16/SoC_2022_MJU/LAB8/Lab8/Lab8.srcs/sources_1/bd/design_1/ip/design_1_adder5_0_0/synth/design_1_adder5_0_0.v:58]
INFO: [Synth 8-6157] synthesizing module 'adder5' [c:/Users/SEP16/SoC_2022_MJU/LAB8/Lab8/Lab8.srcs/sources_1/bd/design_1/ipshared/6ddd/hdl/verilog/adder5.v:12]
	Parameter ap_ST_fsm_state1 bound to: 4'b0001 
	Parameter ap_ST_fsm_state2 bound to: 4'b0010 
	Parameter ap_ST_fsm_state3 bound to: 4'b0100 
	Parameter ap_ST_fsm_state4 bound to: 4'b1000 
INFO: [Synth 8-5534] Detected attribute (* fsm_encoding = "none" *) [c:/Users/SEP16/SoC_2022_MJU/LAB8/Lab8/Lab8.srcs/sources_1/bd/design_1/ipshared/6ddd/hdl/verilog/adder5.v:50]
INFO: [Synth 8-6155] done synthesizing module 'adder5' (1#1) [c:/Users/SEP16/SoC_2022_MJU/LAB8/Lab8/Lab8.srcs/sources_1/bd/design_1/ipshared/6ddd/hdl/verilog/adder5.v:12]
INFO: [Synth 8-6155] done synthesizing module 'design_1_adder5_0_0' (2#1) [c:/Users/SEP16/SoC_2022_MJU/LAB8/Lab8/Lab8.srcs/sources_1/bd/design_1/ip/design_1_adder5_0_0/synth/design_1_adder5_0_0.v:58]
---------------------------------------------------------------------------------
Finished RTL Elaboration : Time (s): cpu = 00:00:04 ; elapsed = 00:00:04 . Memory (MB): peak = 442.234 ; gain = 154.090
---------------------------------------------------------------------------------

Report Check Netlist: 
+------+------------------+-------+---------+-------+------------------+
|      |Item              |Errors |Warnings |Status |Description       |
+------+------------------+-------+---------+-------+------------------+
|1     |multi_driven_nets |      0|        0|Passed |Multi driven nets |
+------+------------------+-------+---------+-------+------------------+
---------------------------------------------------------------------------------
Start Handling Custom Attributes
---------------------------------------------------------------------------------
---------------------------------------------------------------------------------
Finished Handling Custom Attributes : Time (s): cpu = 00:00:04 ; elapsed = 00:00:04 . Memory (MB): peak = 442.234 ; gain = 154.090
---------------------------------------------------------------------------------
---------------------------------------------------------------------------------
Finished RTL Optimization Phase 1 : Time (s): cpu = 00:00:04 ; elapsed = 00:00:04 . Memory (MB): peak = 442.234 ; gain = 154.090
---------------------------------------------------------------------------------
INFO: [Device 21-403] Loading part xc7z020clg484-1
INFO: [Project 1-570] Preparing netlist for logic optimization

Processing XDC Constraints
Initializing timing engine
Parsing XDC File [c:/Users/SEP16/SoC_2022_MJU/LAB8/Lab8/Lab8.srcs/sources_1/bd/design_1/ip/design_1_adder5_0_0/constraints/adder5_ooc.xdc] for cell 'inst'
Finished Parsing XDC File [c:/Users/SEP16/SoC_2022_MJU/LAB8/Lab8/Lab8.srcs/sources_1/bd/design_1/ip/design_1_adder5_0_0/constraints/adder5_ooc.xdc] for cell 'inst'
Parsing XDC File [C:/Users/SEP16/SoC_2022_MJU/LAB8/Lab8/Lab8.runs/design_1_adder5_0_0_synth_1/dont_touch.xdc]
Finished Parsing XDC File [C:/Users/SEP16/SoC_2022_MJU/LAB8/Lab8/Lab8.runs/design_1_adder5_0_0_synth_1/dont_touch.xdc]
Completed Processing XDC Constraints

INFO: [Project 1-111] Unisim Transformation Summary:
No Unisim elements were transformed.

Constraint Validation Runtime : Time (s): cpu = 00:00:00 ; elapsed = 00:00:00.034 . Memory (MB): peak = 803.363 ; gain = 1.086
---------------------------------------------------------------------------------
Finished Constraint Validation : Time (s): cpu = 00:00:15 ; elapsed = 00:00:18 . Memory (MB): peak = 803.363 ; gain = 515.219
---------------------------------------------------------------------------------
---------------------------------------------------------------------------------
Start Loading Part and Timing Information
---------------------------------------------------------------------------------
Loading part: xc7z020clg484-1
---------------------------------------------------------------------------------
Finished Loading Part and Timing Information : Time (s): cpu = 00:00:15 ; elapsed = 00:00:18 . Memory (MB): peak = 803.363 ; gain = 515.219
---------------------------------------------------------------------------------
---------------------------------------------------------------------------------
Start Applying 'set_property' XDC Constraints
---------------------------------------------------------------------------------
Applied set_property DONT_TOUCH = true for inst. (constraint file  C:/Users/SEP16/SoC_2022_MJU/LAB8/Lab8/Lab8.runs/design_1_adder5_0_0_synth_1/dont_touch.xdc, line 9).
---------------------------------------------------------------------------------
Finished applying 'set_property' XDC Constraints : Time (s): cpu = 00:00:15 ; elapsed = 00:00:18 . Memory (MB): peak = 803.363 ; gain = 515.219
---------------------------------------------------------------------------------
INFO: [Synth 8-4490] FSM extraction disabled for register 'ap_CS_fsm_reg' through user attribute
INFO: [Synth 8-5546] ROM "exitcond_fu_62_p2" won't be mapped to RAM because it is too sparse
---------------------------------------------------------------------------------
Finished RTL Optimization Phase 2 : Time (s): cpu = 00:00:16 ; elapsed = 00:00:18 . Memory (MB): peak = 803.363 ; gain = 515.219
---------------------------------------------------------------------------------

Report RTL Partitions: 
+-+--------------+------------+----------+
| |RTL Partition |Replication |Instances |
+-+--------------+------------+----------+
+-+--------------+------------+----------+
---------------------------------------------------------------------------------
Start RTL Component Statistics 
---------------------------------------------------------------------------------
Detailed RTL Component Info : 
+---Adders : 
	   2 Input     32 Bit       Adders := 1     
	   2 Input      6 Bit       Adders := 1     
+---Registers : 
	               32 Bit    Registers := 4     
	                6 Bit    Registers := 2     
	                4 Bit    Registers := 1     
	                2 Bit    Registers := 2     
	                1 Bit    Registers := 4     
+---Muxes : 
	   2 Input     32 Bit        Muxes := 2     
	   2 Input      4 Bit        Muxes := 2     
	   3 Input      3 Bit        Muxes := 1     
	   2 Input      2 Bit        Muxes := 3     
	   4 Input      2 Bit        Muxes := 2     
	   2 Input      1 Bit        Muxes := 3     
---------------------------------------------------------------------------------
Finished RTL Component Statistics 
---------------------------------------------------------------------------------
---------------------------------------------------------------------------------
Start RTL Hierarchical Component Statistics 
---------------------------------------------------------------------------------
Hierarchical RTL Component report 
Module adder5 
Detailed RTL Component Info : 
+---Adders : 
	   2 Input     32 Bit       Adders := 1     
	   2 Input      6 Bit       Adders := 1     
+---Registers : 
	               32 Bit    Registers := 4     
	                6 Bit    Registers := 2     
	                4 Bit    Registers := 1     
	                2 Bit    Registers := 2     
	                1 Bit    Registers := 4     
+---Muxes : 
	   2 Input     32 Bit        Muxes := 2     
	   2 Input      4 Bit        Muxes := 2     
	   3 Input      3 Bit        Muxes := 1     
	   2 Input      2 Bit        Muxes := 3     
	   4 Input      2 Bit        Muxes := 2     
	   2 Input      1 Bit        Muxes := 3     
---------------------------------------------------------------------------------
Finished RTL Hierarchical Component Statistics
---------------------------------------------------------------------------------
---------------------------------------------------------------------------------
Start Part Resource Summary
---------------------------------------------------------------------------------
Part Resources:
DSPs: 220 (col length:60)
BRAMs: 280 (col length: RAMB18 60 RAMB36 30)
---------------------------------------------------------------------------------
Finished Part Resource Summary
---------------------------------------------------------------------------------
---------------------------------------------------------------------------------
Start Cross Boundary and Area Optimization
---------------------------------------------------------------------------------
Warning: Parallel synthesis criteria is not met 
---------------------------------------------------------------------------------
Finished Cross Boundary and Area Optimization : Time (s): cpu = 00:00:17 ; elapsed = 00:00:19 . Memory (MB): peak = 803.363 ; gain = 515.219
---------------------------------------------------------------------------------

Report RTL Partitions: 
+-+--------------+------------+----------+
| |RTL Partition |Replication |Instances |
+-+--------------+------------+----------+
+-+--------------+------------+----------+
---------------------------------------------------------------------------------
Start Applying XDC Timing Constraints
---------------------------------------------------------------------------------
---------------------------------------------------------------------------------
Finished Applying XDC Timing Constraints : Time (s): cpu = 00:00:28 ; elapsed = 00:00:32 . Memory (MB): peak = 803.363 ; gain = 515.219
---------------------------------------------------------------------------------
---------------------------------------------------------------------------------
Start Timing Optimization
---------------------------------------------------------------------------------
---------------------------------------------------------------------------------
Finished Timing Optimization : Time (s): cpu = 00:00:28 ; elapsed = 00:00:32 . Memory (MB): peak = 803.363 ; gain = 515.219
---------------------------------------------------------------------------------

Report RTL Partitions: 
+-+--------------+------------+----------+
| |RTL Partition |Replication |Instances |
+-+--------------+------------+----------+
+-+--------------+------------+----------+
---------------------------------------------------------------------------------
Start Technology Mapping
---------------------------------------------------------------------------------
---------------------------------------------------------------------------------
Finished Technology Mapping : Time (s): cpu = 00:00:28 ; elapsed = 00:00:32 . Memory (MB): peak = 813.641 ; gain = 525.496
---------------------------------------------------------------------------------

Report RTL Partitions: 
+-+--------------+------------+----------+
| |RTL Partition |Replication |Instances |
+-+--------------+------------+----------+
+-+--------------+------------+----------+
---------------------------------------------------------------------------------
Start IO Insertion
---------------------------------------------------------------------------------
---------------------------------------------------------------------------------
Start Flattening Before IO Insertion
---------------------------------------------------------------------------------
---------------------------------------------------------------------------------
Finished Flattening Before IO Insertion
---------------------------------------------------------------------------------
---------------------------------------------------------------------------------
Start Final Netlist Cleanup
---------------------------------------------------------------------------------
---------------------------------------------------------------------------------
Finished Final Netlist Cleanup
---------------------------------------------------------------------------------
---------------------------------------------------------------------------------
Finished IO Insertion : Time (s): cpu = 00:00:29 ; elapsed = 00:00:33 . Memory (MB): peak = 813.641 ; gain = 525.496
---------------------------------------------------------------------------------

Report Check Netlist: 
+------+------------------+-------+---------+-------+------------------+
|      |Item              |Errors |Warnings |Status |Description       |
+------+------------------+-------+---------+-------+------------------+
|1     |multi_driven_nets |      0|        0|Passed |Multi driven nets |
+------+------------------+-------+---------+-------+------------------+
---------------------------------------------------------------------------------
Start Renaming Generated Instances
---------------------------------------------------------------------------------
---------------------------------------------------------------------------------
Finished Renaming Generated Instances : Time (s): cpu = 00:00:29 ; elapsed = 00:00:33 . Memory (MB): peak = 813.641 ; gain = 525.496
---------------------------------------------------------------------------------

Report RTL Partitions: 
+-+--------------+------------+----------+
| |RTL Partition |Replication |Instances |
+-+--------------+------------+----------+
+-+--------------+------------+----------+
---------------------------------------------------------------------------------
Start Rebuilding User Hierarchy
---------------------------------------------------------------------------------
---------------------------------------------------------------------------------
Finished Rebuilding User Hierarchy : Time (s): cpu = 00:00:29 ; elapsed = 00:00:33 . Memory (MB): peak = 813.641 ; gain = 525.496
---------------------------------------------------------------------------------
---------------------------------------------------------------------------------
Start Renaming Generated Ports
---------------------------------------------------------------------------------
---------------------------------------------------------------------------------
Finished Renaming Generated Ports : Time (s): cpu = 00:00:29 ; elapsed = 00:00:33 . Memory (MB): peak = 813.641 ; gain = 525.496
---------------------------------------------------------------------------------
---------------------------------------------------------------------------------
Start Handling Custom Attributes
---------------------------------------------------------------------------------
---------------------------------------------------------------------------------
Finished Handling Custom Attributes : Time (s): cpu = 00:00:29 ; elapsed = 00:00:33 . Memory (MB): peak = 813.641 ; gain = 525.496
---------------------------------------------------------------------------------
---------------------------------------------------------------------------------
Start Renaming Generated Nets
---------------------------------------------------------------------------------
---------------------------------------------------------------------------------
Finished Renaming Generated Nets : Time (s): cpu = 00:00:29 ; elapsed = 00:00:33 . Memory (MB): peak = 813.641 ; gain = 525.496
---------------------------------------------------------------------------------
---------------------------------------------------------------------------------
Start Writing Synthesis Report
---------------------------------------------------------------------------------

Report BlackBoxes: 
+-+--------------+----------+
| |BlackBox name |Instances |
+-+--------------+----------+
+-+--------------+----------+

Report Cell Usage: 
+------+-------+------+
|      |Cell   |Count |
+------+-------+------+
|1     |CARRY4 |     8|
|2     |LUT1   |     2|
|3     |LUT2   |     4|
|4     |LUT3   |    73|
|5     |LUT4   |     5|
|6     |LUT5   |     6|
|7     |LUT6   |     4|
|8     |FDRE   |   151|
|9     |FDSE   |     1|
+------+-------+------+

Report Instance Areas: 
+------+---------+-------+------+
|      |Instance |Module |Cells |
+------+---------+-------+------+
|1     |top      |       |   254|
|2     |  inst   |adder5 |   254|
+------+---------+-------+------+
---------------------------------------------------------------------------------
Finished Writing Synthesis Report : Time (s): cpu = 00:00:29 ; elapsed = 00:00:33 . Memory (MB): peak = 813.641 ; gain = 525.496
---------------------------------------------------------------------------------
Synthesis finished with 0 errors, 0 critical warnings and 0 warnings.
Synthesis Optimization Runtime : Time (s): cpu = 00:00:18 ; elapsed = 00:00:23 . Memory (MB): peak = 813.641 ; gain = 164.367
Synthesis Optimization Complete : Time (s): cpu = 00:00:30 ; elapsed = 00:00:34 . Memory (MB): peak = 813.641 ; gain = 525.496
INFO: [Project 1-571] Translating synthesized netlist
INFO: [Netlist 29-17] Analyzing 8 Unisim elements for replacement
INFO: [Netlist 29-28] Unisim Transformation completed in 0 CPU seconds
INFO: [Project 1-570] Preparing netlist for logic optimization
INFO: [Opt 31-138] Pushed 0 inverter(s) to 0 load pin(s).
INFO: [Project 1-111] Unisim Transformation Summary:
No Unisim elements were transformed.

INFO: [Common 17-83] Releasing license: Synthesis
18 Infos, 0 Warnings, 0 Critical Warnings and 0 Errors encountered.
synth_design completed successfully
synth_design: Time (s): cpu = 00:00:31 ; elapsed = 00:00:36 . Memory (MB): peak = 814.023 ; gain = 533.270
WARNING: [Constraints 18-5210] No constraint will be written out.
INFO: [Common 17-1381] The checkpoint 'C:/Users/SEP16/SoC_2022_MJU/LAB8/Lab8/Lab8.runs/design_1_adder5_0_0_synth_1/design_1_adder5_0_0.dcp' has been generated.
INFO: [Coretcl 2-1482] Added synthesis output to IP cache for IP c:/Users/SEP16/SoC_2022_MJU/LAB8/Lab8/Lab8.srcs/sources_1/bd/design_1/ip/design_1_adder5_0_0/design_1_adder5_0_0.xci
WARNING: [Constraints 18-5210] No constraint will be written out.
INFO: [Common 17-1381] The checkpoint 'C:/Users/SEP16/SoC_2022_MJU/LAB8/Lab8/Lab8.runs/design_1_adder5_0_0_synth_1/design_1_adder5_0_0.dcp' has been generated.
INFO: [runtcl-4] Executing : report_utilization -file design_1_adder5_0_0_utilization_synth.rpt -pb design_1_adder5_0_0_utilization_synth.pb
report_utilization: Time (s): cpu = 00:00:00 ; elapsed = 00:00:00.054 . Memory (MB): peak = 814.023 ; gain = 0.000
INFO: [Common 17-206] Exiting Vivado at Mon May 24 11:50:41 2021...
