#-----------------------------------------------------------
# Vivado v2018.2 (64-bit)
# SW Build 2258646 on Thu Jun 14 20:03:12 MDT 2018
# IP Build 2256618 on Thu Jun 14 22:10:49 MDT 2018
# Start of session at: Mon May  9 23:50:25 2022
# Process ID: 10504
# Current directory: C:/Users/Jongsang/Desktop/Files/학교/4학년/SoC/SoC_2022_MJU/lab4
# Command line: vivado.exe -gui_launcher_event rodinguilauncherevent24232 C:\Users\Jongsang\Desktop\Files\학교\4학년\SoC\SoC_2022_MJU\lab4\lab4.xpr
# Log file: C:/Users/Jongsang/Desktop/Files/학교/4학년/SoC/SoC_2022_MJU/lab4/vivado.log
# Journal file: C:/Users/Jongsang/Desktop/Files/학교/4학년/SoC/SoC_2022_MJU/lab4\vivado.jou
#-----------------------------------------------------------
start_gui
open_project C:/Users/Jongsang/Desktop/Files/학교/4학년/SoC/SoC_2022_MJU/lab4/lab4.xpr
INFO: [Project 1-313] Project file moved from 'C:/Users/SEP16/SoC_2022_MJU/lab4' since last save.
Scanning sources...
Finished scanning sources
INFO: [IP_Flow 19-234] Refreshing IP repositories
INFO: [IP_Flow 19-1704] No user IP repositories specified
INFO: [IP_Flow 19-2313] Loaded Vivado IP repository 'C:/Xilinx/ViINFO: [IP_Flow 19-2313open_project: Time (s): cpu = 00:00:16 ; elapsed = 00:00:11 . Memory (MB): peak = 833.031 ; gain = 96.293
update_compile_order -fileset sources_1
open_bd_design {C:/Users/Jongsang/Desktop/Files/학교/4학년/SoC/SoC_2022_MJU/lab4/lab4.srcs/sources_1/bd/design_1/design_1.bd}
Adding cell -- xilinx.com:ip:processing_system7:5.5 - processing_system7_0
Adding cell -- xilinx.com:ip:axi_gpio:2.0 - axi_gpio_0
Adding cell -- xilinx.com:ip:proc_sys_reset:5.0 - rst_ps7_0_100M
Adding cell -- xilinx.com:ip:axi_protocol_converter:2.1 - auto_pc
Successfully read diagram <design_1> from BD file <C:/Users/Jongsang/Desktop/Files/학교/4학년/SoC/SoC_2022_MJU/lab4/lab4.srcs/sources_1/bd/design_1/design_1.bd>
open_bd_design: Time (s): cpu = 00:00:09 ; elapsed = 00:00:08 . Memory (MB): peak = 945.598 ; gain = 91.770
INFO: [Vivado 12-4158] Exported Hardware file is out of date. Exported hardware information may be inconsistent with respect to the current state of the design. It is recommended that you re-export the design and launch SDK otherwise SDK is launched with out of date hardware system file.
launch_sdk -workspace C:/Users/Jongsang/Desktop/Files/학교/4학년/SoC/SoC_2022_MJU/lab4/lab4.sdk -hwspec C:/Users/Jongsang/Desktop/Files/학교/4학년/SoC/SoC_2022_MJU/lab4/lab4.sdk/design_1_wrapper.hdf
INFO: [Vivado 12-393] Launching SDK...
INFO: [Vivado 12-417] Running xsdk -workspace C:/Users/Jongsang/Desktop/Files/학교/4학년/SoC/SoC_2022_MJU/lab4/lab4.sdk -hwspec C:/Users/Jongsang/Desktop/Files/학교/4학년/SoC/SoC_2022_MJU/lab4/lab4.sdk/design_1_wrapper.hdf
INFO: [Vivado 12-3157] SDK launch initiated. Please check console for any further messages.
exit
INFO: [Common 17-206] Exiting Vivado at Mon May  9 23:52:11 2022...
