#-----------------------------------------------------------
# Vivado v2018.2 (64-bit)
# SW Build 2258646 on Thu Jun 14 20:03:12 MDT 2018
# IP Build 2256618 on Thu Jun 14 22:10:49 MDT 2018
# Start of session at: Sun May 29 02:49:27 2022
# Process ID: 11652
# Current directory: C:/Users/SEP16/SoC_2022_MJU/HW2/HW2_vivado
# Command line: vivado.exe -gui_launcher_event rodinguilauncherevent13988 C:\Users\SEP16\SoC_2022_MJU\HW2\HW2_vivado\HW2_vivado.xpr
# Log file: C:/Users/SEP16/SoC_2022_MJU/HW2/HW2_vivado/vivado.log
# Journal file: C:/Users/SEP16/SoC_2022_MJU/HW2/HW2_vivado\vivado.jou
#---------------------------------------------------------stastart_gopopen_project C:/Users/SEP16/SoC_2022_MJU/HW2/HW2_vivado/HW2_vivado.xpScanning sources...
Finished scanning sources
INIINFO: [IP_Flow 19-234] Refreshing IP repositoriININFO: [IP_Flow 19-1700] Loaded user IP repository 'c:/Users/SEP16/SoC_2022_MJU/LAB8/Lab8-DMAFlow/solution1/impl/ip'ININFO: [IP_Flow 19-1700] Loaded user IP repository 'c:/Users/SEP16/SoC_2022_MJU/HW2/HW2_HLS/solution1/impl/ip'ININFO: [IP_Flow 19-2313] Loaded Vivado IP repository 'C:/Xilinx/INFO: [IP_Flow 19-2313] open_project: Time (s): cpu = 00:00:16 ; elapsed = 00:00:13 . Memory (MB): peak = 915.711 ; gain = 133.289
update_compile_order -fileset sources_1
launch_sdk -workspace C:/Users/SEP16/SoC_2022_MJU/HW2/HW2_vivado/HW2_vivado.sdk -hwspec C:/Users/SEP16/SoC_2022_MJU/HW2/HW2_vivado/HW2_vivado.sdk/design_1_wrapper.hdf
INFO: [Vivado 12-393] Launching SDK...
INFO: [Vivado 12-417] Running xsdk -workspace C:/Users/SEP16/SoC_2022_MJU/HW2/HW2_vivado/HW2_vivado.sdk -hwspec C:/Users/SEP16/SoC_2022_MJU/HW2/HW2_vivado/HW2_vivado.sdk/design_1_wrapper.hdf
INFO: [Vivado 12-3157] SDK launch initiated. Please check console for any further messages.
open_bd_design {C:/Users/SEP16/SoC_2022_MJU/HW2/HW2_vivado/HW2_vivado.srcs/sources_1/bd/design_1/design_1.bd}
Adding cell -- xilinx.com:ip:processing_system7:5.5 - processing_system7_0
Adding cell -- xilinx.com:ip:axi_dma:7.1 - axi_dma_0
Adding cell -- xilinx.com:ip:smartconnect:1.0 - axi_smc
Adding cell -- xilinx.com:ip:proc_sys_reset:5.0 - rst_ps7_0_100M
Adding cell -- xilinx.com:hls:matrixMul:1.0 - matrixMul_0
Adding cell -- xilinx.com:ip:xlconcat:2.1 - xlconcat_0
Adding cell -- xilinx.com:ip:xlconstant:1.1 - xlconstant_0
Adding cell -- xilinx.com:ip:axi_timer:2.0 - axi_timer_0
Adding cell -- xilinx.com:ip:axi_crossbar:2.1 - xbar
Adding cell -- xilinx.com:ip:axi_protocol_converter:2.1 - auto_pc
Excluding </processing_system7_0/S_AXI_ACP/ACP_IOP> from </axi_dma_0/Data_MM2S>
Excluding </processing_system7_0/S_AXI_ACP/ACP_M_AXI_GP0> from </axi_dma_0/Data_MM2S>
Excluding </processing_system7_0/S_AXI_ACP/ACP_IOP> from </axi_dma_0/Data_S2MM>
Excluding </processing_system7_0/S_AXI_ACP/ACP_M_AXI_GP0> from </axi_dma_0/Data_S2MM>
Successfully read diagram <design_1> from BD file <C:/Users/SEP16/SoC_2022_MJU/HW2/HW2_vivado/HW2_vivado.srcs/sources_1/bd/design_1/design_1.bd>
open_bd_design: Time (s): cpu = 00:00:08 ; elapsed = 00:00:08 . Memory (MB): peak = 1024.883 ; gain = 95.121
exit
INFO: [Common 17-206] Exiting Vivado at Sun May 29 04:08:12 2022...
