03:41:11 INFO  : Registering command handlers for SDK TCF services
03:41:11 INFO  : Launching XSCT server: xsct.bat -interactive C:\Users\SEP16\SoC_2022_MJU\HW2\HW2_vivado\HW2_vivado.sdk\temp_xsdb_launch_script.tcl
03:41:14 INFO  : XSCT server has started successfully.
03:41:17 INFO  : Successfully done setting XSCT server connection channel  
03:41:17 INFO  : Successfully done setting SDK workspace  
03:41:17 INFO  : Processing command line option -hwspec C:/Users/SEP16/SoC_2022_MJU/HW2/HW2_vivado/HW2_vivado.sdk/design_1_wrapper.hdf.
02:50:17 INFO  : Registering command handlers for SDK TCF services
02:50:18 INFO  : Launching XSCT server: xsct.bat -interactive C:\Users\SEP16\SoC_2022_MJU\HW2\HW2_vivado\HW2_vivado.sdk\temp_xsdb_launch_script.tcl
02:50:20 INFO  : XSCT server has started successfully.
02:50:21 INFO  : Successfully done setting XSCT server connection channel  
02:50:21 INFO  : Successfully done setting SDK workspace  
02:50:21 INFO  : Processing command line option -hwspec C:/Users/SEP16/SoC_2022_MJU/HW2/HW2_vivado/HW2_vivado.sdk/design_1_wrapper.hdf.
02:50:25 INFO  : Checking for hwspec changes in the project design_1_wrapper_hw_platform_0.
02:50:46 INFO  : Example project Hello_world_bsp_xuartps_hello_world_example_1 has been created successfully.
02:51:13 INFO  : Example project Hello_world_bsp_xtmrctr_fast_intr_example_1 has been created successfully.
02:51:13 INFO  : Example project Hello_world_bsp_xtmrctr_intr_64bit_example_1 has been created successfully.
02:51:14 INFO  : Example project Hello_world_bsp_xtmrctr_intr_example_1 has been created successfully.
02:51:14 INFO  : Example project Hello_world_bsp_xtmrctr_low_level_example_1 has been created successfully.
02:51:15 INFO  : Example project Hello_world_bsp_xtmrctr_polled_example_1 has been created successfully.
02:51:15 INFO  : Example project Hello_world_bsp_xtmrctr_selftest_example_1 has been created successfully.
05:25:21 INFO  : Launching XSCT server: xsct.bat -interactive C:\Users\SEP16\SoC_2022_MJU\HW2\HW2_vivado\HW2_vivado.sdk\temp_xsdb_launch_script.tcl
05:25:24 INFO  : XSCT server has started successfully.
05:25:24 INFO  : Successfully done setting XSCT server connection channel  
05:25:27 INFO  : Successfully done setting SDK workspace  
05:25:36 INFO  : Registering command handlers for SDK TCF services
05:25:36 INFO  : Processing command line option -hwspec C:/Users/SEP16/SoC_2022_MJU/HW2/HW2_vivado/HW2_vivado.sdk/design_1_wrapper.hdf.
05:25:36 INFO  : Checking for hwspec changes in the project design_1_wrapper_hw_platform_0.
05:26:53 INFO  : Connected to target on host '127.0.0.1' and port '3121'.
05:26:53 INFO  : 'targets -set -filter {jtag_cable_name =~ "Digilent JTAG-SMT2 210251988344" && level==0} -index 1' command is executed.
05:26:56 INFO  : FPGA configured successfully with bitstream "C:/Users/SEP16/SoC_2022_MJU/HW2/HW2_vivado/HW2_vivado.sdk/design_1_wrapper_hw_platform_0/design_1_wrapper.bit"
05:27:33 INFO  : 'targets -set -filter {jtag_cable_name =~ "Digilent JTAG-SMT2 210251988344" && level==0} -index 1' command is executed.
05:27:33 INFO  : 'fpga -state' command is executed.
05:27:33 INFO  : Connected to target on host '127.0.0.1' and port '3121'.
05:27:33 INFO  : Jtag cable 'Digilent JTAG-SMT2 210251988344' is selected.
05:27:33 INFO  : 'jtag frequency' command is executed.
05:27:33 INFO  : Sourcing of 'C:/Users/SEP16/SoC_2022_MJU/HW2/HW2_vivado/HW2_vivado.sdk/design_1_wrapper_hw_platform_0/ps7_init.tcl' is done.
05:27:33 INFO  : Context for 'APU' is selected.
05:27:33 INFO  : Hardware design information is loaded from 'C:/Users/SEP16/SoC_2022_MJU/HW2/HW2_vivado/HW2_vivado.sdk/design_1_wrapper_hw_platform_0/system.hdf'.
05:27:33 INFO  : 'configparams force-mem-access 1' command is executed.
05:27:33 INFO  : Context for 'APU' is selected.
05:27:33 INFO  : 'stop' command is executed.
05:27:34 INFO  : 'ps7_init' command is executed.
05:27:34 INFO  : 'ps7_post_config' command is executed.
05:27:34 INFO  : 'configparams force-mem-access 0' command is executed.
05:27:34 INFO  : ----------------XSDB Script----------------
connect -url tcp:127.0.0.1:3121
source C:/Users/SEP16/SoC_2022_MJU/HW2/HW2_vivado/HW2_vivado.sdk/design_1_wrapper_hw_platform_0/ps7_init.tcl
targets -set -nocase -filter {name =~"APU*" && jtag_cable_name =~ "Digilent JTAG-SMT2 210251988344"} -index 0
loadhw -hw C:/Users/SEP16/SoC_2022_MJU/HW2/HW2_vivado/HW2_vivado.sdk/design_1_wrapper_hw_platform_0/system.hdf -mem-ranges [list {0x40000000 0xbfffffff}]
configparams force-mem-access 1
targets -set -nocase -filter {name =~"APU*" && jtag_cable_name =~ "Digilent JTAG-SMT2 210251988344"} -index 0
stop
ps7_init
ps7_post_config
configparams force-mem-access 0
----------------End of Script----------------

05:27:34 INFO  : Disconnected from the channel tcfchan#1.
05:28:05 INFO  : 'targets -set -filter {jtag_cable_name =~ "Digilent JTAG-SMT2 210251988344" && level==0} -index 1' command is executed.
05:28:05 INFO  : 'fpga -state' command is executed.
05:28:05 INFO  : Connected to target on host '127.0.0.1' and port '3121'.
05:28:05 INFO  : Jtag cable 'Digilent JTAG-SMT2 210251988344' is selected.
05:28:05 INFO  : 'jtag frequency' command is executed.
05:28:05 INFO  : Sourcing of 'C:/Users/SEP16/SoC_2022_MJU/HW2/HW2_vivado/HW2_vivado.sdk/design_1_wrapper_hw_platform_0/ps7_init.tcl' is done.
05:28:06 INFO  : Context for 'APU' is selected.
05:28:06 INFO  : Hardware design information is loaded from 'C:/Users/SEP16/SoC_2022_MJU/HW2/HW2_vivado/HW2_vivado.sdk/design_1_wrapper_hw_platform_0/system.hdf'.
05:28:06 INFO  : 'configparams force-mem-access 1' command is executed.
05:28:06 INFO  : Context for 'APU' is selected.
05:28:06 INFO  : 'stop' command is executed.
05:28:07 INFO  : 'ps7_init' command is executed.
05:28:07 INFO  : 'ps7_post_config' command is executed.
05:28:07 INFO  : 'configparams force-mem-access 0' command is executed.
05:28:07 INFO  : ----------------XSDB Script----------------
connect -url tcp:127.0.0.1:3121
source C:/Users/SEP16/SoC_2022_MJU/HW2/HW2_vivado/HW2_vivado.sdk/design_1_wrapper_hw_platform_0/ps7_init.tcl
targets -set -nocase -filter {name =~"APU*" && jtag_cable_name =~ "Digilent JTAG-SMT2 210251988344"} -index 0
loadhw -hw C:/Users/SEP16/SoC_2022_MJU/HW2/HW2_vivado/HW2_vivado.sdk/design_1_wrapper_hw_platform_0/system.hdf -mem-ranges [list {0x40000000 0xbfffffff}]
configparams force-mem-access 1
targets -set -nocase -filter {name =~"APU*" && jtag_cable_name =~ "Digilent JTAG-SMT2 210251988344"} -index 0
stop
ps7_init
ps7_post_config
configparams force-mem-access 0
----------------End of Script----------------

05:28:07 INFO  : Disconnected from the channel tcfchan#2.
05:32:29 INFO  : Registering command handlers for SDK TCF services
05:32:30 INFO  : Launching XSCT server: xsct.bat -interactive C:\Users\SEP16\SoC_2022_MJU\HW2\HW2_vivado\HW2_vivado.sdk\temp_xsdb_launch_script.tcl
05:32:32 INFO  : XSCT server has started successfully.
05:32:32 INFO  : Successfully done setting XSCT server connection channel  
05:32:32 INFO  : Successfully done setting SDK workspace  
05:32:32 INFO  : Processing command line option -hwspec C:/Users/SEP16/SoC_2022_MJU/HW2/HW2_vivado/HW2_vivado.sdk/design_1_wrapper.hdf.
05:32:32 INFO  : Checking for hwspec changes in the project design_1_wrapper_hw_platform_0.
05:34:03 INFO  : Connected to target on host '127.0.0.1' and port '3121'.
05:34:03 INFO  : 'targets -set -filter {jtag_cable_name =~ "Digilent JTAG-SMT2 210251988344" && level==0} -index 1' command is executed.
05:34:06 INFO  : FPGA configured successfully with bitstream "C:/Users/SEP16/SoC_2022_MJU/HW2/HW2_vivado/HW2_vivado.sdk/design_1_wrapper_hw_platform_0/design_1_wrapper.bit"
05:34:28 INFO  : Connected to target on host '127.0.0.1' and port '3121'.
05:34:28 INFO  : 'targets -set -filter {jtag_cable_name =~ "Digilent JTAG-SMT2 210251988344" && level==0} -index 1' command is executed.
05:34:30 INFO  : FPGA configured successfully with bitstream "C:/Users/SEP16/SoC_2022_MJU/HW2/HW2_vivado/HW2_vivado.sdk/design_1_wrapper_hw_platform_0/design_1_wrapper.bit"
05:34:45 INFO  : 'targets -set -filter {jtag_cable_name =~ "Digilent JTAG-SMT2 210251988344" && level==0} -index 1' command is executed.
05:34:45 INFO  : 'fpga -state' command is executed.
05:34:45 INFO  : Connected to target on host '127.0.0.1' and port '3121'.
05:34:45 INFO  : Jtag cable 'Digilent JTAG-SMT2 210251988344' is selected.
05:34:45 INFO  : 'jtag frequency' command is executed.
05:34:45 INFO  : Sourcing of 'C:/Users/SEP16/SoC_2022_MJU/HW2/HW2_vivado/HW2_vivado.sdk/design_1_wrapper_hw_platform_0/ps7_init.tcl' is done.
05:34:45 INFO  : Context for 'APU' is selected.
05:34:45 INFO  : Hardware design information is loaded from 'C:/Users/SEP16/SoC_2022_MJU/HW2/HW2_vivado/HW2_vivado.sdk/design_1_wrapper_hw_platform_0/system.hdf'.
05:34:45 INFO  : 'configparams force-mem-access 1' command is executed.
05:34:45 INFO  : Context for 'APU' is selected.
05:34:45 INFO  : 'stop' command is executed.
05:34:46 INFO  : 'ps7_init' command is executed.
05:34:46 INFO  : 'ps7_post_config' command is executed.
05:34:46 INFO  : 'configparams force-mem-access 0' command is executed.
05:34:46 INFO  : ----------------XSDB Script----------------
connect -url tcp:127.0.0.1:3121
source C:/Users/SEP16/SoC_2022_MJU/HW2/HW2_vivado/HW2_vivado.sdk/design_1_wrapper_hw_platform_0/ps7_init.tcl
targets -set -nocase -filter {name =~"APU*" && jtag_cable_name =~ "Digilent JTAG-SMT2 210251988344"} -index 0
loadhw -hw C:/Users/SEP16/SoC_2022_MJU/HW2/HW2_vivado/HW2_vivado.sdk/design_1_wrapper_hw_platform_0/system.hdf -mem-ranges [list {0x40000000 0xbfffffff}]
configparams force-mem-access 1
targets -set -nocase -filter {name =~"APU*" && jtag_cable_name =~ "Digilent JTAG-SMT2 210251988344"} -index 0
stop
ps7_init
ps7_post_config
configparams force-mem-access 0
----------------End of Script----------------

05:34:46 INFO  : Disconnected from the channel tcfchan#1.
