10:04:14 INFO  : Registering command handlers for SDK TCF services
10:04:14 INFO  : Launching XSCT server: xsct.bat -interactive C:\Users\SEP16\SoC_2022_MJU\lab4\lab4.sdk\temp_xsdb_launch_script.tcl
10:04:15 INFO  : XSCT server has started successfully.
10:04:15 INFO  : Successfully done setting XSCT server connection channel  
10:04:15 INFO  : Successfully done setting SDK workspace  
10:04:15 INFO  : Processing command line option -hwspec C:/Users/SEP16/SoC_2022_MJU/lab4/lab4.sdk/design_1_wrapper.hdf.
10:06:10 INFO  : Connected to target on host '127.0.0.1' and port '3121'.
10:06:47 INFO  : Connected to target on host '127.0.0.1' and port '3121'.
10:06:47 INFO  : 'targets -set -filter {jtag_cable_name =~ "Digilent JTAG-SMT2 210251988394" && level==0} -index 1' command is executed.
10:06:50 INFO  : FPGA configured successfully with bitstream "C:/Users/SEP16/SoC_2022_MJU/lab4/lab4.sdk/design_1_wrapper_hw_platform_0/design_1_wrapper.bit"
10:07:16 INFO  : 'targets -set -filter {jtag_cable_name =~ "Digilent JTAG-SMT2 210251988394" && level==0} -index 1' command is executed.
10:07:16 INFO  : 'fpga -state' command is executed.
10:07:16 INFO  : Connected to target on host '127.0.0.1' and port '3121'.
10:07:16 INFO  : Jtag cable 'Digilent JTAG-SMT2 210251988394' is selected.
10:07:16 INFO  : 'jtag frequency' command is executed.
10:07:16 INFO  : Sourcing of 'C:/Users/SEP16/SoC_2022_MJU/lab4/lab4.sdk/design_1_wrapper_hw_platform_0/ps7_init.tcl' is done.
10:07:16 INFO  : Context for 'APU' is selected.
10:07:16 INFO  : Hardware design information is loaded from 'C:/Users/SEP16/SoC_2022_MJU/lab4/lab4.sdk/design_1_wrapper_hw_platform_0/system.hdf'.
10:07:16 INFO  : 'configparams force-mem-access 1' command is executed.
10:07:16 INFO  : Context for 'APU' is selected.
10:07:16 INFO  : 'stop' command is executed.
10:07:16 INFO  : 'ps7_init' command is executed.
10:07:16 INFO  : 'ps7_post_config' command is executed.
10:07:16 INFO  : Context for processor 'ps7_cortexa9_0' is selected.
10:07:16 INFO  : Processor reset is completed for 'ps7_cortexa9_0'.
10:07:16 INFO  : Context for processor 'ps7_cortexa9_0' is selected.
10:07:17 INFO  : The application 'C:/Users/SEP16/SoC_2022_MJU/lab4/lab4.sdk/hello_world/Debug/hello_world.elf' is downloaded to processor 'ps7_cortexa9_0'.
10:07:17 INFO  : 'configparams force-mem-access 0' command is executed.
10:07:17 INFO  : ----------------XSDB Script----------------
connect -url tcp:127.0.0.1:3121
source C:/Users/SEP16/SoC_2022_MJU/lab4/lab4.sdk/design_1_wrapper_hw_platform_0/ps7_init.tcl
targets -set -nocase -filter {name =~"APU*" && jtag_cable_name =~ "Digilent JTAG-SMT2 210251988394"} -index 0
loadhw -hw C:/Users/SEP16/SoC_2022_MJU/lab4/lab4.sdk/design_1_wrapper_hw_platform_0/system.hdf -mem-ranges [list {0x40000000 0xbfffffff}]
configparams force-mem-access 1
targets -set -nocase -filter {name =~"APU*" && jtag_cable_name =~ "Digilent JTAG-SMT2 210251988394"} -index 0
stop
ps7_init
ps7_post_config
targets -set -nocase -filter {name =~ "ARM*#0" && jtag_cable_name =~ "Digilent JTAG-SMT2 210251988394"} -index 0
rst -processor
targets -set -nocase -filter {name =~ "ARM*#0" && jtag_cable_name =~ "Digilent JTAG-SMT2 210251988394"} -index 0
dow C:/Users/SEP16/SoC_2022_MJU/lab4/lab4.sdk/hello_world/Debug/hello_world.elf
configparams force-mem-access 0
----------------End of Script----------------

10:07:17 INFO  : Context for processor 'ps7_cortexa9_0' is selected.
10:07:17 INFO  : 'con' command is executed.
10:07:17 INFO  : ----------------XSDB Script (After Launch)----------------
targets -set -nocase -filter {name =~ "ARM*#0" && jtag_cable_name =~ "Digilent JTAG-SMT2 210251988394"} -index 0
con
----------------End of Script----------------

10:07:17 INFO  : Disconnected from the channel tcfchan#1.
10:08:32 INFO  : 'targets -set -filter {jtag_cable_name =~ "Digilent JTAG-SMT2 210251988394" && level==0} -index 1' command is executed.
10:08:32 INFO  : 'fpga -state' command is executed.
10:08:32 INFO  : Connected to target on host '127.0.0.1' and port '3121'.
10:08:32 INFO  : Jtag cable 'Digilent JTAG-SMT2 210251988394' is selected.
10:08:32 INFO  : 'jtag frequency' command is executed.
10:08:32 INFO  : Sourcing of 'C:/Users/SEP16/SoC_2022_MJU/lab4/lab4.sdk/design_1_wrapper_hw_platform_0/ps7_init.tcl' is done.
10:08:32 INFO  : Context for 'APU' is selected.
10:08:33 INFO  : Hardware design information is loaded from 'C:/Users/SEP16/SoC_2022_MJU/lab4/lab4.sdk/design_1_wrapper_hw_platform_0/system.hdf'.
10:08:33 INFO  : 'configparams force-mem-access 1' command is executed.
10:08:33 INFO  : Context for 'APU' is selected.
10:08:33 INFO  : 'stop' command is executed.
10:08:34 INFO  : 'ps7_init' command is executed.
10:08:34 INFO  : 'ps7_post_config' command is executed.
10:08:34 INFO  : Context for processor 'ps7_cortexa9_0' is selected.
10:08:34 INFO  : Processor reset is completed for 'ps7_cortexa9_0'.
10:08:34 INFO  : Context for processor 'ps7_cortexa9_0' is selected.
10:08:34 INFO  : The application 'C:/Users/SEP16/SoC_2022_MJU/lab4/lab4.sdk/hello_world/Debug/hello_world.elf' is downloaded to processor 'ps7_cortexa9_0'.
10:08:34 INFO  : 'configparams force-mem-access 0' command is executed.
10:08:34 INFO  : ----------------XSDB Script----------------
connect -url tcp:127.0.0.1:3121
source C:/Users/SEP16/SoC_2022_MJU/lab4/lab4.sdk/design_1_wrapper_hw_platform_0/ps7_init.tcl
targets -set -nocase -filter {name =~"APU*" && jtag_cable_name =~ "Digilent JTAG-SMT2 210251988394"} -index 0
loadhw -hw C:/Users/SEP16/SoC_2022_MJU/lab4/lab4.sdk/design_1_wrapper_hw_platform_0/system.hdf -mem-ranges [list {0x40000000 0xbfffffff}]
configparams force-mem-access 1
targets -set -nocase -filter {name =~"APU*" && jtag_cable_name =~ "Digilent JTAG-SMT2 210251988394"} -index 0
stop
ps7_init
ps7_post_config
targets -set -nocase -filter {name =~ "ARM*#0" && jtag_cable_name =~ "Digilent JTAG-SMT2 210251988394"} -index 0
rst -processor
targets -set -nocase -filter {name =~ "ARM*#0" && jtag_cable_name =~ "Digilent JTAG-SMT2 210251988394"} -index 0
dow C:/Users/SEP16/SoC_2022_MJU/lab4/lab4.sdk/hello_world/Debug/hello_world.elf
configparams force-mem-access 0
----------------End of Script----------------

10:08:34 INFO  : Context for processor 'ps7_cortexa9_0' is selected.
10:08:34 INFO  : 'con' command is executed.
10:08:34 INFO  : ----------------XSDB Script (After Launch)----------------
targets -set -nocase -filter {name =~ "ARM*#0" && jtag_cable_name =~ "Digilent JTAG-SMT2 210251988394"} -index 0
con
----------------End of Script----------------

10:08:34 INFO  : Disconnected from the channel tcfchan#2.
10:08:56 INFO  : 'targets -set -filter {jtag_cable_name =~ "Digilent JTAG-SMT2 210251988394" && level==0} -index 1' command is executed.
10:08:56 INFO  : 'fpga -state' command is executed.
10:09:09 INFO  : Connected to target on host '127.0.0.1' and port '3121'.
10:09:09 INFO  : Jtag cable 'Digilent JTAG-SMT2 210251988394' is selected.
10:09:09 INFO  : 'jtag frequency' command is executed.
10:09:09 INFO  : Sourcing of 'C:/Users/SEP16/SoC_2022_MJU/lab4/lab4.sdk/design_1_wrapper_hw_platform_0/ps7_init.tcl' is done.
10:09:09 INFO  : Context for 'APU' is selected.
10:09:10 INFO  : Hardware design information is loaded from 'C:/Users/SEP16/SoC_2022_MJU/lab4/lab4.sdk/design_1_wrapper_hw_platform_0/system.hdf'.
10:09:10 INFO  : 'configparams force-mem-access 1' command is executed.
10:09:10 INFO  : Context for 'APU' is selected.
10:09:10 INFO  : 'stop' command is executed.
10:09:10 INFO  : 'ps7_init' command is executed.
10:09:10 INFO  : 'ps7_post_config' command is executed.
10:09:10 INFO  : Context for processor 'ps7_cortexa9_0' is selected.
10:09:10 INFO  : Processor reset is completed for 'ps7_cortexa9_0'.
10:09:10 INFO  : Context for processor 'ps7_cortexa9_0' is selected.
10:09:10 INFO  : The application 'C:/Users/SEP16/SoC_2022_MJU/lab4/lab4.sdk/hello_world/Debug/hello_world.elf' is downloaded to processor 'ps7_cortexa9_0'.
10:09:10 INFO  : 'configparams force-mem-access 0' command is executed.
10:09:10 INFO  : ----------------XSDB Script----------------
connect -url tcp:127.0.0.1:3121
source C:/Users/SEP16/SoC_2022_MJU/lab4/lab4.sdk/design_1_wrapper_hw_platform_0/ps7_init.tcl
targets -set -nocase -filter {name =~"APU*" && jtag_cable_name =~ "Digilent JTAG-SMT2 210251988394"} -index 0
loadhw -hw C:/Users/SEP16/SoC_2022_MJU/lab4/lab4.sdk/design_1_wrapper_hw_platform_0/system.hdf -mem-ranges [list {0x40000000 0xbfffffff}]
configparams force-mem-access 1
targets -set -nocase -filter {name =~"APU*" && jtag_cable_name =~ "Digilent JTAG-SMT2 210251988394"} -index 0
stop
ps7_init
ps7_post_config
targets -set -nocase -filter {name =~ "ARM*#0" && jtag_cable_name =~ "Digilent JTAG-SMT2 210251988394"} -index 0
rst -processor
targets -set -nocase -filter {name =~ "ARM*#0" && jtag_cable_name =~ "Digilent JTAG-SMT2 210251988394"} -index 0
dow C:/Users/SEP16/SoC_2022_MJU/lab4/lab4.sdk/hello_world/Debug/hello_world.elf
configparams force-mem-access 0
----------------End of Script----------------

10:09:10 INFO  : Context for processor 'ps7_cortexa9_0' is selected.
10:09:10 INFO  : 'con' command is executed.
10:09:10 INFO  : ----------------XSDB Script (After Launch)----------------
targets -set -nocase -filter {name =~ "ARM*#0" && jtag_cable_name =~ "Digilent JTAG-SMT2 210251988394"} -index 0
con
----------------End of Script----------------

10:09:10 INFO  : Disconnected from the channel tcfchan#3.
10:10:33 INFO  : 'targets -set -filter {jtag_cable_name =~ "Digilent JTAG-SMT2 210251988394" && level==0} -index 1' command is executed.
10:10:33 INFO  : 'fpga -state' command is executed.
10:10:52 INFO  : Connected to target on host '127.0.0.1' and port '3121'.
10:10:52 INFO  : Jtag cable 'Digilent JTAG-SMT2 210251988394' is selected.
10:10:52 INFO  : 'jtag frequency' command is executed.
10:10:52 INFO  : Context for 'APU' is selected.
10:10:54 INFO  : Hardware design information is loaded from 'C:/Users/SEP16/SoC_2022_MJU/lab4/lab4.sdk/design_1_wrapper_hw_platform_0/system.hdf'.
10:10:54 INFO  : 'configparams force-mem-access 1' command is executed.
10:10:54 INFO  : 'configparams force-mem-access 0' command is executed.
10:10:54 INFO  : ----------------XSDB Script----------------
connect -url tcp:127.0.0.1:3121
targets -set -nocase -filter {name =~"APU*" && jtag_cable_name =~ "Digilent JTAG-SMT2 210251988394"} -index 0
loadhw -hw C:/Users/SEP16/SoC_2022_MJU/lab4/lab4.sdk/design_1_wrapper_hw_platform_0/system.hdf -mem-ranges [list {0x40000000 0xbfffffff}]
configparams force-mem-access 1
configparams force-mem-access 0
----------------End of Script----------------

10:10:54 INFO  : Disconnected from the channel tcfchan#4.
10:11:44 INFO  : 'targets -set -filter {jtag_cable_name =~ "Digilent JTAG-SMT2 210251988394" && level==0} -index 1' command is executed.
10:11:44 INFO  : 'fpga -state' command is executed.
10:12:11 INFO  : Connected to target on host '127.0.0.1' and port '3121'.
10:12:11 INFO  : Jtag cable 'Digilent JTAG-SMT2 210251988394' is selected.
10:12:11 INFO  : 'jtag frequency' command is executed.
10:12:11 INFO  : Sourcing of 'C:/Users/SEP16/SoC_2022_MJU/lab4/lab4.sdk/design_1_wrapper_hw_platform_0/ps7_init.tcl' is done.
10:12:11 INFO  : Context for 'APU' is selected.
10:12:11 INFO  : Hardware design information is loaded from 'C:/Users/SEP16/SoC_2022_MJU/lab4/lab4.sdk/design_1_wrapper_hw_platform_0/system.hdf'.
10:12:11 INFO  : 'configparams force-mem-access 1' command is executed.
10:12:11 INFO  : Context for 'APU' is selected.
10:12:12 INFO  : 'stop' command is executed.
10:12:13 INFO  : 'ps7_init' command is executed.
10:12:13 INFO  : 'ps7_post_config' command is executed.
10:12:13 INFO  : Context for processor 'ps7_cortexa9_0' is selected.
10:12:13 INFO  : Processor reset is completed for 'ps7_cortexa9_0'.
10:12:13 INFO  : Context for processor 'ps7_cortexa9_0' is selected.
10:12:15 ERROR : Memory write error at 0x100000. APB AP transaction error, DAP status f0000021
10:12:15 INFO  : ----------------XSDB Script----------------
connect -url tcp:127.0.0.1:3121
source C:/Users/SEP16/SoC_2022_MJU/lab4/lab4.sdk/design_1_wrapper_hw_platform_0/ps7_init.tcl
targets -set -nocase -filter {name =~"APU*" && jtag_cable_name =~ "Digilent JTAG-SMT2 210251988394"} -index 0
loadhw -hw C:/Users/SEP16/SoC_2022_MJU/lab4/lab4.sdk/design_1_wrapper_hw_platform_0/system.hdf -mem-ranges [list {0x40000000 0xbfffffff}]
configparams force-mem-access 1
targets -set -nocase -filter {name =~"APU*" && jtag_cable_name =~ "Digilent JTAG-SMT2 210251988394"} -index 0
stop
ps7_init
ps7_post_config
targets -set -nocase -filter {name =~ "ARM*#0" && jtag_cable_name =~ "Digilent JTAG-SMT2 210251988394"} -index 0
rst -processor
targets -set -nocase -filter {name =~ "ARM*#0" && jtag_cable_name =~ "Digilent JTAG-SMT2 210251988394"} -index 0
dow C:/Users/SEP16/SoC_2022_MJU/lab4/lab4.sdk/hello_world/Debug/hello_world.elf
----------------End of Script----------------

10:12:59 INFO  : 'targets -set -filter {jtag_cable_name =~ "Digilent JTAG-SMT2 210251988394" && level==0} -index 1' command is executed.
10:12:59 INFO  : 'fpga -state' command is executed.
10:13:32 INFO  : 'targets -set -filter {jtag_cable_name =~ "Digilent JTAG-SMT2 210251988394" && level==0} -index 1' command is executed.
10:13:32 INFO  : 'fpga -state' command is executed.
10:13:34 INFO  : Connected to target on host '127.0.0.1' and port '3121'.
10:13:34 INFO  : Jtag cable 'Digilent JTAG-SMT2 210251988394' is selected.
10:13:34 INFO  : 'jtag frequency' command is executed.
10:13:34 INFO  : Sourcing of 'C:/Users/SEP16/SoC_2022_MJU/lab4/lab4.sdk/design_1_wrapper_hw_platform_0/ps7_init.tcl' is done.
10:13:37 ERROR : no targets found with "name =~"APU*" && jtag_cable_name =~ "Digilent JTAG-SMT2 210251988394"". available targets:
  1  DAP (JTAG port open error. AP transaction error, DAP status 30000021)
  4* xc7z020
10:13:37 INFO  : ----------------XSDB Script----------------
connect -url tcp:127.0.0.1:3121
source C:/Users/SEP16/SoC_2022_MJU/lab4/lab4.sdk/design_1_wrapper_hw_platform_0/ps7_init.tcl
targets -set -nocase -filter {name =~"APU*" && jtag_cable_name =~ "Digilent JTAG-SMT2 210251988394"} -index 0
----------------End of Script----------------

10:15:38 INFO  : Connected to target on host '127.0.0.1' and port '3121'.
10:15:38 INFO  : 'targets -set -filter {jtag_cable_name =~ "Digilent JTAG-SMT2 210251988394" && level==0} -index 1' command is executed.
10:15:41 INFO  : FPGA configured successfully with bitstream "C:/Users/SEP16/SoC_2022_MJU/lab4/lab4.sdk/design_1_wrapper_hw_platform_0/design_1_wrapper.bit"
10:15:55 INFO  : 'targets -set -filter {jtag_cable_name =~ "Digilent JTAG-SMT2 210251988394" && level==0} -index 1' command is executed.
10:15:55 INFO  : 'fpga -state' command is executed.
10:15:55 INFO  : Connected to target on host '127.0.0.1' and port '3121'.
10:15:55 INFO  : Jtag cable 'Digilent JTAG-SMT2 210251988394' is selected.
10:15:55 INFO  : 'jtag frequency' command is executed.
10:15:55 INFO  : Sourcing of 'C:/Users/SEP16/SoC_2022_MJU/lab4/lab4.sdk/design_1_wrapper_hw_platform_0/ps7_init.tcl' is done.
10:15:55 INFO  : Context for 'APU' is selected.
10:15:55 INFO  : Hardware design information is loaded from 'C:/Users/SEP16/SoC_2022_MJU/lab4/lab4.sdk/design_1_wrapper_hw_platform_0/system.hdf'.
10:15:55 INFO  : 'configparams force-mem-access 1' command is executed.
10:15:55 INFO  : Context for 'APU' is selected.
10:15:55 INFO  : 'stop' command is executed.
10:15:55 ERROR : AP transaction error, DAP status f0000021
10:15:55 INFO  : ----------------XSDB Script----------------
connect -url tcp:127.0.0.1:3121
source C:/Users/SEP16/SoC_2022_MJU/lab4/lab4.sdk/design_1_wrapper_hw_platform_0/ps7_init.tcl
targets -set -nocase -filter {name =~"APU*" && jtag_cable_name =~ "Digilent JTAG-SMT2 210251988394"} -index 0
loadhw -hw C:/Users/SEP16/SoC_2022_MJU/lab4/lab4.sdk/design_1_wrapper_hw_platform_0/system.hdf -mem-ranges [list {0x40000000 0xbfffffff}]
configparams force-mem-access 1
targets -set -nocase -filter {name =~"APU*" && jtag_cable_name =~ "Digilent JTAG-SMT2 210251988394"} -index 0
stop
ps7_init
----------------End of Script----------------

10:17:49 INFO  : Connected to target on host '127.0.0.1' and port '3121'.
10:17:49 INFO  : 'targets -set -filter {jtag_cable_name =~ "Digilent JTAG-SMT2 210251988394" && level==0} -index 1' command is executed.
10:17:52 INFO  : FPGA configured successfully with bitstream "C:/Users/SEP16/SoC_2022_MJU/lab4/lab4.sdk/design_1_wrapper_hw_platform_0/design_1_wrapper.bit"
10:18:08 INFO  : 'targets -set -filter {jtag_cable_name =~ "Digilent JTAG-SMT2 210251988394" && level==0} -index 1' command is executed.
10:18:08 INFO  : 'fpga -state' command is executed.
10:18:08 INFO  : Connected to target on host '127.0.0.1' and port '3121'.
10:18:08 INFO  : Jtag cable 'Digilent JTAG-SMT2 210251988394' is selected.
10:18:08 INFO  : 'jtag frequency' command is executed.
10:18:08 INFO  : Sourcing of 'C:/Users/SEP16/SoC_2022_MJU/lab4/lab4.sdk/design_1_wrapper_hw_platform_0/ps7_init.tcl' is done.
10:18:08 INFO  : Context for 'APU' is selected.
10:18:08 INFO  : Hardware design information is loaded from 'C:/Users/SEP16/SoC_2022_MJU/lab4/lab4.sdk/design_1_wrapper_hw_platform_0/system.hdf'.
10:18:08 INFO  : 'configparams force-mem-access 1' command is executed.
10:18:08 INFO  : Context for 'APU' is selected.
10:18:08 INFO  : 'stop' command is executed.
10:18:09 INFO  : 'ps7_init' command is executed.
10:18:09 INFO  : 'ps7_post_config' command is executed.
10:18:09 INFO  : Context for processor 'ps7_cortexa9_0' is selected.
10:18:09 INFO  : Processor reset is completed for 'ps7_cortexa9_0'.
10:18:09 INFO  : Context for processor 'ps7_cortexa9_0' is selected.
10:18:09 INFO  : The application 'C:/Users/SEP16/SoC_2022_MJU/lab4/lab4.sdk/hello_world/Debug/hello_world.elf' is downloaded to processor 'ps7_cortexa9_0'.
10:18:09 INFO  : 'configparams force-mem-access 0' command is executed.
10:18:09 INFO  : ----------------XSDB Script----------------
connect -url tcp:127.0.0.1:3121
source C:/Users/SEP16/SoC_2022_MJU/lab4/lab4.sdk/design_1_wrapper_hw_platform_0/ps7_init.tcl
targets -set -nocase -filter {name =~"APU*" && jtag_cable_name =~ "Digilent JTAG-SMT2 210251988394"} -index 0
loadhw -hw C:/Users/SEP16/SoC_2022_MJU/lab4/lab4.sdk/design_1_wrapper_hw_platform_0/system.hdf -mem-ranges [list {0x40000000 0xbfffffff}]
configparams force-mem-access 1
targets -set -nocase -filter {name =~"APU*" && jtag_cable_name =~ "Digilent JTAG-SMT2 210251988394"} -index 0
stop
ps7_init
ps7_post_config
targets -set -nocase -filter {name =~ "ARM*#0" && jtag_cable_name =~ "Digilent JTAG-SMT2 210251988394"} -index 0
rst -processor
targets -set -nocase -filter {name =~ "ARM*#0" && jtag_cable_name =~ "Digilent JTAG-SMT2 210251988394"} -index 0
dow C:/Users/SEP16/SoC_2022_MJU/lab4/lab4.sdk/hello_world/Debug/hello_world.elf
configparams force-mem-access 0
----------------End of Script----------------

10:18:09 INFO  : Context for processor 'ps7_cortexa9_0' is selected.
10:18:09 INFO  : 'con' command is executed.
10:18:09 INFO  : ----------------XSDB Script (After Launch)----------------
targets -set -nocase -filter {name =~ "ARM*#0" && jtag_cable_name =~ "Digilent JTAG-SMT2 210251988394"} -index 0
con
----------------End of Script----------------

10:18:09 INFO  : Disconnected from the channel tcfchan#5.
10:19:44 INFO  : Connected to target on host '127.0.0.1' and port '3121'.
10:19:44 INFO  : 'targets -set -filter {jtag_cable_name =~ "Digilent JTAG-SMT2 210251988394" && level==0} -index 1' command is executed.
10:19:46 INFO  : FPGA configured successfully with bitstream "C:/Users/SEP16/SoC_2022_MJU/lab4/lab4.sdk/design_1_wrapper_hw_platform_0/design_1_wrapper.bit"
10:19:55 INFO  : 'targets -set -filter {jtag_cable_name =~ "Digilent JTAG-SMT2 210251988394" && level==0} -index 1' command is executed.
10:19:55 INFO  : 'fpga -state' command is executed.
10:19:55 INFO  : Connected to target on host '127.0.0.1' and port '3121'.
10:19:55 INFO  : Jtag cable 'Digilent JTAG-SMT2 210251988394' is selected.
10:19:55 INFO  : 'jtag frequency' command is executed.
10:19:55 INFO  : Sourcing of 'C:/Users/SEP16/SoC_2022_MJU/lab4/lab4.sdk/design_1_wrapper_hw_platform_0/ps7_init.tcl' is done.
10:19:55 INFO  : Context for 'APU' is selected.
10:19:55 INFO  : Hardware design information is loaded from 'C:/Users/SEP16/SoC_2022_MJU/lab4/lab4.sdk/design_1_wrapper_hw_platform_0/system.hdf'.
10:19:55 INFO  : 'configparams force-mem-access 1' command is executed.
10:19:55 INFO  : Context for 'APU' is selected.
10:19:56 INFO  : 'stop' command is executed.
10:19:56 INFO  : 'ps7_init' command is executed.
10:19:56 INFO  : 'ps7_post_config' command is executed.
10:19:56 INFO  : Context for processor 'ps7_cortexa9_0' is selected.
10:19:56 INFO  : Processor reset is completed for 'ps7_cortexa9_0'.
10:19:56 INFO  : Context for processor 'ps7_cortexa9_0' is selected.
10:19:56 INFO  : The application 'C:/Users/SEP16/SoC_2022_MJU/lab4/lab4.sdk/hello_world/Debug/hello_world.elf' is downloaded to processor 'ps7_cortexa9_0'.
10:19:56 INFO  : 'configparams force-mem-access 0' command is executed.
10:19:56 INFO  : ----------------XSDB Script----------------
connect -url tcp:127.0.0.1:3121
source C:/Users/SEP16/SoC_2022_MJU/lab4/lab4.sdk/design_1_wrapper_hw_platform_0/ps7_init.tcl
targets -set -nocase -filter {name =~"APU*" && jtag_cable_name =~ "Digilent JTAG-SMT2 210251988394"} -index 0
loadhw -hw C:/Users/SEP16/SoC_2022_MJU/lab4/lab4.sdk/design_1_wrapper_hw_platform_0/system.hdf -mem-ranges [list {0x40000000 0xbfffffff}]
configparams force-mem-access 1
targets -set -nocase -filter {name =~"APU*" && jtag_cable_name =~ "Digilent JTAG-SMT2 210251988394"} -index 0
stop
ps7_init
ps7_post_config
targets -set -nocase -filter {name =~ "ARM*#0" && jtag_cable_name =~ "Digilent JTAG-SMT2 210251988394"} -index 0
rst -processor
targets -set -nocase -filter {name =~ "ARM*#0" && jtag_cable_name =~ "Digilent JTAG-SMT2 210251988394"} -index 0
dow C:/Users/SEP16/SoC_2022_MJU/lab4/lab4.sdk/hello_world/Debug/hello_world.elf
configparams force-mem-access 0
----------------End of Script----------------

10:19:56 INFO  : Context for processor 'ps7_cortexa9_0' is selected.
10:19:56 INFO  : 'con' command is executed.
10:19:56 INFO  : ----------------XSDB Script (After Launch)----------------
targets -set -nocase -filter {name =~ "ARM*#0" && jtag_cable_name =~ "Digilent JTAG-SMT2 210251988394"} -index 0
con
----------------End of Script----------------

10:19:56 INFO  : Disconnected from the channel tcfchan#6.
23:51:47 INFO  : Registering command handlers for SDK TCF services
23:51:48 INFO  : Launching XSCT server: xsct.bat -interactive C:\Users\Jongsang\Desktop\Files\학교\4학년\SoC\SoC_2022_MJU\lab4\lab4.sdk\temp_xsdb_launch_script.tcl
23:51:51 INFO  : XSCT server has started successfully.
23:51:51 INFO  : Successfully done setting XSCT server connection channel  
23:51:54 INFO  : Successfully done setting SDK workspace  
23:51:54 INFO  : Processing command line option -hwspec C:/Users/Jongsang/Desktop/Files/학교/4학년/SoC/SoC_2022_MJU/lab4/lab4.sdk/design_1_wrapper.hdf.
