Copyright 1986-2018 Xilinx, Inc. All Rights Reserved.
------------------------------------------------------------------------------------
| Tool Version : Vivado v.2018.2 (win64) Build 2258646 Thu Jun 14 20:03:12 MDT 2018
| Date         : Fri Jun  4 03:58:14 2021
| Host         : DESKTOP-437TBDQ running 64-bit major release  (build 9200)
| Command      : report_timing -file ./report/matrixmul_1D_rev2_timing_synth.rpt
| Design       : matrixmul_1D_rev2
| Device       : 7z020-clg484
| Speed File   : -1  PRODUCTION 1.11 2014-09-11
------------------------------------------------------------------------------------

Timing Report

Slack (MET) :             6.166ns  (required time - arrival time)
  Source:                 invdar_reg_158_reg[4]/C
                            (rising edge-triggered cell FDRE clocked by ap_clk  {rise@0.000ns fall@5.000ns period=10.000ns})
  Destination:            invdar1_reg_169_reg[0]/R
                            (rising edge-triggered cell FDRE clocked by ap_clk  {rise@0.000ns fall@5.000ns period=10.000ns})
  Path Group:             ap_clk
  Path Type:              Setup (Max at Slow Process Corner)
  Requirement:            10.000ns  (ap_clk rise@10.000ns - ap_clk rise@0.000ns)
  Data Path Delay:        3.226ns  (logic 0.937ns (29.045%)  route 2.289ns (70.955%))
  Logic Levels:           2  (LUT6=2)
  Clock Path Skew:        -0.049ns (DCD - SCD + CPR)
    Destination Clock Delay (DCD):    0.924ns = ( 10.924 - 10.000 ) 
    Source Clock Delay      (SCD):    0.973ns
    Clock Pessimism Removal (CPR):    0.000ns
  Clock Uncertainty:      0.035ns  ((TSJ^2 + TIJ^2)^1/2 + DJ) / 2 + PE
    Total System Jitter     (TSJ):    0.071ns
    Total Input Jitter      (TIJ):    0.000ns
    Discrete Jitter          (DJ):    0.000ns
    Phase Error              (PE):    0.000ns

    Location             Delay type                Incr(ns)  Path(ns)    Netlist Resource(s)
  -------------------------------------------------------------------    -------------------
                         (clock ap_clk rise edge)     0.000     0.000 r  
                                                      0.000     0.000 r  ap_clk (IN)
                         net (fo=97, unset)           0.973     0.973    ap_clk
                         FDRE                                         r  invdar_reg_158_reg[4]/C
  -------------------------------------------------------------------    -------------------
                         FDRE (Prop_fdre_C_Q)         0.518     1.491 r  invdar_reg_158_reg[4]/Q
                         net (fo=5, unplaced)         0.993     2.484    invdar_reg_158_reg__0[4]
                         LUT6 (Prop_lut6_I0_O)        0.295     2.779 r  ap_CS_fsm[2]_i_3/O
                         net (fo=5, unplaced)         0.477     3.256    ap_CS_fsm[2]_i_3_n_4
                         LUT6 (Prop_lut6_I5_O)        0.124     3.380 r  invdar1_reg_169[9]_i_1/O
                         net (fo=10, unplaced)        0.819     4.199    ap_NS_fsm15_out
                         FDRE                                         r  invdar1_reg_169_reg[0]/R
  -------------------------------------------------------------------    -------------------

                         (clock ap_clk rise edge)    10.000    10.000 r  
                                                      0.000    10.000 r  ap_clk (IN)
                         net (fo=97, unset)           0.924    10.924    ap_clk
                         FDRE                                         r  invdar1_reg_169_reg[0]/C
                         clock pessimism              0.000    10.924    
                         clock uncertainty           -0.035    10.889    
                         FDRE (Setup_fdre_C_R)       -0.524    10.365    invdar1_reg_169_reg[0]
  -------------------------------------------------------------------
                         required time                         10.365    
                         arrival time                          -4.199    
  -------------------------------------------------------------------
                         slack                                  6.166    




