INFO: [XSIM 43-3496] Using init file passed via -initfile option "C:/Xilinx/Vivado/2018.2/data/xsim/ip/xsim_ip.ini".
Vivado Simulator 2018.2
Copyright 1986-1999, 2001-2018 Xilinx, Inc. All Rights Reserved.
Running: C:/Xilinx/Vivado/2018.2/bin/unwrapped/win64.o/xelab.exe xil_defaultlib.apatb_matrixmul_top glbl -prj matrixmul.prj -L smartconnect_v1_0 -L axi_protocol_checker_v1_1_12 -L axi_protocol_checker_v1_1_13 -L axis_protocol_checker_v1_1_11 -L axis_protocol_checker_v1_1_12 -L xil_defaultlib -L unisims_ver -L xpm --initfile C:/Xilinx/Vivado/2018.2/data/xsim/ip/xsim_ip.ini --lib ieee_proposed=./ieee_proposed -s matrixmul -debug wave 
Multi-threading is on. Using 6 slave threads.
INFO: [VRFC 10-2263] Analyzing SystemVerilog file "C:/Users/SEP16/SoC_2022_MJU/LAB6/Lab6_HLS/solution1/sim/verilog/glbl.v" into library work
INFO: [VRFC 10-311] analyzing module glbl
INFO: [VRFC 10-2263] Analyzing SystemVerilog file "C:/Users/SEP16/SoC_2022_MJU/LAB6/Lab6_HLS/solution1/sim/verilog/AESL_automem_a.v" into library xil_defaultlib
INFO: [VRFC 10-311] analyzing module AESL_automem_a
INFO: [VRFC 10-2263] Analyzing SystemVerilog file "C:/Users/SEP16/SoC_2022_MJU/LAB6/Lab6_HLS/solution1/sim/verilog/AESL_automem_b.v" into library xil_defaultlib
INFO: [VRFC 10-311] analyzing module AESL_automem_b
INFO: [VRFC 10-2263] Analyzing SystemVerilog file "C:/Users/SEP16/SoC_2022_MJU/LAB6/Lab6_HLS/solution1/sim/verilog/AESL_automem_res.v" into library xil_defaultlib
INFO: [VRFC 10-311] analyzing module AESL_automem_res
INFO: [VRFC 10-2263] Analyzing SystemVerilog file "C:/Users/SEP16/SoC_2022_MJU/LAB6/Lab6_HLS/solution1/sim/verilog/matrixmul.autotb.v" into library xil_defaultlib
INFO: [VRFC 10-311] analyzing module apatb_matrixmul_top
INFO: [VRFC 10-2263] Analyzing SystemVerilog file "C:/Users/SEP16/SoC_2022_MJU/LAB6/Lab6_HLS/solution1/sim/verilog/matrixmul.v" into library xil_defaultlib
INFO: [VRFC 10-311] analyzing module matrixmul
INFO: [VRFC 10-2263] Analyzing SystemVerilog file "C:/Users/SEP16/SoC_2022_MJU/LAB6/Lab6_HLS/solution1/sim/verilog/matrixmul_mac_mulbkb.v" into library xil_defaultlib
INFO: [VRFC 10-311] analyzing module matrixmul_mac_mulbkb_DSP48_0
INFO: [VRFC 10-311] analyzing module matrixmul_mac_mulbkb
Starting static elaboration
Completed static elaboration
Starting simulation data flow analysis
Completed simulation data flow analysis
Time Resolution for simulation is 1ps
Compiling module xil_defaultlib.matrixmul_mac_mulbkb_DSP48_0
Compiling module xil_defaultlib.matrixmul_mac_mulbkb(ID=1,NUM_ST...
Compiling module xil_defaultlib.matrixmul
Compiling module xil_defaultlib.AESL_automem_a
Compiling module xil_defaultlib.AESL_automem_b
Compiling module xil_defaultlib.AESL_automem_res
Compiling module xil_defaultlib.apatb_matrixmul_top
Compiling module work.glbl
Built simulation snapshot matrixmul
